[DEBUG] 2020-02-17 11:02:41.221 [main] IntegratorServiceImpl - Adding Integrator [org.hibernate.cfg.beanvalidation.BeanValidationIntegrator].
[DEBUG] 2020-02-17 11:02:41.231 [main] IntegratorServiceImpl - Adding Integrator [org.hibernate.secure.spi.JaccIntegrator].
[DEBUG] 2020-02-17 11:02:41.237 [main] IntegratorServiceImpl - Adding Integrator [org.hibernate.cache.internal.CollectionCacheInvalidator].
[INFO ] 2020-02-17 11:02:41.348 [main] Version - HHH000412: Hibernate Core {5.4.4.Final}
[DEBUG] 2020-02-17 11:02:41.354 [main] Environment - HHH000206: hibernate.properties not found
[DEBUG] 2020-02-17 11:02:41.660 [main] JaxbCfgProcessor - cfg.xml document did not define namespaces; wrapping in custom event reader to introduce namespace information
[DEBUG] 2020-02-17 11:02:42.107 [main] ServiceBinding - Overriding existing service binding [org.hibernate.secure.spi.JaccService]
[DEBUG] 2020-02-17 11:02:42.146 [main] RegionFactoryInitiator - Cannot default RegionFactory based on registered strategies as `[]` RegionFactory strategies were registered
[DEBUG] 2020-02-17 11:02:42.147 [main] RegionFactoryInitiator - Cache region factory : org.hibernate.cache.internal.NoCachingRegionFactory
[INFO ] 2020-02-17 11:02:42.169 [main] Version - HCANN000001: Hibernate Commons Annotations {5.1.0.Final}
[DEBUG] 2020-02-17 11:02:42.212 [main] BasicTypeRegistry - Adding type registration boolean -> org.hibernate.type.BooleanType@2f98635e
[DEBUG] 2020-02-17 11:02:42.212 [main] BasicTypeRegistry - Adding type registration boolean -> org.hibernate.type.BooleanType@2f98635e
[DEBUG] 2020-02-17 11:02:42.214 [main] BasicTypeRegistry - Adding type registration java.lang.Boolean -> org.hibernate.type.BooleanType@2f98635e
[DEBUG] 2020-02-17 11:02:42.215 [main] BasicTypeRegistry - Adding type registration numeric_boolean -> org.hibernate.type.NumericBooleanType@221dad51
[DEBUG] 2020-02-17 11:02:42.215 [main] BasicTypeRegistry - Adding type registration true_false -> org.hibernate.type.TrueFalseType@6b2e0f78
[DEBUG] 2020-02-17 11:02:42.216 [main] BasicTypeRegistry - Adding type registration yes_no -> org.hibernate.type.YesNoType@3bdb2c78
[DEBUG] 2020-02-17 11:02:42.216 [main] BasicTypeRegistry - Adding type registration byte -> org.hibernate.type.ByteType@5ec46cdd
[DEBUG] 2020-02-17 11:02:42.217 [main] BasicTypeRegistry - Adding type registration byte -> org.hibernate.type.ByteType@5ec46cdd
[DEBUG] 2020-02-17 11:02:42.217 [main] BasicTypeRegistry - Adding type registration java.lang.Byte -> org.hibernate.type.ByteType@5ec46cdd
[DEBUG] 2020-02-17 11:02:42.218 [main] BasicTypeRegistry - Adding type registration character -> org.hibernate.type.CharacterType@4da9f723
[DEBUG] 2020-02-17 11:02:42.218 [main] BasicTypeRegistry - Adding type registration char -> org.hibernate.type.CharacterType@4da9f723
[DEBUG] 2020-02-17 11:02:42.219 [main] BasicTypeRegistry - Adding type registration java.lang.Character -> org.hibernate.type.CharacterType@4da9f723
[DEBUG] 2020-02-17 11:02:42.225 [main] BasicTypeRegistry - Adding type registration short -> org.hibernate.type.ShortType@6fca5907
[DEBUG] 2020-02-17 11:02:42.225 [main] BasicTypeRegistry - Adding type registration short -> org.hibernate.type.ShortType@6fca5907
[DEBUG] 2020-02-17 11:02:42.226 [main] BasicTypeRegistry - Adding type registration java.lang.Short -> org.hibernate.type.ShortType@6fca5907
[DEBUG] 2020-02-17 11:02:42.228 [main] BasicTypeRegistry - Adding type registration integer -> org.hibernate.type.IntegerType@67d86804
[DEBUG] 2020-02-17 11:02:42.228 [main] BasicTypeRegistry - Adding type registration int -> org.hibernate.type.IntegerType@67d86804
[DEBUG] 2020-02-17 11:02:42.231 [main] BasicTypeRegistry - Adding type registration java.lang.Integer -> org.hibernate.type.IntegerType@67d86804
[DEBUG] 2020-02-17 11:02:42.232 [main] BasicTypeRegistry - Adding type registration long -> org.hibernate.type.LongType@74db12c2
[DEBUG] 2020-02-17 11:02:42.232 [main] BasicTypeRegistry - Adding type registration long -> org.hibernate.type.LongType@74db12c2
[DEBUG] 2020-02-17 11:02:42.232 [main] BasicTypeRegistry - Adding type registration java.lang.Long -> org.hibernate.type.LongType@74db12c2
[DEBUG] 2020-02-17 11:02:42.233 [main] BasicTypeRegistry - Adding type registration float -> org.hibernate.type.FloatType@38b5f25
[DEBUG] 2020-02-17 11:02:42.234 [main] BasicTypeRegistry - Adding type registration float -> org.hibernate.type.FloatType@38b5f25
[DEBUG] 2020-02-17 11:02:42.234 [main] BasicTypeRegistry - Adding type registration java.lang.Float -> org.hibernate.type.FloatType@38b5f25
[DEBUG] 2020-02-17 11:02:42.235 [main] BasicTypeRegistry - Adding type registration double -> org.hibernate.type.DoubleType@6ae3fb94
[DEBUG] 2020-02-17 11:02:42.235 [main] BasicTypeRegistry - Adding type registration double -> org.hibernate.type.DoubleType@6ae3fb94
[DEBUG] 2020-02-17 11:02:42.235 [main] BasicTypeRegistry - Adding type registration java.lang.Double -> org.hibernate.type.DoubleType@6ae3fb94
[DEBUG] 2020-02-17 11:02:42.235 [main] BasicTypeRegistry - Adding type registration big_decimal -> org.hibernate.type.BigDecimalType@42d73c61
[DEBUG] 2020-02-17 11:02:42.237 [main] BasicTypeRegistry - Adding type registration java.math.BigDecimal -> org.hibernate.type.BigDecimalType@42d73c61
[DEBUG] 2020-02-17 11:02:42.238 [main] BasicTypeRegistry - Adding type registration big_integer -> org.hibernate.type.BigIntegerType@23382f76
[DEBUG] 2020-02-17 11:02:42.238 [main] BasicTypeRegistry - Adding type registration java.math.BigInteger -> org.hibernate.type.BigIntegerType@23382f76
[DEBUG] 2020-02-17 11:02:42.243 [main] BasicTypeRegistry - Adding type registration string -> org.hibernate.type.StringType@5b84f14
[DEBUG] 2020-02-17 11:02:42.243 [main] BasicTypeRegistry - Adding type registration java.lang.String -> org.hibernate.type.StringType@5b84f14
[DEBUG] 2020-02-17 11:02:42.247 [main] BasicTypeRegistry - Adding type registration nstring -> org.hibernate.type.StringNVarcharType@701bc94e
[DEBUG] 2020-02-17 11:02:42.247 [main] BasicTypeRegistry - Adding type registration ncharacter -> org.hibernate.type.CharacterNCharType@5918c260
[DEBUG] 2020-02-17 11:02:42.248 [main] BasicTypeRegistry - Adding type registration url -> org.hibernate.type.UrlType@7eb6b6b6
[DEBUG] 2020-02-17 11:02:42.248 [main] BasicTypeRegistry - Adding type registration java.net.URL -> org.hibernate.type.UrlType@7eb6b6b6
[DEBUG] 2020-02-17 11:02:42.249 [main] BasicTypeRegistry - Adding type registration Duration -> org.hibernate.type.DurationType@61dde151
[DEBUG] 2020-02-17 11:02:42.249 [main] BasicTypeRegistry - Adding type registration java.time.Duration -> org.hibernate.type.DurationType@61dde151
[DEBUG] 2020-02-17 11:02:42.260 [main] BasicTypeRegistry - Adding type registration Instant -> org.hibernate.type.InstantType@6240651f
[DEBUG] 2020-02-17 11:02:42.260 [main] BasicTypeRegistry - Adding type registration java.time.Instant -> org.hibernate.type.InstantType@6240651f
[DEBUG] 2020-02-17 11:02:42.267 [main] BasicTypeRegistry - Adding type registration LocalDateTime -> org.hibernate.type.LocalDateTimeType@6642dc5a
[DEBUG] 2020-02-17 11:02:42.267 [main] BasicTypeRegistry - Adding type registration java.time.LocalDateTime -> org.hibernate.type.LocalDateTimeType@6642dc5a
[DEBUG] 2020-02-17 11:02:42.269 [main] BasicTypeRegistry - Adding type registration LocalDate -> org.hibernate.type.LocalDateType@211febf3
[DEBUG] 2020-02-17 11:02:42.269 [main] BasicTypeRegistry - Adding type registration java.time.LocalDate -> org.hibernate.type.LocalDateType@211febf3
[DEBUG] 2020-02-17 11:02:42.270 [main] BasicTypeRegistry - Adding type registration LocalTime -> org.hibernate.type.LocalTimeType@2acbc859
[DEBUG] 2020-02-17 11:02:42.270 [main] BasicTypeRegistry - Adding type registration java.time.LocalTime -> org.hibernate.type.LocalTimeType@2acbc859
[DEBUG] 2020-02-17 11:02:42.271 [main] BasicTypeRegistry - Adding type registration OffsetDateTime -> org.hibernate.type.OffsetDateTimeType@4afd21c6
[DEBUG] 2020-02-17 11:02:42.271 [main] BasicTypeRegistry - Adding type registration java.time.OffsetDateTime -> org.hibernate.type.OffsetDateTimeType@4afd21c6
[DEBUG] 2020-02-17 11:02:42.275 [main] BasicTypeRegistry - Adding type registration OffsetTime -> org.hibernate.type.OffsetTimeType@28f878a0
[DEBUG] 2020-02-17 11:02:42.276 [main] BasicTypeRegistry - Adding type registration java.time.OffsetTime -> org.hibernate.type.OffsetTimeType@28f878a0
[DEBUG] 2020-02-17 11:02:42.280 [main] BasicTypeRegistry - Adding type registration ZonedDateTime -> org.hibernate.type.ZonedDateTimeType@255e5e2e
[DEBUG] 2020-02-17 11:02:42.280 [main] BasicTypeRegistry - Adding type registration java.time.ZonedDateTime -> org.hibernate.type.ZonedDateTimeType@255e5e2e
[DEBUG] 2020-02-17 11:02:42.282 [main] BasicTypeRegistry - Adding type registration date -> org.hibernate.type.DateType@41ffaeb8
[DEBUG] 2020-02-17 11:02:42.282 [main] BasicTypeRegistry - Adding type registration java.sql.Date -> org.hibernate.type.DateType@41ffaeb8
[DEBUG] 2020-02-17 11:02:42.283 [main] BasicTypeRegistry - Adding type registration time -> org.hibernate.type.TimeType@1c5c616f
[DEBUG] 2020-02-17 11:02:42.283 [main] BasicTypeRegistry - Adding type registration java.sql.Time -> org.hibernate.type.TimeType@1c5c616f
[DEBUG] 2020-02-17 11:02:42.287 [main] BasicTypeRegistry - Adding type registration timestamp -> org.hibernate.type.TimestampType@57a2ed35
[DEBUG] 2020-02-17 11:02:42.287 [main] BasicTypeRegistry - Adding type registration java.sql.Timestamp -> org.hibernate.type.TimestampType@57a2ed35
[DEBUG] 2020-02-17 11:02:42.287 [main] BasicTypeRegistry - Adding type registration java.util.Date -> org.hibernate.type.TimestampType@57a2ed35
[DEBUG] 2020-02-17 11:02:42.288 [main] BasicTypeRegistry - Adding type registration dbtimestamp -> org.hibernate.type.DbTimestampType@9d3c67
[DEBUG] 2020-02-17 11:02:42.289 [main] BasicTypeRegistry - Adding type registration calendar -> org.hibernate.type.CalendarType@46d63dbb
[DEBUG] 2020-02-17 11:02:42.290 [main] BasicTypeRegistry - Adding type registration java.util.Calendar -> org.hibernate.type.CalendarType@46d63dbb
[DEBUG] 2020-02-17 11:02:42.290 [main] BasicTypeRegistry - Adding type registration java.util.GregorianCalendar -> org.hibernate.type.CalendarType@46d63dbb
[DEBUG] 2020-02-17 11:02:42.292 [main] BasicTypeRegistry - Adding type registration calendar_date -> org.hibernate.type.CalendarDateType@205bed61
[DEBUG] 2020-02-17 11:02:42.293 [main] BasicTypeRegistry - Adding type registration locale -> org.hibernate.type.LocaleType@5c60b0a0
[DEBUG] 2020-02-17 11:02:42.296 [main] BasicTypeRegistry - Adding type registration java.util.Locale -> org.hibernate.type.LocaleType@5c60b0a0
[DEBUG] 2020-02-17 11:02:42.298 [main] BasicTypeRegistry - Adding type registration currency -> org.hibernate.type.CurrencyType@760cf594
[DEBUG] 2020-02-17 11:02:42.298 [main] BasicTypeRegistry - Adding type registration java.util.Currency -> org.hibernate.type.CurrencyType@760cf594
[DEBUG] 2020-02-17 11:02:42.299 [main] BasicTypeRegistry - Adding type registration timezone -> org.hibernate.type.TimeZoneType@5c73f672
[DEBUG] 2020-02-17 11:02:42.299 [main] BasicTypeRegistry - Adding type registration java.util.TimeZone -> org.hibernate.type.TimeZoneType@5c73f672
[DEBUG] 2020-02-17 11:02:42.302 [main] BasicTypeRegistry - Adding type registration class -> org.hibernate.type.ClassType@7a34f66a
[DEBUG] 2020-02-17 11:02:42.303 [main] BasicTypeRegistry - Adding type registration java.lang.Class -> org.hibernate.type.ClassType@7a34f66a
[DEBUG] 2020-02-17 11:02:42.303 [main] BasicTypeRegistry - Adding type registration uuid-binary -> org.hibernate.type.UUIDBinaryType@2459319c
[DEBUG] 2020-02-17 11:02:42.303 [main] BasicTypeRegistry - Adding type registration java.util.UUID -> org.hibernate.type.UUIDBinaryType@2459319c
[DEBUG] 2020-02-17 11:02:42.304 [main] BasicTypeRegistry - Adding type registration uuid-char -> org.hibernate.type.UUIDCharType@33d53216
[DEBUG] 2020-02-17 11:02:42.305 [main] BasicTypeRegistry - Adding type registration binary -> org.hibernate.type.BinaryType@46731692
[DEBUG] 2020-02-17 11:02:42.305 [main] BasicTypeRegistry - Adding type registration byte[] -> org.hibernate.type.BinaryType@46731692
[DEBUG] 2020-02-17 11:02:42.305 [main] BasicTypeRegistry - Adding type registration [B -> org.hibernate.type.BinaryType@46731692
[DEBUG] 2020-02-17 11:02:42.306 [main] BasicTypeRegistry - Adding type registration wrapper-binary -> org.hibernate.type.WrapperBinaryType@151ef57f
[DEBUG] 2020-02-17 11:02:42.306 [main] BasicTypeRegistry - Adding type registration Byte[] -> org.hibernate.type.WrapperBinaryType@151ef57f
[DEBUG] 2020-02-17 11:02:42.312 [main] BasicTypeRegistry - Adding type registration [Ljava.lang.Byte; -> org.hibernate.type.WrapperBinaryType@151ef57f
[DEBUG] 2020-02-17 11:02:42.314 [main] BasicTypeRegistry - Adding type registration row_version -> org.hibernate.type.RowVersionType@497aec8c
[DEBUG] 2020-02-17 11:02:42.314 [main] BasicTypeRegistry - Adding type registration image -> org.hibernate.type.ImageType@3f628ce9
[DEBUG] 2020-02-17 11:02:42.315 [main] BasicTypeRegistry - Adding type registration characters -> org.hibernate.type.CharArrayType@75fc1992
[DEBUG] 2020-02-17 11:02:42.315 [main] BasicTypeRegistry - Adding type registration char[] -> org.hibernate.type.CharArrayType@75fc1992
[DEBUG] 2020-02-17 11:02:42.315 [main] BasicTypeRegistry - Adding type registration [C -> org.hibernate.type.CharArrayType@75fc1992
[DEBUG] 2020-02-17 11:02:42.317 [main] BasicTypeRegistry - Adding type registration wrapper-characters -> org.hibernate.type.CharacterArrayType@3672276e
[DEBUG] 2020-02-17 11:02:42.317 [main] BasicTypeRegistry - Adding type registration [Ljava.lang.Character; -> org.hibernate.type.CharacterArrayType@3672276e
[DEBUG] 2020-02-17 11:02:42.317 [main] BasicTypeRegistry - Adding type registration Character[] -> org.hibernate.type.CharacterArrayType@3672276e
[DEBUG] 2020-02-17 11:02:42.317 [main] BasicTypeRegistry - Adding type registration text -> org.hibernate.type.TextType@2330e3e0
[DEBUG] 2020-02-17 11:02:42.318 [main] BasicTypeRegistry - Adding type registration ntext -> org.hibernate.type.NTextType@706eab5d
[DEBUG] 2020-02-17 11:02:42.321 [main] BasicTypeRegistry - Adding type registration blob -> org.hibernate.type.BlobType@53a665ad
[DEBUG] 2020-02-17 11:02:42.321 [main] BasicTypeRegistry - Adding type registration java.sql.Blob -> org.hibernate.type.BlobType@53a665ad
[DEBUG] 2020-02-17 11:02:42.322 [main] BasicTypeRegistry - Adding type registration materialized_blob -> org.hibernate.type.MaterializedBlobType@4d654825
[DEBUG] 2020-02-17 11:02:42.328 [main] BasicTypeRegistry - Adding type registration clob -> org.hibernate.type.ClobType@1b4ae4e0
[DEBUG] 2020-02-17 11:02:42.328 [main] BasicTypeRegistry - Adding type registration java.sql.Clob -> org.hibernate.type.ClobType@1b4ae4e0
[DEBUG] 2020-02-17 11:02:42.329 [main] BasicTypeRegistry - Adding type registration nclob -> org.hibernate.type.NClobType@4e1459ea
[DEBUG] 2020-02-17 11:02:42.329 [main] BasicTypeRegistry - Adding type registration java.sql.NClob -> org.hibernate.type.NClobType@4e1459ea
[DEBUG] 2020-02-17 11:02:42.330 [main] BasicTypeRegistry - Adding type registration materialized_clob -> org.hibernate.type.MaterializedClobType@476e8796
[DEBUG] 2020-02-17 11:02:42.330 [main] BasicTypeRegistry - Adding type registration materialized_nclob -> org.hibernate.type.MaterializedNClobType@642505c7
[DEBUG] 2020-02-17 11:02:42.336 [main] BasicTypeRegistry - Adding type registration serializable -> org.hibernate.type.SerializableType@7397c6
[DEBUG] 2020-02-17 11:02:42.339 [main] BasicTypeRegistry - Adding type registration object -> org.hibernate.type.ObjectType@7be71476
[DEBUG] 2020-02-17 11:02:42.340 [main] BasicTypeRegistry - Adding type registration java.lang.Object -> org.hibernate.type.ObjectType@7be71476
[DEBUG] 2020-02-17 11:02:42.341 [main] BasicTypeRegistry - Adding type registration imm_date -> org.hibernate.type.AdaptedImmutableType@16872c4d
[DEBUG] 2020-02-17 11:02:42.341 [main] BasicTypeRegistry - Adding type registration imm_time -> org.hibernate.type.AdaptedImmutableType@671facee
[DEBUG] 2020-02-17 11:02:42.341 [main] BasicTypeRegistry - Adding type registration imm_timestamp -> org.hibernate.type.AdaptedImmutableType@46a953cf
[DEBUG] 2020-02-17 11:02:42.345 [main] BasicTypeRegistry - Adding type registration imm_dbtimestamp -> org.hibernate.type.AdaptedImmutableType@154bd49b
[DEBUG] 2020-02-17 11:02:42.345 [main] BasicTypeRegistry - Adding type registration imm_calendar -> org.hibernate.type.AdaptedImmutableType@3a01773b
[DEBUG] 2020-02-17 11:02:42.345 [main] BasicTypeRegistry - Adding type registration imm_calendar_date -> org.hibernate.type.AdaptedImmutableType@20e3c449
[DEBUG] 2020-02-17 11:02:42.345 [main] BasicTypeRegistry - Adding type registration imm_binary -> org.hibernate.type.AdaptedImmutableType@2c58dcb1
[DEBUG] 2020-02-17 11:02:42.345 [main] BasicTypeRegistry - Adding type registration imm_serializable -> org.hibernate.type.AdaptedImmutableType@67fc2aad
[DEBUG] 2020-02-17 11:02:42.394 [main] DefaultIdentifierGeneratorFactory - Registering IdentifierGenerator strategy [uuid2] -> [org.hibernate.id.UUIDGenerator]
[DEBUG] 2020-02-17 11:02:42.396 [main] DefaultIdentifierGeneratorFactory - Registering IdentifierGenerator strategy [guid] -> [org.hibernate.id.GUIDGenerator]
[DEBUG] 2020-02-17 11:02:42.397 [main] DefaultIdentifierGeneratorFactory - Registering IdentifierGenerator strategy [uuid] -> [org.hibernate.id.UUIDHexGenerator]
[DEBUG] 2020-02-17 11:02:42.400 [main] DefaultIdentifierGeneratorFactory - Registering IdentifierGenerator strategy [uuid.hex] -> [org.hibernate.id.UUIDHexGenerator]
[DEBUG] 2020-02-17 11:02:42.401 [main] DefaultIdentifierGeneratorFactory - Registering IdentifierGenerator strategy [assigned] -> [org.hibernate.id.Assigned]
[DEBUG] 2020-02-17 11:02:42.404 [main] DefaultIdentifierGeneratorFactory - Registering IdentifierGenerator strategy [identity] -> [org.hibernate.id.IdentityGenerator]
[DEBUG] 2020-02-17 11:02:42.409 [main] DefaultIdentifierGeneratorFactory - Registering IdentifierGenerator strategy [select] -> [org.hibernate.id.SelectGenerator]
[DEBUG] 2020-02-17 11:02:42.410 [main] DefaultIdentifierGeneratorFactory - Registering IdentifierGenerator strategy [sequence] -> [org.hibernate.id.enhanced.SequenceStyleGenerator]
[DEBUG] 2020-02-17 11:02:42.411 [main] DefaultIdentifierGeneratorFactory - Registering IdentifierGenerator strategy [seqhilo] -> [org.hibernate.id.SequenceHiLoGenerator]
[DEBUG] 2020-02-17 11:02:42.411 [main] DefaultIdentifierGeneratorFactory - Registering IdentifierGenerator strategy [increment] -> [org.hibernate.id.IncrementGenerator]
[DEBUG] 2020-02-17 11:02:42.412 [main] DefaultIdentifierGeneratorFactory - Registering IdentifierGenerator strategy [foreign] -> [org.hibernate.id.ForeignGenerator]
[DEBUG] 2020-02-17 11:02:42.413 [main] DefaultIdentifierGeneratorFactory - Registering IdentifierGenerator strategy [sequence-identity] -> [org.hibernate.id.SequenceIdentityGenerator]
[DEBUG] 2020-02-17 11:02:42.414 [main] DefaultIdentifierGeneratorFactory - Registering IdentifierGenerator strategy [enhanced-sequence] -> [org.hibernate.id.enhanced.SequenceStyleGenerator]
[DEBUG] 2020-02-17 11:02:42.415 [main] DefaultIdentifierGeneratorFactory - Registering IdentifierGenerator strategy [enhanced-table] -> [org.hibernate.id.enhanced.TableGenerator]
[INFO ] 2020-02-17 11:02:42.427 [main] C3P0ConnectionProvider - HHH010002: C3P0 using driver: com.mysql.cj.jdbc.Driver at URL: jdbc:mysql://localhost:3306/test_indieProject
[INFO ] 2020-02-17 11:02:42.428 [main] C3P0ConnectionProvider - HHH10001001: Connection properties: {password=****, user=root}
[INFO ] 2020-02-17 11:02:42.428 [main] C3P0ConnectionProvider - HHH10001003: Autocommit mode: false
[INFO ] 2020-02-17 11:02:42.606 [main] C3P0ConnectionProvider - HHH10001007: JDBC isolation level: <unknown>
[DEBUG] 2020-02-17 11:02:42.915 [main] JdbcEnvironmentInitiator - Database ->
       name : MySQL
    version : 8.0.16
      major : 8
      minor : 0
[DEBUG] 2020-02-17 11:02:42.933 [main] JdbcEnvironmentInitiator - Driver ->
       name : MySQL Connector/J
    version : mysql-connector-java-8.0.16 (Revision: 34cbc6bc61f72836e26327537a432d6db7c77de6)
      major : 8
      minor : 0
[DEBUG] 2020-02-17 11:02:42.933 [main] JdbcEnvironmentInitiator - JDBC version : 4.2
[INFO ] 2020-02-17 11:02:42.986 [main] Dialect - HHH000400: Using dialect: org.hibernate.dialect.MySQL8Dialect
[DEBUG] 2020-02-17 11:02:43.003 [main] IdentifierHelperBuilder - JDBC driver metadata reported database stores quoted identifiers in more than one case
[DEBUG] 2020-02-17 11:02:43.055 [main] IdentifierHelperBuilder - IdentifierCaseStrategy for both quoted and unquoted identifiers was set to the same strategy [MIXED]; that will likely lead to problems in schema update and validation if using quoted identifiers
[DEBUG] 2020-02-17 11:02:43.126 [main] Namespace - Created database namespace [logicalName=Name{catalog=null, schema=null}, physicalName=Name{catalog=null, schema=null}]
[DEBUG] 2020-02-17 11:02:43.135 [main] TypeConfiguration$Scope - Scoping TypeConfiguration [org.hibernate.type.spi.TypeConfiguration@51d719bc] to MetadataBuildingContext [org.hibernate.boot.internal.MetadataBuildingContextRootImpl@2d38edfd]
[DEBUG] 2020-02-17 11:02:43.220 [main] AnnotationBinder - Binding entity from annotated class: edu.matc.entity.User
[DEBUG] 2020-02-17 11:02:43.266 [main] Ejb3Column - Binding column: Ejb3DiscriminatorColumn{logicalColumnName'DTYPE', discriminatorTypeName='string'}
[DEBUG] 2020-02-17 11:02:43.273 [main] EntityBinder - Import with entity name User
[DEBUG] 2020-02-17 11:02:43.278 [main] EntityBinder - Bind entity edu.matc.entity.User on table USERS
[DEBUG] 2020-02-17 11:02:43.351 [main] Ejb3Column - Binding column: Ejb3Column{table=org.hibernate.mapping.Table(USERS), mappingColumn=userId, insertable=true, updatable=true, unique=false}
[DEBUG] 2020-02-17 11:02:43.353 [main] PropertyBinder - MetadataSourceProcessor property userId with lazy=false
[DEBUG] 2020-02-17 11:02:43.356 [main] AbstractPropertyHolder - Attempting to locate auto-apply AttributeConverter for property [edu.matc.entity.User:userId]
[DEBUG] 2020-02-17 11:02:43.361 [main] SimpleValueBinder - building SimpleValue for userId
[DEBUG] 2020-02-17 11:02:43.367 [main] PropertyBinder - Building property userId
[DEBUG] 2020-02-17 11:02:43.370 [main] BinderHelper - #makeIdGenerator(org.hibernate.mapping.SimpleValue([org.hibernate.mapping.Column(userId)]), userId, org.hibernate.id.enhanced.SequenceStyleGenerator, native, ...)
[DEBUG] 2020-02-17 11:02:43.372 [main] Ejb3Column - Binding column: Ejb3Column{table=org.hibernate.mapping.Table(USERS), mappingColumn=user_name, insertable=true, updatable=true, unique=false}
[DEBUG] 2020-02-17 11:02:43.372 [main] PropertyBinder - MetadataSourceProcessor property userName with lazy=false
[DEBUG] 2020-02-17 11:02:43.372 [main] AbstractPropertyHolder - Attempting to locate auto-apply AttributeConverter for property [edu.matc.entity.User:userName]
[DEBUG] 2020-02-17 11:02:43.372 [main] SimpleValueBinder - building SimpleValue for userName
[DEBUG] 2020-02-17 11:02:43.372 [main] PropertyBinder - Building property userName
[DEBUG] 2020-02-17 11:02:43.374 [main] Ejb3Column - Binding column: Ejb3Column{table=org.hibernate.mapping.Table(USERS), mappingColumn=user_password, insertable=true, updatable=true, unique=false}
[DEBUG] 2020-02-17 11:02:43.374 [main] PropertyBinder - MetadataSourceProcessor property userPassword with lazy=false
[DEBUG] 2020-02-17 11:02:43.374 [main] AbstractPropertyHolder - Attempting to locate auto-apply AttributeConverter for property [edu.matc.entity.User:userPassword]
[DEBUG] 2020-02-17 11:02:43.374 [main] SimpleValueBinder - building SimpleValue for userPassword
[DEBUG] 2020-02-17 11:02:43.374 [main] PropertyBinder - Building property userPassword
[DEBUG] 2020-02-17 11:02:43.380 [main] SimpleValueBinder - Starting fillSimpleValue for userId
[DEBUG] 2020-02-17 11:02:43.380 [main] SimpleValueBinder - Starting fillSimpleValue for userName
[DEBUG] 2020-02-17 11:02:43.380 [main] SimpleValueBinder - Starting fillSimpleValue for userPassword
[DEBUG] 2020-02-17 11:02:43.385 [main] PrimaryKey - Forcing column [userid] to be non-null as it is part of the primary key for table [users]
[DEBUG] 2020-02-17 11:02:43.440 [main] SessionFactoryImpl - Building session factory
[DEBUG] 2020-02-17 11:02:43.441 [main] Settings - SessionFactory name : null
[DEBUG] 2020-02-17 11:02:43.441 [main] Settings - Automatic flush during beforeCompletion(): enabled
[DEBUG] 2020-02-17 11:02:43.442 [main] Settings - Automatic session close at end of transaction: disabled
[DEBUG] 2020-02-17 11:02:43.442 [main] Settings - Statistics: disabled
[DEBUG] 2020-02-17 11:02:43.442 [main] Settings - Deleted entity synthetic identifier rollback: disabled
[DEBUG] 2020-02-17 11:02:43.442 [main] Settings - Default entity-mode: pojo
[DEBUG] 2020-02-17 11:02:43.442 [main] Settings - Check Nullability in Core (should be disabled when Bean Validation is on): enabled
[DEBUG] 2020-02-17 11:02:43.442 [main] Settings - Allow initialization of lazy state outside session : disabled
[DEBUG] 2020-02-17 11:02:43.442 [main] Settings - Using BatchFetchStyle : LEGACY
[DEBUG] 2020-02-17 11:02:43.442 [main] Settings - Default batch fetch size: -1
[DEBUG] 2020-02-17 11:02:43.442 [main] Settings - Maximum outer join fetch depth: 2
[DEBUG] 2020-02-17 11:02:43.443 [main] Settings - Default null ordering: NONE
[DEBUG] 2020-02-17 11:02:43.443 [main] Settings - Order SQL updates by primary key: disabled
[DEBUG] 2020-02-17 11:02:43.443 [main] Settings - Order SQL inserts for batching: disabled
[DEBUG] 2020-02-17 11:02:43.443 [main] Settings - multi-tenancy strategy : NONE
[DEBUG] 2020-02-17 11:02:43.443 [main] Settings - JTA Track by Thread: enabled
[DEBUG] 2020-02-17 11:02:43.443 [main] Settings - Query language substitutions: {}
[DEBUG] 2020-02-17 11:02:43.443 [main] Settings - Named query checking : enabled
[DEBUG] 2020-02-17 11:02:43.443 [main] Settings - Second-level cache: disabled
[DEBUG] 2020-02-17 11:02:43.443 [main] Settings - Second-level query cache: disabled
[DEBUG] 2020-02-17 11:02:43.444 [main] Settings - Second-level query cache factory: null
[DEBUG] 2020-02-17 11:02:43.444 [main] Settings - Second-level cache region prefix: null
[DEBUG] 2020-02-17 11:02:43.444 [main] Settings - Optimize second-level cache for minimal puts: disabled
[DEBUG] 2020-02-17 11:02:43.444 [main] Settings - Structured second-level cache entries: disabled
[DEBUG] 2020-02-17 11:02:43.444 [main] Settings - Second-level cache direct-reference entries: disabled
[DEBUG] 2020-02-17 11:02:43.445 [main] Settings - Automatic eviction of collection cache: disabled
[DEBUG] 2020-02-17 11:02:43.445 [main] Settings - JDBC batch size: 15
[DEBUG] 2020-02-17 11:02:43.445 [main] Settings - JDBC batch updates for versioned data: enabled
[DEBUG] 2020-02-17 11:02:43.445 [main] Settings - Scrollable result sets: enabled
[DEBUG] 2020-02-17 11:02:43.445 [main] Settings - Wrap result sets: disabled
[DEBUG] 2020-02-17 11:02:43.445 [main] Settings - JDBC3 getGeneratedKeys(): enabled
[DEBUG] 2020-02-17 11:02:43.445 [main] Settings - JDBC result set fetch size: null
[DEBUG] 2020-02-17 11:02:43.445 [main] Settings - Connection release mode: AFTER_TRANSACTION
[DEBUG] 2020-02-17 11:02:43.446 [main] Settings - Generate SQL with comments: disabled
[DEBUG] 2020-02-17 11:02:43.446 [main] Settings - JPA compliance - query : 
[DEBUG] 2020-02-17 11:02:43.446 [main] Settings - JPA compliance - closed-handling : 
[DEBUG] 2020-02-17 11:02:43.448 [main] Settings - JPA compliance - lists : 
[DEBUG] 2020-02-17 11:02:43.448 [main] Settings - JPA compliance - transactions : 
[INFO ] 2020-02-17 11:02:43.530 [main] beans - HHH10005002: No explicit CDI BeanManager reference was passed to Hibernate, but CDI is available on the Hibernate ClassLoader.
[DEBUG] 2020-02-17 11:02:43.593 [main] SessionFactoryImpl - Session factory constructed with filter configurations : {}
[DEBUG] 2020-02-17 11:02:43.595 [main] SessionFactoryImpl - Instantiating session factory with properties: {sun.desktop=gnome, awt.toolkit=sun.awt.X11.XToolkit, java.specification.version=11, sun.cpu.isalist=, hibernate.c3p0.idle_test_period=3000, sun.jnu.encoding=UTF-8, hibernate.c3p0.min_size=5, java.class.path=/home/student/intellij/lib/idea_rt.jar:/home/student/intellij/plugins/junit/lib/junit5-rt.jar:/home/student/intellij/plugins/junit/lib/junit-rt.jar:/home/student/IdeaProjects/indieproject/target/test-classes:/home/student/IdeaProjects/indieproject/target/classes:/home/student/.m2/repository/org/junit/platform/junit-platform-runner/1.0.0/junit-platform-runner-1.0.0.jar:/home/student/.m2/repository/org/apiguardian/apiguardian-api/1.0.0/apiguardian-api-1.0.0.jar:/home/student/.m2/repository/org/junit/platform/junit-platform-launcher/1.0.0/junit-platform-launcher-1.0.0.jar:/home/student/.m2/repository/org/junit/platform/junit-platform-suite-api/1.0.0/junit-platform-suite-api-1.0.0.jar:/home/student/.m2/repository/org/junit/platform/junit-platform-commons/1.0.0/junit-platform-commons-1.0.0.jar:/home/student/.m2/repository/org/junit/vintage/junit-vintage-engine/4.12.0/junit-vintage-engine-4.12.0.jar:/home/student/.m2/repository/org/junit/platform/junit-platform-engine/1.0.0/junit-platform-engine-1.0.0.jar:/home/student/.m2/repository/org/opentest4j/opentest4j/1.0.0/opentest4j-1.0.0.jar:/home/student/.m2/repository/org/junit/jupiter/junit-jupiter-engine/5.0.0/junit-jupiter-engine-5.0.0.jar:/home/student/.m2/repository/org/junit/jupiter/junit-jupiter-api/5.0.0/junit-jupiter-api-5.0.0.jar:/home/student/.m2/repository/junit/junit/4.12/junit-4.12.jar:/home/student/.m2/repository/org/hamcrest/hamcrest-core/1.3/hamcrest-core-1.3.jar:/home/student/.m2/repository/javax/javaee-web-api/7.0/javaee-web-api-7.0.jar:/home/student/.m2/repository/mysql/mysql-connector-java/8.0.16/mysql-connector-java-8.0.16.jar:/home/student/.m2/repository/com/google/protobuf/protobuf-java/3.6.1/protobuf-java-3.6.1.jar:/home/student/.m2/repository/jstl/jstl/1.2/jstl-1.2.jar:/home/student/.m2/repository/org/apache/logging/log4j/log4j-api/2.10.0/log4j-api-2.10.0.jar:/home/student/.m2/repository/org/apache/logging/log4j/log4j-core/2.10.0/log4j-core-2.10.0.jar:/home/student/.m2/repository/org/hibernate/hibernate-core/5.4.4.Final/hibernate-core-5.4.4.Final.jar:/home/student/.m2/repository/org/jboss/logging/jboss-logging/3.3.2.Final/jboss-logging-3.3.2.Final.jar:/home/student/.m2/repository/javax/persistence/javax.persistence-api/2.2/javax.persistence-api-2.2.jar:/home/student/.m2/repository/org/javassist/javassist/3.24.0-GA/javassist-3.24.0-GA.jar:/home/student/.m2/repository/net/bytebuddy/byte-buddy/1.9.11/byte-buddy-1.9.11.jar:/home/student/.m2/repository/antlr/antlr/2.7.7/antlr-2.7.7.jar:/home/student/.m2/repository/org/jboss/spec/javax/transaction/jboss-transaction-api_1.2_spec/1.1.1.Final/jboss-transaction-api_1.2_spec-1.1.1.Final.jar:/home/student/.m2/repository/org/jboss/jandex/2.0.5.Final/jandex-2.0.5.Final.jar:/home/student/.m2/repository/com/fasterxml/classmate/1.3.4/classmate-1.3.4.jar:/home/student/.m2/repository/javax/activation/javax.activation-api/1.2.0/javax.activation-api-1.2.0.jar:/home/student/.m2/repository/org/dom4j/dom4j/2.1.1/dom4j-2.1.1.jar:/home/student/.m2/repository/org/hibernate/common/hibernate-commons-annotations/5.1.0.Final/hibernate-commons-annotations-5.1.0.Final.jar:/home/student/.m2/repository/javax/xml/bind/jaxb-api/2.3.1/jaxb-api-2.3.1.jar:/home/student/.m2/repository/org/glassfish/jaxb/jaxb-runtime/2.3.1/jaxb-runtime-2.3.1.jar:/home/student/.m2/repository/org/glassfish/jaxb/txw2/2.3.1/txw2-2.3.1.jar:/home/student/.m2/repository/com/sun/istack/istack-commons-runtime/3.0.7/istack-commons-runtime-3.0.7.jar:/home/student/.m2/repository/org/jvnet/staxex/stax-ex/1.8/stax-ex-1.8.jar:/home/student/.m2/repository/com/sun/xml/fastinfoset/FastInfoset/1.2.15/FastInfoset-1.2.15.jar:/home/student/.m2/repository/org/hibernate/hibernate-c3p0/5.4.4.Final/hibernate-c3p0-5.4.4.Final.jar:/home/student/.m2/repository/com/mchange/c3p0/0.9.5.3/c3p0-0.9.5.3.jar:/home/student/.m2/repository/com/mchange/mchange-commons-java/0.2.15/mchange-commons-java-0.2.15.jar, java.vm.vendor=Ubuntu, sun.arch.data.model=64, idea.test.cyclic.buffer.size=1048576, java.vendor.url=https://ubuntu.com/, user.timezone=America/Chicago, os.name=Linux, java.vm.specification.version=11, sun.java.launcher=SUN_STANDARD, user.country=US, sun.boot.library.path=/usr/lib/jvm/java-11-openjdk-amd64/lib, sun.java.command=com.intellij.rt.junit.JUnitStarter -ideVersion5 -junit5 edu.matc.persistence.UserDaoTest,insertSuccess, jdk.debug=release, sun.cpu.endian=little, user.home=/home/student, hibernate.c3p0.max_statements=50, user.language=en, java.specification.vendor=Oracle Corporation, java.version.date=2020-01-14, java.home=/usr/lib/jvm/java-11-openjdk-amd64, file.separator=/, java.vm.compressedOopsMode=32-bit, line.separator=
, hibernate.c3p0.timeout=300, java.specification.name=Java Platform API Specification, java.vm.specification.vendor=Oracle Corporation, java.awt.graphicsenv=sun.awt.X11GraphicsEnvironment, connection.password=student, sun.management.compiler=HotSpot 64-Bit Tiered Compilers, hibernate.c3p0.max_size=20, java.runtime.version=11.0.6+10-post-Ubuntu-1ubuntu118.04.1, user.name=student, path.separator=:, hibernate.connection.username=****, os.version=5.3.0-28-generic, java.runtime.name=OpenJDK Runtime Environment, hibernate.connection.url=jdbc:mysql://localhost:3306/test_indieProject, file.encoding=UTF-8, java.vm.name=OpenJDK 64-Bit Server VM, hibernate.connection.driver_class=com.mysql.cj.jdbc.Driver, java.vendor.url.bug=https://bugs.launchpad.net/ubuntu/+source/openjdk-lts, java.io.tmpdir=/tmp, java.version=11.0.6, user.dir=/home/student/IdeaProjects/indieproject, os.arch=amd64, connection.username=root, java.vm.specification.name=Java Virtual Machine Specification, java.awt.printerjob=sun.print.PSPrinterJob, hibernate.connection.password=****, sun.os.patch.level=unknown, connection.driver_class=com.mysql.cj.jdbc.Driver, hibernate.boot.CfgXmlAccessService.key=org.hibernate.boot.cfgxml.spi.LoadedConfig@2b916808, java.library.path=/usr/java/packages/lib:/usr/lib/x86_64-linux-gnu/jni:/lib/x86_64-linux-gnu:/usr/lib/x86_64-linux-gnu:/usr/lib/jni:/lib:/usr/lib, java.vendor=Ubuntu, java.vm.info=mixed mode, sharing, java.vm.version=11.0.6+10-post-Ubuntu-1ubuntu118.04.1, hibernate.bytecode.use_reflection_optimizer=false, sun.io.unicode.encoding=UnicodeLittle, connection.url=jdbc:mysql://localhost:3306/test_indieProject, java.class.version=55.0}
[DEBUG] 2020-02-17 11:02:43.658 [main] TypeSafeActivator - Unable to acquire Bean Validation ValidatorFactory, skipping activation
[DEBUG] 2020-02-17 11:02:43.658 [main] JaccIntegrator - Skipping JACC integration as it was not enabled
[DEBUG] 2020-02-17 11:02:43.659 [main] SessionFactoryImpl - Instantiated session factory
[DEBUG] 2020-02-17 11:02:43.659 [main] TypeConfiguration$Scope - Scoping TypeConfiguration [org.hibernate.type.spi.TypeConfiguration@51d719bc] to SessionFactoryImpl [org.hibernate.internal.SessionFactoryImpl@220c9a63]
[DEBUG] 2020-02-17 11:02:43.812 [main] ClassLoaderAccessImpl - Not known whether passed class name [edu.matc.entity.User] is safe
[DEBUG] 2020-02-17 11:02:43.813 [main] ClassLoaderAccessImpl - No temp ClassLoader provided; using live ClassLoader for loading potentially unsafe class : edu.matc.entity.User
[DEBUG] 2020-02-17 11:02:43.907 [main] ClassLoaderAccessImpl - Not known whether passed class name [edu.matc.entity.User] is safe
[DEBUG] 2020-02-17 11:02:43.917 [main] ClassLoaderAccessImpl - No temp ClassLoader provided; using live ClassLoader for loading potentially unsafe class : edu.matc.entity.User
[DEBUG] 2020-02-17 11:02:44.420 [main] AbstractEntityPersister - Static SQL for entity: edu.matc.entity.User
[DEBUG] 2020-02-17 11:02:44.420 [main] AbstractEntityPersister -  Version select: select userId from USERS where userId =?
[DEBUG] 2020-02-17 11:02:44.420 [main] AbstractEntityPersister -  Snapshot select: select user_.userId, user_.user_name as user_nam2_0_, user_.user_password as user_pas3_0_ from USERS user_ where user_.userId=?
[DEBUG] 2020-02-17 11:02:44.421 [main] AbstractEntityPersister -  Insert 0: insert into USERS (user_name, user_password, userId) values (?, ?, ?)
[DEBUG] 2020-02-17 11:02:44.421 [main] AbstractEntityPersister -  Update 0: update USERS set user_name=?, user_password=? where userId=?
[DEBUG] 2020-02-17 11:02:44.421 [main] AbstractEntityPersister -  Delete 0: delete from USERS where userId=?
[DEBUG] 2020-02-17 11:02:44.421 [main] AbstractEntityPersister -  Identity insert: insert into USERS (user_name, user_password) values (?, ?)
[DEBUG] 2020-02-17 11:02:44.437 [main] QuerySpacesImpl - Adding QuerySpace : uid = <gen:0> -> org.hibernate.loader.plan.build.internal.spaces.EntityQuerySpaceImpl@209f3887]
[DEBUG] 2020-02-17 11:02:44.437 [main] MetamodelGraphWalker - Visiting attribute path : userName
[DEBUG] 2020-02-17 11:02:44.437 [main] MetamodelGraphWalker - Visiting attribute path : userPassword
[DEBUG] 2020-02-17 11:02:44.438 [main] FetchStyleLoadPlanBuildingAssociationVisitationStrategy - Building LoadPlan...
[DEBUG] 2020-02-17 11:02:44.446 [main] LoadQueryJoinAndFetchProcessor - processing queryspace <gen:0>
[DEBUG] 2020-02-17 11:02:44.449 [main] LoadPlanTreePrinter - LoadPlan(entity=edu.matc.entity.User)
    - Returns
       - EntityReturnImpl(entity=edu.matc.entity.User, querySpaceUid=<gen:0>, path=edu.matc.entity.User)
    - QuerySpaces
       - EntityQuerySpaceImpl(uid=<gen:0>, entity=edu.matc.entity.User)
          - SQL table alias mapping - user0_
          - alias suffix - 0_
          - suffixed key columns - {userId1_0_0_}

[DEBUG] 2020-02-17 11:02:44.450 [main] EntityLoader - Static select for entity edu.matc.entity.User [NONE]: select user0_.userId as userId1_0_0_, user0_.user_name as user_nam2_0_0_, user0_.user_password as user_pas3_0_0_ from USERS user0_ where user0_.userId=?
[DEBUG] 2020-02-17 11:02:44.451 [main] QuerySpacesImpl - Adding QuerySpace : uid = <gen:0> -> org.hibernate.loader.plan.build.internal.spaces.EntityQuerySpaceImpl@250d440]
[DEBUG] 2020-02-17 11:02:44.451 [main] MetamodelGraphWalker - Visiting attribute path : userName
[DEBUG] 2020-02-17 11:02:44.451 [main] MetamodelGraphWalker - Visiting attribute path : userPassword
[DEBUG] 2020-02-17 11:02:44.451 [main] FetchStyleLoadPlanBuildingAssociationVisitationStrategy - Building LoadPlan...
[DEBUG] 2020-02-17 11:02:44.451 [main] LoadQueryJoinAndFetchProcessor - processing queryspace <gen:0>
[DEBUG] 2020-02-17 11:02:44.453 [main] LoadPlanTreePrinter - LoadPlan(entity=edu.matc.entity.User)
    - Returns
       - EntityReturnImpl(entity=edu.matc.entity.User, querySpaceUid=<gen:0>, path=edu.matc.entity.User)
    - QuerySpaces
       - EntityQuerySpaceImpl(uid=<gen:0>, entity=edu.matc.entity.User)
          - SQL table alias mapping - user0_
          - alias suffix - 0_
          - suffixed key columns - {userId1_0_0_}

[DEBUG] 2020-02-17 11:02:44.454 [main] EntityLoader - Static select for entity edu.matc.entity.User [READ]: select user0_.userId as userId1_0_0_, user0_.user_name as user_nam2_0_0_, user0_.user_password as user_pas3_0_0_ from USERS user0_ where user0_.userId=?
[DEBUG] 2020-02-17 11:02:44.462 [main] Loader - Static select for action ACTION_MERGE on entity edu.matc.entity.User: select user0_.userId as userId1_0_0_, user0_.user_name as user_nam2_0_0_, user0_.user_password as user_pas3_0_0_ from USERS user0_ where user0_.userId=?
[DEBUG] 2020-02-17 11:02:44.462 [main] Loader - Static select for action ACTION_REFRESH on entity edu.matc.entity.User: select user0_.userId as userId1_0_0_, user0_.user_name as user_nam2_0_0_, user0_.user_password as user_pas3_0_0_ from USERS user0_ where user0_.userId=?
[DEBUG] 2020-02-17 11:02:44.480 [main] SchemaManagementToolCoordinator - No actions specified; doing nothing
[DEBUG] 2020-02-17 11:02:44.480 [main] JtaPlatformInitiator - No JtaPlatform was specified, checking resolver
[DEBUG] 2020-02-17 11:02:44.480 [main] JtaPlatformResolverInitiator - No JtaPlatformResolver was specified, using default [org.hibernate.engine.transaction.jta.platform.internal.StandardJtaPlatformResolver]
[DEBUG] 2020-02-17 11:02:44.483 [main] StandardJtaPlatformResolver - Could not resolve JtaPlatform, using default [org.hibernate.engine.transaction.jta.platform.internal.NoJtaPlatform]
[INFO ] 2020-02-17 11:02:44.483 [main] JtaPlatformInitiator - HHH000490: Using JtaPlatform implementation: [org.hibernate.engine.transaction.jta.platform.internal.NoJtaPlatform]
[DEBUG] 2020-02-17 11:02:44.485 [main] NamedQueryRepository - Checking 0 named HQL queries
[DEBUG] 2020-02-17 11:02:44.485 [main] NamedQueryRepository - Checking 0 named SQL queries
[DEBUG] 2020-02-17 11:02:44.487 [main] SessionFactoryRegistry - Initializing SessionFactoryRegistry : org.hibernate.internal.SessionFactoryRegistry@538a2f0e
[DEBUG] 2020-02-17 11:02:44.489 [main] SessionFactoryRegistry - Registering SessionFactory: 4eb6a4ee-aeab-4737-b26d-cc74a4902905 (<unnamed>)
[DEBUG] 2020-02-17 11:02:44.490 [main] SessionFactoryRegistry - Not binding SessionFactory to JNDI, no JNDI name configured
[DEBUG] 2020-02-17 11:02:44.549 [main] StatisticsInitiator - Statistics initialized [enabled=false]
[DEBUG] 2020-02-17 11:02:44.563 [main] TransactionImpl - On TransactionImpl creation, JpaCompliance#isJpaTransactionComplianceEnabled == false
[DEBUG] 2020-02-17 11:02:44.563 [main] TransactionImpl - begin
[DEBUG] 2020-02-17 11:02:44.681 [main] ActionQueue - Executing identity-insert immediately
[DEBUG] 2020-02-17 11:02:44.684 [main] SQL - insert into USERS (user_name, user_password) values (?, ?)
[DEBUG] 2020-02-17 11:02:44.820 [main] IdentifierGeneratorHelper - Natively generated identity: 5
[DEBUG] 2020-02-17 11:02:44.820 [main] ResourceRegistryStandardImpl - HHH000387: ResultSet's statement was not registered
[DEBUG] 2020-02-17 11:02:44.822 [main] TransactionImpl - committing
[DEBUG] 2020-02-17 11:02:44.822 [main] AbstractFlushingEventListener - Processing flush-time cascades
[DEBUG] 2020-02-17 11:02:44.823 [main] AbstractFlushingEventListener - Dirty checking collections
[DEBUG] 2020-02-17 11:02:44.823 [main] AbstractFlushingEventListener - Flushed: 0 insertions, 0 updates, 0 deletions to 1 objects
[DEBUG] 2020-02-17 11:02:44.824 [main] AbstractFlushingEventListener - Flushed: 0 (re)creations, 0 updates, 0 removals to 0 collections
[DEBUG] 2020-02-17 11:02:44.825 [main] EntityPrinter - Listing entities:
[DEBUG] 2020-02-17 11:02:44.825 [main] EntityPrinter - edu.matc.entity.User{userPassword=fflintstone55, userName=FredFlintstone, userId=5}
[DEBUG] 2020-02-17 11:02:44.920 [main] LogicalConnectionManagedImpl - Initiating JDBC connection release from afterTransaction
[DEBUG] 2020-02-17 11:02:44.929 [main] LogicalConnectionManagedImpl - Initiating JDBC connection release from afterTransaction
[DEBUG] 2020-02-17 11:02:44.952 [main] SQL - select user0_.userId as userId1_0_0_, user0_.user_name as user_nam2_0_0_, user0_.user_password as user_pas3_0_0_ from USERS user0_ where user0_.userId=?
[DEBUG] 2020-02-17 11:02:44.996 [main] SqlExceptionHelper - could not extract ResultSet [n/a]
java.sql.SQLSyntaxErrorException: Unknown column 'user0_.userId' in 'field list'
	at com.mysql.cj.jdbc.exceptions.SQLError.createSQLException(SQLError.java:120) ~[mysql-connector-java-8.0.16.jar:8.0.16]
	at com.mysql.cj.jdbc.exceptions.SQLError.createSQLException(SQLError.java:97) ~[mysql-connector-java-8.0.16.jar:8.0.16]
	at com.mysql.cj.jdbc.exceptions.SQLExceptionsMapping.translateException(SQLExceptionsMapping.java:122) ~[mysql-connector-java-8.0.16.jar:8.0.16]
	at com.mysql.cj.jdbc.ClientPreparedStatement.executeInternal(ClientPreparedStatement.java:955) ~[mysql-connector-java-8.0.16.jar:8.0.16]
	at com.mysql.cj.jdbc.ClientPreparedStatement.executeQuery(ClientPreparedStatement.java:1005) ~[mysql-connector-java-8.0.16.jar:8.0.16]
	at com.mchange.v2.c3p0.impl.NewProxyPreparedStatement.executeQuery(NewProxyPreparedStatement.java:379) ~[c3p0-0.9.5.3.jar:0.9.5.3]
	at org.hibernate.engine.jdbc.internal.ResultSetReturnImpl.extract(ResultSetReturnImpl.java:60) [hibernate-core-5.4.4.Final.jar:5.4.4.Final]
	at org.hibernate.loader.plan.exec.internal.AbstractLoadPlanBasedLoader.getResultSet(AbstractLoadPlanBasedLoader.java:418) [hibernate-core-5.4.4.Final.jar:5.4.4.Final]
	at org.hibernate.loader.plan.exec.internal.AbstractLoadPlanBasedLoader.executeQueryStatement(AbstractLoadPlanBasedLoader.java:191) [hibernate-core-5.4.4.Final.jar:5.4.4.Final]
	at org.hibernate.loader.plan.exec.internal.AbstractLoadPlanBasedLoader.executeLoad(AbstractLoadPlanBasedLoader.java:121) [hibernate-core-5.4.4.Final.jar:5.4.4.Final]
	at org.hibernate.loader.plan.exec.internal.AbstractLoadPlanBasedLoader.executeLoad(AbstractLoadPlanBasedLoader.java:86) [hibernate-core-5.4.4.Final.jar:5.4.4.Final]
	at org.hibernate.loader.entity.plan.AbstractLoadPlanBasedEntityLoader.load(AbstractLoadPlanBasedEntityLoader.java:197) [hibernate-core-5.4.4.Final.jar:5.4.4.Final]
	at org.hibernate.persister.entity.AbstractEntityPersister.load(AbstractEntityPersister.java:4312) [hibernate-core-5.4.4.Final.jar:5.4.4.Final]
	at org.hibernate.event.internal.DefaultLoadEventListener.loadFromDatasource(DefaultLoadEventListener.java:570) [hibernate-core-5.4.4.Final.jar:5.4.4.Final]
	at org.hibernate.event.internal.DefaultLoadEventListener.doLoad(DefaultLoadEventListener.java:538) [hibernate-core-5.4.4.Final.jar:5.4.4.Final]
	at org.hibernate.event.internal.DefaultLoadEventListener.load(DefaultLoadEventListener.java:208) [hibernate-core-5.4.4.Final.jar:5.4.4.Final]
	at org.hibernate.event.internal.DefaultLoadEventListener.proxyOrLoad(DefaultLoadEventListener.java:333) [hibernate-core-5.4.4.Final.jar:5.4.4.Final]
	at org.hibernate.event.internal.DefaultLoadEventListener.doOnLoad(DefaultLoadEventListener.java:108) [hibernate-core-5.4.4.Final.jar:5.4.4.Final]
	at org.hibernate.event.internal.DefaultLoadEventListener.onLoad(DefaultLoadEventListener.java:74) [hibernate-core-5.4.4.Final.jar:5.4.4.Final]
	at org.hibernate.internal.SessionImpl.fireLoadNoChecks(SessionImpl.java:1298) [hibernate-core-5.4.4.Final.jar:5.4.4.Final]
	at org.hibernate.internal.SessionImpl.fireLoad(SessionImpl.java:1286) [hibernate-core-5.4.4.Final.jar:5.4.4.Final]
	at org.hibernate.internal.SessionImpl.access$2100(SessionImpl.java:203) [hibernate-core-5.4.4.Final.jar:5.4.4.Final]
	at org.hibernate.internal.SessionImpl$IdentifierLoadAccessImpl.doLoad(SessionImpl.java:2945) [hibernate-core-5.4.4.Final.jar:5.4.4.Final]
	at org.hibernate.internal.SessionImpl$IdentifierLoadAccessImpl.lambda$load$1(SessionImpl.java:2926) [hibernate-core-5.4.4.Final.jar:5.4.4.Final]
	at org.hibernate.internal.SessionImpl$IdentifierLoadAccessImpl.perform(SessionImpl.java:2882) [hibernate-core-5.4.4.Final.jar:5.4.4.Final]
	at org.hibernate.internal.SessionImpl$IdentifierLoadAccessImpl.load(SessionImpl.java:2926) [hibernate-core-5.4.4.Final.jar:5.4.4.Final]
	at org.hibernate.internal.SessionImpl.get(SessionImpl.java:1081) [hibernate-core-5.4.4.Final.jar:5.4.4.Final]
	at edu.matc.persistence.UserDao.getById(UserDao.java:23) [classes/:?]
	at edu.matc.persistence.UserDaoTest.insertSuccess(UserDaoTest.java:46) [test-classes/:?]
	at jdk.internal.reflect.NativeMethodAccessorImpl.invoke0(Native Method) ~[?:?]
	at jdk.internal.reflect.NativeMethodAccessorImpl.invoke(NativeMethodAccessorImpl.java:62) ~[?:?]
	at jdk.internal.reflect.DelegatingMethodAccessorImpl.invoke(DelegatingMethodAccessorImpl.java:43) ~[?:?]
	at java.lang.reflect.Method.invoke(Method.java:566) ~[?:?]
	at org.junit.platform.commons.util.ReflectionUtils.invokeMethod(ReflectionUtils.java:389) [junit-platform-commons-1.0.0.jar:1.0.0]
	at org.junit.jupiter.engine.execution.ExecutableInvoker.invoke(ExecutableInvoker.java:115) [junit-jupiter-engine-5.0.0.jar:5.0.0]
	at org.junit.jupiter.engine.descriptor.TestMethodTestDescriptor.lambda$invokeTestMethod$6(TestMethodTestDescriptor.java:167) [junit-jupiter-engine-5.0.0.jar:5.0.0]
	at org.junit.jupiter.engine.execution.ThrowableCollector.execute(ThrowableCollector.java:40) [junit-jupiter-engine-5.0.0.jar:5.0.0]
	at org.junit.jupiter.engine.descriptor.TestMethodTestDescriptor.invokeTestMethod(TestMethodTestDescriptor.java:163) [junit-jupiter-engine-5.0.0.jar:5.0.0]
	at org.junit.jupiter.engine.descriptor.TestMethodTestDescriptor.execute(TestMethodTestDescriptor.java:110) [junit-jupiter-engine-5.0.0.jar:5.0.0]
	at org.junit.jupiter.engine.descriptor.TestMethodTestDescriptor.execute(TestMethodTestDescriptor.java:57) [junit-jupiter-engine-5.0.0.jar:5.0.0]
	at org.junit.platform.engine.support.hierarchical.HierarchicalTestExecutor.lambda$execute$3(HierarchicalTestExecutor.java:83) [junit-platform-engine-1.0.0.jar:1.0.0]
	at org.junit.platform.engine.support.hierarchical.SingleTestExecutor.executeSafely(SingleTestExecutor.java:66) [junit-platform-engine-1.0.0.jar:1.0.0]
	at org.junit.platform.engine.support.hierarchical.HierarchicalTestExecutor.execute(HierarchicalTestExecutor.java:77) [junit-platform-engine-1.0.0.jar:1.0.0]
	at org.junit.platform.engine.support.hierarchical.HierarchicalTestExecutor.lambda$null$2(HierarchicalTestExecutor.java:92) [junit-platform-engine-1.0.0.jar:1.0.0]
	at java.util.stream.ForEachOps$ForEachOp$OfRef.accept(ForEachOps.java:183) [?:?]
	at java.util.stream.ReferencePipeline$2$1.accept(ReferencePipeline.java:177) [?:?]
	at java.util.Iterator.forEachRemaining(Iterator.java:133) [?:?]
	at java.util.Spliterators$IteratorSpliterator.forEachRemaining(Spliterators.java:1801) [?:?]
	at java.util.stream.AbstractPipeline.copyInto(AbstractPipeline.java:484) [?:?]
	at java.util.stream.AbstractPipeline.wrapAndCopyInto(AbstractPipeline.java:474) [?:?]
	at java.util.stream.ForEachOps$ForEachOp.evaluateSequential(ForEachOps.java:150) [?:?]
	at java.util.stream.ForEachOps$ForEachOp$OfRef.evaluateSequential(ForEachOps.java:173) [?:?]
	at java.util.stream.AbstractPipeline.evaluate(AbstractPipeline.java:234) [?:?]
	at java.util.stream.ReferencePipeline.forEach(ReferencePipeline.java:497) [?:?]
	at org.junit.platform.engine.support.hierarchical.HierarchicalTestExecutor.lambda$execute$3(HierarchicalTestExecutor.java:92) [junit-platform-engine-1.0.0.jar:1.0.0]
	at org.junit.platform.engine.support.hierarchical.SingleTestExecutor.executeSafely(SingleTestExecutor.java:66) [junit-platform-engine-1.0.0.jar:1.0.0]
	at org.junit.platform.engine.support.hierarchical.HierarchicalTestExecutor.execute(HierarchicalTestExecutor.java:77) [junit-platform-engine-1.0.0.jar:1.0.0]
	at org.junit.platform.engine.support.hierarchical.HierarchicalTestExecutor.lambda$null$2(HierarchicalTestExecutor.java:92) [junit-platform-engine-1.0.0.jar:1.0.0]
	at java.util.stream.ForEachOps$ForEachOp$OfRef.accept(ForEachOps.java:183) [?:?]
	at java.util.stream.ReferencePipeline$2$1.accept(ReferencePipeline.java:177) [?:?]
	at java.util.Iterator.forEachRemaining(Iterator.java:133) [?:?]
	at java.util.Spliterators$IteratorSpliterator.forEachRemaining(Spliterators.java:1801) [?:?]
	at java.util.stream.AbstractPipeline.copyInto(AbstractPipeline.java:484) [?:?]
	at java.util.stream.AbstractPipeline.wrapAndCopyInto(AbstractPipeline.java:474) [?:?]
	at java.util.stream.ForEachOps$ForEachOp.evaluateSequential(ForEachOps.java:150) [?:?]
	at java.util.stream.ForEachOps$ForEachOp$OfRef.evaluateSequential(ForEachOps.java:173) [?:?]
	at java.util.stream.AbstractPipeline.evaluate(AbstractPipeline.java:234) [?:?]
	at java.util.stream.ReferencePipeline.forEach(ReferencePipeline.java:497) [?:?]
	at org.junit.platform.engine.support.hierarchical.HierarchicalTestExecutor.lambda$execute$3(HierarchicalTestExecutor.java:92) [junit-platform-engine-1.0.0.jar:1.0.0]
	at org.junit.platform.engine.support.hierarchical.SingleTestExecutor.executeSafely(SingleTestExecutor.java:66) [junit-platform-engine-1.0.0.jar:1.0.0]
	at org.junit.platform.engine.support.hierarchical.HierarchicalTestExecutor.execute(HierarchicalTestExecutor.java:77) [junit-platform-engine-1.0.0.jar:1.0.0]
	at org.junit.platform.engine.support.hierarchical.HierarchicalTestExecutor.execute(HierarchicalTestExecutor.java:51) [junit-platform-engine-1.0.0.jar:1.0.0]
	at org.junit.platform.engine.support.hierarchical.HierarchicalTestEngine.execute(HierarchicalTestEngine.java:43) [junit-platform-engine-1.0.0.jar:1.0.0]
	at org.junit.platform.launcher.core.DefaultLauncher.execute(DefaultLauncher.java:170) [junit-platform-launcher-1.0.0.jar:1.0.0]
	at org.junit.platform.launcher.core.DefaultLauncher.execute(DefaultLauncher.java:154) [junit-platform-launcher-1.0.0.jar:1.0.0]
	at org.junit.platform.launcher.core.DefaultLauncher.execute(DefaultLauncher.java:90) [junit-platform-launcher-1.0.0.jar:1.0.0]
	at com.intellij.junit5.JUnit5IdeaTestRunner.startRunnerWithArgs(JUnit5IdeaTestRunner.java:69) [junit5-rt.jar:?]
	at com.intellij.rt.junit.IdeaTestRunner$Repeater.startRunnerWithArgs(IdeaTestRunner.java:33) [junit-rt.jar:?]
	at com.intellij.rt.junit.JUnitStarter.prepareStreamsAndStart(JUnitStarter.java:230) [junit-rt.jar:?]
	at com.intellij.rt.junit.JUnitStarter.main(JUnitStarter.java:58) [junit-rt.jar:?]
[WARN ] 2020-02-17 11:02:45.007 [main] SqlExceptionHelper - SQL Error: 1054, SQLState: 42S22
[ERROR] 2020-02-17 11:02:45.007 [main] SqlExceptionHelper - Unknown column 'user0_.userId' in 'field list'
[INFO ] 2020-02-17 11:02:45.010 [main] DefaultLoadEventListener - HHH000327: Error performing load command : org.hibernate.exception.SQLGrammarException: could not extract ResultSet
[DEBUG] 2020-02-17 11:02:45.011 [main] LogicalConnectionManagedImpl - Initiating JDBC connection release from afterTransaction
