[DEBUG] 2020-02-25 11:11:56.603 [main] IntegratorServiceImpl - Adding Integrator [org.hibernate.cfg.beanvalidation.BeanValidationIntegrator].
[DEBUG] 2020-02-25 11:11:56.655 [main] IntegratorServiceImpl - Adding Integrator [org.hibernate.secure.spi.JaccIntegrator].
[DEBUG] 2020-02-25 11:11:56.738 [main] IntegratorServiceImpl - Adding Integrator [org.hibernate.cache.internal.CollectionCacheInvalidator].
[INFO ] 2020-02-25 11:11:57.063 [main] Version - HHH000412: Hibernate Core {5.4.4.Final}
[DEBUG] 2020-02-25 11:11:57.078 [main] Environment - HHH000206: hibernate.properties not found
[DEBUG] 2020-02-25 11:11:58.348 [main] JaxbCfgProcessor - cfg.xml document did not define namespaces; wrapping in custom event reader to introduce namespace information
[DEBUG] 2020-02-25 11:11:58.926 [main] ServiceBinding - Overriding existing service binding [org.hibernate.secure.spi.JaccService]
[DEBUG] 2020-02-25 11:11:58.981 [main] RegionFactoryInitiator - Cannot default RegionFactory based on registered strategies as `[]` RegionFactory strategies were registered
[DEBUG] 2020-02-25 11:11:58.984 [main] RegionFactoryInitiator - Cache region factory : org.hibernate.cache.internal.NoCachingRegionFactory
[INFO ] 2020-02-25 11:11:59.043 [main] Version - HCANN000001: Hibernate Commons Annotations {5.1.0.Final}
[DEBUG] 2020-02-25 11:11:59.093 [main] BasicTypeRegistry - Adding type registration boolean -> org.hibernate.type.BooleanType@74db12c2
[DEBUG] 2020-02-25 11:11:59.093 [main] BasicTypeRegistry - Adding type registration boolean -> org.hibernate.type.BooleanType@74db12c2
[DEBUG] 2020-02-25 11:11:59.095 [main] BasicTypeRegistry - Adding type registration java.lang.Boolean -> org.hibernate.type.BooleanType@74db12c2
[DEBUG] 2020-02-25 11:11:59.096 [main] BasicTypeRegistry - Adding type registration numeric_boolean -> org.hibernate.type.NumericBooleanType@b174a73
[DEBUG] 2020-02-25 11:11:59.096 [main] BasicTypeRegistry - Adding type registration true_false -> org.hibernate.type.TrueFalseType@327ed9f5
[DEBUG] 2020-02-25 11:11:59.098 [main] BasicTypeRegistry - Adding type registration yes_no -> org.hibernate.type.YesNoType@68b58644
[DEBUG] 2020-02-25 11:11:59.098 [main] BasicTypeRegistry - Adding type registration byte -> org.hibernate.type.ByteType@7c129ef6
[DEBUG] 2020-02-25 11:11:59.098 [main] BasicTypeRegistry - Adding type registration byte -> org.hibernate.type.ByteType@7c129ef6
[DEBUG] 2020-02-25 11:11:59.099 [main] BasicTypeRegistry - Adding type registration java.lang.Byte -> org.hibernate.type.ByteType@7c129ef6
[DEBUG] 2020-02-25 11:11:59.100 [main] BasicTypeRegistry - Adding type registration character -> org.hibernate.type.CharacterType@7f7af971
[DEBUG] 2020-02-25 11:11:59.100 [main] BasicTypeRegistry - Adding type registration char -> org.hibernate.type.CharacterType@7f7af971
[DEBUG] 2020-02-25 11:11:59.101 [main] BasicTypeRegistry - Adding type registration java.lang.Character -> org.hibernate.type.CharacterType@7f7af971
[DEBUG] 2020-02-25 11:11:59.102 [main] BasicTypeRegistry - Adding type registration short -> org.hibernate.type.ShortType@367d2816
[DEBUG] 2020-02-25 11:11:59.103 [main] BasicTypeRegistry - Adding type registration short -> org.hibernate.type.ShortType@367d2816
[DEBUG] 2020-02-25 11:11:59.103 [main] BasicTypeRegistry - Adding type registration java.lang.Short -> org.hibernate.type.ShortType@367d2816
[DEBUG] 2020-02-25 11:11:59.104 [main] BasicTypeRegistry - Adding type registration integer -> org.hibernate.type.IntegerType@27a97e08
[DEBUG] 2020-02-25 11:11:59.104 [main] BasicTypeRegistry - Adding type registration int -> org.hibernate.type.IntegerType@27a97e08
[DEBUG] 2020-02-25 11:11:59.104 [main] BasicTypeRegistry - Adding type registration java.lang.Integer -> org.hibernate.type.IntegerType@27a97e08
[DEBUG] 2020-02-25 11:11:59.105 [main] BasicTypeRegistry - Adding type registration long -> org.hibernate.type.LongType@65b66b08
[DEBUG] 2020-02-25 11:11:59.105 [main] BasicTypeRegistry - Adding type registration long -> org.hibernate.type.LongType@65b66b08
[DEBUG] 2020-02-25 11:11:59.105 [main] BasicTypeRegistry - Adding type registration java.lang.Long -> org.hibernate.type.LongType@65b66b08
[DEBUG] 2020-02-25 11:11:59.106 [main] BasicTypeRegistry - Adding type registration float -> org.hibernate.type.FloatType@244e619a
[DEBUG] 2020-02-25 11:11:59.106 [main] BasicTypeRegistry - Adding type registration float -> org.hibernate.type.FloatType@244e619a
[DEBUG] 2020-02-25 11:11:59.106 [main] BasicTypeRegistry - Adding type registration java.lang.Float -> org.hibernate.type.FloatType@244e619a
[DEBUG] 2020-02-25 11:11:59.108 [main] BasicTypeRegistry - Adding type registration double -> org.hibernate.type.DoubleType@719d35e8
[DEBUG] 2020-02-25 11:11:59.108 [main] BasicTypeRegistry - Adding type registration double -> org.hibernate.type.DoubleType@719d35e8
[DEBUG] 2020-02-25 11:11:59.108 [main] BasicTypeRegistry - Adding type registration java.lang.Double -> org.hibernate.type.DoubleType@719d35e8
[DEBUG] 2020-02-25 11:11:59.109 [main] BasicTypeRegistry - Adding type registration big_decimal -> org.hibernate.type.BigDecimalType@188b6035
[DEBUG] 2020-02-25 11:11:59.110 [main] BasicTypeRegistry - Adding type registration java.math.BigDecimal -> org.hibernate.type.BigDecimalType@188b6035
[DEBUG] 2020-02-25 11:11:59.110 [main] BasicTypeRegistry - Adding type registration big_integer -> org.hibernate.type.BigIntegerType@1ff55ff
[DEBUG] 2020-02-25 11:11:59.111 [main] BasicTypeRegistry - Adding type registration java.math.BigInteger -> org.hibernate.type.BigIntegerType@1ff55ff
[DEBUG] 2020-02-25 11:11:59.111 [main] BasicTypeRegistry - Adding type registration string -> org.hibernate.type.StringType@148c7c4b
[DEBUG] 2020-02-25 11:11:59.111 [main] BasicTypeRegistry - Adding type registration java.lang.String -> org.hibernate.type.StringType@148c7c4b
[DEBUG] 2020-02-25 11:11:59.112 [main] BasicTypeRegistry - Adding type registration nstring -> org.hibernate.type.StringNVarcharType@4eb45fec
[DEBUG] 2020-02-25 11:11:59.112 [main] BasicTypeRegistry - Adding type registration ncharacter -> org.hibernate.type.CharacterNCharType@61d34b4
[DEBUG] 2020-02-25 11:11:59.113 [main] BasicTypeRegistry - Adding type registration url -> org.hibernate.type.UrlType@e322ec9
[DEBUG] 2020-02-25 11:11:59.113 [main] BasicTypeRegistry - Adding type registration java.net.URL -> org.hibernate.type.UrlType@e322ec9
[DEBUG] 2020-02-25 11:11:59.114 [main] BasicTypeRegistry - Adding type registration Duration -> org.hibernate.type.DurationType@719bb3b4
[DEBUG] 2020-02-25 11:11:59.114 [main] BasicTypeRegistry - Adding type registration java.time.Duration -> org.hibernate.type.DurationType@719bb3b4
[DEBUG] 2020-02-25 11:11:59.150 [main] BasicTypeRegistry - Adding type registration Instant -> org.hibernate.type.InstantType@1108adc8
[DEBUG] 2020-02-25 11:11:59.150 [main] BasicTypeRegistry - Adding type registration java.time.Instant -> org.hibernate.type.InstantType@1108adc8
[DEBUG] 2020-02-25 11:11:59.151 [main] BasicTypeRegistry - Adding type registration LocalDateTime -> org.hibernate.type.LocalDateTimeType@5fb65013
[DEBUG] 2020-02-25 11:11:59.152 [main] BasicTypeRegistry - Adding type registration java.time.LocalDateTime -> org.hibernate.type.LocalDateTimeType@5fb65013
[DEBUG] 2020-02-25 11:11:59.153 [main] BasicTypeRegistry - Adding type registration LocalDate -> org.hibernate.type.LocalDateType@1c6c6f24
[DEBUG] 2020-02-25 11:11:59.153 [main] BasicTypeRegistry - Adding type registration java.time.LocalDate -> org.hibernate.type.LocalDateType@1c6c6f24
[DEBUG] 2020-02-25 11:11:59.154 [main] BasicTypeRegistry - Adding type registration LocalTime -> org.hibernate.type.LocalTimeType@57a2ed35
[DEBUG] 2020-02-25 11:11:59.154 [main] BasicTypeRegistry - Adding type registration java.time.LocalTime -> org.hibernate.type.LocalTimeType@57a2ed35
[DEBUG] 2020-02-25 11:11:59.177 [main] BasicTypeRegistry - Adding type registration OffsetDateTime -> org.hibernate.type.OffsetDateTimeType@184fb68d
[DEBUG] 2020-02-25 11:11:59.177 [main] BasicTypeRegistry - Adding type registration java.time.OffsetDateTime -> org.hibernate.type.OffsetDateTimeType@184fb68d
[DEBUG] 2020-02-25 11:11:59.183 [main] BasicTypeRegistry - Adding type registration OffsetTime -> org.hibernate.type.OffsetTimeType@16a49a5d
[DEBUG] 2020-02-25 11:11:59.183 [main] BasicTypeRegistry - Adding type registration java.time.OffsetTime -> org.hibernate.type.OffsetTimeType@16a49a5d
[DEBUG] 2020-02-25 11:11:59.185 [main] BasicTypeRegistry - Adding type registration ZonedDateTime -> org.hibernate.type.ZonedDateTimeType@7c2b58c0
[DEBUG] 2020-02-25 11:11:59.185 [main] BasicTypeRegistry - Adding type registration java.time.ZonedDateTime -> org.hibernate.type.ZonedDateTimeType@7c2b58c0
[DEBUG] 2020-02-25 11:11:59.186 [main] BasicTypeRegistry - Adding type registration date -> org.hibernate.type.DateType@aa149ed
[DEBUG] 2020-02-25 11:11:59.186 [main] BasicTypeRegistry - Adding type registration java.sql.Date -> org.hibernate.type.DateType@aa149ed
[DEBUG] 2020-02-25 11:11:59.187 [main] BasicTypeRegistry - Adding type registration time -> org.hibernate.type.TimeType@2ab5afc7
[DEBUG] 2020-02-25 11:11:59.188 [main] BasicTypeRegistry - Adding type registration java.sql.Time -> org.hibernate.type.TimeType@2ab5afc7
[DEBUG] 2020-02-25 11:11:59.188 [main] BasicTypeRegistry - Adding type registration timestamp -> org.hibernate.type.TimestampType@4aedaf61
[DEBUG] 2020-02-25 11:11:59.189 [main] BasicTypeRegistry - Adding type registration java.sql.Timestamp -> org.hibernate.type.TimestampType@4aedaf61
[DEBUG] 2020-02-25 11:11:59.189 [main] BasicTypeRegistry - Adding type registration java.util.Date -> org.hibernate.type.TimestampType@4aedaf61
[DEBUG] 2020-02-25 11:11:59.191 [main] BasicTypeRegistry - Adding type registration dbtimestamp -> org.hibernate.type.DbTimestampType@2459319c
[DEBUG] 2020-02-25 11:11:59.191 [main] BasicTypeRegistry - Adding type registration calendar -> org.hibernate.type.CalendarType@62d73ead
[DEBUG] 2020-02-25 11:11:59.191 [main] BasicTypeRegistry - Adding type registration java.util.Calendar -> org.hibernate.type.CalendarType@62d73ead
[DEBUG] 2020-02-25 11:11:59.191 [main] BasicTypeRegistry - Adding type registration java.util.GregorianCalendar -> org.hibernate.type.CalendarType@62d73ead
[DEBUG] 2020-02-25 11:11:59.192 [main] BasicTypeRegistry - Adding type registration calendar_date -> org.hibernate.type.CalendarDateType@782bf610
[DEBUG] 2020-02-25 11:11:59.193 [main] BasicTypeRegistry - Adding type registration locale -> org.hibernate.type.LocaleType@10895b16
[DEBUG] 2020-02-25 11:11:59.193 [main] BasicTypeRegistry - Adding type registration java.util.Locale -> org.hibernate.type.LocaleType@10895b16
[DEBUG] 2020-02-25 11:11:59.195 [main] BasicTypeRegistry - Adding type registration currency -> org.hibernate.type.CurrencyType@3b9632d1
[DEBUG] 2020-02-25 11:11:59.195 [main] BasicTypeRegistry - Adding type registration java.util.Currency -> org.hibernate.type.CurrencyType@3b9632d1
[DEBUG] 2020-02-25 11:11:59.196 [main] BasicTypeRegistry - Adding type registration timezone -> org.hibernate.type.TimeZoneType@1846579f
[DEBUG] 2020-02-25 11:11:59.196 [main] BasicTypeRegistry - Adding type registration java.util.TimeZone -> org.hibernate.type.TimeZoneType@1846579f
[DEBUG] 2020-02-25 11:11:59.196 [main] BasicTypeRegistry - Adding type registration class -> org.hibernate.type.ClassType@7be7e15
[DEBUG] 2020-02-25 11:11:59.196 [main] BasicTypeRegistry - Adding type registration java.lang.Class -> org.hibernate.type.ClassType@7be7e15
[DEBUG] 2020-02-25 11:11:59.203 [main] BasicTypeRegistry - Adding type registration uuid-binary -> org.hibernate.type.UUIDBinaryType@2330e3e0
[DEBUG] 2020-02-25 11:11:59.203 [main] BasicTypeRegistry - Adding type registration java.util.UUID -> org.hibernate.type.UUIDBinaryType@2330e3e0
[DEBUG] 2020-02-25 11:11:59.204 [main] BasicTypeRegistry - Adding type registration uuid-char -> org.hibernate.type.UUIDCharType@706eab5d
[DEBUG] 2020-02-25 11:11:59.205 [main] BasicTypeRegistry - Adding type registration binary -> org.hibernate.type.BinaryType@249e0271
[DEBUG] 2020-02-25 11:11:59.205 [main] BasicTypeRegistry - Adding type registration byte[] -> org.hibernate.type.BinaryType@249e0271
[DEBUG] 2020-02-25 11:11:59.205 [main] BasicTypeRegistry - Adding type registration [B -> org.hibernate.type.BinaryType@249e0271
[DEBUG] 2020-02-25 11:11:59.205 [main] BasicTypeRegistry - Adding type registration wrapper-binary -> org.hibernate.type.WrapperBinaryType@3bfc6a5e
[DEBUG] 2020-02-25 11:11:59.208 [main] BasicTypeRegistry - Adding type registration Byte[] -> org.hibernate.type.WrapperBinaryType@3bfc6a5e
[DEBUG] 2020-02-25 11:11:59.208 [main] BasicTypeRegistry - Adding type registration [Ljava.lang.Byte; -> org.hibernate.type.WrapperBinaryType@3bfc6a5e
[DEBUG] 2020-02-25 11:11:59.209 [main] BasicTypeRegistry - Adding type registration row_version -> org.hibernate.type.RowVersionType@3964d79
[DEBUG] 2020-02-25 11:11:59.209 [main] BasicTypeRegistry - Adding type registration image -> org.hibernate.type.ImageType@5fbdc49b
[DEBUG] 2020-02-25 11:11:59.210 [main] BasicTypeRegistry - Adding type registration characters -> org.hibernate.type.CharArrayType@285f38f6
[DEBUG] 2020-02-25 11:11:59.210 [main] BasicTypeRegistry - Adding type registration char[] -> org.hibernate.type.CharArrayType@285f38f6
[DEBUG] 2020-02-25 11:11:59.210 [main] BasicTypeRegistry - Adding type registration [C -> org.hibernate.type.CharArrayType@285f38f6
[DEBUG] 2020-02-25 11:11:59.211 [main] BasicTypeRegistry - Adding type registration wrapper-characters -> org.hibernate.type.CharacterArrayType@36fc05ff
[DEBUG] 2020-02-25 11:11:59.211 [main] BasicTypeRegistry - Adding type registration [Ljava.lang.Character; -> org.hibernate.type.CharacterArrayType@36fc05ff
[DEBUG] 2020-02-25 11:11:59.216 [main] BasicTypeRegistry - Adding type registration Character[] -> org.hibernate.type.CharacterArrayType@36fc05ff
[DEBUG] 2020-02-25 11:11:59.216 [main] BasicTypeRegistry - Adding type registration text -> org.hibernate.type.TextType@153cd6bb
[DEBUG] 2020-02-25 11:11:59.216 [main] BasicTypeRegistry - Adding type registration ntext -> org.hibernate.type.NTextType@52d6cd34
[DEBUG] 2020-02-25 11:11:59.218 [main] BasicTypeRegistry - Adding type registration blob -> org.hibernate.type.BlobType@1d540566
[DEBUG] 2020-02-25 11:11:59.218 [main] BasicTypeRegistry - Adding type registration java.sql.Blob -> org.hibernate.type.BlobType@1d540566
[DEBUG] 2020-02-25 11:11:59.218 [main] BasicTypeRegistry - Adding type registration materialized_blob -> org.hibernate.type.MaterializedBlobType@4a14c44f
[DEBUG] 2020-02-25 11:11:59.219 [main] BasicTypeRegistry - Adding type registration clob -> org.hibernate.type.ClobType@7be71476
[DEBUG] 2020-02-25 11:11:59.219 [main] BasicTypeRegistry - Adding type registration java.sql.Clob -> org.hibernate.type.ClobType@7be71476
[DEBUG] 2020-02-25 11:11:59.221 [main] BasicTypeRegistry - Adding type registration nclob -> org.hibernate.type.NClobType@2c58dcb1
[DEBUG] 2020-02-25 11:11:59.221 [main] BasicTypeRegistry - Adding type registration java.sql.NClob -> org.hibernate.type.NClobType@2c58dcb1
[DEBUG] 2020-02-25 11:11:59.221 [main] BasicTypeRegistry - Adding type registration materialized_clob -> org.hibernate.type.MaterializedClobType@2dd8239
[DEBUG] 2020-02-25 11:11:59.224 [main] BasicTypeRegistry - Adding type registration materialized_nclob -> org.hibernate.type.MaterializedNClobType@2e53b094
[DEBUG] 2020-02-25 11:11:59.228 [main] BasicTypeRegistry - Adding type registration serializable -> org.hibernate.type.SerializableType@5fcfca62
[DEBUG] 2020-02-25 11:11:59.231 [main] BasicTypeRegistry - Adding type registration object -> org.hibernate.type.ObjectType@4422dd48
[DEBUG] 2020-02-25 11:11:59.231 [main] BasicTypeRegistry - Adding type registration java.lang.Object -> org.hibernate.type.ObjectType@4422dd48
[DEBUG] 2020-02-25 11:11:59.231 [main] BasicTypeRegistry - Adding type registration imm_date -> org.hibernate.type.AdaptedImmutableType@ad3324b
[DEBUG] 2020-02-25 11:11:59.231 [main] BasicTypeRegistry - Adding type registration imm_time -> org.hibernate.type.AdaptedImmutableType@3872bc37
[DEBUG] 2020-02-25 11:11:59.236 [main] BasicTypeRegistry - Adding type registration imm_timestamp -> org.hibernate.type.AdaptedImmutableType@1a87b51
[DEBUG] 2020-02-25 11:11:59.236 [main] BasicTypeRegistry - Adding type registration imm_dbtimestamp -> org.hibernate.type.AdaptedImmutableType@12968227
[DEBUG] 2020-02-25 11:11:59.236 [main] BasicTypeRegistry - Adding type registration imm_calendar -> org.hibernate.type.AdaptedImmutableType@144ab54
[DEBUG] 2020-02-25 11:11:59.236 [main] BasicTypeRegistry - Adding type registration imm_calendar_date -> org.hibernate.type.AdaptedImmutableType@2cfa2c4f
[DEBUG] 2020-02-25 11:11:59.236 [main] BasicTypeRegistry - Adding type registration imm_binary -> org.hibernate.type.AdaptedImmutableType@6ecab872
[DEBUG] 2020-02-25 11:11:59.237 [main] BasicTypeRegistry - Adding type registration imm_serializable -> org.hibernate.type.AdaptedImmutableType@48eb9836
[DEBUG] 2020-02-25 11:11:59.283 [main] DefaultIdentifierGeneratorFactory - Registering IdentifierGenerator strategy [uuid2] -> [org.hibernate.id.UUIDGenerator]
[DEBUG] 2020-02-25 11:11:59.284 [main] DefaultIdentifierGeneratorFactory - Registering IdentifierGenerator strategy [guid] -> [org.hibernate.id.GUIDGenerator]
[DEBUG] 2020-02-25 11:11:59.288 [main] DefaultIdentifierGeneratorFactory - Registering IdentifierGenerator strategy [uuid] -> [org.hibernate.id.UUIDHexGenerator]
[DEBUG] 2020-02-25 11:11:59.288 [main] DefaultIdentifierGeneratorFactory - Registering IdentifierGenerator strategy [uuid.hex] -> [org.hibernate.id.UUIDHexGenerator]
[DEBUG] 2020-02-25 11:11:59.288 [main] DefaultIdentifierGeneratorFactory - Registering IdentifierGenerator strategy [assigned] -> [org.hibernate.id.Assigned]
[DEBUG] 2020-02-25 11:11:59.291 [main] DefaultIdentifierGeneratorFactory - Registering IdentifierGenerator strategy [identity] -> [org.hibernate.id.IdentityGenerator]
[DEBUG] 2020-02-25 11:11:59.291 [main] DefaultIdentifierGeneratorFactory - Registering IdentifierGenerator strategy [select] -> [org.hibernate.id.SelectGenerator]
[DEBUG] 2020-02-25 11:11:59.297 [main] DefaultIdentifierGeneratorFactory - Registering IdentifierGenerator strategy [sequence] -> [org.hibernate.id.enhanced.SequenceStyleGenerator]
[DEBUG] 2020-02-25 11:11:59.298 [main] DefaultIdentifierGeneratorFactory - Registering IdentifierGenerator strategy [seqhilo] -> [org.hibernate.id.SequenceHiLoGenerator]
[DEBUG] 2020-02-25 11:11:59.299 [main] DefaultIdentifierGeneratorFactory - Registering IdentifierGenerator strategy [increment] -> [org.hibernate.id.IncrementGenerator]
[DEBUG] 2020-02-25 11:11:59.299 [main] DefaultIdentifierGeneratorFactory - Registering IdentifierGenerator strategy [foreign] -> [org.hibernate.id.ForeignGenerator]
[DEBUG] 2020-02-25 11:11:59.299 [main] DefaultIdentifierGeneratorFactory - Registering IdentifierGenerator strategy [sequence-identity] -> [org.hibernate.id.SequenceIdentityGenerator]
[DEBUG] 2020-02-25 11:11:59.299 [main] DefaultIdentifierGeneratorFactory - Registering IdentifierGenerator strategy [enhanced-sequence] -> [org.hibernate.id.enhanced.SequenceStyleGenerator]
[DEBUG] 2020-02-25 11:11:59.301 [main] DefaultIdentifierGeneratorFactory - Registering IdentifierGenerator strategy [enhanced-table] -> [org.hibernate.id.enhanced.TableGenerator]
[INFO ] 2020-02-25 11:11:59.310 [main] C3P0ConnectionProvider - HHH010002: C3P0 using driver: com.mysql.cj.jdbc.Driver at URL: jdbc:mysql://localhost:3306/test_indieProject
[INFO ] 2020-02-25 11:11:59.310 [main] C3P0ConnectionProvider - HHH10001001: Connection properties: {password=****, user=root}
[INFO ] 2020-02-25 11:11:59.310 [main] C3P0ConnectionProvider - HHH10001003: Autocommit mode: false
[INFO ] 2020-02-25 11:11:59.604 [main] C3P0ConnectionProvider - HHH10001007: JDBC isolation level: <unknown>
[DEBUG] 2020-02-25 11:11:59.825 [main] JdbcEnvironmentInitiator - Database ->
       name : MySQL
    version : 8.0.16
      major : 8
      minor : 0
[DEBUG] 2020-02-25 11:11:59.825 [main] JdbcEnvironmentInitiator - Driver ->
       name : MySQL Connector/J
    version : mysql-connector-java-8.0.16 (Revision: 34cbc6bc61f72836e26327537a432d6db7c77de6)
      major : 8
      minor : 0
[DEBUG] 2020-02-25 11:11:59.825 [main] JdbcEnvironmentInitiator - JDBC version : 4.2
[INFO ] 2020-02-25 11:11:59.954 [main] Dialect - HHH000400: Using dialect: org.hibernate.dialect.MySQL8Dialect
[DEBUG] 2020-02-25 11:11:59.977 [main] IdentifierHelperBuilder - JDBC driver metadata reported database stores quoted identifiers in more than one case
[DEBUG] 2020-02-25 11:12:00.375 [main] IdentifierHelperBuilder - IdentifierCaseStrategy for both quoted and unquoted identifiers was set to the same strategy [MIXED]; that will likely lead to problems in schema update and validation if using quoted identifiers
[DEBUG] 2020-02-25 11:12:00.435 [main] Namespace - Created database namespace [logicalName=Name{catalog=null, schema=null}, physicalName=Name{catalog=null, schema=null}]
[DEBUG] 2020-02-25 11:12:00.441 [main] TypeConfiguration$Scope - Scoping TypeConfiguration [org.hibernate.type.spi.TypeConfiguration@56399b9e] to MetadataBuildingContext [org.hibernate.boot.internal.MetadataBuildingContextRootImpl@34b9eb03]
[DEBUG] 2020-02-25 11:12:00.626 [main] AnnotationBinder - Binding entity from annotated class: edu.matc.entity.User
[DEBUG] 2020-02-25 11:12:00.661 [main] Ejb3Column - Binding column: Ejb3DiscriminatorColumn{logicalColumnName'DTYPE', discriminatorTypeName='string'}
[DEBUG] 2020-02-25 11:12:00.680 [main] EntityBinder - Import with entity name User
[DEBUG] 2020-02-25 11:12:00.682 [main] EntityBinder - Bind entity edu.matc.entity.User on table USERS
[DEBUG] 2020-02-25 11:12:00.704 [main] Ejb3Column - Binding column: Ejb3Column{table=org.hibernate.mapping.Table(USERS), mappingColumn=id, insertable=true, updatable=true, unique=false}
[DEBUG] 2020-02-25 11:12:00.706 [main] PropertyBinder - MetadataSourceProcessor property userId with lazy=false
[DEBUG] 2020-02-25 11:12:00.708 [main] AbstractPropertyHolder - Attempting to locate auto-apply AttributeConverter for property [edu.matc.entity.User:userId]
[DEBUG] 2020-02-25 11:12:00.710 [main] SimpleValueBinder - building SimpleValue for userId
[DEBUG] 2020-02-25 11:12:00.711 [main] PropertyBinder - Building property userId
[DEBUG] 2020-02-25 11:12:00.713 [main] BinderHelper - #makeIdGenerator(org.hibernate.mapping.SimpleValue([org.hibernate.mapping.Column(id)]), userId, org.hibernate.id.enhanced.SequenceStyleGenerator, native, ...)
[DEBUG] 2020-02-25 11:12:00.715 [main] Ejb3Column - Binding column: Ejb3JoinColumn{logicalColumnName='null', referencedColumn='null', mappedBy='user'}
[DEBUG] 2020-02-25 11:12:00.717 [main] Ejb3Column - Binding column: Ejb3Column{table=org.hibernate.mapping.Table(USERS), mappingColumn=events, insertable=true, updatable=true, unique=false}
[DEBUG] 2020-02-25 11:12:00.719 [main] Ejb3Column - Binding column: Ejb3Column{table=org.hibernate.mapping.Table(USERS), mappingColumn=null, insertable=true, updatable=true, unique=false}
[DEBUG] 2020-02-25 11:12:00.726 [main] Ejb3Column - Binding column: Ejb3Column{table=org.hibernate.mapping.Table(USERS), mappingColumn=element, insertable=true, updatable=true, unique=false}
[DEBUG] 2020-02-25 11:12:00.726 [main] Ejb3Column - Binding column: Ejb3Column{table=org.hibernate.mapping.Table(USERS), mappingColumn=events_KEY, insertable=true, updatable=true, unique=false}
[DEBUG] 2020-02-25 11:12:00.727 [main] Ejb3Column - Binding column: Ejb3JoinColumn{logicalColumnName='events_KEY', referencedColumn='null', mappedBy='null'}
[DEBUG] 2020-02-25 11:12:00.728 [main] Ejb3Column - Binding column: Ejb3JoinColumn{logicalColumnName='null', referencedColumn='null', mappedBy='user'}
[DEBUG] 2020-02-25 11:12:00.729 [main] Ejb3Column - Binding column: Ejb3JoinColumn{logicalColumnName='null', referencedColumn='null', mappedBy='user'}
[DEBUG] 2020-02-25 11:12:00.729 [main] CollectionBinder - Collection role: edu.matc.entity.User.events
[DEBUG] 2020-02-25 11:12:00.731 [main] PropertyBinder - Building property events
[DEBUG] 2020-02-25 11:12:00.731 [main] Ejb3Column - Binding column: Ejb3Column{table=org.hibernate.mapping.Table(USERS), mappingColumn=user_name, insertable=true, updatable=true, unique=false}
[DEBUG] 2020-02-25 11:12:00.731 [main] PropertyBinder - MetadataSourceProcessor property userName with lazy=false
[DEBUG] 2020-02-25 11:12:00.731 [main] AbstractPropertyHolder - Attempting to locate auto-apply AttributeConverter for property [edu.matc.entity.User:userName]
[DEBUG] 2020-02-25 11:12:00.733 [main] SimpleValueBinder - building SimpleValue for userName
[DEBUG] 2020-02-25 11:12:00.736 [main] PropertyBinder - Building property userName
[DEBUG] 2020-02-25 11:12:00.736 [main] Ejb3Column - Binding column: Ejb3Column{table=org.hibernate.mapping.Table(USERS), mappingColumn=user_password, insertable=true, updatable=true, unique=false}
[DEBUG] 2020-02-25 11:12:00.736 [main] PropertyBinder - MetadataSourceProcessor property userPassword with lazy=false
[DEBUG] 2020-02-25 11:12:00.736 [main] AbstractPropertyHolder - Attempting to locate auto-apply AttributeConverter for property [edu.matc.entity.User:userPassword]
[DEBUG] 2020-02-25 11:12:00.736 [main] SimpleValueBinder - building SimpleValue for userPassword
[DEBUG] 2020-02-25 11:12:00.736 [main] PropertyBinder - Building property userPassword
[DEBUG] 2020-02-25 11:12:00.739 [main] AnnotationBinder - Binding entity from annotated class: edu.matc.entity.Event
[DEBUG] 2020-02-25 11:12:00.739 [main] Ejb3Column - Binding column: Ejb3DiscriminatorColumn{logicalColumnName'DTYPE', discriminatorTypeName='string'}
[DEBUG] 2020-02-25 11:12:00.739 [main] EntityBinder - Import with entity name Event
[DEBUG] 2020-02-25 11:12:00.739 [main] EntityBinder - Bind entity edu.matc.entity.Event on table EVENT
[DEBUG] 2020-02-25 11:12:00.742 [main] Ejb3Column - Binding column: Ejb3Column{table=org.hibernate.mapping.Table(EVENT), mappingColumn=id, insertable=true, updatable=true, unique=false}
[DEBUG] 2020-02-25 11:12:00.743 [main] PropertyBinder - MetadataSourceProcessor property id with lazy=false
[DEBUG] 2020-02-25 11:12:00.743 [main] AbstractPropertyHolder - Attempting to locate auto-apply AttributeConverter for property [edu.matc.entity.Event:id]
[DEBUG] 2020-02-25 11:12:00.743 [main] SimpleValueBinder - building SimpleValue for id
[DEBUG] 2020-02-25 11:12:00.743 [main] PropertyBinder - Building property id
[DEBUG] 2020-02-25 11:12:00.743 [main] BinderHelper - #makeIdGenerator(org.hibernate.mapping.SimpleValue([org.hibernate.mapping.Column(id)]), id, org.hibernate.id.enhanced.SequenceStyleGenerator, native, ...)
[DEBUG] 2020-02-25 11:12:00.744 [main] Ejb3Column - Binding column: Ejb3Column{table=org.hibernate.mapping.Table(EVENT), mappingColumn=date, insertable=true, updatable=true, unique=false}
[DEBUG] 2020-02-25 11:12:00.744 [main] PropertyBinder - MetadataSourceProcessor property date with lazy=false
[DEBUG] 2020-02-25 11:12:00.744 [main] AbstractPropertyHolder - Attempting to locate auto-apply AttributeConverter for property [edu.matc.entity.Event:date]
[DEBUG] 2020-02-25 11:12:00.744 [main] SimpleValueBinder - building SimpleValue for date
[DEBUG] 2020-02-25 11:12:00.745 [main] PropertyBinder - Building property date
[DEBUG] 2020-02-25 11:12:00.745 [main] Ejb3Column - Binding column: Ejb3Column{table=org.hibernate.mapping.Table(EVENT), mappingColumn=end_time, insertable=true, updatable=true, unique=false}
[DEBUG] 2020-02-25 11:12:00.745 [main] PropertyBinder - MetadataSourceProcessor property endTime with lazy=false
[DEBUG] 2020-02-25 11:12:00.745 [main] AbstractPropertyHolder - Attempting to locate auto-apply AttributeConverter for property [edu.matc.entity.Event:endTime]
[DEBUG] 2020-02-25 11:12:00.745 [main] SimpleValueBinder - building SimpleValue for endTime
[DEBUG] 2020-02-25 11:12:00.745 [main] PropertyBinder - Building property endTime
[DEBUG] 2020-02-25 11:12:00.745 [main] Ejb3Column - Binding column: Ejb3Column{table=org.hibernate.mapping.Table(EVENT), mappingColumn=name, insertable=true, updatable=true, unique=false}
[DEBUG] 2020-02-25 11:12:00.745 [main] PropertyBinder - MetadataSourceProcessor property name with lazy=false
[DEBUG] 2020-02-25 11:12:00.745 [main] AbstractPropertyHolder - Attempting to locate auto-apply AttributeConverter for property [edu.matc.entity.Event:name]
[DEBUG] 2020-02-25 11:12:00.746 [main] SimpleValueBinder - building SimpleValue for name
[DEBUG] 2020-02-25 11:12:00.746 [main] PropertyBinder - Building property name
[DEBUG] 2020-02-25 11:12:00.746 [main] Ejb3Column - Binding column: Ejb3Column{table=org.hibernate.mapping.Table(EVENT), mappingColumn=notes, insertable=true, updatable=true, unique=false}
[DEBUG] 2020-02-25 11:12:00.746 [main] PropertyBinder - MetadataSourceProcessor property notes with lazy=false
[DEBUG] 2020-02-25 11:12:00.746 [main] AbstractPropertyHolder - Attempting to locate auto-apply AttributeConverter for property [edu.matc.entity.Event:notes]
[DEBUG] 2020-02-25 11:12:00.746 [main] SimpleValueBinder - building SimpleValue for notes
[DEBUG] 2020-02-25 11:12:00.748 [main] PropertyBinder - Building property notes
[DEBUG] 2020-02-25 11:12:00.748 [main] Ejb3Column - Binding column: Ejb3Column{table=org.hibernate.mapping.Table(EVENT), mappingColumn=start_time, insertable=true, updatable=true, unique=false}
[DEBUG] 2020-02-25 11:12:00.748 [main] PropertyBinder - MetadataSourceProcessor property startTime with lazy=false
[DEBUG] 2020-02-25 11:12:00.749 [main] AbstractPropertyHolder - Attempting to locate auto-apply AttributeConverter for property [edu.matc.entity.Event:startTime]
[DEBUG] 2020-02-25 11:12:00.749 [main] SimpleValueBinder - building SimpleValue for startTime
[DEBUG] 2020-02-25 11:12:00.749 [main] PropertyBinder - Building property startTime
[DEBUG] 2020-02-25 11:12:00.749 [main] Ejb3Column - Binding column: Ejb3JoinColumn{logicalColumnName='null', referencedColumn='null', mappedBy='null'}
[DEBUG] 2020-02-25 11:12:00.749 [main] Ejb3Column - Binding column: Ejb3Column{table=org.hibernate.mapping.Table(EVENT), mappingColumn=user, insertable=true, updatable=true, unique=false}
[DEBUG] 2020-02-25 11:12:00.751 [main] PropertyBinder - Building property user
[DEBUG] 2020-02-25 11:12:00.758 [main] SimpleValueBinder - Starting fillSimpleValue for userId
[DEBUG] 2020-02-25 11:12:00.758 [main] SimpleValueBinder - Starting fillSimpleValue for userName
[DEBUG] 2020-02-25 11:12:00.758 [main] SimpleValueBinder - Starting fillSimpleValue for userPassword
[DEBUG] 2020-02-25 11:12:00.758 [main] SimpleValueBinder - Starting fillSimpleValue for id
[DEBUG] 2020-02-25 11:12:00.758 [main] SimpleValueBinder - Starting fillSimpleValue for date
[DEBUG] 2020-02-25 11:12:00.758 [main] SimpleValueBinder - Starting fillSimpleValue for endTime
[DEBUG] 2020-02-25 11:12:00.759 [main] SimpleValueBinder - Starting fillSimpleValue for name
[DEBUG] 2020-02-25 11:12:00.759 [main] SimpleValueBinder - Starting fillSimpleValue for notes
[DEBUG] 2020-02-25 11:12:00.759 [main] SimpleValueBinder - Starting fillSimpleValue for startTime
[DEBUG] 2020-02-25 11:12:00.762 [main] PrimaryKey - Forcing column [id] to be non-null as it is part of the primary key for table [users]
[DEBUG] 2020-02-25 11:12:00.762 [main] PrimaryKey - Forcing column [id] to be non-null as it is part of the primary key for table [event]
[DEBUG] 2020-02-25 11:12:00.762 [main] CollectionSecondPass - Second pass for collection: edu.matc.entity.User.events
[DEBUG] 2020-02-25 11:12:00.762 [main] CollectionBinder - Binding a OneToMany: edu.matc.entity.User.events through a foreign key
[DEBUG] 2020-02-25 11:12:00.764 [main] CollectionBinder - Mapping collection: edu.matc.entity.User.events -> EVENT
[DEBUG] 2020-02-25 11:12:00.765 [main] TableBinder - Retrieving property edu.matc.entity.Event.user
[DEBUG] 2020-02-25 11:12:00.766 [main] CollectionSecondPass - Mapped collection key: user_id, one-to-many: edu.matc.entity.Event
[DEBUG] 2020-02-25 11:12:00.766 [main] InFlightMetadataCollectorImpl - Resolving reference to class: edu.matc.entity.User
[DEBUG] 2020-02-25 11:12:00.768 [main] InFlightMetadataCollectorImpl - Resolving reference to class: edu.matc.entity.User
[DEBUG] 2020-02-25 11:12:00.801 [main] SessionFactoryImpl - Building session factory
[DEBUG] 2020-02-25 11:12:00.802 [main] Settings - SessionFactory name : null
[DEBUG] 2020-02-25 11:12:00.804 [main] Settings - Automatic flush during beforeCompletion(): enabled
[DEBUG] 2020-02-25 11:12:00.804 [main] Settings - Automatic session close at end of transaction: disabled
[DEBUG] 2020-02-25 11:12:00.804 [main] Settings - Statistics: disabled
[DEBUG] 2020-02-25 11:12:00.804 [main] Settings - Deleted entity synthetic identifier rollback: disabled
[DEBUG] 2020-02-25 11:12:00.804 [main] Settings - Default entity-mode: pojo
[DEBUG] 2020-02-25 11:12:00.804 [main] Settings - Check Nullability in Core (should be disabled when Bean Validation is on): enabled
[DEBUG] 2020-02-25 11:12:00.804 [main] Settings - Allow initialization of lazy state outside session : disabled
[DEBUG] 2020-02-25 11:12:00.804 [main] Settings - Using BatchFetchStyle : LEGACY
[DEBUG] 2020-02-25 11:12:00.804 [main] Settings - Default batch fetch size: -1
[DEBUG] 2020-02-25 11:12:00.804 [main] Settings - Maximum outer join fetch depth: 2
[DEBUG] 2020-02-25 11:12:00.804 [main] Settings - Default null ordering: NONE
[DEBUG] 2020-02-25 11:12:00.804 [main] Settings - Order SQL updates by primary key: disabled
[DEBUG] 2020-02-25 11:12:00.804 [main] Settings - Order SQL inserts for batching: disabled
[DEBUG] 2020-02-25 11:12:00.805 [main] Settings - multi-tenancy strategy : NONE
[DEBUG] 2020-02-25 11:12:00.805 [main] Settings - JTA Track by Thread: enabled
[DEBUG] 2020-02-25 11:12:00.805 [main] Settings - Query language substitutions: {}
[DEBUG] 2020-02-25 11:12:00.805 [main] Settings - Named query checking : enabled
[DEBUG] 2020-02-25 11:12:00.806 [main] Settings - Second-level cache: disabled
[DEBUG] 2020-02-25 11:12:00.807 [main] Settings - Second-level query cache: disabled
[DEBUG] 2020-02-25 11:12:00.808 [main] Settings - Second-level query cache factory: null
[DEBUG] 2020-02-25 11:12:00.809 [main] Settings - Second-level cache region prefix: null
[DEBUG] 2020-02-25 11:12:00.809 [main] Settings - Optimize second-level cache for minimal puts: disabled
[DEBUG] 2020-02-25 11:12:00.809 [main] Settings - Structured second-level cache entries: disabled
[DEBUG] 2020-02-25 11:12:00.809 [main] Settings - Second-level cache direct-reference entries: disabled
[DEBUG] 2020-02-25 11:12:00.809 [main] Settings - Automatic eviction of collection cache: disabled
[DEBUG] 2020-02-25 11:12:00.809 [main] Settings - JDBC batch size: 15
[DEBUG] 2020-02-25 11:12:00.809 [main] Settings - JDBC batch updates for versioned data: enabled
[DEBUG] 2020-02-25 11:12:00.810 [main] Settings - Scrollable result sets: enabled
[DEBUG] 2020-02-25 11:12:00.810 [main] Settings - Wrap result sets: disabled
[DEBUG] 2020-02-25 11:12:00.810 [main] Settings - JDBC3 getGeneratedKeys(): enabled
[DEBUG] 2020-02-25 11:12:00.810 [main] Settings - JDBC result set fetch size: null
[DEBUG] 2020-02-25 11:12:00.810 [main] Settings - Connection release mode: AFTER_TRANSACTION
[DEBUG] 2020-02-25 11:12:00.810 [main] Settings - Generate SQL with comments: disabled
[DEBUG] 2020-02-25 11:12:00.810 [main] Settings - JPA compliance - query : 
[DEBUG] 2020-02-25 11:12:00.810 [main] Settings - JPA compliance - closed-handling : 
[DEBUG] 2020-02-25 11:12:00.810 [main] Settings - JPA compliance - lists : 
[DEBUG] 2020-02-25 11:12:00.810 [main] Settings - JPA compliance - transactions : 
[INFO ] 2020-02-25 11:12:00.878 [main] beans - HHH10005002: No explicit CDI BeanManager reference was passed to Hibernate, but CDI is available on the Hibernate ClassLoader.
[DEBUG] 2020-02-25 11:12:00.905 [main] SessionFactoryImpl - Session factory constructed with filter configurations : {}
[DEBUG] 2020-02-25 11:12:00.905 [main] SessionFactoryImpl - Instantiating session factory with properties: {sun.desktop=gnome, awt.toolkit=sun.awt.X11.XToolkit, java.specification.version=11, sun.cpu.isalist=, hibernate.c3p0.idle_test_period=3000, sun.jnu.encoding=UTF-8, hibernate.c3p0.min_size=5, java.class.path=/home/student/intellij/lib/idea_rt.jar:/home/student/intellij/plugins/junit/lib/junit5-rt.jar:/home/student/intellij/plugins/junit/lib/junit-rt.jar:/home/student/IdeaProjects/indieproject/target/test-classes:/home/student/IdeaProjects/indieproject/target/classes:/home/student/.m2/repository/org/junit/platform/junit-platform-runner/1.0.0/junit-platform-runner-1.0.0.jar:/home/student/.m2/repository/org/apiguardian/apiguardian-api/1.0.0/apiguardian-api-1.0.0.jar:/home/student/.m2/repository/org/junit/platform/junit-platform-launcher/1.0.0/junit-platform-launcher-1.0.0.jar:/home/student/.m2/repository/org/junit/platform/junit-platform-suite-api/1.0.0/junit-platform-suite-api-1.0.0.jar:/home/student/.m2/repository/org/junit/platform/junit-platform-commons/1.0.0/junit-platform-commons-1.0.0.jar:/home/student/.m2/repository/org/junit/vintage/junit-vintage-engine/4.12.0/junit-vintage-engine-4.12.0.jar:/home/student/.m2/repository/org/junit/platform/junit-platform-engine/1.0.0/junit-platform-engine-1.0.0.jar:/home/student/.m2/repository/org/opentest4j/opentest4j/1.0.0/opentest4j-1.0.0.jar:/home/student/.m2/repository/org/junit/jupiter/junit-jupiter-engine/5.0.0/junit-jupiter-engine-5.0.0.jar:/home/student/.m2/repository/org/junit/jupiter/junit-jupiter-api/5.0.0/junit-jupiter-api-5.0.0.jar:/home/student/.m2/repository/junit/junit/4.12/junit-4.12.jar:/home/student/.m2/repository/org/hamcrest/hamcrest-core/1.3/hamcrest-core-1.3.jar:/home/student/.m2/repository/javax/javaee-web-api/7.0/javaee-web-api-7.0.jar:/home/student/.m2/repository/mysql/mysql-connector-java/8.0.16/mysql-connector-java-8.0.16.jar:/home/student/.m2/repository/com/google/protobuf/protobuf-java/3.6.1/protobuf-java-3.6.1.jar:/home/student/.m2/repository/jstl/jstl/1.2/jstl-1.2.jar:/home/student/.m2/repository/org/apache/logging/log4j/log4j-api/2.10.0/log4j-api-2.10.0.jar:/home/student/.m2/repository/org/apache/logging/log4j/log4j-core/2.10.0/log4j-core-2.10.0.jar:/home/student/.m2/repository/org/hibernate/hibernate-core/5.4.4.Final/hibernate-core-5.4.4.Final.jar:/home/student/.m2/repository/org/jboss/logging/jboss-logging/3.3.2.Final/jboss-logging-3.3.2.Final.jar:/home/student/.m2/repository/javax/persistence/javax.persistence-api/2.2/javax.persistence-api-2.2.jar:/home/student/.m2/repository/org/javassist/javassist/3.24.0-GA/javassist-3.24.0-GA.jar:/home/student/.m2/repository/net/bytebuddy/byte-buddy/1.9.11/byte-buddy-1.9.11.jar:/home/student/.m2/repository/antlr/antlr/2.7.7/antlr-2.7.7.jar:/home/student/.m2/repository/org/jboss/spec/javax/transaction/jboss-transaction-api_1.2_spec/1.1.1.Final/jboss-transaction-api_1.2_spec-1.1.1.Final.jar:/home/student/.m2/repository/org/jboss/jandex/2.0.5.Final/jandex-2.0.5.Final.jar:/home/student/.m2/repository/com/fasterxml/classmate/1.3.4/classmate-1.3.4.jar:/home/student/.m2/repository/javax/activation/javax.activation-api/1.2.0/javax.activation-api-1.2.0.jar:/home/student/.m2/repository/org/dom4j/dom4j/2.1.1/dom4j-2.1.1.jar:/home/student/.m2/repository/org/hibernate/common/hibernate-commons-annotations/5.1.0.Final/hibernate-commons-annotations-5.1.0.Final.jar:/home/student/.m2/repository/javax/xml/bind/jaxb-api/2.3.1/jaxb-api-2.3.1.jar:/home/student/.m2/repository/org/glassfish/jaxb/jaxb-runtime/2.3.1/jaxb-runtime-2.3.1.jar:/home/student/.m2/repository/org/glassfish/jaxb/txw2/2.3.1/txw2-2.3.1.jar:/home/student/.m2/repository/com/sun/istack/istack-commons-runtime/3.0.7/istack-commons-runtime-3.0.7.jar:/home/student/.m2/repository/org/jvnet/staxex/stax-ex/1.8/stax-ex-1.8.jar:/home/student/.m2/repository/com/sun/xml/fastinfoset/FastInfoset/1.2.15/FastInfoset-1.2.15.jar:/home/student/.m2/repository/org/hibernate/hibernate-c3p0/5.4.4.Final/hibernate-c3p0-5.4.4.Final.jar:/home/student/.m2/repository/com/mchange/c3p0/0.9.5.3/c3p0-0.9.5.3.jar:/home/student/.m2/repository/com/mchange/mchange-commons-java/0.2.15/mchange-commons-java-0.2.15.jar, java.vm.vendor=Ubuntu, sun.arch.data.model=64, idea.test.cyclic.buffer.size=1048576, java.vendor.url=https://ubuntu.com/, user.timezone=America/Chicago, os.name=Linux, java.vm.specification.version=11, sun.java.launcher=SUN_STANDARD, user.country=US, sun.boot.library.path=/usr/lib/jvm/java-11-openjdk-amd64/lib, sun.java.command=com.intellij.rt.junit.JUnitStarter -ideVersion5 -junit5 edu.matc.persistence.EventDaoTest,updateSuccess, jdk.debug=release, sun.cpu.endian=little, user.home=/home/student, hibernate.c3p0.max_statements=50, user.language=en, java.specification.vendor=Oracle Corporation, java.version.date=2020-01-14, java.home=/usr/lib/jvm/java-11-openjdk-amd64, file.separator=/, java.vm.compressedOopsMode=32-bit, line.separator=
, hibernate.c3p0.timeout=300, java.specification.name=Java Platform API Specification, java.vm.specification.vendor=Oracle Corporation, java.awt.graphicsenv=sun.awt.X11GraphicsEnvironment, connection.password=student, sun.management.compiler=HotSpot 64-Bit Tiered Compilers, hibernate.c3p0.max_size=20, java.runtime.version=11.0.6+10-post-Ubuntu-1ubuntu118.04.1, user.name=student, path.separator=:, hibernate.connection.username=****, os.version=5.3.0-40-generic, java.runtime.name=OpenJDK Runtime Environment, hibernate.connection.url=jdbc:mysql://localhost:3306/test_indieProject, file.encoding=UTF-8, java.vm.name=OpenJDK 64-Bit Server VM, hibernate.connection.driver_class=com.mysql.cj.jdbc.Driver, java.vendor.url.bug=https://bugs.launchpad.net/ubuntu/+source/openjdk-lts, java.io.tmpdir=/tmp, java.version=11.0.6, user.dir=/home/student/IdeaProjects/indieproject, os.arch=amd64, connection.username=root, java.vm.specification.name=Java Virtual Machine Specification, java.awt.printerjob=sun.print.PSPrinterJob, hibernate.connection.password=****, sun.os.patch.level=unknown, connection.driver_class=com.mysql.cj.jdbc.Driver, hibernate.boot.CfgXmlAccessService.key=org.hibernate.boot.cfgxml.spi.LoadedConfig@27e2287c, java.library.path=/usr/java/packages/lib:/usr/lib/x86_64-linux-gnu/jni:/lib/x86_64-linux-gnu:/usr/lib/x86_64-linux-gnu:/usr/lib/jni:/lib:/usr/lib, java.vendor=Ubuntu, java.vm.info=mixed mode, sharing, java.vm.version=11.0.6+10-post-Ubuntu-1ubuntu118.04.1, hibernate.bytecode.use_reflection_optimizer=false, sun.io.unicode.encoding=UnicodeLittle, connection.url=jdbc:mysql://localhost:3306/test_indieProject, java.class.version=55.0}
[DEBUG] 2020-02-25 11:12:00.934 [main] TypeSafeActivator - Unable to acquire Bean Validation ValidatorFactory, skipping activation
[DEBUG] 2020-02-25 11:12:00.935 [main] JaccIntegrator - Skipping JACC integration as it was not enabled
[DEBUG] 2020-02-25 11:12:00.936 [main] SessionFactoryImpl - Instantiated session factory
[DEBUG] 2020-02-25 11:12:00.936 [main] TypeConfiguration$Scope - Scoping TypeConfiguration [org.hibernate.type.spi.TypeConfiguration@56399b9e] to SessionFactoryImpl [org.hibernate.internal.SessionFactoryImpl@664212ab]
[DEBUG] 2020-02-25 11:12:01.048 [main] ClassLoaderAccessImpl - Not known whether passed class name [edu.matc.entity.User] is safe
[DEBUG] 2020-02-25 11:12:01.048 [main] ClassLoaderAccessImpl - No temp ClassLoader provided; using live ClassLoader for loading potentially unsafe class : edu.matc.entity.User
[DEBUG] 2020-02-25 11:12:01.068 [main] ClassLoaderAccessImpl - Not known whether passed class name [edu.matc.entity.User] is safe
[DEBUG] 2020-02-25 11:12:01.068 [main] ClassLoaderAccessImpl - No temp ClassLoader provided; using live ClassLoader for loading potentially unsafe class : edu.matc.entity.User
[DEBUG] 2020-02-25 11:12:01.355 [main] ClassLoaderAccessImpl - Not known whether passed class name [edu.matc.entity.Event] is safe
[DEBUG] 2020-02-25 11:12:01.355 [main] ClassLoaderAccessImpl - No temp ClassLoader provided; using live ClassLoader for loading potentially unsafe class : edu.matc.entity.Event
[DEBUG] 2020-02-25 11:12:01.355 [main] ClassLoaderAccessImpl - Not known whether passed class name [edu.matc.entity.Event] is safe
[DEBUG] 2020-02-25 11:12:01.355 [main] ClassLoaderAccessImpl - No temp ClassLoader provided; using live ClassLoader for loading potentially unsafe class : edu.matc.entity.Event
[DEBUG] 2020-02-25 11:12:01.408 [main] AbstractCollectionPersister - Static SQL for collection: edu.matc.entity.User.events
[DEBUG] 2020-02-25 11:12:01.408 [main] AbstractCollectionPersister -  Row insert: update EVENT set user_id=? where id=?
[DEBUG] 2020-02-25 11:12:01.408 [main] AbstractCollectionPersister -  Row update: update EVENT set  where id=?
[DEBUG] 2020-02-25 11:12:01.408 [main] AbstractCollectionPersister -  Row delete: update EVENT set user_id=null where user_id=? and id=?
[DEBUG] 2020-02-25 11:12:01.408 [main] AbstractCollectionPersister -  One-shot delete: update EVENT set user_id=null where user_id=?
[DEBUG] 2020-02-25 11:12:01.411 [main] AbstractEntityPersister - Static SQL for entity: edu.matc.entity.User
[DEBUG] 2020-02-25 11:12:01.411 [main] AbstractEntityPersister -  Version select: select id from USERS where id =?
[DEBUG] 2020-02-25 11:12:01.411 [main] AbstractEntityPersister -  Snapshot select: select user_.id, user_.user_name as user_nam2_1_, user_.user_password as user_pas3_1_ from USERS user_ where user_.id=?
[DEBUG] 2020-02-25 11:12:01.411 [main] AbstractEntityPersister -  Insert 0: insert into USERS (user_name, user_password, id) values (?, ?, ?)
[DEBUG] 2020-02-25 11:12:01.411 [main] AbstractEntityPersister -  Update 0: update USERS set user_name=?, user_password=? where id=?
[DEBUG] 2020-02-25 11:12:01.411 [main] AbstractEntityPersister -  Delete 0: delete from USERS where id=?
[DEBUG] 2020-02-25 11:12:01.411 [main] AbstractEntityPersister -  Identity insert: insert into USERS (user_name, user_password) values (?, ?)
[DEBUG] 2020-02-25 11:12:01.429 [main] QuerySpacesImpl - Adding QuerySpace : uid = <gen:0> -> org.hibernate.loader.plan.build.internal.spaces.EntityQuerySpaceImpl@6c951ada]
[DEBUG] 2020-02-25 11:12:01.429 [main] MetamodelGraphWalker - Visiting attribute path : events
[DEBUG] 2020-02-25 11:12:01.432 [main] QuerySpacesImpl - Adding QuerySpace : uid = <gen:1> -> org.hibernate.loader.plan.build.internal.spaces.CollectionQuerySpaceImpl@1595d2b2]
[DEBUG] 2020-02-25 11:12:01.435 [main] QuerySpacesImpl - Adding QuerySpace : uid = <gen:2> -> org.hibernate.loader.plan.build.internal.spaces.EntityQuerySpaceImpl@636985df]
[DEBUG] 2020-02-25 11:12:01.436 [main] MetamodelGraphWalker - Visiting attribute path : events.date
[DEBUG] 2020-02-25 11:12:01.436 [main] MetamodelGraphWalker - Visiting attribute path : events.endTime
[DEBUG] 2020-02-25 11:12:01.436 [main] MetamodelGraphWalker - Visiting attribute path : events.name
[DEBUG] 2020-02-25 11:12:01.436 [main] MetamodelGraphWalker - Visiting attribute path : events.notes
[DEBUG] 2020-02-25 11:12:01.436 [main] MetamodelGraphWalker - Visiting attribute path : events.startTime
[DEBUG] 2020-02-25 11:12:01.436 [main] MetamodelGraphWalker - Visiting attribute path : events.user
[DEBUG] 2020-02-25 11:12:01.436 [main] MetamodelGraphWalker - Property path deemed to be circular : events.user
[DEBUG] 2020-02-25 11:12:01.437 [main] MetamodelGraphWalker - Visiting attribute path : userName
[DEBUG] 2020-02-25 11:12:01.437 [main] MetamodelGraphWalker - Visiting attribute path : userPassword
[DEBUG] 2020-02-25 11:12:01.437 [main] FetchStyleLoadPlanBuildingAssociationVisitationStrategy - Building LoadPlan...
[DEBUG] 2020-02-25 11:12:01.444 [main] LoadQueryJoinAndFetchProcessor - processing queryspace <gen:0>
[DEBUG] 2020-02-25 11:12:01.449 [main] LoadPlanTreePrinter - LoadPlan(entity=edu.matc.entity.User)
    - Returns
       - EntityReturnImpl(entity=edu.matc.entity.User, querySpaceUid=<gen:0>, path=edu.matc.entity.User)
          - CollectionAttributeFetchImpl(collection=edu.matc.entity.User.events, querySpaceUid=<gen:1>, path=edu.matc.entity.User.events)
             - (collection element) CollectionFetchableElementEntityGraph(entity=edu.matc.entity.Event, querySpaceUid=<gen:2>, path=edu.matc.entity.User.events.<elements>)
    - QuerySpaces
       - EntityQuerySpaceImpl(uid=<gen:0>, entity=edu.matc.entity.User)
          - SQL table alias mapping - user0_
          - alias suffix - 0_
          - suffixed key columns - {id1_1_0_}
          - JOIN (JoinDefinedByMetadata(events)) : <gen:0> -> <gen:1>
             - CollectionQuerySpaceImpl(uid=<gen:1>, collection=edu.matc.entity.User.events)
                - SQL table alias mapping - events1_
                - alias suffix - 1_
                - suffixed key columns - {user_id7_0_1_}
                - entity-element alias suffix - 2_
                - 2_entity-element suffixed key columns - id1_0_2_
                - JOIN (JoinDefinedByMetadata(elements)) : <gen:1> -> <gen:2>
                   - EntityQuerySpaceImpl(uid=<gen:2>, entity=edu.matc.entity.Event)
                      - SQL table alias mapping - events1_
                      - alias suffix - 2_
                      - suffixed key columns - {id1_0_2_}

[DEBUG] 2020-02-25 11:12:01.457 [main] EntityLoader - Static select for entity edu.matc.entity.User [NONE]: select user0_.id as id1_1_0_, user0_.user_name as user_nam2_1_0_, user0_.user_password as user_pas3_1_0_, events1_.user_id as user_id7_0_1_, events1_.id as id1_0_1_, events1_.id as id1_0_2_, events1_.date as date2_0_2_, events1_.end_time as end_time3_0_2_, events1_.name as name4_0_2_, events1_.notes as notes5_0_2_, events1_.start_time as start_ti6_0_2_, events1_.user_id as user_id7_0_2_ from USERS user0_ left outer join EVENT events1_ on user0_.id=events1_.user_id where user0_.id=?
[DEBUG] 2020-02-25 11:12:01.457 [main] QuerySpacesImpl - Adding QuerySpace : uid = <gen:0> -> org.hibernate.loader.plan.build.internal.spaces.EntityQuerySpaceImpl@73e4387]
[DEBUG] 2020-02-25 11:12:01.457 [main] MetamodelGraphWalker - Visiting attribute path : events
[DEBUG] 2020-02-25 11:12:01.458 [main] QuerySpacesImpl - Adding QuerySpace : uid = <gen:1> -> org.hibernate.loader.plan.build.internal.spaces.CollectionQuerySpaceImpl@4137aab0]
[DEBUG] 2020-02-25 11:12:01.458 [main] QuerySpacesImpl - Adding QuerySpace : uid = <gen:2> -> org.hibernate.loader.plan.build.internal.spaces.EntityQuerySpaceImpl@1df9186f]
[DEBUG] 2020-02-25 11:12:01.458 [main] MetamodelGraphWalker - Visiting attribute path : events.date
[DEBUG] 2020-02-25 11:12:01.458 [main] MetamodelGraphWalker - Visiting attribute path : events.endTime
[DEBUG] 2020-02-25 11:12:01.459 [main] MetamodelGraphWalker - Visiting attribute path : events.name
[DEBUG] 2020-02-25 11:12:01.459 [main] MetamodelGraphWalker - Visiting attribute path : events.notes
[DEBUG] 2020-02-25 11:12:01.459 [main] MetamodelGraphWalker - Visiting attribute path : events.startTime
[DEBUG] 2020-02-25 11:12:01.459 [main] MetamodelGraphWalker - Visiting attribute path : events.user
[DEBUG] 2020-02-25 11:12:01.459 [main] MetamodelGraphWalker - Property path deemed to be circular : events.user
[DEBUG] 2020-02-25 11:12:01.459 [main] MetamodelGraphWalker - Visiting attribute path : userName
[DEBUG] 2020-02-25 11:12:01.459 [main] MetamodelGraphWalker - Visiting attribute path : userPassword
[DEBUG] 2020-02-25 11:12:01.459 [main] FetchStyleLoadPlanBuildingAssociationVisitationStrategy - Building LoadPlan...
[DEBUG] 2020-02-25 11:12:01.459 [main] LoadQueryJoinAndFetchProcessor - processing queryspace <gen:0>
[DEBUG] 2020-02-25 11:12:01.459 [main] LoadPlanTreePrinter - LoadPlan(entity=edu.matc.entity.User)
    - Returns
       - EntityReturnImpl(entity=edu.matc.entity.User, querySpaceUid=<gen:0>, path=edu.matc.entity.User)
          - CollectionAttributeFetchImpl(collection=edu.matc.entity.User.events, querySpaceUid=<gen:1>, path=edu.matc.entity.User.events)
             - (collection element) CollectionFetchableElementEntityGraph(entity=edu.matc.entity.Event, querySpaceUid=<gen:2>, path=edu.matc.entity.User.events.<elements>)
    - QuerySpaces
       - EntityQuerySpaceImpl(uid=<gen:0>, entity=edu.matc.entity.User)
          - SQL table alias mapping - user0_
          - alias suffix - 0_
          - suffixed key columns - {id1_1_0_}
          - JOIN (JoinDefinedByMetadata(events)) : <gen:0> -> <gen:1>
             - CollectionQuerySpaceImpl(uid=<gen:1>, collection=edu.matc.entity.User.events)
                - SQL table alias mapping - events1_
                - alias suffix - 1_
                - suffixed key columns - {user_id7_0_1_}
                - entity-element alias suffix - 2_
                - 2_entity-element suffixed key columns - id1_0_2_
                - JOIN (JoinDefinedByMetadata(elements)) : <gen:1> -> <gen:2>
                   - EntityQuerySpaceImpl(uid=<gen:2>, entity=edu.matc.entity.Event)
                      - SQL table alias mapping - events1_
                      - alias suffix - 2_
                      - suffixed key columns - {id1_0_2_}

[DEBUG] 2020-02-25 11:12:01.463 [main] EntityLoader - Static select for entity edu.matc.entity.User [READ]: select user0_.id as id1_1_0_, user0_.user_name as user_nam2_1_0_, user0_.user_password as user_pas3_1_0_, events1_.user_id as user_id7_0_1_, events1_.id as id1_0_1_, events1_.id as id1_0_2_, events1_.date as date2_0_2_, events1_.end_time as end_time3_0_2_, events1_.name as name4_0_2_, events1_.notes as notes5_0_2_, events1_.start_time as start_ti6_0_2_, events1_.user_id as user_id7_0_2_ from USERS user0_ left outer join EVENT events1_ on user0_.id=events1_.user_id where user0_.id=?
[DEBUG] 2020-02-25 11:12:01.472 [main] Loader - Static select for action ACTION_MERGE on entity edu.matc.entity.User: select user0_.id as id1_1_1_, user0_.user_name as user_nam2_1_1_, user0_.user_password as user_pas3_1_1_, events1_.user_id as user_id7_0_3_, events1_.id as id1_0_3_, events1_.id as id1_0_0_, events1_.date as date2_0_0_, events1_.end_time as end_time3_0_0_, events1_.name as name4_0_0_, events1_.notes as notes5_0_0_, events1_.start_time as start_ti6_0_0_, events1_.user_id as user_id7_0_0_ from USERS user0_ left outer join EVENT events1_ on user0_.id=events1_.user_id where user0_.id=?
[DEBUG] 2020-02-25 11:12:01.473 [main] Loader - Static select for action ACTION_REFRESH on entity edu.matc.entity.User: select user0_.id as id1_1_1_, user0_.user_name as user_nam2_1_1_, user0_.user_password as user_pas3_1_1_, events1_.user_id as user_id7_0_3_, events1_.id as id1_0_3_, events1_.id as id1_0_0_, events1_.date as date2_0_0_, events1_.end_time as end_time3_0_0_, events1_.name as name4_0_0_, events1_.notes as notes5_0_0_, events1_.start_time as start_ti6_0_0_, events1_.user_id as user_id7_0_0_ from USERS user0_ left outer join EVENT events1_ on user0_.id=events1_.user_id where user0_.id=?
[DEBUG] 2020-02-25 11:12:01.473 [main] AbstractEntityPersister - Static SQL for entity: edu.matc.entity.Event
[DEBUG] 2020-02-25 11:12:01.473 [main] AbstractEntityPersister -  Version select: select id from EVENT where id =?
[DEBUG] 2020-02-25 11:12:01.473 [main] AbstractEntityPersister -  Snapshot select: select event_.id, event_.date as date2_0_, event_.end_time as end_time3_0_, event_.name as name4_0_, event_.notes as notes5_0_, event_.start_time as start_ti6_0_, event_.user_id as user_id7_0_ from EVENT event_ where event_.id=?
[DEBUG] 2020-02-25 11:12:01.473 [main] AbstractEntityPersister -  Insert 0: insert into EVENT (date, end_time, name, notes, start_time, user_id, id) values (?, ?, ?, ?, ?, ?, ?)
[DEBUG] 2020-02-25 11:12:01.473 [main] AbstractEntityPersister -  Update 0: update EVENT set date=?, end_time=?, name=?, notes=?, start_time=?, user_id=? where id=?
[DEBUG] 2020-02-25 11:12:01.479 [main] AbstractEntityPersister -  Delete 0: delete from EVENT where id=?
[DEBUG] 2020-02-25 11:12:01.479 [main] AbstractEntityPersister -  Identity insert: insert into EVENT (date, end_time, name, notes, start_time, user_id) values (?, ?, ?, ?, ?, ?)
[DEBUG] 2020-02-25 11:12:01.479 [main] QuerySpacesImpl - Adding QuerySpace : uid = <gen:0> -> org.hibernate.loader.plan.build.internal.spaces.EntityQuerySpaceImpl@120aa40b]
[DEBUG] 2020-02-25 11:12:01.479 [main] MetamodelGraphWalker - Visiting attribute path : date
[DEBUG] 2020-02-25 11:12:01.479 [main] MetamodelGraphWalker - Visiting attribute path : endTime
[DEBUG] 2020-02-25 11:12:01.479 [main] MetamodelGraphWalker - Visiting attribute path : name
[DEBUG] 2020-02-25 11:12:01.479 [main] MetamodelGraphWalker - Visiting attribute path : notes
[DEBUG] 2020-02-25 11:12:01.479 [main] MetamodelGraphWalker - Visiting attribute path : startTime
[DEBUG] 2020-02-25 11:12:01.479 [main] MetamodelGraphWalker - Visiting attribute path : user
[DEBUG] 2020-02-25 11:12:01.479 [main] QuerySpacesImpl - Adding QuerySpace : uid = <gen:1> -> org.hibernate.loader.plan.build.internal.spaces.EntityQuerySpaceImpl@6ad6443]
[DEBUG] 2020-02-25 11:12:01.480 [main] MetamodelGraphWalker - Visiting attribute path : user.events
[DEBUG] 2020-02-25 11:12:01.480 [main] MetamodelGraphWalker - Property path deemed to be circular : user.events
[DEBUG] 2020-02-25 11:12:01.480 [main] MetamodelGraphWalker - Visiting attribute path : user.userName
[DEBUG] 2020-02-25 11:12:01.480 [main] MetamodelGraphWalker - Visiting attribute path : user.userPassword
[DEBUG] 2020-02-25 11:12:01.480 [main] FetchStyleLoadPlanBuildingAssociationVisitationStrategy - Building LoadPlan...
[DEBUG] 2020-02-25 11:12:01.481 [main] LoadQueryJoinAndFetchProcessor - processing queryspace <gen:0>
[DEBUG] 2020-02-25 11:12:01.482 [main] LoadPlanTreePrinter - LoadPlan(entity=edu.matc.entity.Event)
    - Returns
       - EntityReturnImpl(entity=edu.matc.entity.Event, querySpaceUid=<gen:0>, path=edu.matc.entity.Event)
          - EntityAttributeFetchImpl(entity=edu.matc.entity.User, querySpaceUid=<gen:1>, path=edu.matc.entity.Event.user)
    - QuerySpaces
       - EntityQuerySpaceImpl(uid=<gen:0>, entity=edu.matc.entity.Event)
          - SQL table alias mapping - event0_
          - alias suffix - 0_
          - suffixed key columns - {id1_0_0_}
          - JOIN (JoinDefinedByMetadata(user)) : <gen:0> -> <gen:1>
             - EntityQuerySpaceImpl(uid=<gen:1>, entity=edu.matc.entity.User)
                - SQL table alias mapping - user1_
                - alias suffix - 1_
                - suffixed key columns - {id1_1_1_}

[DEBUG] 2020-02-25 11:12:01.482 [main] EntityLoader - Static select for entity edu.matc.entity.Event [NONE]: select event0_.id as id1_0_0_, event0_.date as date2_0_0_, event0_.end_time as end_time3_0_0_, event0_.name as name4_0_0_, event0_.notes as notes5_0_0_, event0_.start_time as start_ti6_0_0_, event0_.user_id as user_id7_0_0_, user1_.id as id1_1_1_, user1_.user_name as user_nam2_1_1_, user1_.user_password as user_pas3_1_1_ from EVENT event0_ left outer join USERS user1_ on event0_.user_id=user1_.id where event0_.id=?
[DEBUG] 2020-02-25 11:12:01.482 [main] QuerySpacesImpl - Adding QuerySpace : uid = <gen:0> -> org.hibernate.loader.plan.build.internal.spaces.EntityQuerySpaceImpl@1373e3ee]
[DEBUG] 2020-02-25 11:12:01.482 [main] MetamodelGraphWalker - Visiting attribute path : date
[DEBUG] 2020-02-25 11:12:01.482 [main] MetamodelGraphWalker - Visiting attribute path : endTime
[DEBUG] 2020-02-25 11:12:01.482 [main] MetamodelGraphWalker - Visiting attribute path : name
[DEBUG] 2020-02-25 11:12:01.482 [main] MetamodelGraphWalker - Visiting attribute path : notes
[DEBUG] 2020-02-25 11:12:01.482 [main] MetamodelGraphWalker - Visiting attribute path : startTime
[DEBUG] 2020-02-25 11:12:01.482 [main] MetamodelGraphWalker - Visiting attribute path : user
[DEBUG] 2020-02-25 11:12:01.482 [main] QuerySpacesImpl - Adding QuerySpace : uid = <gen:1> -> org.hibernate.loader.plan.build.internal.spaces.EntityQuerySpaceImpl@69a5c6be]
[DEBUG] 2020-02-25 11:12:01.482 [main] MetamodelGraphWalker - Visiting attribute path : user.events
[DEBUG] 2020-02-25 11:12:01.482 [main] MetamodelGraphWalker - Property path deemed to be circular : user.events
[DEBUG] 2020-02-25 11:12:01.482 [main] MetamodelGraphWalker - Visiting attribute path : user.userName
[DEBUG] 2020-02-25 11:12:01.482 [main] MetamodelGraphWalker - Visiting attribute path : user.userPassword
[DEBUG] 2020-02-25 11:12:01.483 [main] FetchStyleLoadPlanBuildingAssociationVisitationStrategy - Building LoadPlan...
[DEBUG] 2020-02-25 11:12:01.484 [main] LoadQueryJoinAndFetchProcessor - processing queryspace <gen:0>
[DEBUG] 2020-02-25 11:12:01.485 [main] LoadPlanTreePrinter - LoadPlan(entity=edu.matc.entity.Event)
    - Returns
       - EntityReturnImpl(entity=edu.matc.entity.Event, querySpaceUid=<gen:0>, path=edu.matc.entity.Event)
          - EntityAttributeFetchImpl(entity=edu.matc.entity.User, querySpaceUid=<gen:1>, path=edu.matc.entity.Event.user)
    - QuerySpaces
       - EntityQuerySpaceImpl(uid=<gen:0>, entity=edu.matc.entity.Event)
          - SQL table alias mapping - event0_
          - alias suffix - 0_
          - suffixed key columns - {id1_0_0_}
          - JOIN (JoinDefinedByMetadata(user)) : <gen:0> -> <gen:1>
             - EntityQuerySpaceImpl(uid=<gen:1>, entity=edu.matc.entity.User)
                - SQL table alias mapping - user1_
                - alias suffix - 1_
                - suffixed key columns - {id1_1_1_}

[DEBUG] 2020-02-25 11:12:01.485 [main] EntityLoader - Static select for entity edu.matc.entity.Event [READ]: select event0_.id as id1_0_0_, event0_.date as date2_0_0_, event0_.end_time as end_time3_0_0_, event0_.name as name4_0_0_, event0_.notes as notes5_0_0_, event0_.start_time as start_ti6_0_0_, event0_.user_id as user_id7_0_0_, user1_.id as id1_1_1_, user1_.user_name as user_nam2_1_1_, user1_.user_password as user_pas3_1_1_ from EVENT event0_ left outer join USERS user1_ on event0_.user_id=user1_.id where event0_.id=?
[DEBUG] 2020-02-25 11:12:01.485 [main] Loader - Static select for action ACTION_MERGE on entity edu.matc.entity.Event: select event0_.id as id1_0_0_, event0_.date as date2_0_0_, event0_.end_time as end_time3_0_0_, event0_.name as name4_0_0_, event0_.notes as notes5_0_0_, event0_.start_time as start_ti6_0_0_, event0_.user_id as user_id7_0_0_ from EVENT event0_ where event0_.id=?
[DEBUG] 2020-02-25 11:12:01.485 [main] Loader - Static select for action ACTION_REFRESH on entity edu.matc.entity.Event: select event0_.id as id1_0_0_, event0_.date as date2_0_0_, event0_.end_time as end_time3_0_0_, event0_.name as name4_0_0_, event0_.notes as notes5_0_0_, event0_.start_time as start_ti6_0_0_, event0_.user_id as user_id7_0_0_ from EVENT event0_ where event0_.id=?
[DEBUG] 2020-02-25 11:12:01.492 [main] QuerySpacesImpl - Adding QuerySpace : uid = <gen:0> -> org.hibernate.loader.plan.build.internal.spaces.CollectionQuerySpaceImpl@14d8e132]
[DEBUG] 2020-02-25 11:12:01.493 [main] QuerySpacesImpl - Adding QuerySpace : uid = <gen:1> -> org.hibernate.loader.plan.build.internal.spaces.EntityQuerySpaceImpl@7f4a1cac]
[DEBUG] 2020-02-25 11:12:01.493 [main] MetamodelGraphWalker - Visiting attribute path : date
[DEBUG] 2020-02-25 11:12:01.494 [main] MetamodelGraphWalker - Visiting attribute path : endTime
[DEBUG] 2020-02-25 11:12:01.496 [main] MetamodelGraphWalker - Visiting attribute path : name
[DEBUG] 2020-02-25 11:12:01.498 [main] MetamodelGraphWalker - Visiting attribute path : notes
[DEBUG] 2020-02-25 11:12:01.498 [main] MetamodelGraphWalker - Visiting attribute path : startTime
[DEBUG] 2020-02-25 11:12:01.498 [main] MetamodelGraphWalker - Visiting attribute path : user
[DEBUG] 2020-02-25 11:12:01.498 [main] MetamodelGraphWalker - Property path deemed to be circular : user
[DEBUG] 2020-02-25 11:12:01.499 [main] FetchStyleLoadPlanBuildingAssociationVisitationStrategy - Building LoadPlan...
[DEBUG] 2020-02-25 11:12:01.500 [main] LoadQueryJoinAndFetchProcessor - processing queryspace <gen:0>
[DEBUG] 2020-02-25 11:12:01.500 [main] LoadPlanTreePrinter - LoadPlan(collection=edu.matc.entity.User.events)
    - Returns
       - CollectionReturnImpl(collection=edu.matc.entity.User.events, querySpaceUid=<gen:0>, path=[edu.matc.entity.User.events])
          - (collection element) CollectionFetchableElementEntityGraph(entity=edu.matc.entity.Event, querySpaceUid=<gen:1>, path=[edu.matc.entity.User.events].<elements>)
    - QuerySpaces
       - CollectionQuerySpaceImpl(uid=<gen:0>, collection=edu.matc.entity.User.events)
          - SQL table alias mapping - events0_
          - alias suffix - 0_
          - suffixed key columns - {user_id7_0_0_}
          - entity-element alias suffix - 1_
          - 1_entity-element suffixed key columns - id1_0_1_
          - JOIN (JoinDefinedByMetadata(elements)) : <gen:0> -> <gen:1>
             - EntityQuerySpaceImpl(uid=<gen:1>, entity=edu.matc.entity.Event)
                - SQL table alias mapping - events0_
                - alias suffix - 1_
                - suffixed key columns - {id1_0_1_}

[DEBUG] 2020-02-25 11:12:01.500 [main] CollectionLoader - Static select for collection edu.matc.entity.User.events: select events0_.user_id as user_id7_0_0_, events0_.id as id1_0_0_, events0_.id as id1_0_1_, events0_.date as date2_0_1_, events0_.end_time as end_time3_0_1_, events0_.name as name4_0_1_, events0_.notes as notes5_0_1_, events0_.start_time as start_ti6_0_1_, events0_.user_id as user_id7_0_1_ from EVENT events0_ where events0_.user_id=?
[DEBUG] 2020-02-25 11:12:01.528 [main] SchemaManagementToolCoordinator - No actions specified; doing nothing
[DEBUG] 2020-02-25 11:12:01.528 [main] JtaPlatformInitiator - No JtaPlatform was specified, checking resolver
[DEBUG] 2020-02-25 11:12:01.529 [main] JtaPlatformResolverInitiator - No JtaPlatformResolver was specified, using default [org.hibernate.engine.transaction.jta.platform.internal.StandardJtaPlatformResolver]
[DEBUG] 2020-02-25 11:12:01.531 [main] StandardJtaPlatformResolver - Could not resolve JtaPlatform, using default [org.hibernate.engine.transaction.jta.platform.internal.NoJtaPlatform]
[INFO ] 2020-02-25 11:12:01.531 [main] JtaPlatformInitiator - HHH000490: Using JtaPlatform implementation: [org.hibernate.engine.transaction.jta.platform.internal.NoJtaPlatform]
[DEBUG] 2020-02-25 11:12:01.532 [main] NamedQueryRepository - Checking 0 named HQL queries
[DEBUG] 2020-02-25 11:12:01.532 [main] NamedQueryRepository - Checking 0 named SQL queries
[DEBUG] 2020-02-25 11:12:01.539 [main] SessionFactoryRegistry - Initializing SessionFactoryRegistry : org.hibernate.internal.SessionFactoryRegistry@71c0b742
[DEBUG] 2020-02-25 11:12:01.541 [main] SessionFactoryRegistry - Registering SessionFactory: 6b8a031a-0eeb-411c-814d-748e778388e6 (<unnamed>)
[DEBUG] 2020-02-25 11:12:01.541 [main] SessionFactoryRegistry - Not binding SessionFactory to JNDI, no JNDI name configured
[DEBUG] 2020-02-25 11:12:01.598 [main] StatisticsInitiator - Statistics initialized [enabled=false]
[DEBUG] 2020-02-25 11:12:01.611 [main] SQL - select event0_.id as id1_0_0_, event0_.date as date2_0_0_, event0_.end_time as end_time3_0_0_, event0_.name as name4_0_0_, event0_.notes as notes5_0_0_, event0_.start_time as start_ti6_0_0_, event0_.user_id as user_id7_0_0_, user1_.id as id1_1_1_, user1_.user_name as user_nam2_1_1_, user1_.user_password as user_pas3_1_1_ from EVENT event0_ left outer join USERS user1_ on event0_.user_id=user1_.id where event0_.id=?
[DEBUG] 2020-02-25 11:12:01.721 [main] ResultSetProcessorImpl - Starting ResultSet row #0
[DEBUG] 2020-02-25 11:12:01.722 [main] EntityReferenceInitializerImpl - On call to EntityIdentifierReaderImpl#resolve, EntityKey was already known; should only happen on root returns with an optional identifier specified
[DEBUG] 2020-02-25 11:12:01.729 [main] TwoPhaseLoad - Resolving attributes for [edu.matc.entity.Event#5]
[DEBUG] 2020-02-25 11:12:01.729 [main] TwoPhaseLoad - Processing attribute `date` : value = 2020-04-06
[DEBUG] 2020-02-25 11:12:01.729 [main] TwoPhaseLoad - Attribute (`date`)  - enhanced for lazy-loading? - false
[DEBUG] 2020-02-25 11:12:01.729 [main] TwoPhaseLoad - Processing attribute `endTime` : value = 10:30:00
[DEBUG] 2020-02-25 11:12:01.729 [main] TwoPhaseLoad - Attribute (`endTime`)  - enhanced for lazy-loading? - false
[DEBUG] 2020-02-25 11:12:01.729 [main] TwoPhaseLoad - Processing attribute `name` : value = Phone interview
[DEBUG] 2020-02-25 11:12:01.729 [main] TwoPhaseLoad - Attribute (`name`)  - enhanced for lazy-loading? - false
[DEBUG] 2020-02-25 11:12:01.729 [main] TwoPhaseLoad - Processing attribute `notes` : value = They will call me
[DEBUG] 2020-02-25 11:12:01.729 [main] TwoPhaseLoad - Attribute (`notes`)  - enhanced for lazy-loading? - false
[DEBUG] 2020-02-25 11:12:01.729 [main] TwoPhaseLoad - Processing attribute `startTime` : value = 10:00:00
[DEBUG] 2020-02-25 11:12:01.730 [main] TwoPhaseLoad - Attribute (`startTime`)  - enhanced for lazy-loading? - false
[DEBUG] 2020-02-25 11:12:01.730 [main] TwoPhaseLoad - Processing attribute `user` : value = 2
[DEBUG] 2020-02-25 11:12:01.730 [main] TwoPhaseLoad - Attribute (`user`)  - enhanced for lazy-loading? - false
[DEBUG] 2020-02-25 11:12:01.730 [main] TwoPhaseLoad - Done materializing entity [edu.matc.entity.Event#5]
[DEBUG] 2020-02-25 11:12:01.730 [main] TwoPhaseLoad - Resolving attributes for [edu.matc.entity.User#2]
[DEBUG] 2020-02-25 11:12:01.730 [main] TwoPhaseLoad - Processing attribute `events` : value = NOT NULL COLLECTION
[DEBUG] 2020-02-25 11:12:01.730 [main] TwoPhaseLoad - Attribute (`events`)  - enhanced for lazy-loading? - false
[DEBUG] 2020-02-25 11:12:01.739 [main] TwoPhaseLoad - Processing attribute `userName` : value = Jane_Doe
[DEBUG] 2020-02-25 11:12:01.739 [main] TwoPhaseLoad - Attribute (`userName`)  - enhanced for lazy-loading? - false
[DEBUG] 2020-02-25 11:12:01.739 [main] TwoPhaseLoad - Processing attribute `userPassword` : value = welcome123
[DEBUG] 2020-02-25 11:12:01.739 [main] TwoPhaseLoad - Attribute (`userPassword`)  - enhanced for lazy-loading? - false
[DEBUG] 2020-02-25 11:12:01.739 [main] TwoPhaseLoad - Done materializing entity [edu.matc.entity.User#2]
[DEBUG] 2020-02-25 11:12:01.739 [main] ResourceRegistryStandardImpl - HHH000387: ResultSet's statement was not registered
[DEBUG] 2020-02-25 11:12:01.740 [main] AbstractLoadPlanBasedCollectionInitializer - Loading collection: [edu.matc.entity.User.events#2]
[DEBUG] 2020-02-25 11:12:01.740 [main] SQL - select events0_.user_id as user_id7_0_0_, events0_.id as id1_0_0_, events0_.id as id1_0_1_, events0_.date as date2_0_1_, events0_.end_time as end_time3_0_1_, events0_.name as name4_0_1_, events0_.notes as notes5_0_1_, events0_.start_time as start_ti6_0_1_, events0_.user_id as user_id7_0_1_ from EVENT events0_ where events0_.user_id=?
[DEBUG] 2020-02-25 11:12:01.757 [main] ResultSetProcessorImpl - Preparing collection initializer : [edu.matc.entity.User.events#2]
[DEBUG] 2020-02-25 11:12:01.759 [main] ResultSetProcessorImpl - Starting ResultSet row #0
[DEBUG] 2020-02-25 11:12:01.759 [main] CollectionReferenceInitializerImpl - Found row of collection: [edu.matc.entity.User.events#2]
[DEBUG] 2020-02-25 11:12:01.759 [main] CollectionLoadContext - 1 collections were found in result set for role: edu.matc.entity.User.events
[DEBUG] 2020-02-25 11:12:01.759 [main] CollectionLoadContext - Collection fully initialized: [edu.matc.entity.User.events#2]
[DEBUG] 2020-02-25 11:12:01.759 [main] CollectionLoadContext - 1 collections initialized for role: edu.matc.entity.User.events
[DEBUG] 2020-02-25 11:12:01.759 [main] ResourceRegistryStandardImpl - HHH000387: ResultSet's statement was not registered
[DEBUG] 2020-02-25 11:12:01.760 [main] AbstractLoadPlanBasedCollectionInitializer - Done loading collection
[DEBUG] 2020-02-25 11:12:01.760 [main] AbstractLoadPlanBasedEntityLoader - Done entity load : edu.matc.entity.Event#5
[DEBUG] 2020-02-25 11:12:01.760 [main] LogicalConnectionManagedImpl - Initiating JDBC connection release from afterTransaction
[DEBUG] 2020-02-25 11:12:01.766 [main] TransactionImpl - On TransactionImpl creation, JpaCompliance#isJpaTransactionComplianceEnabled == false
[DEBUG] 2020-02-25 11:12:01.766 [main] TransactionImpl - begin
[DEBUG] 2020-02-25 11:12:01.771 [main] TransactionImpl - committing
[DEBUG] 2020-02-25 11:12:01.772 [main] AbstractFlushingEventListener - Processing flush-time cascades
[DEBUG] 2020-02-25 11:12:01.772 [main] AbstractFlushingEventListener - Dirty checking collections
[DEBUG] 2020-02-25 11:12:01.775 [main] AbstractFlushingEventListener - Flushed: 0 insertions, 1 updates, 0 deletions to 1 objects
[DEBUG] 2020-02-25 11:12:01.775 [main] AbstractFlushingEventListener - Flushed: 0 (re)creations, 0 updates, 0 removals to 0 collections
[DEBUG] 2020-02-25 11:12:01.776 [main] EntityPrinter - Listing entities:
[DEBUG] 2020-02-25 11:12:01.776 [main] EntityPrinter - edu.matc.entity.Event{date=2020-04-06, notes=They will call me, name=Coffee meeting, startTime=10:00:00, id=5, endTime=10:30:00, user=edu.matc.entity.User#2}
[DEBUG] 2020-02-25 11:12:01.777 [main] SQL - update EVENT set date=?, end_time=?, name=?, notes=?, start_time=?, user_id=? where id=?
[DEBUG] 2020-02-25 11:12:01.802 [main] LogicalConnectionManagedImpl - Initiating JDBC connection release from afterTransaction
[DEBUG] 2020-02-25 11:12:01.803 [main] LogicalConnectionManagedImpl - Initiating JDBC connection release from afterTransaction
[DEBUG] 2020-02-25 11:12:01.804 [main] SQL - select event0_.id as id1_0_0_, event0_.date as date2_0_0_, event0_.end_time as end_time3_0_0_, event0_.name as name4_0_0_, event0_.notes as notes5_0_0_, event0_.start_time as start_ti6_0_0_, event0_.user_id as user_id7_0_0_, user1_.id as id1_1_1_, user1_.user_name as user_nam2_1_1_, user1_.user_password as user_pas3_1_1_ from EVENT event0_ left outer join USERS user1_ on event0_.user_id=user1_.id where event0_.id=?
[DEBUG] 2020-02-25 11:12:01.808 [main] ResultSetProcessorImpl - Starting ResultSet row #0
[DEBUG] 2020-02-25 11:12:01.808 [main] EntityReferenceInitializerImpl - On call to EntityIdentifierReaderImpl#resolve, EntityKey was already known; should only happen on root returns with an optional identifier specified
[DEBUG] 2020-02-25 11:12:01.808 [main] TwoPhaseLoad - Resolving attributes for [edu.matc.entity.Event#5]
[DEBUG] 2020-02-25 11:12:01.808 [main] TwoPhaseLoad - Processing attribute `date` : value = 2020-04-06
[DEBUG] 2020-02-25 11:12:01.808 [main] TwoPhaseLoad - Attribute (`date`)  - enhanced for lazy-loading? - false
[DEBUG] 2020-02-25 11:12:01.808 [main] TwoPhaseLoad - Processing attribute `endTime` : value = 10:30:00
[DEBUG] 2020-02-25 11:12:01.808 [main] TwoPhaseLoad - Attribute (`endTime`)  - enhanced for lazy-loading? - false
[DEBUG] 2020-02-25 11:12:01.808 [main] TwoPhaseLoad - Processing attribute `name` : value = Coffee meeting
[DEBUG] 2020-02-25 11:12:01.808 [main] TwoPhaseLoad - Attribute (`name`)  - enhanced for lazy-loading? - false
[DEBUG] 2020-02-25 11:12:01.808 [main] TwoPhaseLoad - Processing attribute `notes` : value = They will call me
[DEBUG] 2020-02-25 11:12:01.808 [main] TwoPhaseLoad - Attribute (`notes`)  - enhanced for lazy-loading? - false
[DEBUG] 2020-02-25 11:12:01.808 [main] TwoPhaseLoad - Processing attribute `startTime` : value = 10:00:00
[DEBUG] 2020-02-25 11:12:01.809 [main] TwoPhaseLoad - Attribute (`startTime`)  - enhanced for lazy-loading? - false
[DEBUG] 2020-02-25 11:12:01.809 [main] TwoPhaseLoad - Processing attribute `user` : value = 2
[DEBUG] 2020-02-25 11:12:01.809 [main] TwoPhaseLoad - Attribute (`user`)  - enhanced for lazy-loading? - false
[DEBUG] 2020-02-25 11:12:01.809 [main] TwoPhaseLoad - Done materializing entity [edu.matc.entity.Event#5]
[DEBUG] 2020-02-25 11:12:01.810 [main] TwoPhaseLoad - Resolving attributes for [edu.matc.entity.User#2]
[DEBUG] 2020-02-25 11:12:01.810 [main] TwoPhaseLoad - Processing attribute `events` : value = NOT NULL COLLECTION
[DEBUG] 2020-02-25 11:12:01.810 [main] TwoPhaseLoad - Attribute (`events`)  - enhanced for lazy-loading? - false
[DEBUG] 2020-02-25 11:12:01.810 [main] TwoPhaseLoad - Processing attribute `userName` : value = Jane_Doe
[DEBUG] 2020-02-25 11:12:01.810 [main] TwoPhaseLoad - Attribute (`userName`)  - enhanced for lazy-loading? - false
[DEBUG] 2020-02-25 11:12:01.810 [main] TwoPhaseLoad - Processing attribute `userPassword` : value = welcome123
[DEBUG] 2020-02-25 11:12:01.810 [main] TwoPhaseLoad - Attribute (`userPassword`)  - enhanced for lazy-loading? - false
[DEBUG] 2020-02-25 11:12:01.810 [main] TwoPhaseLoad - Done materializing entity [edu.matc.entity.User#2]
[DEBUG] 2020-02-25 11:12:01.811 [main] ResourceRegistryStandardImpl - HHH000387: ResultSet's statement was not registered
[DEBUG] 2020-02-25 11:12:01.811 [main] AbstractLoadPlanBasedCollectionInitializer - Loading collection: [edu.matc.entity.User.events#2]
[DEBUG] 2020-02-25 11:12:01.811 [main] SQL - select events0_.user_id as user_id7_0_0_, events0_.id as id1_0_0_, events0_.id as id1_0_1_, events0_.date as date2_0_1_, events0_.end_time as end_time3_0_1_, events0_.name as name4_0_1_, events0_.notes as notes5_0_1_, events0_.start_time as start_ti6_0_1_, events0_.user_id as user_id7_0_1_ from EVENT events0_ where events0_.user_id=?
[DEBUG] 2020-02-25 11:12:01.812 [main] ResultSetProcessorImpl - Preparing collection initializer : [edu.matc.entity.User.events#2]
[DEBUG] 2020-02-25 11:12:01.812 [main] ResultSetProcessorImpl - Starting ResultSet row #0
[DEBUG] 2020-02-25 11:12:01.814 [main] CollectionReferenceInitializerImpl - Found row of collection: [edu.matc.entity.User.events#2]
[DEBUG] 2020-02-25 11:12:01.814 [main] CollectionLoadContext - 1 collections were found in result set for role: edu.matc.entity.User.events
[DEBUG] 2020-02-25 11:12:01.814 [main] CollectionLoadContext - Collection fully initialized: [edu.matc.entity.User.events#2]
[DEBUG] 2020-02-25 11:12:01.814 [main] CollectionLoadContext - 1 collections initialized for role: edu.matc.entity.User.events
[DEBUG] 2020-02-25 11:12:01.814 [main] ResourceRegistryStandardImpl - HHH000387: ResultSet's statement was not registered
[DEBUG] 2020-02-25 11:12:01.814 [main] AbstractLoadPlanBasedCollectionInitializer - Done loading collection
[DEBUG] 2020-02-25 11:12:01.814 [main] AbstractLoadPlanBasedEntityLoader - Done entity load : edu.matc.entity.Event#5
[DEBUG] 2020-02-25 11:12:01.814 [main] LogicalConnectionManagedImpl - Initiating JDBC connection release from afterTransaction
