[DEBUG] 2020-02-18 09:11:22.792 [main] IntegratorServiceImpl - Adding Integrator [org.hibernate.cfg.beanvalidation.BeanValidationIntegrator].
[DEBUG] 2020-02-18 09:11:22.804 [main] IntegratorServiceImpl - Adding Integrator [org.hibernate.secure.spi.JaccIntegrator].
[DEBUG] 2020-02-18 09:11:22.810 [main] IntegratorServiceImpl - Adding Integrator [org.hibernate.cache.internal.CollectionCacheInvalidator].
[INFO ] 2020-02-18 09:11:22.957 [main] Version - HHH000412: Hibernate Core {5.4.4.Final}
[DEBUG] 2020-02-18 09:11:22.969 [main] Environment - HHH000206: hibernate.properties not found
[DEBUG] 2020-02-18 09:11:23.366 [main] JaxbCfgProcessor - cfg.xml document did not define namespaces; wrapping in custom event reader to introduce namespace information
[DEBUG] 2020-02-18 09:11:24.061 [main] ServiceBinding - Overriding existing service binding [org.hibernate.secure.spi.JaccService]
[DEBUG] 2020-02-18 09:11:24.104 [main] RegionFactoryInitiator - Cannot default RegionFactory based on registered strategies as `[]` RegionFactory strategies were registered
[DEBUG] 2020-02-18 09:11:24.105 [main] RegionFactoryInitiator - Cache region factory : org.hibernate.cache.internal.NoCachingRegionFactory
[INFO ] 2020-02-18 09:11:24.149 [main] Version - HCANN000001: Hibernate Commons Annotations {5.1.0.Final}
[DEBUG] 2020-02-18 09:11:24.196 [main] BasicTypeRegistry - Adding type registration boolean -> org.hibernate.type.BooleanType@77e7246b
[DEBUG] 2020-02-18 09:11:24.196 [main] BasicTypeRegistry - Adding type registration boolean -> org.hibernate.type.BooleanType@77e7246b
[DEBUG] 2020-02-18 09:11:24.197 [main] BasicTypeRegistry - Adding type registration java.lang.Boolean -> org.hibernate.type.BooleanType@77e7246b
[DEBUG] 2020-02-18 09:11:24.197 [main] BasicTypeRegistry - Adding type registration numeric_boolean -> org.hibernate.type.NumericBooleanType@1f44ddab
[DEBUG] 2020-02-18 09:11:24.198 [main] BasicTypeRegistry - Adding type registration true_false -> org.hibernate.type.TrueFalseType@7eb6b6b6
[DEBUG] 2020-02-18 09:11:24.198 [main] BasicTypeRegistry - Adding type registration yes_no -> org.hibernate.type.YesNoType@10ef5fa0
[DEBUG] 2020-02-18 09:11:24.199 [main] BasicTypeRegistry - Adding type registration byte -> org.hibernate.type.ByteType@719d35e8
[DEBUG] 2020-02-18 09:11:24.199 [main] BasicTypeRegistry - Adding type registration byte -> org.hibernate.type.ByteType@719d35e8
[DEBUG] 2020-02-18 09:11:24.199 [main] BasicTypeRegistry - Adding type registration java.lang.Byte -> org.hibernate.type.ByteType@719d35e8
[DEBUG] 2020-02-18 09:11:24.200 [main] BasicTypeRegistry - Adding type registration character -> org.hibernate.type.CharacterType@188b6035
[DEBUG] 2020-02-18 09:11:24.200 [main] BasicTypeRegistry - Adding type registration char -> org.hibernate.type.CharacterType@188b6035
[DEBUG] 2020-02-18 09:11:24.200 [main] BasicTypeRegistry - Adding type registration java.lang.Character -> org.hibernate.type.CharacterType@188b6035
[DEBUG] 2020-02-18 09:11:24.201 [main] BasicTypeRegistry - Adding type registration short -> org.hibernate.type.ShortType@1ff55ff
[DEBUG] 2020-02-18 09:11:24.205 [main] BasicTypeRegistry - Adding type registration short -> org.hibernate.type.ShortType@1ff55ff
[DEBUG] 2020-02-18 09:11:24.206 [main] BasicTypeRegistry - Adding type registration java.lang.Short -> org.hibernate.type.ShortType@1ff55ff
[DEBUG] 2020-02-18 09:11:24.207 [main] BasicTypeRegistry - Adding type registration integer -> org.hibernate.type.IntegerType@148c7c4b
[DEBUG] 2020-02-18 09:11:24.207 [main] BasicTypeRegistry - Adding type registration int -> org.hibernate.type.IntegerType@148c7c4b
[DEBUG] 2020-02-18 09:11:24.207 [main] BasicTypeRegistry - Adding type registration java.lang.Integer -> org.hibernate.type.IntegerType@148c7c4b
[DEBUG] 2020-02-18 09:11:24.208 [main] BasicTypeRegistry - Adding type registration long -> org.hibernate.type.LongType@6aba5d30
[DEBUG] 2020-02-18 09:11:24.212 [main] BasicTypeRegistry - Adding type registration long -> org.hibernate.type.LongType@6aba5d30
[DEBUG] 2020-02-18 09:11:24.212 [main] BasicTypeRegistry - Adding type registration java.lang.Long -> org.hibernate.type.LongType@6aba5d30
[DEBUG] 2020-02-18 09:11:24.213 [main] BasicTypeRegistry - Adding type registration float -> org.hibernate.type.FloatType@2c6aed22
[DEBUG] 2020-02-18 09:11:24.214 [main] BasicTypeRegistry - Adding type registration float -> org.hibernate.type.FloatType@2c6aed22
[DEBUG] 2020-02-18 09:11:24.214 [main] BasicTypeRegistry - Adding type registration java.lang.Float -> org.hibernate.type.FloatType@2c6aed22
[DEBUG] 2020-02-18 09:11:24.215 [main] BasicTypeRegistry - Adding type registration double -> org.hibernate.type.DoubleType@1416a80a
[DEBUG] 2020-02-18 09:11:24.217 [main] BasicTypeRegistry - Adding type registration double -> org.hibernate.type.DoubleType@1416a80a
[DEBUG] 2020-02-18 09:11:24.217 [main] BasicTypeRegistry - Adding type registration java.lang.Double -> org.hibernate.type.DoubleType@1416a80a
[DEBUG] 2020-02-18 09:11:24.219 [main] BasicTypeRegistry - Adding type registration big_decimal -> org.hibernate.type.BigDecimalType@2b5183ec
[DEBUG] 2020-02-18 09:11:24.220 [main] BasicTypeRegistry - Adding type registration java.math.BigDecimal -> org.hibernate.type.BigDecimalType@2b5183ec
[DEBUG] 2020-02-18 09:11:24.221 [main] BasicTypeRegistry - Adding type registration big_integer -> org.hibernate.type.BigIntegerType@b0e5507
[DEBUG] 2020-02-18 09:11:24.222 [main] BasicTypeRegistry - Adding type registration java.math.BigInteger -> org.hibernate.type.BigIntegerType@b0e5507
[DEBUG] 2020-02-18 09:11:24.224 [main] BasicTypeRegistry - Adding type registration string -> org.hibernate.type.StringType@51d9b06c
[DEBUG] 2020-02-18 09:11:24.226 [main] BasicTypeRegistry - Adding type registration java.lang.String -> org.hibernate.type.StringType@51d9b06c
[DEBUG] 2020-02-18 09:11:24.227 [main] BasicTypeRegistry - Adding type registration nstring -> org.hibernate.type.StringNVarcharType@5fb65013
[DEBUG] 2020-02-18 09:11:24.227 [main] BasicTypeRegistry - Adding type registration ncharacter -> org.hibernate.type.CharacterNCharType@1744a475
[DEBUG] 2020-02-18 09:11:24.228 [main] BasicTypeRegistry - Adding type registration url -> org.hibernate.type.UrlType@ca93621
[DEBUG] 2020-02-18 09:11:24.228 [main] BasicTypeRegistry - Adding type registration java.net.URL -> org.hibernate.type.UrlType@ca93621
[DEBUG] 2020-02-18 09:11:24.232 [main] BasicTypeRegistry - Adding type registration Duration -> org.hibernate.type.DurationType@9d3c67
[DEBUG] 2020-02-18 09:11:24.232 [main] BasicTypeRegistry - Adding type registration java.time.Duration -> org.hibernate.type.DurationType@9d3c67
[DEBUG] 2020-02-18 09:11:24.259 [main] BasicTypeRegistry - Adding type registration Instant -> org.hibernate.type.InstantType@7c2b58c0
[DEBUG] 2020-02-18 09:11:24.260 [main] BasicTypeRegistry - Adding type registration java.time.Instant -> org.hibernate.type.InstantType@7c2b58c0
[DEBUG] 2020-02-18 09:11:24.261 [main] BasicTypeRegistry - Adding type registration LocalDateTime -> org.hibernate.type.LocalDateTimeType@10fbbdb
[DEBUG] 2020-02-18 09:11:24.262 [main] BasicTypeRegistry - Adding type registration java.time.LocalDateTime -> org.hibernate.type.LocalDateTimeType@10fbbdb
[DEBUG] 2020-02-18 09:11:24.263 [main] BasicTypeRegistry - Adding type registration LocalDate -> org.hibernate.type.LocalDateType@204e90f7
[DEBUG] 2020-02-18 09:11:24.263 [main] BasicTypeRegistry - Adding type registration java.time.LocalDate -> org.hibernate.type.LocalDateType@204e90f7
[DEBUG] 2020-02-18 09:11:24.264 [main] BasicTypeRegistry - Adding type registration LocalTime -> org.hibernate.type.LocalTimeType@e4b6f47
[DEBUG] 2020-02-18 09:11:24.264 [main] BasicTypeRegistry - Adding type registration java.time.LocalTime -> org.hibernate.type.LocalTimeType@e4b6f47
[DEBUG] 2020-02-18 09:11:24.266 [main] BasicTypeRegistry - Adding type registration OffsetDateTime -> org.hibernate.type.OffsetDateTimeType@173797f0
[DEBUG] 2020-02-18 09:11:24.266 [main] BasicTypeRegistry - Adding type registration java.time.OffsetDateTime -> org.hibernate.type.OffsetDateTimeType@173797f0
[DEBUG] 2020-02-18 09:11:24.267 [main] BasicTypeRegistry - Adding type registration OffsetTime -> org.hibernate.type.OffsetTimeType@33d53216
[DEBUG] 2020-02-18 09:11:24.268 [main] BasicTypeRegistry - Adding type registration java.time.OffsetTime -> org.hibernate.type.OffsetTimeType@33d53216
[DEBUG] 2020-02-18 09:11:24.270 [main] BasicTypeRegistry - Adding type registration ZonedDateTime -> org.hibernate.type.ZonedDateTimeType@1d0a61c8
[DEBUG] 2020-02-18 09:11:24.270 [main] BasicTypeRegistry - Adding type registration java.time.ZonedDateTime -> org.hibernate.type.ZonedDateTimeType@1d0a61c8
[DEBUG] 2020-02-18 09:11:24.271 [main] BasicTypeRegistry - Adding type registration date -> org.hibernate.type.DateType@2cc03cd1
[DEBUG] 2020-02-18 09:11:24.271 [main] BasicTypeRegistry - Adding type registration java.sql.Date -> org.hibernate.type.DateType@2cc03cd1
[DEBUG] 2020-02-18 09:11:24.272 [main] BasicTypeRegistry - Adding type registration time -> org.hibernate.type.TimeType@3f628ce9
[DEBUG] 2020-02-18 09:11:24.273 [main] BasicTypeRegistry - Adding type registration java.sql.Time -> org.hibernate.type.TimeType@3f628ce9
[DEBUG] 2020-02-18 09:11:24.274 [main] BasicTypeRegistry - Adding type registration timestamp -> org.hibernate.type.TimestampType@5fac521d
[DEBUG] 2020-02-18 09:11:24.274 [main] BasicTypeRegistry - Adding type registration java.sql.Timestamp -> org.hibernate.type.TimestampType@5fac521d
[DEBUG] 2020-02-18 09:11:24.274 [main] BasicTypeRegistry - Adding type registration java.util.Date -> org.hibernate.type.TimestampType@5fac521d
[DEBUG] 2020-02-18 09:11:24.275 [main] BasicTypeRegistry - Adding type registration dbtimestamp -> org.hibernate.type.DbTimestampType@3abfe845
[DEBUG] 2020-02-18 09:11:24.276 [main] BasicTypeRegistry - Adding type registration calendar -> org.hibernate.type.CalendarType@27a2a089
[DEBUG] 2020-02-18 09:11:24.276 [main] BasicTypeRegistry - Adding type registration java.util.Calendar -> org.hibernate.type.CalendarType@27a2a089
[DEBUG] 2020-02-18 09:11:24.277 [main] BasicTypeRegistry - Adding type registration java.util.GregorianCalendar -> org.hibernate.type.CalendarType@27a2a089
[DEBUG] 2020-02-18 09:11:24.277 [main] BasicTypeRegistry - Adding type registration calendar_date -> org.hibernate.type.CalendarDateType@3f9270ed
[DEBUG] 2020-02-18 09:11:24.278 [main] BasicTypeRegistry - Adding type registration locale -> org.hibernate.type.LocaleType@53a665ad
[DEBUG] 2020-02-18 09:11:24.279 [main] BasicTypeRegistry - Adding type registration java.util.Locale -> org.hibernate.type.LocaleType@53a665ad
[DEBUG] 2020-02-18 09:11:24.282 [main] BasicTypeRegistry - Adding type registration currency -> org.hibernate.type.CurrencyType@abff8b7
[DEBUG] 2020-02-18 09:11:24.282 [main] BasicTypeRegistry - Adding type registration java.util.Currency -> org.hibernate.type.CurrencyType@abff8b7
[DEBUG] 2020-02-18 09:11:24.283 [main] BasicTypeRegistry - Adding type registration timezone -> org.hibernate.type.TimeZoneType@1b4ae4e0
[DEBUG] 2020-02-18 09:11:24.283 [main] BasicTypeRegistry - Adding type registration java.util.TimeZone -> org.hibernate.type.TimeZoneType@1b4ae4e0
[DEBUG] 2020-02-18 09:11:24.283 [main] BasicTypeRegistry - Adding type registration class -> org.hibernate.type.ClassType@37d871c2
[DEBUG] 2020-02-18 09:11:24.284 [main] BasicTypeRegistry - Adding type registration java.lang.Class -> org.hibernate.type.ClassType@37d871c2
[DEBUG] 2020-02-18 09:11:24.285 [main] BasicTypeRegistry - Adding type registration uuid-binary -> org.hibernate.type.UUIDBinaryType@476e8796
[DEBUG] 2020-02-18 09:11:24.285 [main] BasicTypeRegistry - Adding type registration java.util.UUID -> org.hibernate.type.UUIDBinaryType@476e8796
[DEBUG] 2020-02-18 09:11:24.286 [main] BasicTypeRegistry - Adding type registration uuid-char -> org.hibernate.type.UUIDCharType@642505c7
[DEBUG] 2020-02-18 09:11:24.287 [main] BasicTypeRegistry - Adding type registration binary -> org.hibernate.type.BinaryType@27b2faa6
[DEBUG] 2020-02-18 09:11:24.287 [main] BasicTypeRegistry - Adding type registration byte[] -> org.hibernate.type.BinaryType@27b2faa6
[DEBUG] 2020-02-18 09:11:24.288 [main] BasicTypeRegistry - Adding type registration [B -> org.hibernate.type.BinaryType@27b2faa6
[DEBUG] 2020-02-18 09:11:24.288 [main] BasicTypeRegistry - Adding type registration wrapper-binary -> org.hibernate.type.WrapperBinaryType@75a118e6
[DEBUG] 2020-02-18 09:11:24.289 [main] BasicTypeRegistry - Adding type registration Byte[] -> org.hibernate.type.WrapperBinaryType@75a118e6
[DEBUG] 2020-02-18 09:11:24.289 [main] BasicTypeRegistry - Adding type registration [Ljava.lang.Byte; -> org.hibernate.type.WrapperBinaryType@75a118e6
[DEBUG] 2020-02-18 09:11:24.290 [main] BasicTypeRegistry - Adding type registration row_version -> org.hibernate.type.RowVersionType@6bda1d19
[DEBUG] 2020-02-18 09:11:24.291 [main] BasicTypeRegistry - Adding type registration image -> org.hibernate.type.ImageType@37b57b54
[DEBUG] 2020-02-18 09:11:24.292 [main] BasicTypeRegistry - Adding type registration characters -> org.hibernate.type.CharArrayType@5580d62f
[DEBUG] 2020-02-18 09:11:24.292 [main] BasicTypeRegistry - Adding type registration char[] -> org.hibernate.type.CharArrayType@5580d62f
[DEBUG] 2020-02-18 09:11:24.292 [main] BasicTypeRegistry - Adding type registration [C -> org.hibernate.type.CharArrayType@5580d62f
[DEBUG] 2020-02-18 09:11:24.293 [main] BasicTypeRegistry - Adding type registration wrapper-characters -> org.hibernate.type.CharacterArrayType@2c58dcb1
[DEBUG] 2020-02-18 09:11:24.293 [main] BasicTypeRegistry - Adding type registration [Ljava.lang.Character; -> org.hibernate.type.CharacterArrayType@2c58dcb1
[DEBUG] 2020-02-18 09:11:24.297 [main] BasicTypeRegistry - Adding type registration Character[] -> org.hibernate.type.CharacterArrayType@2c58dcb1
[DEBUG] 2020-02-18 09:11:24.300 [main] BasicTypeRegistry - Adding type registration text -> org.hibernate.type.TextType@2dd8239
[DEBUG] 2020-02-18 09:11:24.301 [main] BasicTypeRegistry - Adding type registration ntext -> org.hibernate.type.NTextType@2e53b094
[DEBUG] 2020-02-18 09:11:24.305 [main] BasicTypeRegistry - Adding type registration blob -> org.hibernate.type.BlobType@5fcfca62
[DEBUG] 2020-02-18 09:11:24.305 [main] BasicTypeRegistry - Adding type registration java.sql.Blob -> org.hibernate.type.BlobType@5fcfca62
[DEBUG] 2020-02-18 09:11:24.306 [main] BasicTypeRegistry - Adding type registration materialized_blob -> org.hibernate.type.MaterializedBlobType@288214b1
[DEBUG] 2020-02-18 09:11:24.310 [main] BasicTypeRegistry - Adding type registration clob -> org.hibernate.type.ClobType@10641c09
[DEBUG] 2020-02-18 09:11:24.310 [main] BasicTypeRegistry - Adding type registration java.sql.Clob -> org.hibernate.type.ClobType@10641c09
[DEBUG] 2020-02-18 09:11:24.312 [main] BasicTypeRegistry - Adding type registration nclob -> org.hibernate.type.NClobType@ad3324b
[DEBUG] 2020-02-18 09:11:24.312 [main] BasicTypeRegistry - Adding type registration java.sql.NClob -> org.hibernate.type.NClobType@ad3324b
[DEBUG] 2020-02-18 09:11:24.313 [main] BasicTypeRegistry - Adding type registration materialized_clob -> org.hibernate.type.MaterializedClobType@144ab54
[DEBUG] 2020-02-18 09:11:24.314 [main] BasicTypeRegistry - Adding type registration materialized_nclob -> org.hibernate.type.MaterializedNClobType@6c518474
[DEBUG] 2020-02-18 09:11:24.317 [main] BasicTypeRegistry - Adding type registration serializable -> org.hibernate.type.SerializableType@47a7a101
[DEBUG] 2020-02-18 09:11:24.323 [main] BasicTypeRegistry - Adding type registration object -> org.hibernate.type.ObjectType@5e671e20
[DEBUG] 2020-02-18 09:11:24.323 [main] BasicTypeRegistry - Adding type registration java.lang.Object -> org.hibernate.type.ObjectType@5e671e20
[DEBUG] 2020-02-18 09:11:24.323 [main] BasicTypeRegistry - Adding type registration imm_date -> org.hibernate.type.AdaptedImmutableType@5e8cda75
[DEBUG] 2020-02-18 09:11:24.323 [main] BasicTypeRegistry - Adding type registration imm_time -> org.hibernate.type.AdaptedImmutableType@3f049056
[DEBUG] 2020-02-18 09:11:24.324 [main] BasicTypeRegistry - Adding type registration imm_timestamp -> org.hibernate.type.AdaptedImmutableType@64968732
[DEBUG] 2020-02-18 09:11:24.324 [main] BasicTypeRegistry - Adding type registration imm_dbtimestamp -> org.hibernate.type.AdaptedImmutableType@3e1a3801
[DEBUG] 2020-02-18 09:11:24.325 [main] BasicTypeRegistry - Adding type registration imm_calendar -> org.hibernate.type.AdaptedImmutableType@6fd12c5
[DEBUG] 2020-02-18 09:11:24.325 [main] BasicTypeRegistry - Adding type registration imm_calendar_date -> org.hibernate.type.AdaptedImmutableType@1de0a46c
[DEBUG] 2020-02-18 09:11:24.325 [main] BasicTypeRegistry - Adding type registration imm_binary -> org.hibernate.type.AdaptedImmutableType@4d1f1ff5
[DEBUG] 2020-02-18 09:11:24.326 [main] BasicTypeRegistry - Adding type registration imm_serializable -> org.hibernate.type.AdaptedImmutableType@222afc67
[DEBUG] 2020-02-18 09:11:24.390 [main] DefaultIdentifierGeneratorFactory - Registering IdentifierGenerator strategy [uuid2] -> [org.hibernate.id.UUIDGenerator]
[DEBUG] 2020-02-18 09:11:24.390 [main] DefaultIdentifierGeneratorFactory - Registering IdentifierGenerator strategy [guid] -> [org.hibernate.id.GUIDGenerator]
[DEBUG] 2020-02-18 09:11:24.391 [main] DefaultIdentifierGeneratorFactory - Registering IdentifierGenerator strategy [uuid] -> [org.hibernate.id.UUIDHexGenerator]
[DEBUG] 2020-02-18 09:11:24.391 [main] DefaultIdentifierGeneratorFactory - Registering IdentifierGenerator strategy [uuid.hex] -> [org.hibernate.id.UUIDHexGenerator]
[DEBUG] 2020-02-18 09:11:24.391 [main] DefaultIdentifierGeneratorFactory - Registering IdentifierGenerator strategy [assigned] -> [org.hibernate.id.Assigned]
[DEBUG] 2020-02-18 09:11:24.392 [main] DefaultIdentifierGeneratorFactory - Registering IdentifierGenerator strategy [identity] -> [org.hibernate.id.IdentityGenerator]
[DEBUG] 2020-02-18 09:11:24.395 [main] DefaultIdentifierGeneratorFactory - Registering IdentifierGenerator strategy [select] -> [org.hibernate.id.SelectGenerator]
[DEBUG] 2020-02-18 09:11:24.400 [main] DefaultIdentifierGeneratorFactory - Registering IdentifierGenerator strategy [sequence] -> [org.hibernate.id.enhanced.SequenceStyleGenerator]
[DEBUG] 2020-02-18 09:11:24.401 [main] DefaultIdentifierGeneratorFactory - Registering IdentifierGenerator strategy [seqhilo] -> [org.hibernate.id.SequenceHiLoGenerator]
[DEBUG] 2020-02-18 09:11:24.401 [main] DefaultIdentifierGeneratorFactory - Registering IdentifierGenerator strategy [increment] -> [org.hibernate.id.IncrementGenerator]
[DEBUG] 2020-02-18 09:11:24.402 [main] DefaultIdentifierGeneratorFactory - Registering IdentifierGenerator strategy [foreign] -> [org.hibernate.id.ForeignGenerator]
[DEBUG] 2020-02-18 09:11:24.402 [main] DefaultIdentifierGeneratorFactory - Registering IdentifierGenerator strategy [sequence-identity] -> [org.hibernate.id.SequenceIdentityGenerator]
[DEBUG] 2020-02-18 09:11:24.402 [main] DefaultIdentifierGeneratorFactory - Registering IdentifierGenerator strategy [enhanced-sequence] -> [org.hibernate.id.enhanced.SequenceStyleGenerator]
[DEBUG] 2020-02-18 09:11:24.403 [main] DefaultIdentifierGeneratorFactory - Registering IdentifierGenerator strategy [enhanced-table] -> [org.hibernate.id.enhanced.TableGenerator]
[INFO ] 2020-02-18 09:11:24.429 [main] C3P0ConnectionProvider - HHH010002: C3P0 using driver: com.mysql.cj.jdbc.Driver at URL: jdbc:mysql://localhost:3306/test_indieProject
[INFO ] 2020-02-18 09:11:24.431 [main] C3P0ConnectionProvider - HHH10001001: Connection properties: {password=****, user=root}
[INFO ] 2020-02-18 09:11:24.431 [main] C3P0ConnectionProvider - HHH10001003: Autocommit mode: false
[INFO ] 2020-02-18 09:11:24.693 [main] C3P0ConnectionProvider - HHH10001007: JDBC isolation level: <unknown>
[DEBUG] 2020-02-18 09:11:24.935 [main] JdbcEnvironmentInitiator - Database ->
       name : MySQL
    version : 8.0.16
      major : 8
      minor : 0
[DEBUG] 2020-02-18 09:11:24.945 [main] JdbcEnvironmentInitiator - Driver ->
       name : MySQL Connector/J
    version : mysql-connector-java-8.0.16 (Revision: 34cbc6bc61f72836e26327537a432d6db7c77de6)
      major : 8
      minor : 0
[DEBUG] 2020-02-18 09:11:24.945 [main] JdbcEnvironmentInitiator - JDBC version : 4.2
[INFO ] 2020-02-18 09:11:25.042 [main] Dialect - HHH000400: Using dialect: org.hibernate.dialect.MySQL8Dialect
[DEBUG] 2020-02-18 09:11:25.068 [main] IdentifierHelperBuilder - JDBC driver metadata reported database stores quoted identifiers in more than one case
[DEBUG] 2020-02-18 09:11:25.120 [main] IdentifierHelperBuilder - IdentifierCaseStrategy for both quoted and unquoted identifiers was set to the same strategy [MIXED]; that will likely lead to problems in schema update and validation if using quoted identifiers
[DEBUG] 2020-02-18 09:11:25.189 [main] Namespace - Created database namespace [logicalName=Name{catalog=null, schema=null}, physicalName=Name{catalog=null, schema=null}]
[DEBUG] 2020-02-18 09:11:25.197 [main] TypeConfiguration$Scope - Scoping TypeConfiguration [org.hibernate.type.spi.TypeConfiguration@303f1234] to MetadataBuildingContext [org.hibernate.boot.internal.MetadataBuildingContextRootImpl@24d61e4]
[DEBUG] 2020-02-18 09:11:25.278 [main] AnnotationBinder - Binding entity from annotated class: edu.matc.entity.User
[DEBUG] 2020-02-18 09:11:25.312 [main] Ejb3Column - Binding column: Ejb3DiscriminatorColumn{logicalColumnName'DTYPE', discriminatorTypeName='string'}
[DEBUG] 2020-02-18 09:11:25.318 [main] EntityBinder - Import with entity name User
[DEBUG] 2020-02-18 09:11:25.327 [main] EntityBinder - Bind entity edu.matc.entity.User on table USERS
[DEBUG] 2020-02-18 09:11:25.356 [main] Ejb3Column - Binding column: Ejb3Column{table=org.hibernate.mapping.Table(USERS), mappingColumn=id, insertable=true, updatable=true, unique=false}
[DEBUG] 2020-02-18 09:11:25.364 [main] PropertyBinder - MetadataSourceProcessor property userId with lazy=false
[DEBUG] 2020-02-18 09:11:25.366 [main] AbstractPropertyHolder - Attempting to locate auto-apply AttributeConverter for property [edu.matc.entity.User:userId]
[DEBUG] 2020-02-18 09:11:25.372 [main] SimpleValueBinder - building SimpleValue for userId
[DEBUG] 2020-02-18 09:11:25.374 [main] PropertyBinder - Building property userId
[DEBUG] 2020-02-18 09:11:25.376 [main] BinderHelper - #makeIdGenerator(org.hibernate.mapping.SimpleValue([org.hibernate.mapping.Column(id)]), userId, org.hibernate.id.enhanced.SequenceStyleGenerator, native, ...)
[DEBUG] 2020-02-18 09:11:25.382 [main] Ejb3Column - Binding column: Ejb3Column{table=org.hibernate.mapping.Table(USERS), mappingColumn=user_name, insertable=true, updatable=true, unique=false}
[DEBUG] 2020-02-18 09:11:25.383 [main] PropertyBinder - MetadataSourceProcessor property userName with lazy=false
[DEBUG] 2020-02-18 09:11:25.383 [main] AbstractPropertyHolder - Attempting to locate auto-apply AttributeConverter for property [edu.matc.entity.User:userName]
[DEBUG] 2020-02-18 09:11:25.383 [main] SimpleValueBinder - building SimpleValue for userName
[DEBUG] 2020-02-18 09:11:25.383 [main] PropertyBinder - Building property userName
[DEBUG] 2020-02-18 09:11:25.384 [main] Ejb3Column - Binding column: Ejb3Column{table=org.hibernate.mapping.Table(USERS), mappingColumn=user_password, insertable=true, updatable=true, unique=false}
[DEBUG] 2020-02-18 09:11:25.384 [main] PropertyBinder - MetadataSourceProcessor property userPassword with lazy=false
[DEBUG] 2020-02-18 09:11:25.384 [main] AbstractPropertyHolder - Attempting to locate auto-apply AttributeConverter for property [edu.matc.entity.User:userPassword]
[DEBUG] 2020-02-18 09:11:25.384 [main] SimpleValueBinder - building SimpleValue for userPassword
[DEBUG] 2020-02-18 09:11:25.384 [main] PropertyBinder - Building property userPassword
[DEBUG] 2020-02-18 09:11:25.388 [main] SimpleValueBinder - Starting fillSimpleValue for userId
[DEBUG] 2020-02-18 09:11:25.389 [main] SimpleValueBinder - Starting fillSimpleValue for userName
[DEBUG] 2020-02-18 09:11:25.389 [main] SimpleValueBinder - Starting fillSimpleValue for userPassword
[DEBUG] 2020-02-18 09:11:25.390 [main] PrimaryKey - Forcing column [id] to be non-null as it is part of the primary key for table [users]
[DEBUG] 2020-02-18 09:11:25.460 [main] SessionFactoryImpl - Building session factory
[DEBUG] 2020-02-18 09:11:25.464 [main] Settings - SessionFactory name : null
[DEBUG] 2020-02-18 09:11:25.464 [main] Settings - Automatic flush during beforeCompletion(): enabled
[DEBUG] 2020-02-18 09:11:25.464 [main] Settings - Automatic session close at end of transaction: disabled
[DEBUG] 2020-02-18 09:11:25.464 [main] Settings - Statistics: disabled
[DEBUG] 2020-02-18 09:11:25.464 [main] Settings - Deleted entity synthetic identifier rollback: disabled
[DEBUG] 2020-02-18 09:11:25.464 [main] Settings - Default entity-mode: pojo
[DEBUG] 2020-02-18 09:11:25.464 [main] Settings - Check Nullability in Core (should be disabled when Bean Validation is on): enabled
[DEBUG] 2020-02-18 09:11:25.464 [main] Settings - Allow initialization of lazy state outside session : disabled
[DEBUG] 2020-02-18 09:11:25.464 [main] Settings - Using BatchFetchStyle : LEGACY
[DEBUG] 2020-02-18 09:11:25.464 [main] Settings - Default batch fetch size: -1
[DEBUG] 2020-02-18 09:11:25.464 [main] Settings - Maximum outer join fetch depth: 2
[DEBUG] 2020-02-18 09:11:25.464 [main] Settings - Default null ordering: NONE
[DEBUG] 2020-02-18 09:11:25.464 [main] Settings - Order SQL updates by primary key: disabled
[DEBUG] 2020-02-18 09:11:25.464 [main] Settings - Order SQL inserts for batching: disabled
[DEBUG] 2020-02-18 09:11:25.464 [main] Settings - multi-tenancy strategy : NONE
[DEBUG] 2020-02-18 09:11:25.464 [main] Settings - JTA Track by Thread: enabled
[DEBUG] 2020-02-18 09:11:25.464 [main] Settings - Query language substitutions: {}
[DEBUG] 2020-02-18 09:11:25.464 [main] Settings - Named query checking : enabled
[DEBUG] 2020-02-18 09:11:25.466 [main] Settings - Second-level cache: disabled
[DEBUG] 2020-02-18 09:11:25.466 [main] Settings - Second-level query cache: disabled
[DEBUG] 2020-02-18 09:11:25.466 [main] Settings - Second-level query cache factory: null
[DEBUG] 2020-02-18 09:11:25.466 [main] Settings - Second-level cache region prefix: null
[DEBUG] 2020-02-18 09:11:25.466 [main] Settings - Optimize second-level cache for minimal puts: disabled
[DEBUG] 2020-02-18 09:11:25.466 [main] Settings - Structured second-level cache entries: disabled
[DEBUG] 2020-02-18 09:11:25.468 [main] Settings - Second-level cache direct-reference entries: disabled
[DEBUG] 2020-02-18 09:11:25.468 [main] Settings - Automatic eviction of collection cache: disabled
[DEBUG] 2020-02-18 09:11:25.468 [main] Settings - JDBC batch size: 15
[DEBUG] 2020-02-18 09:11:25.468 [main] Settings - JDBC batch updates for versioned data: enabled
[DEBUG] 2020-02-18 09:11:25.468 [main] Settings - Scrollable result sets: enabled
[DEBUG] 2020-02-18 09:11:25.468 [main] Settings - Wrap result sets: disabled
[DEBUG] 2020-02-18 09:11:25.468 [main] Settings - JDBC3 getGeneratedKeys(): enabled
[DEBUG] 2020-02-18 09:11:25.468 [main] Settings - JDBC result set fetch size: null
[DEBUG] 2020-02-18 09:11:25.468 [main] Settings - Connection release mode: AFTER_TRANSACTION
[DEBUG] 2020-02-18 09:11:25.468 [main] Settings - Generate SQL with comments: disabled
[DEBUG] 2020-02-18 09:11:25.468 [main] Settings - JPA compliance - query : 
[DEBUG] 2020-02-18 09:11:25.469 [main] Settings - JPA compliance - closed-handling : 
[DEBUG] 2020-02-18 09:11:25.469 [main] Settings - JPA compliance - lists : 
[DEBUG] 2020-02-18 09:11:25.469 [main] Settings - JPA compliance - transactions : 
[INFO ] 2020-02-18 09:11:25.556 [main] beans - HHH10005002: No explicit CDI BeanManager reference was passed to Hibernate, but CDI is available on the Hibernate ClassLoader.
[DEBUG] 2020-02-18 09:11:25.586 [main] SessionFactoryImpl - Session factory constructed with filter configurations : {}
[DEBUG] 2020-02-18 09:11:25.586 [main] SessionFactoryImpl - Instantiating session factory with properties: {sun.desktop=gnome, awt.toolkit=sun.awt.X11.XToolkit, java.specification.version=11, sun.cpu.isalist=, hibernate.c3p0.idle_test_period=3000, sun.jnu.encoding=UTF-8, hibernate.c3p0.min_size=5, java.class.path=/home/student/intellij/lib/idea_rt.jar:/home/student/intellij/plugins/junit/lib/junit5-rt.jar:/home/student/intellij/plugins/junit/lib/junit-rt.jar:/home/student/IdeaProjects/indieproject/target/test-classes:/home/student/IdeaProjects/indieproject/target/classes:/home/student/.m2/repository/org/junit/platform/junit-platform-runner/1.0.0/junit-platform-runner-1.0.0.jar:/home/student/.m2/repository/org/apiguardian/apiguardian-api/1.0.0/apiguardian-api-1.0.0.jar:/home/student/.m2/repository/org/junit/platform/junit-platform-launcher/1.0.0/junit-platform-launcher-1.0.0.jar:/home/student/.m2/repository/org/junit/platform/junit-platform-suite-api/1.0.0/junit-platform-suite-api-1.0.0.jar:/home/student/.m2/repository/org/junit/platform/junit-platform-commons/1.0.0/junit-platform-commons-1.0.0.jar:/home/student/.m2/repository/org/junit/vintage/junit-vintage-engine/4.12.0/junit-vintage-engine-4.12.0.jar:/home/student/.m2/repository/org/junit/platform/junit-platform-engine/1.0.0/junit-platform-engine-1.0.0.jar:/home/student/.m2/repository/org/opentest4j/opentest4j/1.0.0/opentest4j-1.0.0.jar:/home/student/.m2/repository/org/junit/jupiter/junit-jupiter-engine/5.0.0/junit-jupiter-engine-5.0.0.jar:/home/student/.m2/repository/org/junit/jupiter/junit-jupiter-api/5.0.0/junit-jupiter-api-5.0.0.jar:/home/student/.m2/repository/junit/junit/4.12/junit-4.12.jar:/home/student/.m2/repository/org/hamcrest/hamcrest-core/1.3/hamcrest-core-1.3.jar:/home/student/.m2/repository/javax/javaee-web-api/7.0/javaee-web-api-7.0.jar:/home/student/.m2/repository/mysql/mysql-connector-java/8.0.16/mysql-connector-java-8.0.16.jar:/home/student/.m2/repository/com/google/protobuf/protobuf-java/3.6.1/protobuf-java-3.6.1.jar:/home/student/.m2/repository/jstl/jstl/1.2/jstl-1.2.jar:/home/student/.m2/repository/org/apache/logging/log4j/log4j-api/2.10.0/log4j-api-2.10.0.jar:/home/student/.m2/repository/org/apache/logging/log4j/log4j-core/2.10.0/log4j-core-2.10.0.jar:/home/student/.m2/repository/org/hibernate/hibernate-core/5.4.4.Final/hibernate-core-5.4.4.Final.jar:/home/student/.m2/repository/org/jboss/logging/jboss-logging/3.3.2.Final/jboss-logging-3.3.2.Final.jar:/home/student/.m2/repository/javax/persistence/javax.persistence-api/2.2/javax.persistence-api-2.2.jar:/home/student/.m2/repository/org/javassist/javassist/3.24.0-GA/javassist-3.24.0-GA.jar:/home/student/.m2/repository/net/bytebuddy/byte-buddy/1.9.11/byte-buddy-1.9.11.jar:/home/student/.m2/repository/antlr/antlr/2.7.7/antlr-2.7.7.jar:/home/student/.m2/repository/org/jboss/spec/javax/transaction/jboss-transaction-api_1.2_spec/1.1.1.Final/jboss-transaction-api_1.2_spec-1.1.1.Final.jar:/home/student/.m2/repository/org/jboss/jandex/2.0.5.Final/jandex-2.0.5.Final.jar:/home/student/.m2/repository/com/fasterxml/classmate/1.3.4/classmate-1.3.4.jar:/home/student/.m2/repository/javax/activation/javax.activation-api/1.2.0/javax.activation-api-1.2.0.jar:/home/student/.m2/repository/org/dom4j/dom4j/2.1.1/dom4j-2.1.1.jar:/home/student/.m2/repository/org/hibernate/common/hibernate-commons-annotations/5.1.0.Final/hibernate-commons-annotations-5.1.0.Final.jar:/home/student/.m2/repository/javax/xml/bind/jaxb-api/2.3.1/jaxb-api-2.3.1.jar:/home/student/.m2/repository/org/glassfish/jaxb/jaxb-runtime/2.3.1/jaxb-runtime-2.3.1.jar:/home/student/.m2/repository/org/glassfish/jaxb/txw2/2.3.1/txw2-2.3.1.jar:/home/student/.m2/repository/com/sun/istack/istack-commons-runtime/3.0.7/istack-commons-runtime-3.0.7.jar:/home/student/.m2/repository/org/jvnet/staxex/stax-ex/1.8/stax-ex-1.8.jar:/home/student/.m2/repository/com/sun/xml/fastinfoset/FastInfoset/1.2.15/FastInfoset-1.2.15.jar:/home/student/.m2/repository/org/hibernate/hibernate-c3p0/5.4.4.Final/hibernate-c3p0-5.4.4.Final.jar:/home/student/.m2/repository/com/mchange/c3p0/0.9.5.3/c3p0-0.9.5.3.jar:/home/student/.m2/repository/com/mchange/mchange-commons-java/0.2.15/mchange-commons-java-0.2.15.jar, java.vm.vendor=Ubuntu, sun.arch.data.model=64, idea.test.cyclic.buffer.size=1048576, java.vendor.url=https://ubuntu.com/, user.timezone=America/Chicago, os.name=Linux, java.vm.specification.version=11, sun.java.launcher=SUN_STANDARD, user.country=US, sun.boot.library.path=/usr/lib/jvm/java-11-openjdk-amd64/lib, sun.java.command=com.intellij.rt.junit.JUnitStarter -ideVersion5 -junit5 edu.matc.persistence.UserDaoTest, jdk.debug=release, sun.cpu.endian=little, user.home=/home/student, hibernate.c3p0.max_statements=50, user.language=en, java.specification.vendor=Oracle Corporation, java.version.date=2020-01-14, java.home=/usr/lib/jvm/java-11-openjdk-amd64, file.separator=/, java.vm.compressedOopsMode=32-bit, line.separator=
, hibernate.c3p0.timeout=300, java.specification.name=Java Platform API Specification, java.vm.specification.vendor=Oracle Corporation, java.awt.graphicsenv=sun.awt.X11GraphicsEnvironment, connection.password=student, sun.management.compiler=HotSpot 64-Bit Tiered Compilers, hibernate.c3p0.max_size=20, java.runtime.version=11.0.6+10-post-Ubuntu-1ubuntu118.04.1, user.name=student, path.separator=:, hibernate.connection.username=****, os.version=5.3.0-28-generic, java.runtime.name=OpenJDK Runtime Environment, hibernate.connection.url=jdbc:mysql://localhost:3306/test_indieProject, file.encoding=UTF-8, java.vm.name=OpenJDK 64-Bit Server VM, hibernate.connection.driver_class=com.mysql.cj.jdbc.Driver, java.vendor.url.bug=https://bugs.launchpad.net/ubuntu/+source/openjdk-lts, java.io.tmpdir=/tmp, java.version=11.0.6, user.dir=/home/student/IdeaProjects/indieproject, os.arch=amd64, connection.username=root, java.vm.specification.name=Java Virtual Machine Specification, java.awt.printerjob=sun.print.PSPrinterJob, hibernate.connection.password=****, sun.os.patch.level=unknown, connection.driver_class=com.mysql.cj.jdbc.Driver, hibernate.boot.CfgXmlAccessService.key=org.hibernate.boot.cfgxml.spi.LoadedConfig@74834afd, java.library.path=/usr/java/packages/lib:/usr/lib/x86_64-linux-gnu/jni:/lib/x86_64-linux-gnu:/usr/lib/x86_64-linux-gnu:/usr/lib/jni:/lib:/usr/lib, java.vendor=Ubuntu, java.vm.info=mixed mode, sharing, java.vm.version=11.0.6+10-post-Ubuntu-1ubuntu118.04.1, hibernate.bytecode.use_reflection_optimizer=false, sun.io.unicode.encoding=UnicodeLittle, connection.url=jdbc:mysql://localhost:3306/test_indieProject, java.class.version=55.0}
[DEBUG] 2020-02-18 09:11:25.615 [main] TypeSafeActivator - Unable to acquire Bean Validation ValidatorFactory, skipping activation
[DEBUG] 2020-02-18 09:11:25.615 [main] JaccIntegrator - Skipping JACC integration as it was not enabled
[DEBUG] 2020-02-18 09:11:25.616 [main] SessionFactoryImpl - Instantiated session factory
[DEBUG] 2020-02-18 09:11:25.619 [main] TypeConfiguration$Scope - Scoping TypeConfiguration [org.hibernate.type.spi.TypeConfiguration@303f1234] to SessionFactoryImpl [org.hibernate.internal.SessionFactoryImpl@2e62ead7]
[DEBUG] 2020-02-18 09:11:25.739 [main] ClassLoaderAccessImpl - Not known whether passed class name [edu.matc.entity.User] is safe
[DEBUG] 2020-02-18 09:11:25.739 [main] ClassLoaderAccessImpl - No temp ClassLoader provided; using live ClassLoader for loading potentially unsafe class : edu.matc.entity.User
[DEBUG] 2020-02-18 09:11:25.764 [main] ClassLoaderAccessImpl - Not known whether passed class name [edu.matc.entity.User] is safe
[DEBUG] 2020-02-18 09:11:25.764 [main] ClassLoaderAccessImpl - No temp ClassLoader provided; using live ClassLoader for loading potentially unsafe class : edu.matc.entity.User
[DEBUG] 2020-02-18 09:11:26.141 [main] AbstractEntityPersister - Static SQL for entity: edu.matc.entity.User
[DEBUG] 2020-02-18 09:11:26.141 [main] AbstractEntityPersister -  Version select: select id from USERS where id =?
[DEBUG] 2020-02-18 09:11:26.141 [main] AbstractEntityPersister -  Snapshot select: select user_.id, user_.user_name as user_nam2_0_, user_.user_password as user_pas3_0_ from USERS user_ where user_.id=?
[DEBUG] 2020-02-18 09:11:26.141 [main] AbstractEntityPersister -  Insert 0: insert into USERS (user_name, user_password, id) values (?, ?, ?)
[DEBUG] 2020-02-18 09:11:26.141 [main] AbstractEntityPersister -  Update 0: update USERS set user_name=?, user_password=? where id=?
[DEBUG] 2020-02-18 09:11:26.141 [main] AbstractEntityPersister -  Delete 0: delete from USERS where id=?
[DEBUG] 2020-02-18 09:11:26.141 [main] AbstractEntityPersister -  Identity insert: insert into USERS (user_name, user_password) values (?, ?)
[DEBUG] 2020-02-18 09:11:26.171 [main] QuerySpacesImpl - Adding QuerySpace : uid = <gen:0> -> org.hibernate.loader.plan.build.internal.spaces.EntityQuerySpaceImpl@69ed5ea2]
[DEBUG] 2020-02-18 09:11:26.174 [main] MetamodelGraphWalker - Visiting attribute path : userName
[DEBUG] 2020-02-18 09:11:26.174 [main] MetamodelGraphWalker - Visiting attribute path : userPassword
[DEBUG] 2020-02-18 09:11:26.174 [main] FetchStyleLoadPlanBuildingAssociationVisitationStrategy - Building LoadPlan...
[DEBUG] 2020-02-18 09:11:26.194 [main] LoadQueryJoinAndFetchProcessor - processing queryspace <gen:0>
[DEBUG] 2020-02-18 09:11:26.199 [main] LoadPlanTreePrinter - LoadPlan(entity=edu.matc.entity.User)
    - Returns
       - EntityReturnImpl(entity=edu.matc.entity.User, querySpaceUid=<gen:0>, path=edu.matc.entity.User)
    - QuerySpaces
       - EntityQuerySpaceImpl(uid=<gen:0>, entity=edu.matc.entity.User)
          - SQL table alias mapping - user0_
          - alias suffix - 0_
          - suffixed key columns - {id1_0_0_}

[DEBUG] 2020-02-18 09:11:26.200 [main] EntityLoader - Static select for entity edu.matc.entity.User [NONE]: select user0_.id as id1_0_0_, user0_.user_name as user_nam2_0_0_, user0_.user_password as user_pas3_0_0_ from USERS user0_ where user0_.id=?
[DEBUG] 2020-02-18 09:11:26.205 [main] QuerySpacesImpl - Adding QuerySpace : uid = <gen:0> -> org.hibernate.loader.plan.build.internal.spaces.EntityQuerySpaceImpl@240f350a]
[DEBUG] 2020-02-18 09:11:26.205 [main] MetamodelGraphWalker - Visiting attribute path : userName
[DEBUG] 2020-02-18 09:11:26.205 [main] MetamodelGraphWalker - Visiting attribute path : userPassword
[DEBUG] 2020-02-18 09:11:26.206 [main] FetchStyleLoadPlanBuildingAssociationVisitationStrategy - Building LoadPlan...
[DEBUG] 2020-02-18 09:11:26.206 [main] LoadQueryJoinAndFetchProcessor - processing queryspace <gen:0>
[DEBUG] 2020-02-18 09:11:26.207 [main] LoadPlanTreePrinter - LoadPlan(entity=edu.matc.entity.User)
    - Returns
       - EntityReturnImpl(entity=edu.matc.entity.User, querySpaceUid=<gen:0>, path=edu.matc.entity.User)
    - QuerySpaces
       - EntityQuerySpaceImpl(uid=<gen:0>, entity=edu.matc.entity.User)
          - SQL table alias mapping - user0_
          - alias suffix - 0_
          - suffixed key columns - {id1_0_0_}

[DEBUG] 2020-02-18 09:11:26.207 [main] EntityLoader - Static select for entity edu.matc.entity.User [READ]: select user0_.id as id1_0_0_, user0_.user_name as user_nam2_0_0_, user0_.user_password as user_pas3_0_0_ from USERS user0_ where user0_.id=?
[DEBUG] 2020-02-18 09:11:26.227 [main] Loader - Static select for action ACTION_MERGE on entity edu.matc.entity.User: select user0_.id as id1_0_0_, user0_.user_name as user_nam2_0_0_, user0_.user_password as user_pas3_0_0_ from USERS user0_ where user0_.id=?
[DEBUG] 2020-02-18 09:11:26.227 [main] Loader - Static select for action ACTION_REFRESH on entity edu.matc.entity.User: select user0_.id as id1_0_0_, user0_.user_name as user_nam2_0_0_, user0_.user_password as user_pas3_0_0_ from USERS user0_ where user0_.id=?
[DEBUG] 2020-02-18 09:11:26.268 [main] SchemaManagementToolCoordinator - No actions specified; doing nothing
[DEBUG] 2020-02-18 09:11:26.269 [main] JtaPlatformInitiator - No JtaPlatform was specified, checking resolver
[DEBUG] 2020-02-18 09:11:26.269 [main] JtaPlatformResolverInitiator - No JtaPlatformResolver was specified, using default [org.hibernate.engine.transaction.jta.platform.internal.StandardJtaPlatformResolver]
[DEBUG] 2020-02-18 09:11:26.276 [main] StandardJtaPlatformResolver - Could not resolve JtaPlatform, using default [org.hibernate.engine.transaction.jta.platform.internal.NoJtaPlatform]
[INFO ] 2020-02-18 09:11:26.276 [main] JtaPlatformInitiator - HHH000490: Using JtaPlatform implementation: [org.hibernate.engine.transaction.jta.platform.internal.NoJtaPlatform]
[DEBUG] 2020-02-18 09:11:26.277 [main] NamedQueryRepository - Checking 0 named HQL queries
[DEBUG] 2020-02-18 09:11:26.277 [main] NamedQueryRepository - Checking 0 named SQL queries
[DEBUG] 2020-02-18 09:11:26.284 [main] SessionFactoryRegistry - Initializing SessionFactoryRegistry : org.hibernate.internal.SessionFactoryRegistry@53314f76
[DEBUG] 2020-02-18 09:11:26.287 [main] SessionFactoryRegistry - Registering SessionFactory: e34046b2-4c5e-4f3c-ba7f-b7bd90477ae6 (<unnamed>)
[DEBUG] 2020-02-18 09:11:26.288 [main] SessionFactoryRegistry - Not binding SessionFactory to JNDI, no JNDI name configured
[DEBUG] 2020-02-18 09:11:26.401 [main] StatisticsInitiator - Statistics initialized [enabled=false]
[DEBUG] 2020-02-18 09:11:26.429 [main] SQL - select user0_.id as id1_0_0_, user0_.user_name as user_nam2_0_0_, user0_.user_password as user_pas3_0_0_ from USERS user0_ where user0_.id=?
[DEBUG] 2020-02-18 09:11:26.472 [main] ResultSetProcessorImpl - Starting ResultSet row #0
[DEBUG] 2020-02-18 09:11:26.472 [main] EntityReferenceInitializerImpl - On call to EntityIdentifierReaderImpl#resolve, EntityKey was already known; should only happen on root returns with an optional identifier specified
[DEBUG] 2020-02-18 09:11:26.490 [main] TwoPhaseLoad - Resolving attributes for [edu.matc.entity.User#3]
[DEBUG] 2020-02-18 09:11:26.490 [main] TwoPhaseLoad - Processing attribute `userName` : value = WaltD
[DEBUG] 2020-02-18 09:11:26.490 [main] TwoPhaseLoad - Attribute (`userName`)  - enhanced for lazy-loading? - false
[DEBUG] 2020-02-18 09:11:26.490 [main] TwoPhaseLoad - Processing attribute `userPassword` : value = 321xyz
[DEBUG] 2020-02-18 09:11:26.490 [main] TwoPhaseLoad - Attribute (`userPassword`)  - enhanced for lazy-loading? - false
[DEBUG] 2020-02-18 09:11:26.491 [main] TwoPhaseLoad - Done materializing entity [edu.matc.entity.User#3]
[DEBUG] 2020-02-18 09:11:26.491 [main] ResourceRegistryStandardImpl - HHH000387: ResultSet's statement was not registered
[DEBUG] 2020-02-18 09:11:26.493 [main] AbstractLoadPlanBasedEntityLoader - Done entity load : edu.matc.entity.User#3
[DEBUG] 2020-02-18 09:11:26.493 [main] LogicalConnectionManagedImpl - Initiating JDBC connection release from afterTransaction
[DEBUG] 2020-02-18 09:11:26.512 [main] TransactionImpl - On TransactionImpl creation, JpaCompliance#isJpaTransactionComplianceEnabled == false
[DEBUG] 2020-02-18 09:11:26.512 [main] TransactionImpl - begin
[DEBUG] 2020-02-18 09:11:26.533 [main] TransactionImpl - committing
[DEBUG] 2020-02-18 09:11:26.533 [main] AbstractFlushingEventListener - Processing flush-time cascades
[DEBUG] 2020-02-18 09:11:26.533 [main] AbstractFlushingEventListener - Dirty checking collections
[DEBUG] 2020-02-18 09:11:26.534 [main] AbstractFlushingEventListener - Flushed: 0 insertions, 0 updates, 1 deletions to 1 objects
[DEBUG] 2020-02-18 09:11:26.534 [main] AbstractFlushingEventListener - Flushed: 0 (re)creations, 0 updates, 0 removals to 0 collections
[DEBUG] 2020-02-18 09:11:26.535 [main] EntityPrinter - Listing entities:
[DEBUG] 2020-02-18 09:11:26.535 [main] EntityPrinter - edu.matc.entity.User{userPassword=321xyz, userName=WaltD, userId=3}
[DEBUG] 2020-02-18 09:11:26.543 [main] SQL - delete from USERS where id=?
[DEBUG] 2020-02-18 09:11:26.554 [main] LogicalConnectionManagedImpl - Initiating JDBC connection release from afterTransaction
[DEBUG] 2020-02-18 09:11:26.555 [main] LogicalConnectionManagedImpl - Initiating JDBC connection release from afterTransaction
[DEBUG] 2020-02-18 09:11:26.555 [main] JdbcCoordinatorImpl - HHH000420: Closing un-released batch
[DEBUG] 2020-02-18 09:11:26.556 [main] SQL - select user0_.id as id1_0_0_, user0_.user_name as user_nam2_0_0_, user0_.user_password as user_pas3_0_0_ from USERS user0_ where user0_.id=?
[DEBUG] 2020-02-18 09:11:26.558 [main] ResourceRegistryStandardImpl - HHH000387: ResultSet's statement was not registered
[DEBUG] 2020-02-18 09:11:26.558 [main] AbstractLoadPlanBasedEntityLoader - Done entity load : edu.matc.entity.User#3
[DEBUG] 2020-02-18 09:11:26.558 [main] LogicalConnectionManagedImpl - Initiating JDBC connection release from afterTransaction
[DEBUG] 2020-02-18 09:11:26.678 [main] CriteriaQueryImpl - Rendered criteria query -> select generatedAlias0 from User as generatedAlias0
[DEBUG] 2020-02-18 09:11:26.708 [main] QueryTranslatorFactoryInitiator - QueryTranslatorFactory: org.hibernate.hql.internal.ast.ASTQueryTranslatorFactory@1491cd6c
[DEBUG] 2020-02-18 09:11:26.744 [main] QueryTranslatorImpl - parse() - HQL: select generatedAlias0 from edu.matc.entity.User as generatedAlias0
[DEBUG] 2020-02-18 09:11:26.752 [main] ErrorTracker - throwQueryException() : no errors
[DEBUG] 2020-02-18 09:11:26.766 [main] QueryTranslatorImpl - --- HQL AST ---
 \-[QUERY] Node: 'query'
    \-[SELECT_FROM] Node: 'SELECT_FROM'
       +-[FROM] Node: 'from'
       |  \-[RANGE] Node: 'RANGE'
       |     +-[DOT] Node: '.'
       |     |  +-[DOT] Node: '.'
       |     |  |  +-[DOT] Node: '.'
       |     |  |  |  +-[IDENT] Node: 'edu'
       |     |  |  |  \-[IDENT] Node: 'matc'
       |     |  |  \-[IDENT] Node: 'entity'
       |     |  \-[IDENT] Node: 'User'
       |     \-[ALIAS] Node: 'generatedAlias0'
       \-[SELECT] Node: 'select'
          \-[IDENT] Node: 'generatedAlias0'

[DEBUG] 2020-02-18 09:11:26.804 [main] HqlSqlBaseWalker - select << begin [level=1, statement=select]
[DEBUG] 2020-02-18 09:11:26.816 [main] FromElement - FromClause{level=1} : edu.matc.entity.User (generatedAlias0) -> user0_
[DEBUG] 2020-02-18 09:11:26.816 [main] FromReferenceNode - Resolved : generatedAlias0 -> user0_.id
[DEBUG] 2020-02-18 09:11:26.817 [main] HqlSqlBaseWalker - select : finishing up [level=1, statement=select]
[DEBUG] 2020-02-18 09:11:26.817 [main] HqlSqlWalker - processQuery() :  ( SELECT ( {select clause} user0_.id ) ( FromClause{level=1} USERS user0_ ) )
[DEBUG] 2020-02-18 09:11:26.834 [main] JoinProcessor - Using FROM fragment [USERS user0_]
[DEBUG] 2020-02-18 09:11:26.834 [main] HqlSqlBaseWalker - select >> end [level=1, statement=select]
[DEBUG] 2020-02-18 09:11:26.835 [main] QueryTranslatorImpl - --- SQL AST ---
 \-[SELECT] QueryNode: 'SELECT'  querySpaces (USERS)
    +-[SELECT_CLAUSE] SelectClause: '{select clause}'
    |  +-[ALIAS_REF] IdentNode: 'user0_.id as id1_0_' {alias=generatedAlias0, className=edu.matc.entity.User, tableAlias=user0_}
    |  \-[SQL_TOKEN] SqlFragment: 'user0_.user_name as user_nam2_0_, user0_.user_password as user_pas3_0_'
    \-[FROM] FromClause: 'from' FromClause{level=1, fromElementCounter=1, fromElements=1, fromElementByClassAlias=[generatedAlias0], fromElementByTableAlias=[user0_], fromElementsByPath=[], collectionJoinFromElementsByPath=[], impliedElements=[]}
       \-[FROM_FRAGMENT] FromElement: 'USERS user0_' FromElement{explicit,not a collection join,not a fetch join,fetch non-lazy properties,classAlias=generatedAlias0,role=null,tableName=USERS,tableAlias=user0_,origin=null,columns={,className=edu.matc.entity.User}}

[DEBUG] 2020-02-18 09:11:26.835 [main] ErrorTracker - throwQueryException() : no errors
[DEBUG] 2020-02-18 09:11:26.844 [main] QueryTranslatorImpl - HQL: select generatedAlias0 from edu.matc.entity.User as generatedAlias0
[DEBUG] 2020-02-18 09:11:26.845 [main] QueryTranslatorImpl - SQL: select user0_.id as id1_0_, user0_.user_name as user_nam2_0_, user0_.user_password as user_pas3_0_ from USERS user0_
[DEBUG] 2020-02-18 09:11:26.845 [main] ErrorTracker - throwQueryException() : no errors
[DEBUG] 2020-02-18 09:11:26.852 [main] SQL - select user0_.id as id1_0_, user0_.user_name as user_nam2_0_, user0_.user_password as user_pas3_0_ from USERS user0_
[DEBUG] 2020-02-18 09:11:26.855 [main] Loader - Result set row: 0
[DEBUG] 2020-02-18 09:11:26.856 [main] Loader - Result row: EntityKey[edu.matc.entity.User#1]
[DEBUG] 2020-02-18 09:11:26.856 [main] Loader - Result set row: 1
[DEBUG] 2020-02-18 09:11:26.856 [main] Loader - Result row: EntityKey[edu.matc.entity.User#2]
[DEBUG] 2020-02-18 09:11:26.856 [main] Loader - Result set row: 2
[DEBUG] 2020-02-18 09:11:26.856 [main] Loader - Result row: EntityKey[edu.matc.entity.User#3]
[DEBUG] 2020-02-18 09:11:26.856 [main] Loader - Result set row: 3
[DEBUG] 2020-02-18 09:11:26.857 [main] Loader - Result row: EntityKey[edu.matc.entity.User#4]
[DEBUG] 2020-02-18 09:11:26.857 [main] TwoPhaseLoad - Resolving attributes for [edu.matc.entity.User#1]
[DEBUG] 2020-02-18 09:11:26.857 [main] TwoPhaseLoad - Processing attribute `userName` : value = testUser1
[DEBUG] 2020-02-18 09:11:26.857 [main] TwoPhaseLoad - Attribute (`userName`)  - enhanced for lazy-loading? - false
[DEBUG] 2020-02-18 09:11:26.857 [main] TwoPhaseLoad - Processing attribute `userPassword` : value = mypassword123
[DEBUG] 2020-02-18 09:11:26.857 [main] TwoPhaseLoad - Attribute (`userPassword`)  - enhanced for lazy-loading? - false
[DEBUG] 2020-02-18 09:11:26.857 [main] TwoPhaseLoad - Done materializing entity [edu.matc.entity.User#1]
[DEBUG] 2020-02-18 09:11:26.857 [main] TwoPhaseLoad - Resolving attributes for [edu.matc.entity.User#2]
[DEBUG] 2020-02-18 09:11:26.857 [main] TwoPhaseLoad - Processing attribute `userName` : value = Jane_Doe
[DEBUG] 2020-02-18 09:11:26.857 [main] TwoPhaseLoad - Attribute (`userName`)  - enhanced for lazy-loading? - false
[DEBUG] 2020-02-18 09:11:26.858 [main] TwoPhaseLoad - Processing attribute `userPassword` : value = welcome123
[DEBUG] 2020-02-18 09:11:26.859 [main] TwoPhaseLoad - Attribute (`userPassword`)  - enhanced for lazy-loading? - false
[DEBUG] 2020-02-18 09:11:26.859 [main] TwoPhaseLoad - Done materializing entity [edu.matc.entity.User#2]
[DEBUG] 2020-02-18 09:11:26.859 [main] TwoPhaseLoad - Resolving attributes for [edu.matc.entity.User#3]
[DEBUG] 2020-02-18 09:11:26.859 [main] TwoPhaseLoad - Processing attribute `userName` : value = WaltD
[DEBUG] 2020-02-18 09:11:26.859 [main] TwoPhaseLoad - Attribute (`userName`)  - enhanced for lazy-loading? - false
[DEBUG] 2020-02-18 09:11:26.859 [main] TwoPhaseLoad - Processing attribute `userPassword` : value = 321xyz
[DEBUG] 2020-02-18 09:11:26.859 [main] TwoPhaseLoad - Attribute (`userPassword`)  - enhanced for lazy-loading? - false
[DEBUG] 2020-02-18 09:11:26.859 [main] TwoPhaseLoad - Done materializing entity [edu.matc.entity.User#3]
[DEBUG] 2020-02-18 09:11:26.859 [main] TwoPhaseLoad - Resolving attributes for [edu.matc.entity.User#4]
[DEBUG] 2020-02-18 09:11:26.859 [main] TwoPhaseLoad - Processing attribute `userName` : value = FlowerDaisy
[DEBUG] 2020-02-18 09:11:26.859 [main] TwoPhaseLoad - Attribute (`userName`)  - enhanced for lazy-loading? - false
[DEBUG] 2020-02-18 09:11:26.861 [main] TwoPhaseLoad - Processing attribute `userPassword` : value = ILikeFlowers
[DEBUG] 2020-02-18 09:11:26.861 [main] TwoPhaseLoad - Attribute (`userPassword`)  - enhanced for lazy-loading? - false
[DEBUG] 2020-02-18 09:11:26.861 [main] TwoPhaseLoad - Done materializing entity [edu.matc.entity.User#4]
[DEBUG] 2020-02-18 09:11:26.862 [main] LogicalConnectionManagedImpl - Initiating JDBC connection release from afterTransaction
[DEBUG] 2020-02-18 09:11:27.015 [main] CriteriaQueryImpl - Rendered criteria query -> select generatedAlias0 from User as generatedAlias0 where generatedAlias0.userName like :param0
[DEBUG] 2020-02-18 09:11:27.016 [main] QueryTranslatorImpl - parse() - HQL: select generatedAlias0 from edu.matc.entity.User as generatedAlias0 where generatedAlias0.userName like :param0
[DEBUG] 2020-02-18 09:11:27.020 [main] ErrorTracker - throwQueryException() : no errors
[DEBUG] 2020-02-18 09:11:27.022 [main] QueryTranslatorImpl - --- HQL AST ---
 \-[QUERY] Node: 'query'
    +-[SELECT_FROM] Node: 'SELECT_FROM'
    |  +-[FROM] Node: 'from'
    |  |  \-[RANGE] Node: 'RANGE'
    |  |     +-[DOT] Node: '.'
    |  |     |  +-[DOT] Node: '.'
    |  |     |  |  +-[DOT] Node: '.'
    |  |     |  |  |  +-[IDENT] Node: 'edu'
    |  |     |  |  |  \-[IDENT] Node: 'matc'
    |  |     |  |  \-[IDENT] Node: 'entity'
    |  |     |  \-[IDENT] Node: 'User'
    |  |     \-[ALIAS] Node: 'generatedAlias0'
    |  \-[SELECT] Node: 'select'
    |     \-[IDENT] Node: 'generatedAlias0'
    \-[WHERE] Node: 'where'
       \-[LIKE] Node: 'like'
          +-[DOT] Node: '.'
          |  +-[IDENT] Node: 'generatedAlias0'
          |  \-[IDENT] Node: 'userName'
          \-[COLON] Node: ':'
             \-[IDENT] Node: 'param0'

[DEBUG] 2020-02-18 09:11:27.022 [main] HqlSqlBaseWalker - select << begin [level=1, statement=select]
[DEBUG] 2020-02-18 09:11:27.023 [main] FromElement - FromClause{level=1} : edu.matc.entity.User (generatedAlias0) -> user0_
[DEBUG] 2020-02-18 09:11:27.023 [main] FromReferenceNode - Resolved : generatedAlias0 -> user0_.id
[DEBUG] 2020-02-18 09:11:27.026 [main] FromReferenceNode - Resolved : generatedAlias0 -> user0_.id
[DEBUG] 2020-02-18 09:11:27.027 [main] DotNode - getDataType() : userName -> org.hibernate.type.StringType@51d9b06c
[DEBUG] 2020-02-18 09:11:27.029 [main] FromReferenceNode - Resolved : generatedAlias0.userName -> user0_.user_name
[DEBUG] 2020-02-18 09:11:27.030 [main] HqlSqlBaseWalker - select : finishing up [level=1, statement=select]
[DEBUG] 2020-02-18 09:11:27.031 [main] HqlSqlWalker - processQuery() :  ( SELECT ( {select clause} user0_.id ) ( FromClause{level=1} USERS user0_ ) ( where ( like ( user0_.user_name user0_.id userName ) ? ) ) )
[DEBUG] 2020-02-18 09:11:27.031 [main] JoinProcessor - Using FROM fragment [USERS user0_]
[DEBUG] 2020-02-18 09:11:27.031 [main] HqlSqlBaseWalker - select >> end [level=1, statement=select]
[DEBUG] 2020-02-18 09:11:27.033 [main] QueryTranslatorImpl - --- SQL AST ---
 \-[SELECT] QueryNode: 'SELECT'  querySpaces (USERS)
    +-[SELECT_CLAUSE] SelectClause: '{select clause}'
    |  +-[ALIAS_REF] IdentNode: 'user0_.id as id1_0_' {alias=generatedAlias0, className=edu.matc.entity.User, tableAlias=user0_}
    |  \-[SQL_TOKEN] SqlFragment: 'user0_.user_name as user_nam2_0_, user0_.user_password as user_pas3_0_'
    +-[FROM] FromClause: 'from' FromClause{level=1, fromElementCounter=1, fromElements=1, fromElementByClassAlias=[generatedAlias0], fromElementByTableAlias=[user0_], fromElementsByPath=[], collectionJoinFromElementsByPath=[], impliedElements=[]}
    |  \-[FROM_FRAGMENT] FromElement: 'USERS user0_' FromElement{explicit,not a collection join,not a fetch join,fetch non-lazy properties,classAlias=generatedAlias0,role=null,tableName=USERS,tableAlias=user0_,origin=null,columns={,className=edu.matc.entity.User}}
    \-[WHERE] SqlNode: 'where'
       \-[LIKE] BinaryLogicOperatorNode: 'like'
          +-[DOT] DotNode: 'user0_.user_name' {propertyName=userName,dereferenceType=PRIMITIVE,getPropertyPath=userName,path=generatedAlias0.userName,tableAlias=user0_,className=edu.matc.entity.User,classAlias=generatedAlias0}
          |  +-[ALIAS_REF] IdentNode: 'user0_.id' {alias=generatedAlias0, className=edu.matc.entity.User, tableAlias=user0_}
          |  \-[IDENT] IdentNode: 'userName' {originalText=userName}
          \-[NAMED_PARAM] ParameterNode: '?' {name=param0, expectedType=org.hibernate.type.StringType@51d9b06c}

[DEBUG] 2020-02-18 09:11:27.033 [main] ErrorTracker - throwQueryException() : no errors
[DEBUG] 2020-02-18 09:11:27.034 [main] QueryTranslatorImpl - HQL: select generatedAlias0 from edu.matc.entity.User as generatedAlias0 where generatedAlias0.userName like :param0
[DEBUG] 2020-02-18 09:11:27.035 [main] QueryTranslatorImpl - SQL: select user0_.id as id1_0_, user0_.user_name as user_nam2_0_, user0_.user_password as user_pas3_0_ from USERS user0_ where user0_.user_name like ?
[DEBUG] 2020-02-18 09:11:27.035 [main] ErrorTracker - throwQueryException() : no errors
[DEBUG] 2020-02-18 09:11:27.040 [main] SQL - select user0_.id as id1_0_, user0_.user_name as user_nam2_0_, user0_.user_password as user_pas3_0_ from USERS user0_ where user0_.user_name like ?
[DEBUG] 2020-02-18 09:11:27.046 [main] Loader - Result set row: 0
[DEBUG] 2020-02-18 09:11:27.046 [main] Loader - Result row: EntityKey[edu.matc.entity.User#2]
[DEBUG] 2020-02-18 09:11:27.048 [main] TwoPhaseLoad - Resolving attributes for [edu.matc.entity.User#2]
[DEBUG] 2020-02-18 09:11:27.048 [main] TwoPhaseLoad - Processing attribute `userName` : value = Jane_Doe
[DEBUG] 2020-02-18 09:11:27.048 [main] TwoPhaseLoad - Attribute (`userName`)  - enhanced for lazy-loading? - false
[DEBUG] 2020-02-18 09:11:27.048 [main] TwoPhaseLoad - Processing attribute `userPassword` : value = welcome123
[DEBUG] 2020-02-18 09:11:27.048 [main] TwoPhaseLoad - Attribute (`userPassword`)  - enhanced for lazy-loading? - false
[DEBUG] 2020-02-18 09:11:27.048 [main] TwoPhaseLoad - Done materializing entity [edu.matc.entity.User#2]
[DEBUG] 2020-02-18 09:11:27.048 [main] LogicalConnectionManagedImpl - Initiating JDBC connection release from afterTransaction
[DEBUG] 2020-02-18 09:11:27.172 [main] CriteriaQueryImpl - Rendered criteria query -> select generatedAlias0 from User as generatedAlias0 where generatedAlias0.userName like :param0
[DEBUG] 2020-02-18 09:11:27.172 [main] SQL - select user0_.id as id1_0_, user0_.user_name as user_nam2_0_, user0_.user_password as user_pas3_0_ from USERS user0_ where user0_.user_name like ?
[DEBUG] 2020-02-18 09:11:27.174 [main] Loader - Result set row: 0
[DEBUG] 2020-02-18 09:11:27.174 [main] Loader - Result row: EntityKey[edu.matc.entity.User#3]
[DEBUG] 2020-02-18 09:11:27.174 [main] Loader - Result set row: 1
[DEBUG] 2020-02-18 09:11:27.174 [main] Loader - Result row: EntityKey[edu.matc.entity.User#4]
[DEBUG] 2020-02-18 09:11:27.174 [main] TwoPhaseLoad - Resolving attributes for [edu.matc.entity.User#3]
[DEBUG] 2020-02-18 09:11:27.174 [main] TwoPhaseLoad - Processing attribute `userName` : value = WaltD
[DEBUG] 2020-02-18 09:11:27.174 [main] TwoPhaseLoad - Attribute (`userName`)  - enhanced for lazy-loading? - false
[DEBUG] 2020-02-18 09:11:27.174 [main] TwoPhaseLoad - Processing attribute `userPassword` : value = 321xyz
[DEBUG] 2020-02-18 09:11:27.174 [main] TwoPhaseLoad - Attribute (`userPassword`)  - enhanced for lazy-loading? - false
[DEBUG] 2020-02-18 09:11:27.174 [main] TwoPhaseLoad - Done materializing entity [edu.matc.entity.User#3]
[DEBUG] 2020-02-18 09:11:27.177 [main] TwoPhaseLoad - Resolving attributes for [edu.matc.entity.User#4]
[DEBUG] 2020-02-18 09:11:27.177 [main] TwoPhaseLoad - Processing attribute `userName` : value = FlowerDaisy
[DEBUG] 2020-02-18 09:11:27.177 [main] TwoPhaseLoad - Attribute (`userName`)  - enhanced for lazy-loading? - false
[DEBUG] 2020-02-18 09:11:27.178 [main] TwoPhaseLoad - Processing attribute `userPassword` : value = ILikeFlowers
[DEBUG] 2020-02-18 09:11:27.178 [main] TwoPhaseLoad - Attribute (`userPassword`)  - enhanced for lazy-loading? - false
[DEBUG] 2020-02-18 09:11:27.178 [main] TwoPhaseLoad - Done materializing entity [edu.matc.entity.User#4]
[DEBUG] 2020-02-18 09:11:27.180 [main] LogicalConnectionManagedImpl - Initiating JDBC connection release from afterTransaction
[DEBUG] 2020-02-18 09:11:27.319 [main] SQL - select user0_.id as id1_0_0_, user0_.user_name as user_nam2_0_0_, user0_.user_password as user_pas3_0_0_ from USERS user0_ where user0_.id=?
[DEBUG] 2020-02-18 09:11:27.322 [main] ResultSetProcessorImpl - Starting ResultSet row #0
[DEBUG] 2020-02-18 09:11:27.322 [main] EntityReferenceInitializerImpl - On call to EntityIdentifierReaderImpl#resolve, EntityKey was already known; should only happen on root returns with an optional identifier specified
[DEBUG] 2020-02-18 09:11:27.322 [main] TwoPhaseLoad - Resolving attributes for [edu.matc.entity.User#3]
[DEBUG] 2020-02-18 09:11:27.322 [main] TwoPhaseLoad - Processing attribute `userName` : value = WaltD
[DEBUG] 2020-02-18 09:11:27.322 [main] TwoPhaseLoad - Attribute (`userName`)  - enhanced for lazy-loading? - false
[DEBUG] 2020-02-18 09:11:27.322 [main] TwoPhaseLoad - Processing attribute `userPassword` : value = 321xyz
[DEBUG] 2020-02-18 09:11:27.322 [main] TwoPhaseLoad - Attribute (`userPassword`)  - enhanced for lazy-loading? - false
[DEBUG] 2020-02-18 09:11:27.323 [main] TwoPhaseLoad - Done materializing entity [edu.matc.entity.User#3]
[DEBUG] 2020-02-18 09:11:27.323 [main] ResourceRegistryStandardImpl - HHH000387: ResultSet's statement was not registered
[DEBUG] 2020-02-18 09:11:27.323 [main] AbstractLoadPlanBasedEntityLoader - Done entity load : edu.matc.entity.User#3
[DEBUG] 2020-02-18 09:11:27.323 [main] LogicalConnectionManagedImpl - Initiating JDBC connection release from afterTransaction
[DEBUG] 2020-02-18 09:11:27.459 [main] SQL - select user0_.id as id1_0_0_, user0_.user_name as user_nam2_0_0_, user0_.user_password as user_pas3_0_0_ from USERS user0_ where user0_.id=?
[DEBUG] 2020-02-18 09:11:27.461 [main] ResultSetProcessorImpl - Starting ResultSet row #0
[DEBUG] 2020-02-18 09:11:27.461 [main] EntityReferenceInitializerImpl - On call to EntityIdentifierReaderImpl#resolve, EntityKey was already known; should only happen on root returns with an optional identifier specified
[DEBUG] 2020-02-18 09:11:27.462 [main] TwoPhaseLoad - Resolving attributes for [edu.matc.entity.User#2]
[DEBUG] 2020-02-18 09:11:27.462 [main] TwoPhaseLoad - Processing attribute `userName` : value = Jane_Doe
[DEBUG] 2020-02-18 09:11:27.462 [main] TwoPhaseLoad - Attribute (`userName`)  - enhanced for lazy-loading? - false
[DEBUG] 2020-02-18 09:11:27.462 [main] TwoPhaseLoad - Processing attribute `userPassword` : value = welcome123
[DEBUG] 2020-02-18 09:11:27.462 [main] TwoPhaseLoad - Attribute (`userPassword`)  - enhanced for lazy-loading? - false
[DEBUG] 2020-02-18 09:11:27.463 [main] TwoPhaseLoad - Done materializing entity [edu.matc.entity.User#2]
[DEBUG] 2020-02-18 09:11:27.463 [main] ResourceRegistryStandardImpl - HHH000387: ResultSet's statement was not registered
[DEBUG] 2020-02-18 09:11:27.463 [main] AbstractLoadPlanBasedEntityLoader - Done entity load : edu.matc.entity.User#2
[DEBUG] 2020-02-18 09:11:27.463 [main] LogicalConnectionManagedImpl - Initiating JDBC connection release from afterTransaction
[DEBUG] 2020-02-18 09:11:27.467 [main] SQL - select user0_.id as id1_0_0_, user0_.user_name as user_nam2_0_0_, user0_.user_password as user_pas3_0_0_ from USERS user0_ where user0_.id=?
[DEBUG] 2020-02-18 09:11:27.471 [main] ResultSetProcessorImpl - Starting ResultSet row #0
[DEBUG] 2020-02-18 09:11:27.471 [main] EntityReferenceInitializerImpl - On call to EntityIdentifierReaderImpl#resolve, EntityKey was already known; should only happen on root returns with an optional identifier specified
[DEBUG] 2020-02-18 09:11:27.472 [main] TwoPhaseLoad - Resolving attributes for [edu.matc.entity.User#3]
[DEBUG] 2020-02-18 09:11:27.472 [main] TwoPhaseLoad - Processing attribute `userName` : value = WaltD
[DEBUG] 2020-02-18 09:11:27.472 [main] TwoPhaseLoad - Attribute (`userName`)  - enhanced for lazy-loading? - false
[DEBUG] 2020-02-18 09:11:27.472 [main] TwoPhaseLoad - Processing attribute `userPassword` : value = 321xyz
[DEBUG] 2020-02-18 09:11:27.472 [main] TwoPhaseLoad - Attribute (`userPassword`)  - enhanced for lazy-loading? - false
[DEBUG] 2020-02-18 09:11:27.473 [main] TwoPhaseLoad - Done materializing entity [edu.matc.entity.User#3]
[DEBUG] 2020-02-18 09:11:27.473 [main] ResourceRegistryStandardImpl - HHH000387: ResultSet's statement was not registered
[DEBUG] 2020-02-18 09:11:27.473 [main] AbstractLoadPlanBasedEntityLoader - Done entity load : edu.matc.entity.User#3
[DEBUG] 2020-02-18 09:11:27.474 [main] LogicalConnectionManagedImpl - Initiating JDBC connection release from afterTransaction
[DEBUG] 2020-02-18 09:11:27.704 [main] TransactionImpl - On TransactionImpl creation, JpaCompliance#isJpaTransactionComplianceEnabled == false
[DEBUG] 2020-02-18 09:11:27.706 [main] TransactionImpl - begin
[DEBUG] 2020-02-18 09:11:27.714 [main] ActionQueue - Executing identity-insert immediately
[DEBUG] 2020-02-18 09:11:27.716 [main] SQL - insert into USERS (user_name, user_password) values (?, ?)
[DEBUG] 2020-02-18 09:11:27.735 [main] IdentifierGeneratorHelper - Natively generated identity: 10
[DEBUG] 2020-02-18 09:11:27.735 [main] ResourceRegistryStandardImpl - HHH000387: ResultSet's statement was not registered
[DEBUG] 2020-02-18 09:11:27.737 [main] TransactionImpl - committing
[DEBUG] 2020-02-18 09:11:27.738 [main] AbstractFlushingEventListener - Processing flush-time cascades
[DEBUG] 2020-02-18 09:11:27.738 [main] AbstractFlushingEventListener - Dirty checking collections
[DEBUG] 2020-02-18 09:11:27.738 [main] AbstractFlushingEventListener - Flushed: 0 insertions, 0 updates, 0 deletions to 1 objects
[DEBUG] 2020-02-18 09:11:27.738 [main] AbstractFlushingEventListener - Flushed: 0 (re)creations, 0 updates, 0 removals to 0 collections
[DEBUG] 2020-02-18 09:11:27.738 [main] EntityPrinter - Listing entities:
[DEBUG] 2020-02-18 09:11:27.738 [main] EntityPrinter - edu.matc.entity.User{userPassword=fflintstone55, userName=FredFlintstone, userId=10}
[DEBUG] 2020-02-18 09:11:27.740 [main] LogicalConnectionManagedImpl - Initiating JDBC connection release from afterTransaction
[DEBUG] 2020-02-18 09:11:27.740 [main] LogicalConnectionManagedImpl - Initiating JDBC connection release from afterTransaction
[DEBUG] 2020-02-18 09:11:27.742 [main] SQL - select user0_.id as id1_0_0_, user0_.user_name as user_nam2_0_0_, user0_.user_password as user_pas3_0_0_ from USERS user0_ where user0_.id=?
[DEBUG] 2020-02-18 09:11:27.743 [main] ResultSetProcessorImpl - Starting ResultSet row #0
[DEBUG] 2020-02-18 09:11:27.744 [main] EntityReferenceInitializerImpl - On call to EntityIdentifierReaderImpl#resolve, EntityKey was already known; should only happen on root returns with an optional identifier specified
[DEBUG] 2020-02-18 09:11:27.744 [main] TwoPhaseLoad - Resolving attributes for [edu.matc.entity.User#10]
[DEBUG] 2020-02-18 09:11:27.744 [main] TwoPhaseLoad - Processing attribute `userName` : value = FredFlintstone
[DEBUG] 2020-02-18 09:11:27.744 [main] TwoPhaseLoad - Attribute (`userName`)  - enhanced for lazy-loading? - false
[DEBUG] 2020-02-18 09:11:27.744 [main] TwoPhaseLoad - Processing attribute `userPassword` : value = fflintstone55
[DEBUG] 2020-02-18 09:11:27.744 [main] TwoPhaseLoad - Attribute (`userPassword`)  - enhanced for lazy-loading? - false
[DEBUG] 2020-02-18 09:11:27.744 [main] TwoPhaseLoad - Done materializing entity [edu.matc.entity.User#10]
[DEBUG] 2020-02-18 09:11:27.744 [main] ResourceRegistryStandardImpl - HHH000387: ResultSet's statement was not registered
[DEBUG] 2020-02-18 09:11:27.744 [main] AbstractLoadPlanBasedEntityLoader - Done entity load : edu.matc.entity.User#10
[DEBUG] 2020-02-18 09:11:27.748 [main] LogicalConnectionManagedImpl - Initiating JDBC connection release from afterTransaction
