[DEBUG] 2020-02-18 09:15:30.035 [main] IntegratorServiceImpl - Adding Integrator [org.hibernate.cfg.beanvalidation.BeanValidationIntegrator].
[DEBUG] 2020-02-18 09:15:30.052 [main] IntegratorServiceImpl - Adding Integrator [org.hibernate.secure.spi.JaccIntegrator].
[DEBUG] 2020-02-18 09:15:30.057 [main] IntegratorServiceImpl - Adding Integrator [org.hibernate.cache.internal.CollectionCacheInvalidator].
[INFO ] 2020-02-18 09:15:30.157 [main] Version - HHH000412: Hibernate Core {5.4.4.Final}
[DEBUG] 2020-02-18 09:15:30.161 [main] Environment - HHH000206: hibernate.properties not found
[DEBUG] 2020-02-18 09:15:30.576 [main] JaxbCfgProcessor - cfg.xml document did not define namespaces; wrapping in custom event reader to introduce namespace information
[DEBUG] 2020-02-18 09:15:31.186 [main] ServiceBinding - Overriding existing service binding [org.hibernate.secure.spi.JaccService]
[DEBUG] 2020-02-18 09:15:31.253 [main] RegionFactoryInitiator - Cannot default RegionFactory based on registered strategies as `[]` RegionFactory strategies were registered
[DEBUG] 2020-02-18 09:15:31.254 [main] RegionFactoryInitiator - Cache region factory : org.hibernate.cache.internal.NoCachingRegionFactory
[INFO ] 2020-02-18 09:15:31.294 [main] Version - HCANN000001: Hibernate Commons Annotations {5.1.0.Final}
[DEBUG] 2020-02-18 09:15:31.382 [main] BasicTypeRegistry - Adding type registration boolean -> org.hibernate.type.BooleanType@65ddee5a
[DEBUG] 2020-02-18 09:15:31.384 [main] BasicTypeRegistry - Adding type registration boolean -> org.hibernate.type.BooleanType@65ddee5a
[DEBUG] 2020-02-18 09:15:31.384 [main] BasicTypeRegistry - Adding type registration java.lang.Boolean -> org.hibernate.type.BooleanType@65ddee5a
[DEBUG] 2020-02-18 09:15:31.385 [main] BasicTypeRegistry - Adding type registration numeric_boolean -> org.hibernate.type.NumericBooleanType@49d831c2
[DEBUG] 2020-02-18 09:15:31.386 [main] BasicTypeRegistry - Adding type registration true_false -> org.hibernate.type.TrueFalseType@ef60710
[DEBUG] 2020-02-18 09:15:31.387 [main] BasicTypeRegistry - Adding type registration yes_no -> org.hibernate.type.YesNoType@5e1fc42f
[DEBUG] 2020-02-18 09:15:31.388 [main] BasicTypeRegistry - Adding type registration byte -> org.hibernate.type.ByteType@7c601d50
[DEBUG] 2020-02-18 09:15:31.388 [main] BasicTypeRegistry - Adding type registration byte -> org.hibernate.type.ByteType@7c601d50
[DEBUG] 2020-02-18 09:15:31.388 [main] BasicTypeRegistry - Adding type registration java.lang.Byte -> org.hibernate.type.ByteType@7c601d50
[DEBUG] 2020-02-18 09:15:31.389 [main] BasicTypeRegistry - Adding type registration character -> org.hibernate.type.CharacterType@661d88a
[DEBUG] 2020-02-18 09:15:31.389 [main] BasicTypeRegistry - Adding type registration char -> org.hibernate.type.CharacterType@661d88a
[DEBUG] 2020-02-18 09:15:31.390 [main] BasicTypeRegistry - Adding type registration java.lang.Character -> org.hibernate.type.CharacterType@661d88a
[DEBUG] 2020-02-18 09:15:31.392 [main] BasicTypeRegistry - Adding type registration short -> org.hibernate.type.ShortType@3662bdff
[DEBUG] 2020-02-18 09:15:31.392 [main] BasicTypeRegistry - Adding type registration short -> org.hibernate.type.ShortType@3662bdff
[DEBUG] 2020-02-18 09:15:31.393 [main] BasicTypeRegistry - Adding type registration java.lang.Short -> org.hibernate.type.ShortType@3662bdff
[DEBUG] 2020-02-18 09:15:31.402 [main] BasicTypeRegistry - Adding type registration integer -> org.hibernate.type.IntegerType@444f44c5
[DEBUG] 2020-02-18 09:15:31.402 [main] BasicTypeRegistry - Adding type registration int -> org.hibernate.type.IntegerType@444f44c5
[DEBUG] 2020-02-18 09:15:31.402 [main] BasicTypeRegistry - Adding type registration java.lang.Integer -> org.hibernate.type.IntegerType@444f44c5
[DEBUG] 2020-02-18 09:15:31.403 [main] BasicTypeRegistry - Adding type registration long -> org.hibernate.type.LongType@553bc36c
[DEBUG] 2020-02-18 09:15:31.404 [main] BasicTypeRegistry - Adding type registration long -> org.hibernate.type.LongType@553bc36c
[DEBUG] 2020-02-18 09:15:31.404 [main] BasicTypeRegistry - Adding type registration java.lang.Long -> org.hibernate.type.LongType@553bc36c
[DEBUG] 2020-02-18 09:15:31.406 [main] BasicTypeRegistry - Adding type registration float -> org.hibernate.type.FloatType@6c6017b9
[DEBUG] 2020-02-18 09:15:31.409 [main] BasicTypeRegistry - Adding type registration float -> org.hibernate.type.FloatType@6c6017b9
[DEBUG] 2020-02-18 09:15:31.409 [main] BasicTypeRegistry - Adding type registration java.lang.Float -> org.hibernate.type.FloatType@6c6017b9
[DEBUG] 2020-02-18 09:15:31.410 [main] BasicTypeRegistry - Adding type registration double -> org.hibernate.type.DoubleType@35a0e495
[DEBUG] 2020-02-18 09:15:31.411 [main] BasicTypeRegistry - Adding type registration double -> org.hibernate.type.DoubleType@35a0e495
[DEBUG] 2020-02-18 09:15:31.411 [main] BasicTypeRegistry - Adding type registration java.lang.Double -> org.hibernate.type.DoubleType@35a0e495
[DEBUG] 2020-02-18 09:15:31.413 [main] BasicTypeRegistry - Adding type registration big_decimal -> org.hibernate.type.BigDecimalType@48f4713c
[DEBUG] 2020-02-18 09:15:31.418 [main] BasicTypeRegistry - Adding type registration java.math.BigDecimal -> org.hibernate.type.BigDecimalType@48f4713c
[DEBUG] 2020-02-18 09:15:31.419 [main] BasicTypeRegistry - Adding type registration big_integer -> org.hibernate.type.BigIntegerType@7b66322e
[DEBUG] 2020-02-18 09:15:31.420 [main] BasicTypeRegistry - Adding type registration java.math.BigInteger -> org.hibernate.type.BigIntegerType@7b66322e
[DEBUG] 2020-02-18 09:15:31.425 [main] BasicTypeRegistry - Adding type registration string -> org.hibernate.type.StringType@dd71b20
[DEBUG] 2020-02-18 09:15:31.425 [main] BasicTypeRegistry - Adding type registration java.lang.String -> org.hibernate.type.StringType@dd71b20
[DEBUG] 2020-02-18 09:15:31.427 [main] BasicTypeRegistry - Adding type registration nstring -> org.hibernate.type.StringNVarcharType@3a894088
[DEBUG] 2020-02-18 09:15:31.427 [main] BasicTypeRegistry - Adding type registration ncharacter -> org.hibernate.type.CharacterNCharType@42fb8c87
[DEBUG] 2020-02-18 09:15:31.428 [main] BasicTypeRegistry - Adding type registration url -> org.hibernate.type.UrlType@4098dd77
[DEBUG] 2020-02-18 09:15:31.429 [main] BasicTypeRegistry - Adding type registration java.net.URL -> org.hibernate.type.UrlType@4098dd77
[DEBUG] 2020-02-18 09:15:31.431 [main] BasicTypeRegistry - Adding type registration Duration -> org.hibernate.type.DurationType@49c17ba4
[DEBUG] 2020-02-18 09:15:31.431 [main] BasicTypeRegistry - Adding type registration java.time.Duration -> org.hibernate.type.DurationType@49c17ba4
[DEBUG] 2020-02-18 09:15:31.448 [main] BasicTypeRegistry - Adding type registration Instant -> org.hibernate.type.InstantType@490c7a83
[DEBUG] 2020-02-18 09:15:31.448 [main] BasicTypeRegistry - Adding type registration java.time.Instant -> org.hibernate.type.InstantType@490c7a83
[DEBUG] 2020-02-18 09:15:31.453 [main] BasicTypeRegistry - Adding type registration LocalDateTime -> org.hibernate.type.LocalDateTimeType@5478ce1e
[DEBUG] 2020-02-18 09:15:31.453 [main] BasicTypeRegistry - Adding type registration java.time.LocalDateTime -> org.hibernate.type.LocalDateTimeType@5478ce1e
[DEBUG] 2020-02-18 09:15:31.457 [main] BasicTypeRegistry - Adding type registration LocalDate -> org.hibernate.type.LocalDateType@3337d04c
[DEBUG] 2020-02-18 09:15:31.457 [main] BasicTypeRegistry - Adding type registration java.time.LocalDate -> org.hibernate.type.LocalDateType@3337d04c
[DEBUG] 2020-02-18 09:15:31.462 [main] BasicTypeRegistry - Adding type registration LocalTime -> org.hibernate.type.LocalTimeType@4c447c09
[DEBUG] 2020-02-18 09:15:31.463 [main] BasicTypeRegistry - Adding type registration java.time.LocalTime -> org.hibernate.type.LocalTimeType@4c447c09
[DEBUG] 2020-02-18 09:15:31.464 [main] BasicTypeRegistry - Adding type registration OffsetDateTime -> org.hibernate.type.OffsetDateTimeType@37637a24
[DEBUG] 2020-02-18 09:15:31.464 [main] BasicTypeRegistry - Adding type registration java.time.OffsetDateTime -> org.hibernate.type.OffsetDateTimeType@37637a24
[DEBUG] 2020-02-18 09:15:31.467 [main] BasicTypeRegistry - Adding type registration OffsetTime -> org.hibernate.type.OffsetTimeType@120d3fd
[DEBUG] 2020-02-18 09:15:31.467 [main] BasicTypeRegistry - Adding type registration java.time.OffsetTime -> org.hibernate.type.OffsetTimeType@120d3fd
[DEBUG] 2020-02-18 09:15:31.473 [main] BasicTypeRegistry - Adding type registration ZonedDateTime -> org.hibernate.type.ZonedDateTimeType@541179e7
[DEBUG] 2020-02-18 09:15:31.473 [main] BasicTypeRegistry - Adding type registration java.time.ZonedDateTime -> org.hibernate.type.ZonedDateTimeType@541179e7
[DEBUG] 2020-02-18 09:15:31.477 [main] BasicTypeRegistry - Adding type registration date -> org.hibernate.type.DateType@4b5a078a
[DEBUG] 2020-02-18 09:15:31.478 [main] BasicTypeRegistry - Adding type registration java.sql.Date -> org.hibernate.type.DateType@4b5a078a
[DEBUG] 2020-02-18 09:15:31.479 [main] BasicTypeRegistry - Adding type registration time -> org.hibernate.type.TimeType@7cdbaa50
[DEBUG] 2020-02-18 09:15:31.479 [main] BasicTypeRegistry - Adding type registration java.sql.Time -> org.hibernate.type.TimeType@7cdbaa50
[DEBUG] 2020-02-18 09:15:31.482 [main] BasicTypeRegistry - Adding type registration timestamp -> org.hibernate.type.TimestampType@37496720
[DEBUG] 2020-02-18 09:15:31.483 [main] BasicTypeRegistry - Adding type registration java.sql.Timestamp -> org.hibernate.type.TimestampType@37496720
[DEBUG] 2020-02-18 09:15:31.483 [main] BasicTypeRegistry - Adding type registration java.util.Date -> org.hibernate.type.TimestampType@37496720
[DEBUG] 2020-02-18 09:15:31.485 [main] BasicTypeRegistry - Adding type registration dbtimestamp -> org.hibernate.type.DbTimestampType@521bb1a4
[DEBUG] 2020-02-18 09:15:31.488 [main] BasicTypeRegistry - Adding type registration calendar -> org.hibernate.type.CalendarType@7593ea79
[DEBUG] 2020-02-18 09:15:31.489 [main] BasicTypeRegistry - Adding type registration java.util.Calendar -> org.hibernate.type.CalendarType@7593ea79
[DEBUG] 2020-02-18 09:15:31.489 [main] BasicTypeRegistry - Adding type registration java.util.GregorianCalendar -> org.hibernate.type.CalendarType@7593ea79
[DEBUG] 2020-02-18 09:15:31.492 [main] BasicTypeRegistry - Adding type registration calendar_date -> org.hibernate.type.CalendarDateType@68ee3b6d
[DEBUG] 2020-02-18 09:15:31.493 [main] BasicTypeRegistry - Adding type registration locale -> org.hibernate.type.LocaleType@19a31b9d
[DEBUG] 2020-02-18 09:15:31.494 [main] BasicTypeRegistry - Adding type registration java.util.Locale -> org.hibernate.type.LocaleType@19a31b9d
[DEBUG] 2020-02-18 09:15:31.498 [main] BasicTypeRegistry - Adding type registration currency -> org.hibernate.type.CurrencyType@6468a7b6
[DEBUG] 2020-02-18 09:15:31.501 [main] BasicTypeRegistry - Adding type registration java.util.Currency -> org.hibernate.type.CurrencyType@6468a7b6
[DEBUG] 2020-02-18 09:15:31.502 [main] BasicTypeRegistry - Adding type registration timezone -> org.hibernate.type.TimeZoneType@6af91cc8
[DEBUG] 2020-02-18 09:15:31.502 [main] BasicTypeRegistry - Adding type registration java.util.TimeZone -> org.hibernate.type.TimeZoneType@6af91cc8
[DEBUG] 2020-02-18 09:15:31.503 [main] BasicTypeRegistry - Adding type registration class -> org.hibernate.type.ClassType@107bfcb2
[DEBUG] 2020-02-18 09:15:31.503 [main] BasicTypeRegistry - Adding type registration java.lang.Class -> org.hibernate.type.ClassType@107bfcb2
[DEBUG] 2020-02-18 09:15:31.506 [main] BasicTypeRegistry - Adding type registration uuid-binary -> org.hibernate.type.UUIDBinaryType@17092fff
[DEBUG] 2020-02-18 09:15:31.506 [main] BasicTypeRegistry - Adding type registration java.util.UUID -> org.hibernate.type.UUIDBinaryType@17092fff
[DEBUG] 2020-02-18 09:15:31.509 [main] BasicTypeRegistry - Adding type registration uuid-char -> org.hibernate.type.UUIDCharType@462e1e64
[DEBUG] 2020-02-18 09:15:31.513 [main] BasicTypeRegistry - Adding type registration binary -> org.hibernate.type.BinaryType@46e64760
[DEBUG] 2020-02-18 09:15:31.513 [main] BasicTypeRegistry - Adding type registration byte[] -> org.hibernate.type.BinaryType@46e64760
[DEBUG] 2020-02-18 09:15:31.513 [main] BasicTypeRegistry - Adding type registration [B -> org.hibernate.type.BinaryType@46e64760
[DEBUG] 2020-02-18 09:15:31.514 [main] BasicTypeRegistry - Adding type registration wrapper-binary -> org.hibernate.type.WrapperBinaryType@c017175
[DEBUG] 2020-02-18 09:15:31.517 [main] BasicTypeRegistry - Adding type registration Byte[] -> org.hibernate.type.WrapperBinaryType@c017175
[DEBUG] 2020-02-18 09:15:31.518 [main] BasicTypeRegistry - Adding type registration [Ljava.lang.Byte; -> org.hibernate.type.WrapperBinaryType@c017175
[DEBUG] 2020-02-18 09:15:31.519 [main] BasicTypeRegistry - Adding type registration row_version -> org.hibernate.type.RowVersionType@68565bc7
[DEBUG] 2020-02-18 09:15:31.520 [main] BasicTypeRegistry - Adding type registration image -> org.hibernate.type.ImageType@11e355ca
[DEBUG] 2020-02-18 09:15:31.522 [main] BasicTypeRegistry - Adding type registration characters -> org.hibernate.type.CharArrayType@3b705be7
[DEBUG] 2020-02-18 09:15:31.522 [main] BasicTypeRegistry - Adding type registration char[] -> org.hibernate.type.CharArrayType@3b705be7
[DEBUG] 2020-02-18 09:15:31.522 [main] BasicTypeRegistry - Adding type registration [C -> org.hibernate.type.CharArrayType@3b705be7
[DEBUG] 2020-02-18 09:15:31.525 [main] BasicTypeRegistry - Adding type registration wrapper-characters -> org.hibernate.type.CharacterArrayType@63d5874f
[DEBUG] 2020-02-18 09:15:31.525 [main] BasicTypeRegistry - Adding type registration [Ljava.lang.Character; -> org.hibernate.type.CharacterArrayType@63d5874f
[DEBUG] 2020-02-18 09:15:31.525 [main] BasicTypeRegistry - Adding type registration Character[] -> org.hibernate.type.CharacterArrayType@63d5874f
[DEBUG] 2020-02-18 09:15:31.526 [main] BasicTypeRegistry - Adding type registration text -> org.hibernate.type.TextType@23a918c7
[DEBUG] 2020-02-18 09:15:31.527 [main] BasicTypeRegistry - Adding type registration ntext -> org.hibernate.type.NTextType@4b4ee511
[DEBUG] 2020-02-18 09:15:31.529 [main] BasicTypeRegistry - Adding type registration blob -> org.hibernate.type.BlobType@141d3d43
[DEBUG] 2020-02-18 09:15:31.530 [main] BasicTypeRegistry - Adding type registration java.sql.Blob -> org.hibernate.type.BlobType@141d3d43
[DEBUG] 2020-02-18 09:15:31.533 [main] BasicTypeRegistry - Adding type registration materialized_blob -> org.hibernate.type.MaterializedBlobType@135a8c6f
[DEBUG] 2020-02-18 09:15:31.535 [main] BasicTypeRegistry - Adding type registration clob -> org.hibernate.type.ClobType@43bf5397
[DEBUG] 2020-02-18 09:15:31.535 [main] BasicTypeRegistry - Adding type registration java.sql.Clob -> org.hibernate.type.ClobType@43bf5397
[DEBUG] 2020-02-18 09:15:31.538 [main] BasicTypeRegistry - Adding type registration nclob -> org.hibernate.type.NClobType@3679d92e
[DEBUG] 2020-02-18 09:15:31.538 [main] BasicTypeRegistry - Adding type registration java.sql.NClob -> org.hibernate.type.NClobType@3679d92e
[DEBUG] 2020-02-18 09:15:31.542 [main] BasicTypeRegistry - Adding type registration materialized_clob -> org.hibernate.type.MaterializedClobType@4ee25d80
[DEBUG] 2020-02-18 09:15:31.544 [main] BasicTypeRegistry - Adding type registration materialized_nclob -> org.hibernate.type.MaterializedNClobType@332bcab0
[DEBUG] 2020-02-18 09:15:31.547 [main] BasicTypeRegistry - Adding type registration serializable -> org.hibernate.type.SerializableType@31e130bf
[DEBUG] 2020-02-18 09:15:31.558 [main] BasicTypeRegistry - Adding type registration object -> org.hibernate.type.ObjectType@28f4f300
[DEBUG] 2020-02-18 09:15:31.558 [main] BasicTypeRegistry - Adding type registration java.lang.Object -> org.hibernate.type.ObjectType@28f4f300
[DEBUG] 2020-02-18 09:15:31.558 [main] BasicTypeRegistry - Adding type registration imm_date -> org.hibernate.type.AdaptedImmutableType@66933239
[DEBUG] 2020-02-18 09:15:31.558 [main] BasicTypeRegistry - Adding type registration imm_time -> org.hibernate.type.AdaptedImmutableType@2f7efd0b
[DEBUG] 2020-02-18 09:15:31.559 [main] BasicTypeRegistry - Adding type registration imm_timestamp -> org.hibernate.type.AdaptedImmutableType@41ad373
[DEBUG] 2020-02-18 09:15:31.561 [main] BasicTypeRegistry - Adding type registration imm_dbtimestamp -> org.hibernate.type.AdaptedImmutableType@6801b414
[DEBUG] 2020-02-18 09:15:31.562 [main] BasicTypeRegistry - Adding type registration imm_calendar -> org.hibernate.type.AdaptedImmutableType@177c41d7
[DEBUG] 2020-02-18 09:15:31.563 [main] BasicTypeRegistry - Adding type registration imm_calendar_date -> org.hibernate.type.AdaptedImmutableType@4f327096
[DEBUG] 2020-02-18 09:15:31.563 [main] BasicTypeRegistry - Adding type registration imm_binary -> org.hibernate.type.AdaptedImmutableType@1d61a348
[DEBUG] 2020-02-18 09:15:31.564 [main] BasicTypeRegistry - Adding type registration imm_serializable -> org.hibernate.type.AdaptedImmutableType@78a515e4
[DEBUG] 2020-02-18 09:15:31.631 [main] DefaultIdentifierGeneratorFactory - Registering IdentifierGenerator strategy [uuid2] -> [org.hibernate.id.UUIDGenerator]
[DEBUG] 2020-02-18 09:15:31.631 [main] DefaultIdentifierGeneratorFactory - Registering IdentifierGenerator strategy [guid] -> [org.hibernate.id.GUIDGenerator]
[DEBUG] 2020-02-18 09:15:31.635 [main] DefaultIdentifierGeneratorFactory - Registering IdentifierGenerator strategy [uuid] -> [org.hibernate.id.UUIDHexGenerator]
[DEBUG] 2020-02-18 09:15:31.635 [main] DefaultIdentifierGeneratorFactory - Registering IdentifierGenerator strategy [uuid.hex] -> [org.hibernate.id.UUIDHexGenerator]
[DEBUG] 2020-02-18 09:15:31.636 [main] DefaultIdentifierGeneratorFactory - Registering IdentifierGenerator strategy [assigned] -> [org.hibernate.id.Assigned]
[DEBUG] 2020-02-18 09:15:31.639 [main] DefaultIdentifierGeneratorFactory - Registering IdentifierGenerator strategy [identity] -> [org.hibernate.id.IdentityGenerator]
[DEBUG] 2020-02-18 09:15:31.644 [main] DefaultIdentifierGeneratorFactory - Registering IdentifierGenerator strategy [select] -> [org.hibernate.id.SelectGenerator]
[DEBUG] 2020-02-18 09:15:31.645 [main] DefaultIdentifierGeneratorFactory - Registering IdentifierGenerator strategy [sequence] -> [org.hibernate.id.enhanced.SequenceStyleGenerator]
[DEBUG] 2020-02-18 09:15:31.648 [main] DefaultIdentifierGeneratorFactory - Registering IdentifierGenerator strategy [seqhilo] -> [org.hibernate.id.SequenceHiLoGenerator]
[DEBUG] 2020-02-18 09:15:31.649 [main] DefaultIdentifierGeneratorFactory - Registering IdentifierGenerator strategy [increment] -> [org.hibernate.id.IncrementGenerator]
[DEBUG] 2020-02-18 09:15:31.649 [main] DefaultIdentifierGeneratorFactory - Registering IdentifierGenerator strategy [foreign] -> [org.hibernate.id.ForeignGenerator]
[DEBUG] 2020-02-18 09:15:31.651 [main] DefaultIdentifierGeneratorFactory - Registering IdentifierGenerator strategy [sequence-identity] -> [org.hibernate.id.SequenceIdentityGenerator]
[DEBUG] 2020-02-18 09:15:31.651 [main] DefaultIdentifierGeneratorFactory - Registering IdentifierGenerator strategy [enhanced-sequence] -> [org.hibernate.id.enhanced.SequenceStyleGenerator]
[DEBUG] 2020-02-18 09:15:31.652 [main] DefaultIdentifierGeneratorFactory - Registering IdentifierGenerator strategy [enhanced-table] -> [org.hibernate.id.enhanced.TableGenerator]
[INFO ] 2020-02-18 09:15:31.665 [main] C3P0ConnectionProvider - HHH010002: C3P0 using driver: com.mysql.cj.jdbc.Driver at URL: jdbc:mysql://localhost:3306/test_indieProject
[INFO ] 2020-02-18 09:15:31.665 [main] C3P0ConnectionProvider - HHH10001001: Connection properties: {password=****, user=root}
[INFO ] 2020-02-18 09:15:31.665 [main] C3P0ConnectionProvider - HHH10001003: Autocommit mode: false
[INFO ] 2020-02-18 09:15:31.976 [main] C3P0ConnectionProvider - HHH10001007: JDBC isolation level: <unknown>
[DEBUG] 2020-02-18 09:15:32.868 [main] JdbcEnvironmentInitiator - Database ->
       name : MySQL
    version : 8.0.16
      major : 8
      minor : 0
[DEBUG] 2020-02-18 09:15:32.868 [main] JdbcEnvironmentInitiator - Driver ->
       name : MySQL Connector/J
    version : mysql-connector-java-8.0.16 (Revision: 34cbc6bc61f72836e26327537a432d6db7c77de6)
      major : 8
      minor : 0
[DEBUG] 2020-02-18 09:15:32.868 [main] JdbcEnvironmentInitiator - JDBC version : 4.2
[INFO ] 2020-02-18 09:15:32.973 [main] Dialect - HHH000400: Using dialect: org.hibernate.dialect.MySQL8Dialect
[DEBUG] 2020-02-18 09:15:33.013 [main] IdentifierHelperBuilder - JDBC driver metadata reported database stores quoted identifiers in more than one case
[DEBUG] 2020-02-18 09:15:33.059 [main] IdentifierHelperBuilder - IdentifierCaseStrategy for both quoted and unquoted identifiers was set to the same strategy [MIXED]; that will likely lead to problems in schema update and validation if using quoted identifiers
[DEBUG] 2020-02-18 09:15:33.254 [main] Namespace - Created database namespace [logicalName=Name{catalog=null, schema=null}, physicalName=Name{catalog=null, schema=null}]
[DEBUG] 2020-02-18 09:15:33.270 [main] TypeConfiguration$Scope - Scoping TypeConfiguration [org.hibernate.type.spi.TypeConfiguration@1e5eb20a] to MetadataBuildingContext [org.hibernate.boot.internal.MetadataBuildingContextRootImpl@4538856f]
[DEBUG] 2020-02-18 09:15:33.551 [main] AnnotationBinder - Binding entity from annotated class: edu.matc.entity.User
[DEBUG] 2020-02-18 09:15:33.720 [main] Ejb3Column - Binding column: Ejb3DiscriminatorColumn{logicalColumnName'DTYPE', discriminatorTypeName='string'}
[DEBUG] 2020-02-18 09:15:33.733 [main] EntityBinder - Import with entity name User
[DEBUG] 2020-02-18 09:15:33.750 [main] EntityBinder - Bind entity edu.matc.entity.User on table USERS
[DEBUG] 2020-02-18 09:15:33.853 [main] Ejb3Column - Binding column: Ejb3Column{table=org.hibernate.mapping.Table(USERS), mappingColumn=id, insertable=true, updatable=true, unique=false}
[DEBUG] 2020-02-18 09:15:33.889 [main] PropertyBinder - MetadataSourceProcessor property userId with lazy=false
[DEBUG] 2020-02-18 09:15:33.905 [main] AbstractPropertyHolder - Attempting to locate auto-apply AttributeConverter for property [edu.matc.entity.User:userId]
[DEBUG] 2020-02-18 09:15:33.924 [main] SimpleValueBinder - building SimpleValue for userId
[DEBUG] 2020-02-18 09:15:33.930 [main] PropertyBinder - Building property userId
[DEBUG] 2020-02-18 09:15:33.937 [main] BinderHelper - #makeIdGenerator(org.hibernate.mapping.SimpleValue([org.hibernate.mapping.Column(id)]), userId, org.hibernate.id.enhanced.SequenceStyleGenerator, native, ...)
[DEBUG] 2020-02-18 09:15:33.938 [main] Ejb3Column - Binding column: Ejb3Column{table=org.hibernate.mapping.Table(USERS), mappingColumn=user_name, insertable=true, updatable=true, unique=false}
[DEBUG] 2020-02-18 09:15:33.938 [main] PropertyBinder - MetadataSourceProcessor property userName with lazy=false
[DEBUG] 2020-02-18 09:15:33.938 [main] AbstractPropertyHolder - Attempting to locate auto-apply AttributeConverter for property [edu.matc.entity.User:userName]
[DEBUG] 2020-02-18 09:15:33.945 [main] SimpleValueBinder - building SimpleValue for userName
[DEBUG] 2020-02-18 09:15:33.945 [main] PropertyBinder - Building property userName
[DEBUG] 2020-02-18 09:15:33.946 [main] Ejb3Column - Binding column: Ejb3Column{table=org.hibernate.mapping.Table(USERS), mappingColumn=user_password, insertable=true, updatable=true, unique=false}
[DEBUG] 2020-02-18 09:15:33.950 [main] PropertyBinder - MetadataSourceProcessor property userPassword with lazy=false
[DEBUG] 2020-02-18 09:15:33.950 [main] AbstractPropertyHolder - Attempting to locate auto-apply AttributeConverter for property [edu.matc.entity.User:userPassword]
[DEBUG] 2020-02-18 09:15:33.950 [main] SimpleValueBinder - building SimpleValue for userPassword
[DEBUG] 2020-02-18 09:15:33.950 [main] PropertyBinder - Building property userPassword
[DEBUG] 2020-02-18 09:15:33.964 [main] SimpleValueBinder - Starting fillSimpleValue for userId
[DEBUG] 2020-02-18 09:15:33.964 [main] SimpleValueBinder - Starting fillSimpleValue for userName
[DEBUG] 2020-02-18 09:15:33.964 [main] SimpleValueBinder - Starting fillSimpleValue for userPassword
[DEBUG] 2020-02-18 09:15:33.969 [main] PrimaryKey - Forcing column [id] to be non-null as it is part of the primary key for table [users]
[DEBUG] 2020-02-18 09:15:34.059 [main] SessionFactoryImpl - Building session factory
[DEBUG] 2020-02-18 09:15:34.063 [main] Settings - SessionFactory name : null
[DEBUG] 2020-02-18 09:15:34.067 [main] Settings - Automatic flush during beforeCompletion(): enabled
[DEBUG] 2020-02-18 09:15:34.072 [main] Settings - Automatic session close at end of transaction: disabled
[DEBUG] 2020-02-18 09:15:34.072 [main] Settings - Statistics: disabled
[DEBUG] 2020-02-18 09:15:34.072 [main] Settings - Deleted entity synthetic identifier rollback: disabled
[DEBUG] 2020-02-18 09:15:34.072 [main] Settings - Default entity-mode: pojo
[DEBUG] 2020-02-18 09:15:34.073 [main] Settings - Check Nullability in Core (should be disabled when Bean Validation is on): enabled
[DEBUG] 2020-02-18 09:15:34.073 [main] Settings - Allow initialization of lazy state outside session : disabled
[DEBUG] 2020-02-18 09:15:34.073 [main] Settings - Using BatchFetchStyle : LEGACY
[DEBUG] 2020-02-18 09:15:34.073 [main] Settings - Default batch fetch size: -1
[DEBUG] 2020-02-18 09:15:34.073 [main] Settings - Maximum outer join fetch depth: 2
[DEBUG] 2020-02-18 09:15:34.073 [main] Settings - Default null ordering: NONE
[DEBUG] 2020-02-18 09:15:34.073 [main] Settings - Order SQL updates by primary key: disabled
[DEBUG] 2020-02-18 09:15:34.073 [main] Settings - Order SQL inserts for batching: disabled
[DEBUG] 2020-02-18 09:15:34.073 [main] Settings - multi-tenancy strategy : NONE
[DEBUG] 2020-02-18 09:15:34.073 [main] Settings - JTA Track by Thread: enabled
[DEBUG] 2020-02-18 09:15:34.073 [main] Settings - Query language substitutions: {}
[DEBUG] 2020-02-18 09:15:34.073 [main] Settings - Named query checking : enabled
[DEBUG] 2020-02-18 09:15:34.082 [main] Settings - Second-level cache: disabled
[DEBUG] 2020-02-18 09:15:34.082 [main] Settings - Second-level query cache: disabled
[DEBUG] 2020-02-18 09:15:34.082 [main] Settings - Second-level query cache factory: null
[DEBUG] 2020-02-18 09:15:34.082 [main] Settings - Second-level cache region prefix: null
[DEBUG] 2020-02-18 09:15:34.082 [main] Settings - Optimize second-level cache for minimal puts: disabled
[DEBUG] 2020-02-18 09:15:34.082 [main] Settings - Structured second-level cache entries: disabled
[DEBUG] 2020-02-18 09:15:34.082 [main] Settings - Second-level cache direct-reference entries: disabled
[DEBUG] 2020-02-18 09:15:34.083 [main] Settings - Automatic eviction of collection cache: disabled
[DEBUG] 2020-02-18 09:15:34.083 [main] Settings - JDBC batch size: 15
[DEBUG] 2020-02-18 09:15:34.083 [main] Settings - JDBC batch updates for versioned data: enabled
[DEBUG] 2020-02-18 09:15:34.092 [main] Settings - Scrollable result sets: enabled
[DEBUG] 2020-02-18 09:15:34.092 [main] Settings - Wrap result sets: disabled
[DEBUG] 2020-02-18 09:15:34.092 [main] Settings - JDBC3 getGeneratedKeys(): enabled
[DEBUG] 2020-02-18 09:15:34.092 [main] Settings - JDBC result set fetch size: null
[DEBUG] 2020-02-18 09:15:34.092 [main] Settings - Connection release mode: AFTER_TRANSACTION
[DEBUG] 2020-02-18 09:15:34.092 [main] Settings - Generate SQL with comments: disabled
[DEBUG] 2020-02-18 09:15:34.092 [main] Settings - JPA compliance - query : 
[DEBUG] 2020-02-18 09:15:34.093 [main] Settings - JPA compliance - closed-handling : 
[DEBUG] 2020-02-18 09:15:34.095 [main] Settings - JPA compliance - lists : 
[DEBUG] 2020-02-18 09:15:34.095 [main] Settings - JPA compliance - transactions : 
[INFO ] 2020-02-18 09:15:34.262 [main] beans - HHH10005002: No explicit CDI BeanManager reference was passed to Hibernate, but CDI is available on the Hibernate ClassLoader.
[DEBUG] 2020-02-18 09:15:34.295 [main] SessionFactoryImpl - Session factory constructed with filter configurations : {}
[DEBUG] 2020-02-18 09:15:34.295 [main] SessionFactoryImpl - Instantiating session factory with properties: {sun.desktop=gnome, awt.toolkit=sun.awt.X11.XToolkit, java.specification.version=11, sun.cpu.isalist=, hibernate.c3p0.idle_test_period=3000, sun.jnu.encoding=UTF-8, hibernate.c3p0.min_size=5, java.class.path=/home/student/intellij/lib/idea_rt.jar:/home/student/intellij/plugins/junit/lib/junit5-rt.jar:/home/student/intellij/plugins/junit/lib/junit-rt.jar:/home/student/IdeaProjects/indieproject/target/test-classes:/home/student/IdeaProjects/indieproject/target/classes:/home/student/.m2/repository/org/junit/platform/junit-platform-runner/1.0.0/junit-platform-runner-1.0.0.jar:/home/student/.m2/repository/org/apiguardian/apiguardian-api/1.0.0/apiguardian-api-1.0.0.jar:/home/student/.m2/repository/org/junit/platform/junit-platform-launcher/1.0.0/junit-platform-launcher-1.0.0.jar:/home/student/.m2/repository/org/junit/platform/junit-platform-suite-api/1.0.0/junit-platform-suite-api-1.0.0.jar:/home/student/.m2/repository/org/junit/platform/junit-platform-commons/1.0.0/junit-platform-commons-1.0.0.jar:/home/student/.m2/repository/org/junit/vintage/junit-vintage-engine/4.12.0/junit-vintage-engine-4.12.0.jar:/home/student/.m2/repository/org/junit/platform/junit-platform-engine/1.0.0/junit-platform-engine-1.0.0.jar:/home/student/.m2/repository/org/opentest4j/opentest4j/1.0.0/opentest4j-1.0.0.jar:/home/student/.m2/repository/org/junit/jupiter/junit-jupiter-engine/5.0.0/junit-jupiter-engine-5.0.0.jar:/home/student/.m2/repository/org/junit/jupiter/junit-jupiter-api/5.0.0/junit-jupiter-api-5.0.0.jar:/home/student/.m2/repository/junit/junit/4.12/junit-4.12.jar:/home/student/.m2/repository/org/hamcrest/hamcrest-core/1.3/hamcrest-core-1.3.jar:/home/student/.m2/repository/javax/javaee-web-api/7.0/javaee-web-api-7.0.jar:/home/student/.m2/repository/mysql/mysql-connector-java/8.0.16/mysql-connector-java-8.0.16.jar:/home/student/.m2/repository/com/google/protobuf/protobuf-java/3.6.1/protobuf-java-3.6.1.jar:/home/student/.m2/repository/jstl/jstl/1.2/jstl-1.2.jar:/home/student/.m2/repository/org/apache/logging/log4j/log4j-api/2.10.0/log4j-api-2.10.0.jar:/home/student/.m2/repository/org/apache/logging/log4j/log4j-core/2.10.0/log4j-core-2.10.0.jar:/home/student/.m2/repository/org/hibernate/hibernate-core/5.4.4.Final/hibernate-core-5.4.4.Final.jar:/home/student/.m2/repository/org/jboss/logging/jboss-logging/3.3.2.Final/jboss-logging-3.3.2.Final.jar:/home/student/.m2/repository/javax/persistence/javax.persistence-api/2.2/javax.persistence-api-2.2.jar:/home/student/.m2/repository/org/javassist/javassist/3.24.0-GA/javassist-3.24.0-GA.jar:/home/student/.m2/repository/net/bytebuddy/byte-buddy/1.9.11/byte-buddy-1.9.11.jar:/home/student/.m2/repository/antlr/antlr/2.7.7/antlr-2.7.7.jar:/home/student/.m2/repository/org/jboss/spec/javax/transaction/jboss-transaction-api_1.2_spec/1.1.1.Final/jboss-transaction-api_1.2_spec-1.1.1.Final.jar:/home/student/.m2/repository/org/jboss/jandex/2.0.5.Final/jandex-2.0.5.Final.jar:/home/student/.m2/repository/com/fasterxml/classmate/1.3.4/classmate-1.3.4.jar:/home/student/.m2/repository/javax/activation/javax.activation-api/1.2.0/javax.activation-api-1.2.0.jar:/home/student/.m2/repository/org/dom4j/dom4j/2.1.1/dom4j-2.1.1.jar:/home/student/.m2/repository/org/hibernate/common/hibernate-commons-annotations/5.1.0.Final/hibernate-commons-annotations-5.1.0.Final.jar:/home/student/.m2/repository/javax/xml/bind/jaxb-api/2.3.1/jaxb-api-2.3.1.jar:/home/student/.m2/repository/org/glassfish/jaxb/jaxb-runtime/2.3.1/jaxb-runtime-2.3.1.jar:/home/student/.m2/repository/org/glassfish/jaxb/txw2/2.3.1/txw2-2.3.1.jar:/home/student/.m2/repository/com/sun/istack/istack-commons-runtime/3.0.7/istack-commons-runtime-3.0.7.jar:/home/student/.m2/repository/org/jvnet/staxex/stax-ex/1.8/stax-ex-1.8.jar:/home/student/.m2/repository/com/sun/xml/fastinfoset/FastInfoset/1.2.15/FastInfoset-1.2.15.jar:/home/student/.m2/repository/org/hibernate/hibernate-c3p0/5.4.4.Final/hibernate-c3p0-5.4.4.Final.jar:/home/student/.m2/repository/com/mchange/c3p0/0.9.5.3/c3p0-0.9.5.3.jar:/home/student/.m2/repository/com/mchange/mchange-commons-java/0.2.15/mchange-commons-java-0.2.15.jar, java.vm.vendor=Ubuntu, sun.arch.data.model=64, idea.test.cyclic.buffer.size=1048576, java.vendor.url=https://ubuntu.com/, user.timezone=America/Chicago, os.name=Linux, java.vm.specification.version=11, sun.java.launcher=SUN_STANDARD, user.country=US, sun.boot.library.path=/usr/lib/jvm/java-11-openjdk-amd64/lib, sun.java.command=com.intellij.rt.junit.JUnitStarter -ideVersion5 -junit5 edu.matc.persistence.UserDaoTest,updateSuccess, jdk.debug=release, sun.cpu.endian=little, user.home=/home/student, hibernate.c3p0.max_statements=50, user.language=en, java.specification.vendor=Oracle Corporation, java.version.date=2020-01-14, java.home=/usr/lib/jvm/java-11-openjdk-amd64, file.separator=/, java.vm.compressedOopsMode=32-bit, line.separator=
, hibernate.c3p0.timeout=300, java.specification.name=Java Platform API Specification, java.vm.specification.vendor=Oracle Corporation, intellij.debug.agent=true, java.awt.graphicsenv=sun.awt.X11GraphicsEnvironment, connection.password=student, sun.management.compiler=HotSpot 64-Bit Tiered Compilers, hibernate.c3p0.max_size=20, java.runtime.version=11.0.6+10-post-Ubuntu-1ubuntu118.04.1, user.name=student, path.separator=:, hibernate.connection.username=****, os.version=5.3.0-28-generic, java.runtime.name=OpenJDK Runtime Environment, hibernate.connection.url=jdbc:mysql://localhost:3306/test_indieProject, file.encoding=UTF-8, java.vm.name=OpenJDK 64-Bit Server VM, hibernate.connection.driver_class=com.mysql.cj.jdbc.Driver, java.vendor.url.bug=https://bugs.launchpad.net/ubuntu/+source/openjdk-lts, java.io.tmpdir=/tmp, java.version=11.0.6, jboss.modules.system.pkgs=com.intellij.rt, user.dir=/home/student/IdeaProjects/indieproject, os.arch=amd64, connection.username=root, java.vm.specification.name=Java Virtual Machine Specification, java.awt.printerjob=sun.print.PSPrinterJob, hibernate.connection.password=****, sun.os.patch.level=unknown, connection.driver_class=com.mysql.cj.jdbc.Driver, hibernate.boot.CfgXmlAccessService.key=org.hibernate.boot.cfgxml.spi.LoadedConfig@2dc39b53, java.library.path=/usr/java/packages/lib:/usr/lib/x86_64-linux-gnu/jni:/lib/x86_64-linux-gnu:/usr/lib/x86_64-linux-gnu:/usr/lib/jni:/lib:/usr/lib, java.vendor=Ubuntu, java.vm.info=mixed mode, sharing, java.vm.version=11.0.6+10-post-Ubuntu-1ubuntu118.04.1, hibernate.bytecode.use_reflection_optimizer=false, sun.io.unicode.encoding=UnicodeLittle, connection.url=jdbc:mysql://localhost:3306/test_indieProject, java.class.version=55.0}
[DEBUG] 2020-02-18 09:15:34.334 [main] TypeSafeActivator - Unable to acquire Bean Validation ValidatorFactory, skipping activation
[DEBUG] 2020-02-18 09:15:34.334 [main] JaccIntegrator - Skipping JACC integration as it was not enabled
[DEBUG] 2020-02-18 09:15:34.336 [main] SessionFactoryImpl - Instantiated session factory
[DEBUG] 2020-02-18 09:15:34.336 [main] TypeConfiguration$Scope - Scoping TypeConfiguration [org.hibernate.type.spi.TypeConfiguration@1e5eb20a] to SessionFactoryImpl [org.hibernate.internal.SessionFactoryImpl@2b6fb197]
[DEBUG] 2020-02-18 09:15:34.407 [main] ClassLoaderAccessImpl - Not known whether passed class name [edu.matc.entity.User] is safe
[DEBUG] 2020-02-18 09:15:34.407 [main] ClassLoaderAccessImpl - No temp ClassLoader provided; using live ClassLoader for loading potentially unsafe class : edu.matc.entity.User
[DEBUG] 2020-02-18 09:15:34.444 [main] ClassLoaderAccessImpl - Not known whether passed class name [edu.matc.entity.User] is safe
[DEBUG] 2020-02-18 09:15:34.445 [main] ClassLoaderAccessImpl - No temp ClassLoader provided; using live ClassLoader for loading potentially unsafe class : edu.matc.entity.User
[DEBUG] 2020-02-18 09:15:34.753 [main] AbstractEntityPersister - Static SQL for entity: edu.matc.entity.User
[DEBUG] 2020-02-18 09:15:34.753 [main] AbstractEntityPersister -  Version select: select id from USERS where id =?
[DEBUG] 2020-02-18 09:15:34.753 [main] AbstractEntityPersister -  Snapshot select: select user_.id, user_.user_name as user_nam2_0_, user_.user_password as user_pas3_0_ from USERS user_ where user_.id=?
[DEBUG] 2020-02-18 09:15:34.753 [main] AbstractEntityPersister -  Insert 0: insert into USERS (user_name, user_password, id) values (?, ?, ?)
[DEBUG] 2020-02-18 09:15:34.753 [main] AbstractEntityPersister -  Update 0: update USERS set user_name=?, user_password=? where id=?
[DEBUG] 2020-02-18 09:15:34.753 [main] AbstractEntityPersister -  Delete 0: delete from USERS where id=?
[DEBUG] 2020-02-18 09:15:34.754 [main] AbstractEntityPersister -  Identity insert: insert into USERS (user_name, user_password) values (?, ?)
[DEBUG] 2020-02-18 09:15:34.772 [main] QuerySpacesImpl - Adding QuerySpace : uid = <gen:0> -> org.hibernate.loader.plan.build.internal.spaces.EntityQuerySpaceImpl@64dfb31d]
[DEBUG] 2020-02-18 09:15:34.773 [main] MetamodelGraphWalker - Visiting attribute path : userName
[DEBUG] 2020-02-18 09:15:34.773 [main] MetamodelGraphWalker - Visiting attribute path : userPassword
[DEBUG] 2020-02-18 09:15:34.773 [main] FetchStyleLoadPlanBuildingAssociationVisitationStrategy - Building LoadPlan...
[DEBUG] 2020-02-18 09:15:34.790 [main] LoadQueryJoinAndFetchProcessor - processing queryspace <gen:0>
[DEBUG] 2020-02-18 09:15:34.793 [main] LoadPlanTreePrinter - LoadPlan(entity=edu.matc.entity.User)
    - Returns
       - EntityReturnImpl(entity=edu.matc.entity.User, querySpaceUid=<gen:0>, path=edu.matc.entity.User)
    - QuerySpaces
       - EntityQuerySpaceImpl(uid=<gen:0>, entity=edu.matc.entity.User)
          - SQL table alias mapping - user0_
          - alias suffix - 0_
          - suffixed key columns - {id1_0_0_}

[DEBUG] 2020-02-18 09:15:34.798 [main] EntityLoader - Static select for entity edu.matc.entity.User [NONE]: select user0_.id as id1_0_0_, user0_.user_name as user_nam2_0_0_, user0_.user_password as user_pas3_0_0_ from USERS user0_ where user0_.id=?
[DEBUG] 2020-02-18 09:15:34.801 [main] QuerySpacesImpl - Adding QuerySpace : uid = <gen:0> -> org.hibernate.loader.plan.build.internal.spaces.EntityQuerySpaceImpl@2d24cdd9]
[DEBUG] 2020-02-18 09:15:34.801 [main] MetamodelGraphWalker - Visiting attribute path : userName
[DEBUG] 2020-02-18 09:15:34.801 [main] MetamodelGraphWalker - Visiting attribute path : userPassword
[DEBUG] 2020-02-18 09:15:34.801 [main] FetchStyleLoadPlanBuildingAssociationVisitationStrategy - Building LoadPlan...
[DEBUG] 2020-02-18 09:15:34.801 [main] LoadQueryJoinAndFetchProcessor - processing queryspace <gen:0>
[DEBUG] 2020-02-18 09:15:34.803 [main] LoadPlanTreePrinter - LoadPlan(entity=edu.matc.entity.User)
    - Returns
       - EntityReturnImpl(entity=edu.matc.entity.User, querySpaceUid=<gen:0>, path=edu.matc.entity.User)
    - QuerySpaces
       - EntityQuerySpaceImpl(uid=<gen:0>, entity=edu.matc.entity.User)
          - SQL table alias mapping - user0_
          - alias suffix - 0_
          - suffixed key columns - {id1_0_0_}

[DEBUG] 2020-02-18 09:15:34.804 [main] EntityLoader - Static select for entity edu.matc.entity.User [READ]: select user0_.id as id1_0_0_, user0_.user_name as user_nam2_0_0_, user0_.user_password as user_pas3_0_0_ from USERS user0_ where user0_.id=?
[DEBUG] 2020-02-18 09:15:34.815 [main] Loader - Static select for action ACTION_MERGE on entity edu.matc.entity.User: select user0_.id as id1_0_0_, user0_.user_name as user_nam2_0_0_, user0_.user_password as user_pas3_0_0_ from USERS user0_ where user0_.id=?
[DEBUG] 2020-02-18 09:15:34.815 [main] Loader - Static select for action ACTION_REFRESH on entity edu.matc.entity.User: select user0_.id as id1_0_0_, user0_.user_name as user_nam2_0_0_, user0_.user_password as user_pas3_0_0_ from USERS user0_ where user0_.id=?
[DEBUG] 2020-02-18 09:15:34.848 [main] SchemaManagementToolCoordinator - No actions specified; doing nothing
[DEBUG] 2020-02-18 09:15:34.848 [main] JtaPlatformInitiator - No JtaPlatform was specified, checking resolver
[DEBUG] 2020-02-18 09:15:34.849 [main] JtaPlatformResolverInitiator - No JtaPlatformResolver was specified, using default [org.hibernate.engine.transaction.jta.platform.internal.StandardJtaPlatformResolver]
[DEBUG] 2020-02-18 09:15:34.859 [main] StandardJtaPlatformResolver - Could not resolve JtaPlatform, using default [org.hibernate.engine.transaction.jta.platform.internal.NoJtaPlatform]
[INFO ] 2020-02-18 09:15:34.861 [main] JtaPlatformInitiator - HHH000490: Using JtaPlatform implementation: [org.hibernate.engine.transaction.jta.platform.internal.NoJtaPlatform]
[DEBUG] 2020-02-18 09:15:34.862 [main] NamedQueryRepository - Checking 0 named HQL queries
[DEBUG] 2020-02-18 09:15:34.862 [main] NamedQueryRepository - Checking 0 named SQL queries
[DEBUG] 2020-02-18 09:15:34.865 [main] SessionFactoryRegistry - Initializing SessionFactoryRegistry : org.hibernate.internal.SessionFactoryRegistry@156cfa20
[DEBUG] 2020-02-18 09:15:34.869 [main] SessionFactoryRegistry - Registering SessionFactory: be2486bd-8bea-479e-9d91-51cf3cb54db6 (<unnamed>)
[DEBUG] 2020-02-18 09:15:34.870 [main] SessionFactoryRegistry - Not binding SessionFactory to JNDI, no JNDI name configured
[DEBUG] 2020-02-18 09:15:34.984 [main] StatisticsInitiator - Statistics initialized [enabled=false]
[DEBUG] 2020-02-18 09:15:35.004 [main] SQL - select user0_.id as id1_0_0_, user0_.user_name as user_nam2_0_0_, user0_.user_password as user_pas3_0_0_ from USERS user0_ where user0_.id=?
[DEBUG] 2020-02-18 09:15:35.031 [main] ResultSetProcessorImpl - Starting ResultSet row #0
[DEBUG] 2020-02-18 09:15:35.032 [main] EntityReferenceInitializerImpl - On call to EntityIdentifierReaderImpl#resolve, EntityKey was already known; should only happen on root returns with an optional identifier specified
[DEBUG] 2020-02-18 09:15:35.044 [main] TwoPhaseLoad - Resolving attributes for [edu.matc.entity.User#2]
[DEBUG] 2020-02-18 09:15:35.045 [main] TwoPhaseLoad - Processing attribute `userName` : value = Jane_Doe
[DEBUG] 2020-02-18 09:15:35.046 [main] TwoPhaseLoad - Attribute (`userName`)  - enhanced for lazy-loading? - false
[DEBUG] 2020-02-18 09:15:35.046 [main] TwoPhaseLoad - Processing attribute `userPassword` : value = welcome123
[DEBUG] 2020-02-18 09:15:35.046 [main] TwoPhaseLoad - Attribute (`userPassword`)  - enhanced for lazy-loading? - false
[DEBUG] 2020-02-18 09:15:35.046 [main] TwoPhaseLoad - Done materializing entity [edu.matc.entity.User#2]
[DEBUG] 2020-02-18 09:15:35.047 [main] ResourceRegistryStandardImpl - HHH000387: ResultSet's statement was not registered
[DEBUG] 2020-02-18 09:15:35.047 [main] AbstractLoadPlanBasedEntityLoader - Done entity load : edu.matc.entity.User#2
[DEBUG] 2020-02-18 09:15:35.050 [main] LogicalConnectionManagedImpl - Initiating JDBC connection release from afterTransaction
[DEBUG] 2020-02-18 09:15:35.062 [main] SQL - select user0_.id as id1_0_0_, user0_.user_name as user_nam2_0_0_, user0_.user_password as user_pas3_0_0_ from USERS user0_ where user0_.id=?
[DEBUG] 2020-02-18 09:15:35.072 [main] ResultSetProcessorImpl - Starting ResultSet row #0
[DEBUG] 2020-02-18 09:15:35.072 [main] EntityReferenceInitializerImpl - On call to EntityIdentifierReaderImpl#resolve, EntityKey was already known; should only happen on root returns with an optional identifier specified
[DEBUG] 2020-02-18 09:15:35.072 [main] TwoPhaseLoad - Resolving attributes for [edu.matc.entity.User#2]
[DEBUG] 2020-02-18 09:15:35.072 [main] TwoPhaseLoad - Processing attribute `userName` : value = Jane_Doe
[DEBUG] 2020-02-18 09:15:35.072 [main] TwoPhaseLoad - Attribute (`userName`)  - enhanced for lazy-loading? - false
[DEBUG] 2020-02-18 09:15:35.072 [main] TwoPhaseLoad - Processing attribute `userPassword` : value = welcome123
[DEBUG] 2020-02-18 09:15:35.072 [main] TwoPhaseLoad - Attribute (`userPassword`)  - enhanced for lazy-loading? - false
[DEBUG] 2020-02-18 09:15:35.072 [main] TwoPhaseLoad - Done materializing entity [edu.matc.entity.User#2]
[DEBUG] 2020-02-18 09:15:35.073 [main] ResourceRegistryStandardImpl - HHH000387: ResultSet's statement was not registered
[DEBUG] 2020-02-18 09:15:35.075 [main] AbstractLoadPlanBasedEntityLoader - Done entity load : edu.matc.entity.User#2
[DEBUG] 2020-02-18 09:15:35.075 [main] LogicalConnectionManagedImpl - Initiating JDBC connection release from afterTransaction
