[DEBUG] 2020-02-23 15:53:03.036 [main] IntegratorServiceImpl - Adding Integrator [org.hibernate.cfg.beanvalidation.BeanValidationIntegrator].
[DEBUG] 2020-02-23 15:53:03.050 [main] IntegratorServiceImpl - Adding Integrator [org.hibernate.secure.spi.JaccIntegrator].
[DEBUG] 2020-02-23 15:53:03.067 [main] IntegratorServiceImpl - Adding Integrator [org.hibernate.cache.internal.CollectionCacheInvalidator].
[INFO ] 2020-02-23 15:53:03.225 [main] Version - HHH000412: Hibernate Core {5.4.4.Final}
[DEBUG] 2020-02-23 15:53:03.230 [main] Environment - HHH000206: hibernate.properties not found
[DEBUG] 2020-02-23 15:53:03.487 [main] JaxbCfgProcessor - cfg.xml document did not define namespaces; wrapping in custom event reader to introduce namespace information
[DEBUG] 2020-02-23 15:53:03.824 [main] ServiceBinding - Overriding existing service binding [org.hibernate.secure.spi.JaccService]
[DEBUG] 2020-02-23 15:53:03.855 [main] RegionFactoryInitiator - Cannot default RegionFactory based on registered strategies as `[]` RegionFactory strategies were registered
[DEBUG] 2020-02-23 15:53:03.856 [main] RegionFactoryInitiator - Cache region factory : org.hibernate.cache.internal.NoCachingRegionFactory
[INFO ] 2020-02-23 15:53:03.872 [main] Version - HCANN000001: Hibernate Commons Annotations {5.1.0.Final}
[DEBUG] 2020-02-23 15:53:03.904 [main] BasicTypeRegistry - Adding type registration boolean -> org.hibernate.type.BooleanType@49c8f6e8
[DEBUG] 2020-02-23 15:53:03.906 [main] BasicTypeRegistry - Adding type registration boolean -> org.hibernate.type.BooleanType@49c8f6e8
[DEBUG] 2020-02-23 15:53:03.906 [main] BasicTypeRegistry - Adding type registration java.lang.Boolean -> org.hibernate.type.BooleanType@49c8f6e8
[DEBUG] 2020-02-23 15:53:03.907 [main] BasicTypeRegistry - Adding type registration numeric_boolean -> org.hibernate.type.NumericBooleanType@2cec704c
[DEBUG] 2020-02-23 15:53:03.907 [main] BasicTypeRegistry - Adding type registration true_false -> org.hibernate.type.TrueFalseType@240f6c41
[DEBUG] 2020-02-23 15:53:03.907 [main] BasicTypeRegistry - Adding type registration yes_no -> org.hibernate.type.YesNoType@64693226
[DEBUG] 2020-02-23 15:53:03.908 [main] BasicTypeRegistry - Adding type registration byte -> org.hibernate.type.ByteType@2324bfe7
[DEBUG] 2020-02-23 15:53:03.908 [main] BasicTypeRegistry - Adding type registration byte -> org.hibernate.type.ByteType@2324bfe7
[DEBUG] 2020-02-23 15:53:03.908 [main] BasicTypeRegistry - Adding type registration java.lang.Byte -> org.hibernate.type.ByteType@2324bfe7
[DEBUG] 2020-02-23 15:53:03.908 [main] BasicTypeRegistry - Adding type registration character -> org.hibernate.type.CharacterType@3b2f4a93
[DEBUG] 2020-02-23 15:53:03.909 [main] BasicTypeRegistry - Adding type registration char -> org.hibernate.type.CharacterType@3b2f4a93
[DEBUG] 2020-02-23 15:53:03.910 [main] BasicTypeRegistry - Adding type registration java.lang.Character -> org.hibernate.type.CharacterType@3b2f4a93
[DEBUG] 2020-02-23 15:53:03.911 [main] BasicTypeRegistry - Adding type registration short -> org.hibernate.type.ShortType@6ec65b5e
[DEBUG] 2020-02-23 15:53:03.911 [main] BasicTypeRegistry - Adding type registration short -> org.hibernate.type.ShortType@6ec65b5e
[DEBUG] 2020-02-23 15:53:03.911 [main] BasicTypeRegistry - Adding type registration java.lang.Short -> org.hibernate.type.ShortType@6ec65b5e
[DEBUG] 2020-02-23 15:53:03.912 [main] BasicTypeRegistry - Adding type registration integer -> org.hibernate.type.IntegerType@45bb2aa1
[DEBUG] 2020-02-23 15:53:03.912 [main] BasicTypeRegistry - Adding type registration int -> org.hibernate.type.IntegerType@45bb2aa1
[DEBUG] 2020-02-23 15:53:03.914 [main] BasicTypeRegistry - Adding type registration java.lang.Integer -> org.hibernate.type.IntegerType@45bb2aa1
[DEBUG] 2020-02-23 15:53:03.915 [main] BasicTypeRegistry - Adding type registration long -> org.hibernate.type.LongType@2ff15f8c
[DEBUG] 2020-02-23 15:53:03.916 [main] BasicTypeRegistry - Adding type registration long -> org.hibernate.type.LongType@2ff15f8c
[DEBUG] 2020-02-23 15:53:03.916 [main] BasicTypeRegistry - Adding type registration java.lang.Long -> org.hibernate.type.LongType@2ff15f8c
[DEBUG] 2020-02-23 15:53:03.917 [main] BasicTypeRegistry - Adding type registration float -> org.hibernate.type.FloatType@327ed9f5
[DEBUG] 2020-02-23 15:53:03.917 [main] BasicTypeRegistry - Adding type registration float -> org.hibernate.type.FloatType@327ed9f5
[DEBUG] 2020-02-23 15:53:03.917 [main] BasicTypeRegistry - Adding type registration java.lang.Float -> org.hibernate.type.FloatType@327ed9f5
[DEBUG] 2020-02-23 15:53:03.917 [main] BasicTypeRegistry - Adding type registration double -> org.hibernate.type.DoubleType@4417af13
[DEBUG] 2020-02-23 15:53:03.918 [main] BasicTypeRegistry - Adding type registration double -> org.hibernate.type.DoubleType@4417af13
[DEBUG] 2020-02-23 15:53:03.918 [main] BasicTypeRegistry - Adding type registration java.lang.Double -> org.hibernate.type.DoubleType@4417af13
[DEBUG] 2020-02-23 15:53:03.918 [main] BasicTypeRegistry - Adding type registration big_decimal -> org.hibernate.type.BigDecimalType@5a8cbffe
[DEBUG] 2020-02-23 15:53:03.919 [main] BasicTypeRegistry - Adding type registration java.math.BigDecimal -> org.hibernate.type.BigDecimalType@5a8cbffe
[DEBUG] 2020-02-23 15:53:03.920 [main] BasicTypeRegistry - Adding type registration big_integer -> org.hibernate.type.BigIntegerType@7c551ad4
[DEBUG] 2020-02-23 15:53:03.920 [main] BasicTypeRegistry - Adding type registration java.math.BigInteger -> org.hibernate.type.BigIntegerType@7c551ad4
[DEBUG] 2020-02-23 15:53:03.926 [main] BasicTypeRegistry - Adding type registration string -> org.hibernate.type.StringType@5a82ebf8
[DEBUG] 2020-02-23 15:53:03.926 [main] BasicTypeRegistry - Adding type registration java.lang.String -> org.hibernate.type.StringType@5a82ebf8
[DEBUG] 2020-02-23 15:53:03.927 [main] BasicTypeRegistry - Adding type registration nstring -> org.hibernate.type.StringNVarcharType@3d8b319e
[DEBUG] 2020-02-23 15:53:03.927 [main] BasicTypeRegistry - Adding type registration ncharacter -> org.hibernate.type.CharacterNCharType@3d7b1f1c
[DEBUG] 2020-02-23 15:53:03.928 [main] BasicTypeRegistry - Adding type registration url -> org.hibernate.type.UrlType@7ed9499e
[DEBUG] 2020-02-23 15:53:03.928 [main] BasicTypeRegistry - Adding type registration java.net.URL -> org.hibernate.type.UrlType@7ed9499e
[DEBUG] 2020-02-23 15:53:03.931 [main] BasicTypeRegistry - Adding type registration Duration -> org.hibernate.type.DurationType@b25b095
[DEBUG] 2020-02-23 15:53:03.932 [main] BasicTypeRegistry - Adding type registration java.time.Duration -> org.hibernate.type.DurationType@b25b095
[DEBUG] 2020-02-23 15:53:03.936 [main] BasicTypeRegistry - Adding type registration Instant -> org.hibernate.type.InstantType@3cf7298d
[DEBUG] 2020-02-23 15:53:03.939 [main] BasicTypeRegistry - Adding type registration java.time.Instant -> org.hibernate.type.InstantType@3cf7298d
[DEBUG] 2020-02-23 15:53:03.940 [main] BasicTypeRegistry - Adding type registration LocalDateTime -> org.hibernate.type.LocalDateTimeType@43da41e
[DEBUG] 2020-02-23 15:53:03.940 [main] BasicTypeRegistry - Adding type registration java.time.LocalDateTime -> org.hibernate.type.LocalDateTimeType@43da41e
[DEBUG] 2020-02-23 15:53:03.941 [main] BasicTypeRegistry - Adding type registration LocalDate -> org.hibernate.type.LocalDateType@3bd3d05e
[DEBUG] 2020-02-23 15:53:03.942 [main] BasicTypeRegistry - Adding type registration java.time.LocalDate -> org.hibernate.type.LocalDateType@3bd3d05e
[DEBUG] 2020-02-23 15:53:03.942 [main] BasicTypeRegistry - Adding type registration LocalTime -> org.hibernate.type.LocalTimeType@6ab7ce48
[DEBUG] 2020-02-23 15:53:03.942 [main] BasicTypeRegistry - Adding type registration java.time.LocalTime -> org.hibernate.type.LocalTimeType@6ab7ce48
[DEBUG] 2020-02-23 15:53:03.947 [main] BasicTypeRegistry - Adding type registration OffsetDateTime -> org.hibernate.type.OffsetDateTimeType@4d0753c9
[DEBUG] 2020-02-23 15:53:03.947 [main] BasicTypeRegistry - Adding type registration java.time.OffsetDateTime -> org.hibernate.type.OffsetDateTimeType@4d0753c9
[DEBUG] 2020-02-23 15:53:03.948 [main] BasicTypeRegistry - Adding type registration OffsetTime -> org.hibernate.type.OffsetTimeType@20411320
[DEBUG] 2020-02-23 15:53:03.948 [main] BasicTypeRegistry - Adding type registration java.time.OffsetTime -> org.hibernate.type.OffsetTimeType@20411320
[DEBUG] 2020-02-23 15:53:03.949 [main] BasicTypeRegistry - Adding type registration ZonedDateTime -> org.hibernate.type.ZonedDateTimeType@12abdfb
[DEBUG] 2020-02-23 15:53:03.950 [main] BasicTypeRegistry - Adding type registration java.time.ZonedDateTime -> org.hibernate.type.ZonedDateTimeType@12abdfb
[DEBUG] 2020-02-23 15:53:03.955 [main] BasicTypeRegistry - Adding type registration date -> org.hibernate.type.DateType@43f0c2d1
[DEBUG] 2020-02-23 15:53:03.955 [main] BasicTypeRegistry - Adding type registration java.sql.Date -> org.hibernate.type.DateType@43f0c2d1
[DEBUG] 2020-02-23 15:53:03.956 [main] BasicTypeRegistry - Adding type registration time -> org.hibernate.type.TimeType@1c6c6f24
[DEBUG] 2020-02-23 15:53:03.956 [main] BasicTypeRegistry - Adding type registration java.sql.Time -> org.hibernate.type.TimeType@1c6c6f24
[DEBUG] 2020-02-23 15:53:03.957 [main] BasicTypeRegistry - Adding type registration timestamp -> org.hibernate.type.TimestampType@12ffd1de
[DEBUG] 2020-02-23 15:53:03.957 [main] BasicTypeRegistry - Adding type registration java.sql.Timestamp -> org.hibernate.type.TimestampType@12ffd1de
[DEBUG] 2020-02-23 15:53:03.957 [main] BasicTypeRegistry - Adding type registration java.util.Date -> org.hibernate.type.TimestampType@12ffd1de
[DEBUG] 2020-02-23 15:53:03.958 [main] BasicTypeRegistry - Adding type registration dbtimestamp -> org.hibernate.type.DbTimestampType@6c806c8b
[DEBUG] 2020-02-23 15:53:03.959 [main] BasicTypeRegistry - Adding type registration calendar -> org.hibernate.type.CalendarType@4088741b
[DEBUG] 2020-02-23 15:53:03.963 [main] BasicTypeRegistry - Adding type registration java.util.Calendar -> org.hibernate.type.CalendarType@4088741b
[DEBUG] 2020-02-23 15:53:03.963 [main] BasicTypeRegistry - Adding type registration java.util.GregorianCalendar -> org.hibernate.type.CalendarType@4088741b
[DEBUG] 2020-02-23 15:53:03.963 [main] BasicTypeRegistry - Adding type registration calendar_date -> org.hibernate.type.CalendarDateType@129fed45
[DEBUG] 2020-02-23 15:53:03.964 [main] BasicTypeRegistry - Adding type registration locale -> org.hibernate.type.LocaleType@7a2b1eb4
[DEBUG] 2020-02-23 15:53:03.965 [main] BasicTypeRegistry - Adding type registration java.util.Locale -> org.hibernate.type.LocaleType@7a2b1eb4
[DEBUG] 2020-02-23 15:53:03.965 [main] BasicTypeRegistry - Adding type registration currency -> org.hibernate.type.CurrencyType@aa149ed
[DEBUG] 2020-02-23 15:53:03.966 [main] BasicTypeRegistry - Adding type registration java.util.Currency -> org.hibernate.type.CurrencyType@aa149ed
[DEBUG] 2020-02-23 15:53:03.967 [main] BasicTypeRegistry - Adding type registration timezone -> org.hibernate.type.TimeZoneType@8ee0c23
[DEBUG] 2020-02-23 15:53:03.967 [main] BasicTypeRegistry - Adding type registration java.util.TimeZone -> org.hibernate.type.TimeZoneType@8ee0c23
[DEBUG] 2020-02-23 15:53:03.967 [main] BasicTypeRegistry - Adding type registration class -> org.hibernate.type.ClassType@2f508f3c
[DEBUG] 2020-02-23 15:53:03.967 [main] BasicTypeRegistry - Adding type registration java.lang.Class -> org.hibernate.type.ClassType@2f508f3c
[DEBUG] 2020-02-23 15:53:03.971 [main] BasicTypeRegistry - Adding type registration uuid-binary -> org.hibernate.type.UUIDBinaryType@ffaaaf0
[DEBUG] 2020-02-23 15:53:03.971 [main] BasicTypeRegistry - Adding type registration java.util.UUID -> org.hibernate.type.UUIDBinaryType@ffaaaf0
[DEBUG] 2020-02-23 15:53:03.972 [main] BasicTypeRegistry - Adding type registration uuid-char -> org.hibernate.type.UUIDCharType@69a2b3b6
[DEBUG] 2020-02-23 15:53:03.973 [main] BasicTypeRegistry - Adding type registration binary -> org.hibernate.type.BinaryType@782bf610
[DEBUG] 2020-02-23 15:53:03.973 [main] BasicTypeRegistry - Adding type registration byte[] -> org.hibernate.type.BinaryType@782bf610
[DEBUG] 2020-02-23 15:53:03.973 [main] BasicTypeRegistry - Adding type registration [B -> org.hibernate.type.BinaryType@782bf610
[DEBUG] 2020-02-23 15:53:03.973 [main] BasicTypeRegistry - Adding type registration wrapper-binary -> org.hibernate.type.WrapperBinaryType@10895b16
[DEBUG] 2020-02-23 15:53:03.973 [main] BasicTypeRegistry - Adding type registration Byte[] -> org.hibernate.type.WrapperBinaryType@10895b16
[DEBUG] 2020-02-23 15:53:03.975 [main] BasicTypeRegistry - Adding type registration [Ljava.lang.Byte; -> org.hibernate.type.WrapperBinaryType@10895b16
[DEBUG] 2020-02-23 15:53:03.977 [main] BasicTypeRegistry - Adding type registration row_version -> org.hibernate.type.RowVersionType@3b9632d1
[DEBUG] 2020-02-23 15:53:03.977 [main] BasicTypeRegistry - Adding type registration image -> org.hibernate.type.ImageType@35e8316e
[DEBUG] 2020-02-23 15:53:03.977 [main] BasicTypeRegistry - Adding type registration characters -> org.hibernate.type.CharArrayType@5fac521d
[DEBUG] 2020-02-23 15:53:03.978 [main] BasicTypeRegistry - Adding type registration char[] -> org.hibernate.type.CharArrayType@5fac521d
[DEBUG] 2020-02-23 15:53:03.980 [main] BasicTypeRegistry - Adding type registration [C -> org.hibernate.type.CharArrayType@5fac521d
[DEBUG] 2020-02-23 15:53:03.984 [main] BasicTypeRegistry - Adding type registration wrapper-characters -> org.hibernate.type.CharacterArrayType@4248b963
[DEBUG] 2020-02-23 15:53:03.984 [main] BasicTypeRegistry - Adding type registration [Ljava.lang.Character; -> org.hibernate.type.CharacterArrayType@4248b963
[DEBUG] 2020-02-23 15:53:03.984 [main] BasicTypeRegistry - Adding type registration Character[] -> org.hibernate.type.CharacterArrayType@4248b963
[DEBUG] 2020-02-23 15:53:03.985 [main] BasicTypeRegistry - Adding type registration text -> org.hibernate.type.TextType@24b4d544
[DEBUG] 2020-02-23 15:53:03.985 [main] BasicTypeRegistry - Adding type registration ntext -> org.hibernate.type.NTextType@72725ee1
[DEBUG] 2020-02-23 15:53:03.991 [main] BasicTypeRegistry - Adding type registration blob -> org.hibernate.type.BlobType@2c0b4c83
[DEBUG] 2020-02-23 15:53:03.991 [main] BasicTypeRegistry - Adding type registration java.sql.Blob -> org.hibernate.type.BlobType@2c0b4c83
[DEBUG] 2020-02-23 15:53:03.991 [main] BasicTypeRegistry - Adding type registration materialized_blob -> org.hibernate.type.MaterializedBlobType@3bfc6a5e
[DEBUG] 2020-02-23 15:53:03.992 [main] BasicTypeRegistry - Adding type registration clob -> org.hibernate.type.ClobType@6ef1a1b9
[DEBUG] 2020-02-23 15:53:03.992 [main] BasicTypeRegistry - Adding type registration java.sql.Clob -> org.hibernate.type.ClobType@6ef1a1b9
[DEBUG] 2020-02-23 15:53:03.993 [main] BasicTypeRegistry - Adding type registration nclob -> org.hibernate.type.NClobType@3ab6678b
[DEBUG] 2020-02-23 15:53:03.993 [main] BasicTypeRegistry - Adding type registration java.sql.NClob -> org.hibernate.type.NClobType@3ab6678b
[DEBUG] 2020-02-23 15:53:03.994 [main] BasicTypeRegistry - Adding type registration materialized_clob -> org.hibernate.type.MaterializedClobType@4eed2acf
[DEBUG] 2020-02-23 15:53:03.994 [main] BasicTypeRegistry - Adding type registration materialized_nclob -> org.hibernate.type.MaterializedNClobType@4339e0de
[DEBUG] 2020-02-23 15:53:03.995 [main] BasicTypeRegistry - Adding type registration serializable -> org.hibernate.type.SerializableType@1abfe081
[DEBUG] 2020-02-23 15:53:04.000 [main] BasicTypeRegistry - Adding type registration object -> org.hibernate.type.ObjectType@5cb5bb88
[DEBUG] 2020-02-23 15:53:04.000 [main] BasicTypeRegistry - Adding type registration java.lang.Object -> org.hibernate.type.ObjectType@5cb5bb88
[DEBUG] 2020-02-23 15:53:04.000 [main] BasicTypeRegistry - Adding type registration imm_date -> org.hibernate.type.AdaptedImmutableType@671facee
[DEBUG] 2020-02-23 15:53:04.000 [main] BasicTypeRegistry - Adding type registration imm_time -> org.hibernate.type.AdaptedImmutableType@46a953cf
[DEBUG] 2020-02-23 15:53:04.000 [main] BasicTypeRegistry - Adding type registration imm_timestamp -> org.hibernate.type.AdaptedImmutableType@154bd49b
[DEBUG] 2020-02-23 15:53:04.004 [main] BasicTypeRegistry - Adding type registration imm_dbtimestamp -> org.hibernate.type.AdaptedImmutableType@3a01773b
[DEBUG] 2020-02-23 15:53:04.004 [main] BasicTypeRegistry - Adding type registration imm_calendar -> org.hibernate.type.AdaptedImmutableType@20e3c449
[DEBUG] 2020-02-23 15:53:04.004 [main] BasicTypeRegistry - Adding type registration imm_calendar_date -> org.hibernate.type.AdaptedImmutableType@2c58dcb1
[DEBUG] 2020-02-23 15:53:04.004 [main] BasicTypeRegistry - Adding type registration imm_binary -> org.hibernate.type.AdaptedImmutableType@67fc2aad
[DEBUG] 2020-02-23 15:53:04.004 [main] BasicTypeRegistry - Adding type registration imm_serializable -> org.hibernate.type.AdaptedImmutableType@56f521c6
[DEBUG] 2020-02-23 15:53:04.050 [main] DefaultIdentifierGeneratorFactory - Registering IdentifierGenerator strategy [uuid2] -> [org.hibernate.id.UUIDGenerator]
[DEBUG] 2020-02-23 15:53:04.051 [main] DefaultIdentifierGeneratorFactory - Registering IdentifierGenerator strategy [guid] -> [org.hibernate.id.GUIDGenerator]
[DEBUG] 2020-02-23 15:53:04.055 [main] DefaultIdentifierGeneratorFactory - Registering IdentifierGenerator strategy [uuid] -> [org.hibernate.id.UUIDHexGenerator]
[DEBUG] 2020-02-23 15:53:04.056 [main] DefaultIdentifierGeneratorFactory - Registering IdentifierGenerator strategy [uuid.hex] -> [org.hibernate.id.UUIDHexGenerator]
[DEBUG] 2020-02-23 15:53:04.056 [main] DefaultIdentifierGeneratorFactory - Registering IdentifierGenerator strategy [assigned] -> [org.hibernate.id.Assigned]
[DEBUG] 2020-02-23 15:53:04.057 [main] DefaultIdentifierGeneratorFactory - Registering IdentifierGenerator strategy [identity] -> [org.hibernate.id.IdentityGenerator]
[DEBUG] 2020-02-23 15:53:04.058 [main] DefaultIdentifierGeneratorFactory - Registering IdentifierGenerator strategy [select] -> [org.hibernate.id.SelectGenerator]
[DEBUG] 2020-02-23 15:53:04.059 [main] DefaultIdentifierGeneratorFactory - Registering IdentifierGenerator strategy [sequence] -> [org.hibernate.id.enhanced.SequenceStyleGenerator]
[DEBUG] 2020-02-23 15:53:04.060 [main] DefaultIdentifierGeneratorFactory - Registering IdentifierGenerator strategy [seqhilo] -> [org.hibernate.id.SequenceHiLoGenerator]
[DEBUG] 2020-02-23 15:53:04.060 [main] DefaultIdentifierGeneratorFactory - Registering IdentifierGenerator strategy [increment] -> [org.hibernate.id.IncrementGenerator]
[DEBUG] 2020-02-23 15:53:04.060 [main] DefaultIdentifierGeneratorFactory - Registering IdentifierGenerator strategy [foreign] -> [org.hibernate.id.ForeignGenerator]
[DEBUG] 2020-02-23 15:53:04.060 [main] DefaultIdentifierGeneratorFactory - Registering IdentifierGenerator strategy [sequence-identity] -> [org.hibernate.id.SequenceIdentityGenerator]
[DEBUG] 2020-02-23 15:53:04.060 [main] DefaultIdentifierGeneratorFactory - Registering IdentifierGenerator strategy [enhanced-sequence] -> [org.hibernate.id.enhanced.SequenceStyleGenerator]
[DEBUG] 2020-02-23 15:53:04.061 [main] DefaultIdentifierGeneratorFactory - Registering IdentifierGenerator strategy [enhanced-table] -> [org.hibernate.id.enhanced.TableGenerator]
[INFO ] 2020-02-23 15:53:04.071 [main] C3P0ConnectionProvider - HHH010002: C3P0 using driver: com.mysql.cj.jdbc.Driver at URL: jdbc:mysql://localhost:3306/test_indieProject
[INFO ] 2020-02-23 15:53:04.071 [main] C3P0ConnectionProvider - HHH10001001: Connection properties: {password=****, user=root}
[INFO ] 2020-02-23 15:53:04.071 [main] C3P0ConnectionProvider - HHH10001003: Autocommit mode: false
[INFO ] 2020-02-23 15:53:04.241 [main] C3P0ConnectionProvider - HHH10001007: JDBC isolation level: <unknown>
[DEBUG] 2020-02-23 15:53:04.388 [main] JdbcEnvironmentInitiator - Database ->
       name : MySQL
    version : 8.0.16
      major : 8
      minor : 0
[DEBUG] 2020-02-23 15:53:04.397 [main] JdbcEnvironmentInitiator - Driver ->
       name : MySQL Connector/J
    version : mysql-connector-java-8.0.16 (Revision: 34cbc6bc61f72836e26327537a432d6db7c77de6)
      major : 8
      minor : 0
[DEBUG] 2020-02-23 15:53:04.398 [main] JdbcEnvironmentInitiator - JDBC version : 4.2
[INFO ] 2020-02-23 15:53:04.450 [main] Dialect - HHH000400: Using dialect: org.hibernate.dialect.MySQL8Dialect
[DEBUG] 2020-02-23 15:53:04.471 [main] IdentifierHelperBuilder - JDBC driver metadata reported database stores quoted identifiers in more than one case
[DEBUG] 2020-02-23 15:53:04.512 [main] IdentifierHelperBuilder - IdentifierCaseStrategy for both quoted and unquoted identifiers was set to the same strategy [MIXED]; that will likely lead to problems in schema update and validation if using quoted identifiers
[DEBUG] 2020-02-23 15:53:04.575 [main] Namespace - Created database namespace [logicalName=Name{catalog=null, schema=null}, physicalName=Name{catalog=null, schema=null}]
[DEBUG] 2020-02-23 15:53:04.582 [main] TypeConfiguration$Scope - Scoping TypeConfiguration [org.hibernate.type.spi.TypeConfiguration@2d38edfd] to MetadataBuildingContext [org.hibernate.boot.internal.MetadataBuildingContextRootImpl@1507c3c3]
[DEBUG] 2020-02-23 15:53:04.645 [main] AnnotationBinder - Binding entity from annotated class: edu.matc.entity.User
[DEBUG] 2020-02-23 15:53:04.677 [main] Ejb3Column - Binding column: Ejb3DiscriminatorColumn{logicalColumnName'DTYPE', discriminatorTypeName='string'}
[DEBUG] 2020-02-23 15:53:04.683 [main] EntityBinder - Import with entity name User
[DEBUG] 2020-02-23 15:53:04.684 [main] EntityBinder - Bind entity edu.matc.entity.User on table USERS
[DEBUG] 2020-02-23 15:53:04.712 [main] Ejb3Column - Binding column: Ejb3Column{table=org.hibernate.mapping.Table(USERS), mappingColumn=id, insertable=true, updatable=true, unique=false}
[DEBUG] 2020-02-23 15:53:04.714 [main] PropertyBinder - MetadataSourceProcessor property userId with lazy=false
[DEBUG] 2020-02-23 15:53:04.720 [main] AbstractPropertyHolder - Attempting to locate auto-apply AttributeConverter for property [edu.matc.entity.User:userId]
[DEBUG] 2020-02-23 15:53:04.723 [main] SimpleValueBinder - building SimpleValue for userId
[DEBUG] 2020-02-23 15:53:04.724 [main] PropertyBinder - Building property userId
[DEBUG] 2020-02-23 15:53:04.744 [main] BinderHelper - #makeIdGenerator(org.hibernate.mapping.SimpleValue([org.hibernate.mapping.Column(id)]), userId, org.hibernate.id.enhanced.SequenceStyleGenerator, native, ...)
[DEBUG] 2020-02-23 15:53:04.745 [main] Ejb3Column - Binding column: Ejb3Column{table=org.hibernate.mapping.Table(USERS), mappingColumn=user_name, insertable=true, updatable=true, unique=false}
[DEBUG] 2020-02-23 15:53:04.745 [main] PropertyBinder - MetadataSourceProcessor property userName with lazy=false
[DEBUG] 2020-02-23 15:53:04.745 [main] AbstractPropertyHolder - Attempting to locate auto-apply AttributeConverter for property [edu.matc.entity.User:userName]
[DEBUG] 2020-02-23 15:53:04.745 [main] SimpleValueBinder - building SimpleValue for userName
[DEBUG] 2020-02-23 15:53:04.745 [main] PropertyBinder - Building property userName
[DEBUG] 2020-02-23 15:53:04.746 [main] Ejb3Column - Binding column: Ejb3Column{table=org.hibernate.mapping.Table(USERS), mappingColumn=user_password, insertable=true, updatable=true, unique=false}
[DEBUG] 2020-02-23 15:53:04.746 [main] PropertyBinder - MetadataSourceProcessor property userPassword with lazy=false
[DEBUG] 2020-02-23 15:53:04.746 [main] AbstractPropertyHolder - Attempting to locate auto-apply AttributeConverter for property [edu.matc.entity.User:userPassword]
[DEBUG] 2020-02-23 15:53:04.746 [main] SimpleValueBinder - building SimpleValue for userPassword
[DEBUG] 2020-02-23 15:53:04.746 [main] PropertyBinder - Building property userPassword
[DEBUG] 2020-02-23 15:53:04.749 [main] SimpleValueBinder - Starting fillSimpleValue for userId
[DEBUG] 2020-02-23 15:53:04.749 [main] SimpleValueBinder - Starting fillSimpleValue for userName
[DEBUG] 2020-02-23 15:53:04.749 [main] SimpleValueBinder - Starting fillSimpleValue for userPassword
[DEBUG] 2020-02-23 15:53:04.751 [main] PrimaryKey - Forcing column [id] to be non-null as it is part of the primary key for table [users]
[DEBUG] 2020-02-23 15:53:04.802 [main] SessionFactoryImpl - Building session factory
[DEBUG] 2020-02-23 15:53:04.803 [main] Settings - SessionFactory name : null
[DEBUG] 2020-02-23 15:53:04.803 [main] Settings - Automatic flush during beforeCompletion(): enabled
[DEBUG] 2020-02-23 15:53:04.803 [main] Settings - Automatic session close at end of transaction: disabled
[DEBUG] 2020-02-23 15:53:04.803 [main] Settings - Statistics: disabled
[DEBUG] 2020-02-23 15:53:04.804 [main] Settings - Deleted entity synthetic identifier rollback: disabled
[DEBUG] 2020-02-23 15:53:04.804 [main] Settings - Default entity-mode: pojo
[DEBUG] 2020-02-23 15:53:04.804 [main] Settings - Check Nullability in Core (should be disabled when Bean Validation is on): enabled
[DEBUG] 2020-02-23 15:53:04.804 [main] Settings - Allow initialization of lazy state outside session : disabled
[DEBUG] 2020-02-23 15:53:04.804 [main] Settings - Using BatchFetchStyle : LEGACY
[DEBUG] 2020-02-23 15:53:04.804 [main] Settings - Default batch fetch size: -1
[DEBUG] 2020-02-23 15:53:04.804 [main] Settings - Maximum outer join fetch depth: 2
[DEBUG] 2020-02-23 15:53:04.804 [main] Settings - Default null ordering: NONE
[DEBUG] 2020-02-23 15:53:04.804 [main] Settings - Order SQL updates by primary key: disabled
[DEBUG] 2020-02-23 15:53:04.804 [main] Settings - Order SQL inserts for batching: disabled
[DEBUG] 2020-02-23 15:53:04.804 [main] Settings - multi-tenancy strategy : NONE
[DEBUG] 2020-02-23 15:53:04.804 [main] Settings - JTA Track by Thread: enabled
[DEBUG] 2020-02-23 15:53:04.804 [main] Settings - Query language substitutions: {}
[DEBUG] 2020-02-23 15:53:04.804 [main] Settings - Named query checking : enabled
[DEBUG] 2020-02-23 15:53:04.804 [main] Settings - Second-level cache: disabled
[DEBUG] 2020-02-23 15:53:04.804 [main] Settings - Second-level query cache: disabled
[DEBUG] 2020-02-23 15:53:04.804 [main] Settings - Second-level query cache factory: null
[DEBUG] 2020-02-23 15:53:04.804 [main] Settings - Second-level cache region prefix: null
[DEBUG] 2020-02-23 15:53:04.804 [main] Settings - Optimize second-level cache for minimal puts: disabled
[DEBUG] 2020-02-23 15:53:04.804 [main] Settings - Structured second-level cache entries: disabled
[DEBUG] 2020-02-23 15:53:04.804 [main] Settings - Second-level cache direct-reference entries: disabled
[DEBUG] 2020-02-23 15:53:04.805 [main] Settings - Automatic eviction of collection cache: disabled
[DEBUG] 2020-02-23 15:53:04.805 [main] Settings - JDBC batch size: 15
[DEBUG] 2020-02-23 15:53:04.805 [main] Settings - JDBC batch updates for versioned data: enabled
[DEBUG] 2020-02-23 15:53:04.805 [main] Settings - Scrollable result sets: enabled
[DEBUG] 2020-02-23 15:53:04.805 [main] Settings - Wrap result sets: disabled
[DEBUG] 2020-02-23 15:53:04.805 [main] Settings - JDBC3 getGeneratedKeys(): enabled
[DEBUG] 2020-02-23 15:53:04.805 [main] Settings - JDBC result set fetch size: null
[DEBUG] 2020-02-23 15:53:04.805 [main] Settings - Connection release mode: AFTER_TRANSACTION
[DEBUG] 2020-02-23 15:53:04.805 [main] Settings - Generate SQL with comments: disabled
[DEBUG] 2020-02-23 15:53:04.805 [main] Settings - JPA compliance - query : 
[DEBUG] 2020-02-23 15:53:04.806 [main] Settings - JPA compliance - closed-handling : 
[DEBUG] 2020-02-23 15:53:04.810 [main] Settings - JPA compliance - lists : 
[DEBUG] 2020-02-23 15:53:04.810 [main] Settings - JPA compliance - transactions : 
[INFO ] 2020-02-23 15:53:04.875 [main] beans - HHH10005002: No explicit CDI BeanManager reference was passed to Hibernate, but CDI is available on the Hibernate ClassLoader.
[DEBUG] 2020-02-23 15:53:04.898 [main] SessionFactoryImpl - Session factory constructed with filter configurations : {}
[DEBUG] 2020-02-23 15:53:04.898 [main] SessionFactoryImpl - Instantiating session factory with properties: {sun.desktop=gnome, awt.toolkit=sun.awt.X11.XToolkit, java.specification.version=11, sun.cpu.isalist=, hibernate.c3p0.idle_test_period=3000, sun.jnu.encoding=UTF-8, hibernate.c3p0.min_size=5, java.class.path=/home/student/intellij/lib/idea_rt.jar:/home/student/intellij/plugins/junit/lib/junit5-rt.jar:/home/student/intellij/plugins/junit/lib/junit-rt.jar:/home/student/IdeaProjects/indieproject/target/test-classes:/home/student/IdeaProjects/indieproject/target/classes:/home/student/.m2/repository/org/junit/platform/junit-platform-runner/1.0.0/junit-platform-runner-1.0.0.jar:/home/student/.m2/repository/org/apiguardian/apiguardian-api/1.0.0/apiguardian-api-1.0.0.jar:/home/student/.m2/repository/org/junit/platform/junit-platform-launcher/1.0.0/junit-platform-launcher-1.0.0.jar:/home/student/.m2/repository/org/junit/platform/junit-platform-suite-api/1.0.0/junit-platform-suite-api-1.0.0.jar:/home/student/.m2/repository/org/junit/platform/junit-platform-commons/1.0.0/junit-platform-commons-1.0.0.jar:/home/student/.m2/repository/org/junit/vintage/junit-vintage-engine/4.12.0/junit-vintage-engine-4.12.0.jar:/home/student/.m2/repository/org/junit/platform/junit-platform-engine/1.0.0/junit-platform-engine-1.0.0.jar:/home/student/.m2/repository/org/opentest4j/opentest4j/1.0.0/opentest4j-1.0.0.jar:/home/student/.m2/repository/org/junit/jupiter/junit-jupiter-engine/5.0.0/junit-jupiter-engine-5.0.0.jar:/home/student/.m2/repository/org/junit/jupiter/junit-jupiter-api/5.0.0/junit-jupiter-api-5.0.0.jar:/home/student/.m2/repository/junit/junit/4.12/junit-4.12.jar:/home/student/.m2/repository/org/hamcrest/hamcrest-core/1.3/hamcrest-core-1.3.jar:/home/student/.m2/repository/javax/javaee-web-api/7.0/javaee-web-api-7.0.jar:/home/student/.m2/repository/mysql/mysql-connector-java/8.0.16/mysql-connector-java-8.0.16.jar:/home/student/.m2/repository/com/google/protobuf/protobuf-java/3.6.1/protobuf-java-3.6.1.jar:/home/student/.m2/repository/jstl/jstl/1.2/jstl-1.2.jar:/home/student/.m2/repository/org/apache/logging/log4j/log4j-api/2.10.0/log4j-api-2.10.0.jar:/home/student/.m2/repository/org/apache/logging/log4j/log4j-core/2.10.0/log4j-core-2.10.0.jar:/home/student/.m2/repository/org/hibernate/hibernate-core/5.4.4.Final/hibernate-core-5.4.4.Final.jar:/home/student/.m2/repository/org/jboss/logging/jboss-logging/3.3.2.Final/jboss-logging-3.3.2.Final.jar:/home/student/.m2/repository/javax/persistence/javax.persistence-api/2.2/javax.persistence-api-2.2.jar:/home/student/.m2/repository/org/javassist/javassist/3.24.0-GA/javassist-3.24.0-GA.jar:/home/student/.m2/repository/net/bytebuddy/byte-buddy/1.9.11/byte-buddy-1.9.11.jar:/home/student/.m2/repository/antlr/antlr/2.7.7/antlr-2.7.7.jar:/home/student/.m2/repository/org/jboss/spec/javax/transaction/jboss-transaction-api_1.2_spec/1.1.1.Final/jboss-transaction-api_1.2_spec-1.1.1.Final.jar:/home/student/.m2/repository/org/jboss/jandex/2.0.5.Final/jandex-2.0.5.Final.jar:/home/student/.m2/repository/com/fasterxml/classmate/1.3.4/classmate-1.3.4.jar:/home/student/.m2/repository/javax/activation/javax.activation-api/1.2.0/javax.activation-api-1.2.0.jar:/home/student/.m2/repository/org/dom4j/dom4j/2.1.1/dom4j-2.1.1.jar:/home/student/.m2/repository/org/hibernate/common/hibernate-commons-annotations/5.1.0.Final/hibernate-commons-annotations-5.1.0.Final.jar:/home/student/.m2/repository/javax/xml/bind/jaxb-api/2.3.1/jaxb-api-2.3.1.jar:/home/student/.m2/repository/org/glassfish/jaxb/jaxb-runtime/2.3.1/jaxb-runtime-2.3.1.jar:/home/student/.m2/repository/org/glassfish/jaxb/txw2/2.3.1/txw2-2.3.1.jar:/home/student/.m2/repository/com/sun/istack/istack-commons-runtime/3.0.7/istack-commons-runtime-3.0.7.jar:/home/student/.m2/repository/org/jvnet/staxex/stax-ex/1.8/stax-ex-1.8.jar:/home/student/.m2/repository/com/sun/xml/fastinfoset/FastInfoset/1.2.15/FastInfoset-1.2.15.jar:/home/student/.m2/repository/org/hibernate/hibernate-c3p0/5.4.4.Final/hibernate-c3p0-5.4.4.Final.jar:/home/student/.m2/repository/com/mchange/c3p0/0.9.5.3/c3p0-0.9.5.3.jar:/home/student/.m2/repository/com/mchange/mchange-commons-java/0.2.15/mchange-commons-java-0.2.15.jar, java.vm.vendor=Ubuntu, sun.arch.data.model=64, idea.test.cyclic.buffer.size=1048576, java.vendor.url=https://ubuntu.com/, user.timezone=America/Chicago, os.name=Linux, java.vm.specification.version=11, sun.java.launcher=SUN_STANDARD, user.country=US, sun.boot.library.path=/usr/lib/jvm/java-11-openjdk-amd64/lib, sun.java.command=com.intellij.rt.junit.JUnitStarter -ideVersion5 -junit5 edu.matc.persistence.UserDaoTest,getByPropertyEqualSuccess, jdk.debug=release, sun.cpu.endian=little, user.home=/home/student, hibernate.c3p0.max_statements=50, user.language=en, java.specification.vendor=Oracle Corporation, java.version.date=2020-01-14, java.home=/usr/lib/jvm/java-11-openjdk-amd64, file.separator=/, java.vm.compressedOopsMode=32-bit, line.separator=
, hibernate.c3p0.timeout=300, java.specification.name=Java Platform API Specification, java.vm.specification.vendor=Oracle Corporation, java.awt.graphicsenv=sun.awt.X11GraphicsEnvironment, connection.password=student, sun.management.compiler=HotSpot 64-Bit Tiered Compilers, hibernate.c3p0.max_size=20, java.runtime.version=11.0.6+10-post-Ubuntu-1ubuntu118.04.1, user.name=student, path.separator=:, hibernate.connection.username=****, os.version=5.3.0-40-generic, java.runtime.name=OpenJDK Runtime Environment, hibernate.connection.url=jdbc:mysql://localhost:3306/test_indieProject, file.encoding=UTF-8, java.vm.name=OpenJDK 64-Bit Server VM, hibernate.connection.driver_class=com.mysql.cj.jdbc.Driver, java.vendor.url.bug=https://bugs.launchpad.net/ubuntu/+source/openjdk-lts, java.io.tmpdir=/tmp, java.version=11.0.6, user.dir=/home/student/IdeaProjects/indieproject, os.arch=amd64, connection.username=root, java.vm.specification.name=Java Virtual Machine Specification, java.awt.printerjob=sun.print.PSPrinterJob, hibernate.connection.password=****, sun.os.patch.level=unknown, connection.driver_class=com.mysql.cj.jdbc.Driver, hibernate.boot.CfgXmlAccessService.key=org.hibernate.boot.cfgxml.spi.LoadedConfig@6e31d989, java.library.path=/usr/java/packages/lib:/usr/lib/x86_64-linux-gnu/jni:/lib/x86_64-linux-gnu:/usr/lib/x86_64-linux-gnu:/usr/lib/jni:/lib:/usr/lib, java.vendor=Ubuntu, java.vm.info=mixed mode, sharing, java.vm.version=11.0.6+10-post-Ubuntu-1ubuntu118.04.1, hibernate.bytecode.use_reflection_optimizer=false, sun.io.unicode.encoding=UnicodeLittle, connection.url=jdbc:mysql://localhost:3306/test_indieProject, java.class.version=55.0}
[DEBUG] 2020-02-23 15:53:04.920 [main] TypeSafeActivator - Unable to acquire Bean Validation ValidatorFactory, skipping activation
[DEBUG] 2020-02-23 15:53:04.920 [main] JaccIntegrator - Skipping JACC integration as it was not enabled
[DEBUG] 2020-02-23 15:53:04.921 [main] SessionFactoryImpl - Instantiated session factory
[DEBUG] 2020-02-23 15:53:04.921 [main] TypeConfiguration$Scope - Scoping TypeConfiguration [org.hibernate.type.spi.TypeConfiguration@2d38edfd] to SessionFactoryImpl [org.hibernate.internal.SessionFactoryImpl@2da99821]
[DEBUG] 2020-02-23 15:53:04.993 [main] ClassLoaderAccessImpl - Not known whether passed class name [edu.matc.entity.User] is safe
[DEBUG] 2020-02-23 15:53:04.993 [main] ClassLoaderAccessImpl - No temp ClassLoader provided; using live ClassLoader for loading potentially unsafe class : edu.matc.entity.User
[DEBUG] 2020-02-23 15:53:05.052 [main] ClassLoaderAccessImpl - Not known whether passed class name [edu.matc.entity.User] is safe
[DEBUG] 2020-02-23 15:53:05.052 [main] ClassLoaderAccessImpl - No temp ClassLoader provided; using live ClassLoader for loading potentially unsafe class : edu.matc.entity.User
[DEBUG] 2020-02-23 15:53:05.307 [main] AbstractEntityPersister - Static SQL for entity: edu.matc.entity.User
[DEBUG] 2020-02-23 15:53:05.307 [main] AbstractEntityPersister -  Version select: select id from USERS where id =?
[DEBUG] 2020-02-23 15:53:05.307 [main] AbstractEntityPersister -  Snapshot select: select user_.id, user_.user_name as user_nam2_0_, user_.user_password as user_pas3_0_ from USERS user_ where user_.id=?
[DEBUG] 2020-02-23 15:53:05.307 [main] AbstractEntityPersister -  Insert 0: insert into USERS (user_name, user_password, id) values (?, ?, ?)
[DEBUG] 2020-02-23 15:53:05.307 [main] AbstractEntityPersister -  Update 0: update USERS set user_name=?, user_password=? where id=?
[DEBUG] 2020-02-23 15:53:05.307 [main] AbstractEntityPersister -  Delete 0: delete from USERS where id=?
[DEBUG] 2020-02-23 15:53:05.307 [main] AbstractEntityPersister -  Identity insert: insert into USERS (user_name, user_password) values (?, ?)
[DEBUG] 2020-02-23 15:53:05.323 [main] QuerySpacesImpl - Adding QuerySpace : uid = <gen:0> -> org.hibernate.loader.plan.build.internal.spaces.EntityQuerySpaceImpl@329dc214]
[DEBUG] 2020-02-23 15:53:05.323 [main] MetamodelGraphWalker - Visiting attribute path : userName
[DEBUG] 2020-02-23 15:53:05.323 [main] MetamodelGraphWalker - Visiting attribute path : userPassword
[DEBUG] 2020-02-23 15:53:05.324 [main] FetchStyleLoadPlanBuildingAssociationVisitationStrategy - Building LoadPlan...
[DEBUG] 2020-02-23 15:53:05.331 [main] LoadQueryJoinAndFetchProcessor - processing queryspace <gen:0>
[DEBUG] 2020-02-23 15:53:05.333 [main] LoadPlanTreePrinter - LoadPlan(entity=edu.matc.entity.User)
    - Returns
       - EntityReturnImpl(entity=edu.matc.entity.User, querySpaceUid=<gen:0>, path=edu.matc.entity.User)
    - QuerySpaces
       - EntityQuerySpaceImpl(uid=<gen:0>, entity=edu.matc.entity.User)
          - SQL table alias mapping - user0_
          - alias suffix - 0_
          - suffixed key columns - {id1_0_0_}

[DEBUG] 2020-02-23 15:53:05.335 [main] EntityLoader - Static select for entity edu.matc.entity.User [NONE]: select user0_.id as id1_0_0_, user0_.user_name as user_nam2_0_0_, user0_.user_password as user_pas3_0_0_ from USERS user0_ where user0_.id=?
[DEBUG] 2020-02-23 15:53:05.335 [main] QuerySpacesImpl - Adding QuerySpace : uid = <gen:0> -> org.hibernate.loader.plan.build.internal.spaces.EntityQuerySpaceImpl@38e83838]
[DEBUG] 2020-02-23 15:53:05.335 [main] MetamodelGraphWalker - Visiting attribute path : userName
[DEBUG] 2020-02-23 15:53:05.336 [main] MetamodelGraphWalker - Visiting attribute path : userPassword
[DEBUG] 2020-02-23 15:53:05.336 [main] FetchStyleLoadPlanBuildingAssociationVisitationStrategy - Building LoadPlan...
[DEBUG] 2020-02-23 15:53:05.336 [main] LoadQueryJoinAndFetchProcessor - processing queryspace <gen:0>
[DEBUG] 2020-02-23 15:53:05.337 [main] LoadPlanTreePrinter - LoadPlan(entity=edu.matc.entity.User)
    - Returns
       - EntityReturnImpl(entity=edu.matc.entity.User, querySpaceUid=<gen:0>, path=edu.matc.entity.User)
    - QuerySpaces
       - EntityQuerySpaceImpl(uid=<gen:0>, entity=edu.matc.entity.User)
          - SQL table alias mapping - user0_
          - alias suffix - 0_
          - suffixed key columns - {id1_0_0_}

[DEBUG] 2020-02-23 15:53:05.338 [main] EntityLoader - Static select for entity edu.matc.entity.User [READ]: select user0_.id as id1_0_0_, user0_.user_name as user_nam2_0_0_, user0_.user_password as user_pas3_0_0_ from USERS user0_ where user0_.id=?
[DEBUG] 2020-02-23 15:53:05.348 [main] Loader - Static select for action ACTION_MERGE on entity edu.matc.entity.User: select user0_.id as id1_0_0_, user0_.user_name as user_nam2_0_0_, user0_.user_password as user_pas3_0_0_ from USERS user0_ where user0_.id=?
[DEBUG] 2020-02-23 15:53:05.348 [main] Loader - Static select for action ACTION_REFRESH on entity edu.matc.entity.User: select user0_.id as id1_0_0_, user0_.user_name as user_nam2_0_0_, user0_.user_password as user_pas3_0_0_ from USERS user0_ where user0_.id=?
[DEBUG] 2020-02-23 15:53:05.371 [main] SchemaManagementToolCoordinator - No actions specified; doing nothing
[DEBUG] 2020-02-23 15:53:05.371 [main] JtaPlatformInitiator - No JtaPlatform was specified, checking resolver
[DEBUG] 2020-02-23 15:53:05.371 [main] JtaPlatformResolverInitiator - No JtaPlatformResolver was specified, using default [org.hibernate.engine.transaction.jta.platform.internal.StandardJtaPlatformResolver]
[DEBUG] 2020-02-23 15:53:05.377 [main] StandardJtaPlatformResolver - Could not resolve JtaPlatform, using default [org.hibernate.engine.transaction.jta.platform.internal.NoJtaPlatform]
[INFO ] 2020-02-23 15:53:05.377 [main] JtaPlatformInitiator - HHH000490: Using JtaPlatform implementation: [org.hibernate.engine.transaction.jta.platform.internal.NoJtaPlatform]
[DEBUG] 2020-02-23 15:53:05.378 [main] NamedQueryRepository - Checking 0 named HQL queries
[DEBUG] 2020-02-23 15:53:05.378 [main] NamedQueryRepository - Checking 0 named SQL queries
[DEBUG] 2020-02-23 15:53:05.381 [main] SessionFactoryRegistry - Initializing SessionFactoryRegistry : org.hibernate.internal.SessionFactoryRegistry@7558633
[DEBUG] 2020-02-23 15:53:05.386 [main] SessionFactoryRegistry - Registering SessionFactory: 592405ac-e25d-41c4-9600-50df980c6dcf (<unnamed>)
[DEBUG] 2020-02-23 15:53:05.387 [main] SessionFactoryRegistry - Not binding SessionFactory to JNDI, no JNDI name configured
[DEBUG] 2020-02-23 15:53:05.448 [main] StatisticsInitiator - Statistics initialized [enabled=false]
[DEBUG] 2020-02-23 15:53:05.505 [main] CriteriaQueryImpl - Rendered criteria query -> select generatedAlias0 from User as generatedAlias0 where generatedAlias0.userName=:param0
[DEBUG] 2020-02-23 15:53:05.529 [main] QueryTranslatorFactoryInitiator - QueryTranslatorFactory: org.hibernate.hql.internal.ast.ASTQueryTranslatorFactory@38cfecf3
[DEBUG] 2020-02-23 15:53:05.574 [main] QueryTranslatorImpl - parse() - HQL: select generatedAlias0 from edu.matc.entity.User as generatedAlias0 where generatedAlias0.userName=:param0
[DEBUG] 2020-02-23 15:53:05.580 [main] ErrorTracker - throwQueryException() : no errors
[DEBUG] 2020-02-23 15:53:05.593 [main] QueryTranslatorImpl - --- HQL AST ---
 \-[QUERY] Node: 'query'
    +-[SELECT_FROM] Node: 'SELECT_FROM'
    |  +-[FROM] Node: 'from'
    |  |  \-[RANGE] Node: 'RANGE'
    |  |     +-[DOT] Node: '.'
    |  |     |  +-[DOT] Node: '.'
    |  |     |  |  +-[DOT] Node: '.'
    |  |     |  |  |  +-[IDENT] Node: 'edu'
    |  |     |  |  |  \-[IDENT] Node: 'matc'
    |  |     |  |  \-[IDENT] Node: 'entity'
    |  |     |  \-[IDENT] Node: 'User'
    |  |     \-[ALIAS] Node: 'generatedAlias0'
    |  \-[SELECT] Node: 'select'
    |     \-[IDENT] Node: 'generatedAlias0'
    \-[WHERE] Node: 'where'
       \-[EQ] Node: '='
          +-[DOT] Node: '.'
          |  +-[IDENT] Node: 'generatedAlias0'
          |  \-[IDENT] Node: 'userName'
          \-[COLON] Node: ':'
             \-[IDENT] Node: 'param0'

[DEBUG] 2020-02-23 15:53:05.620 [main] HqlSqlBaseWalker - select << begin [level=1, statement=select]
[DEBUG] 2020-02-23 15:53:05.634 [main] FromElement - FromClause{level=1} : edu.matc.entity.User (generatedAlias0) -> user0_
[DEBUG] 2020-02-23 15:53:05.635 [main] FromReferenceNode - Resolved : generatedAlias0 -> user0_.id
[DEBUG] 2020-02-23 15:53:05.640 [main] FromReferenceNode - Resolved : generatedAlias0 -> user0_.id
[DEBUG] 2020-02-23 15:53:05.641 [main] DotNode - getDataType() : userName -> org.hibernate.type.StringType@5a82ebf8
[DEBUG] 2020-02-23 15:53:05.643 [main] FromReferenceNode - Resolved : generatedAlias0.userName -> user0_.user_name
[DEBUG] 2020-02-23 15:53:05.644 [main] HqlSqlBaseWalker - select : finishing up [level=1, statement=select]
[DEBUG] 2020-02-23 15:53:05.647 [main] HqlSqlWalker - processQuery() :  ( SELECT ( {select clause} user0_.id ) ( FromClause{level=1} USERS user0_ ) ( where ( = ( user0_.user_name user0_.id userName ) ? ) ) )
[DEBUG] 2020-02-23 15:53:05.655 [main] JoinProcessor - Using FROM fragment [USERS user0_]
[DEBUG] 2020-02-23 15:53:05.655 [main] HqlSqlBaseWalker - select >> end [level=1, statement=select]
[DEBUG] 2020-02-23 15:53:05.658 [main] QueryTranslatorImpl - --- SQL AST ---
 \-[SELECT] QueryNode: 'SELECT'  querySpaces (USERS)
    +-[SELECT_CLAUSE] SelectClause: '{select clause}'
    |  +-[ALIAS_REF] IdentNode: 'user0_.id as id1_0_' {alias=generatedAlias0, className=edu.matc.entity.User, tableAlias=user0_}
    |  \-[SQL_TOKEN] SqlFragment: 'user0_.user_name as user_nam2_0_, user0_.user_password as user_pas3_0_'
    +-[FROM] FromClause: 'from' FromClause{level=1, fromElementCounter=1, fromElements=1, fromElementByClassAlias=[generatedAlias0], fromElementByTableAlias=[user0_], fromElementsByPath=[], collectionJoinFromElementsByPath=[], impliedElements=[]}
    |  \-[FROM_FRAGMENT] FromElement: 'USERS user0_' FromElement{explicit,not a collection join,not a fetch join,fetch non-lazy properties,classAlias=generatedAlias0,role=null,tableName=USERS,tableAlias=user0_,origin=null,columns={,className=edu.matc.entity.User}}
    \-[WHERE] SqlNode: 'where'
       \-[EQ] BinaryLogicOperatorNode: '='
          +-[DOT] DotNode: 'user0_.user_name' {propertyName=userName,dereferenceType=PRIMITIVE,getPropertyPath=userName,path=generatedAlias0.userName,tableAlias=user0_,className=edu.matc.entity.User,classAlias=generatedAlias0}
          |  +-[ALIAS_REF] IdentNode: 'user0_.id' {alias=generatedAlias0, className=edu.matc.entity.User, tableAlias=user0_}
          |  \-[IDENT] IdentNode: 'userName' {originalText=userName}
          \-[NAMED_PARAM] ParameterNode: '?' {name=param0, expectedType=org.hibernate.type.StringType@5a82ebf8}

[DEBUG] 2020-02-23 15:53:05.658 [main] ErrorTracker - throwQueryException() : no errors
[DEBUG] 2020-02-23 15:53:05.665 [main] QueryTranslatorImpl - HQL: select generatedAlias0 from edu.matc.entity.User as generatedAlias0 where generatedAlias0.userName=:param0
[DEBUG] 2020-02-23 15:53:05.667 [main] QueryTranslatorImpl - SQL: select user0_.id as id1_0_, user0_.user_name as user_nam2_0_, user0_.user_password as user_pas3_0_ from USERS user0_ where user0_.user_name=?
[DEBUG] 2020-02-23 15:53:05.667 [main] ErrorTracker - throwQueryException() : no errors
[DEBUG] 2020-02-23 15:53:05.693 [main] SQL - select user0_.id as id1_0_, user0_.user_name as user_nam2_0_, user0_.user_password as user_pas3_0_ from USERS user0_ where user0_.user_name=?
[DEBUG] 2020-02-23 15:53:05.712 [main] Loader - Result set row: 0
[DEBUG] 2020-02-23 15:53:05.718 [main] Loader - Result row: EntityKey[edu.matc.entity.User#2]
[DEBUG] 2020-02-23 15:53:05.723 [main] TwoPhaseLoad - Resolving attributes for [edu.matc.entity.User#2]
[DEBUG] 2020-02-23 15:53:05.724 [main] TwoPhaseLoad - Processing attribute `userName` : value = Jane_Doe
[DEBUG] 2020-02-23 15:53:05.724 [main] TwoPhaseLoad - Attribute (`userName`)  - enhanced for lazy-loading? - false
[DEBUG] 2020-02-23 15:53:05.725 [main] TwoPhaseLoad - Processing attribute `userPassword` : value = welcome123
[DEBUG] 2020-02-23 15:53:05.725 [main] TwoPhaseLoad - Attribute (`userPassword`)  - enhanced for lazy-loading? - false
[DEBUG] 2020-02-23 15:53:05.726 [main] TwoPhaseLoad - Done materializing entity [edu.matc.entity.User#2]
[DEBUG] 2020-02-23 15:53:05.735 [main] LogicalConnectionManagedImpl - Initiating JDBC connection release from afterTransaction
