[DEBUG] 2020-02-18 09:14:33.232 [main] IntegratorServiceImpl - Adding Integrator [org.hibernate.cfg.beanvalidation.BeanValidationIntegrator].
[DEBUG] 2020-02-18 09:14:33.258 [main] IntegratorServiceImpl - Adding Integrator [org.hibernate.secure.spi.JaccIntegrator].
[DEBUG] 2020-02-18 09:14:33.277 [main] IntegratorServiceImpl - Adding Integrator [org.hibernate.cache.internal.CollectionCacheInvalidator].
[INFO ] 2020-02-18 09:14:33.526 [main] Version - HHH000412: Hibernate Core {5.4.4.Final}
[DEBUG] 2020-02-18 09:14:33.539 [main] Environment - HHH000206: hibernate.properties not found
[DEBUG] 2020-02-18 09:14:34.015 [main] JaxbCfgProcessor - cfg.xml document did not define namespaces; wrapping in custom event reader to introduce namespace information
[DEBUG] 2020-02-18 09:14:34.520 [main] ServiceBinding - Overriding existing service binding [org.hibernate.secure.spi.JaccService]
[DEBUG] 2020-02-18 09:14:34.557 [main] RegionFactoryInitiator - Cannot default RegionFactory based on registered strategies as `[]` RegionFactory strategies were registered
[DEBUG] 2020-02-18 09:14:34.558 [main] RegionFactoryInitiator - Cache region factory : org.hibernate.cache.internal.NoCachingRegionFactory
[INFO ] 2020-02-18 09:14:34.577 [main] Version - HCANN000001: Hibernate Commons Annotations {5.1.0.Final}
[DEBUG] 2020-02-18 09:14:34.619 [main] BasicTypeRegistry - Adding type registration boolean -> org.hibernate.type.BooleanType@77e7246b
[DEBUG] 2020-02-18 09:14:34.619 [main] BasicTypeRegistry - Adding type registration boolean -> org.hibernate.type.BooleanType@77e7246b
[DEBUG] 2020-02-18 09:14:34.619 [main] BasicTypeRegistry - Adding type registration java.lang.Boolean -> org.hibernate.type.BooleanType@77e7246b
[DEBUG] 2020-02-18 09:14:34.620 [main] BasicTypeRegistry - Adding type registration numeric_boolean -> org.hibernate.type.NumericBooleanType@1f44ddab
[DEBUG] 2020-02-18 09:14:34.620 [main] BasicTypeRegistry - Adding type registration true_false -> org.hibernate.type.TrueFalseType@7eb6b6b6
[DEBUG] 2020-02-18 09:14:34.621 [main] BasicTypeRegistry - Adding type registration yes_no -> org.hibernate.type.YesNoType@10ef5fa0
[DEBUG] 2020-02-18 09:14:34.622 [main] BasicTypeRegistry - Adding type registration byte -> org.hibernate.type.ByteType@719d35e8
[DEBUG] 2020-02-18 09:14:34.622 [main] BasicTypeRegistry - Adding type registration byte -> org.hibernate.type.ByteType@719d35e8
[DEBUG] 2020-02-18 09:14:34.622 [main] BasicTypeRegistry - Adding type registration java.lang.Byte -> org.hibernate.type.ByteType@719d35e8
[DEBUG] 2020-02-18 09:14:34.623 [main] BasicTypeRegistry - Adding type registration character -> org.hibernate.type.CharacterType@188b6035
[DEBUG] 2020-02-18 09:14:34.623 [main] BasicTypeRegistry - Adding type registration char -> org.hibernate.type.CharacterType@188b6035
[DEBUG] 2020-02-18 09:14:34.623 [main] BasicTypeRegistry - Adding type registration java.lang.Character -> org.hibernate.type.CharacterType@188b6035
[DEBUG] 2020-02-18 09:14:34.624 [main] BasicTypeRegistry - Adding type registration short -> org.hibernate.type.ShortType@1ff55ff
[DEBUG] 2020-02-18 09:14:34.629 [main] BasicTypeRegistry - Adding type registration short -> org.hibernate.type.ShortType@1ff55ff
[DEBUG] 2020-02-18 09:14:34.630 [main] BasicTypeRegistry - Adding type registration java.lang.Short -> org.hibernate.type.ShortType@1ff55ff
[DEBUG] 2020-02-18 09:14:34.631 [main] BasicTypeRegistry - Adding type registration integer -> org.hibernate.type.IntegerType@148c7c4b
[DEBUG] 2020-02-18 09:14:34.631 [main] BasicTypeRegistry - Adding type registration int -> org.hibernate.type.IntegerType@148c7c4b
[DEBUG] 2020-02-18 09:14:34.631 [main] BasicTypeRegistry - Adding type registration java.lang.Integer -> org.hibernate.type.IntegerType@148c7c4b
[DEBUG] 2020-02-18 09:14:34.632 [main] BasicTypeRegistry - Adding type registration long -> org.hibernate.type.LongType@6aba5d30
[DEBUG] 2020-02-18 09:14:34.635 [main] BasicTypeRegistry - Adding type registration long -> org.hibernate.type.LongType@6aba5d30
[DEBUG] 2020-02-18 09:14:34.635 [main] BasicTypeRegistry - Adding type registration java.lang.Long -> org.hibernate.type.LongType@6aba5d30
[DEBUG] 2020-02-18 09:14:34.636 [main] BasicTypeRegistry - Adding type registration float -> org.hibernate.type.FloatType@2c6aed22
[DEBUG] 2020-02-18 09:14:34.637 [main] BasicTypeRegistry - Adding type registration float -> org.hibernate.type.FloatType@2c6aed22
[DEBUG] 2020-02-18 09:14:34.638 [main] BasicTypeRegistry - Adding type registration java.lang.Float -> org.hibernate.type.FloatType@2c6aed22
[DEBUG] 2020-02-18 09:14:34.639 [main] BasicTypeRegistry - Adding type registration double -> org.hibernate.type.DoubleType@1416a80a
[DEBUG] 2020-02-18 09:14:34.640 [main] BasicTypeRegistry - Adding type registration double -> org.hibernate.type.DoubleType@1416a80a
[DEBUG] 2020-02-18 09:14:34.640 [main] BasicTypeRegistry - Adding type registration java.lang.Double -> org.hibernate.type.DoubleType@1416a80a
[DEBUG] 2020-02-18 09:14:34.642 [main] BasicTypeRegistry - Adding type registration big_decimal -> org.hibernate.type.BigDecimalType@2b5183ec
[DEBUG] 2020-02-18 09:14:34.644 [main] BasicTypeRegistry - Adding type registration java.math.BigDecimal -> org.hibernate.type.BigDecimalType@2b5183ec
[DEBUG] 2020-02-18 09:14:34.646 [main] BasicTypeRegistry - Adding type registration big_integer -> org.hibernate.type.BigIntegerType@b0e5507
[DEBUG] 2020-02-18 09:14:34.646 [main] BasicTypeRegistry - Adding type registration java.math.BigInteger -> org.hibernate.type.BigIntegerType@b0e5507
[DEBUG] 2020-02-18 09:14:34.647 [main] BasicTypeRegistry - Adding type registration string -> org.hibernate.type.StringType@51d9b06c
[DEBUG] 2020-02-18 09:14:34.649 [main] BasicTypeRegistry - Adding type registration java.lang.String -> org.hibernate.type.StringType@51d9b06c
[DEBUG] 2020-02-18 09:14:34.650 [main] BasicTypeRegistry - Adding type registration nstring -> org.hibernate.type.StringNVarcharType@5fb65013
[DEBUG] 2020-02-18 09:14:34.651 [main] BasicTypeRegistry - Adding type registration ncharacter -> org.hibernate.type.CharacterNCharType@1744a475
[DEBUG] 2020-02-18 09:14:34.654 [main] BasicTypeRegistry - Adding type registration url -> org.hibernate.type.UrlType@ca93621
[DEBUG] 2020-02-18 09:14:34.654 [main] BasicTypeRegistry - Adding type registration java.net.URL -> org.hibernate.type.UrlType@ca93621
[DEBUG] 2020-02-18 09:14:34.656 [main] BasicTypeRegistry - Adding type registration Duration -> org.hibernate.type.DurationType@9d3c67
[DEBUG] 2020-02-18 09:14:34.656 [main] BasicTypeRegistry - Adding type registration java.time.Duration -> org.hibernate.type.DurationType@9d3c67
[DEBUG] 2020-02-18 09:14:34.662 [main] BasicTypeRegistry - Adding type registration Instant -> org.hibernate.type.InstantType@7c2b58c0
[DEBUG] 2020-02-18 09:14:34.662 [main] BasicTypeRegistry - Adding type registration java.time.Instant -> org.hibernate.type.InstantType@7c2b58c0
[DEBUG] 2020-02-18 09:14:34.664 [main] BasicTypeRegistry - Adding type registration LocalDateTime -> org.hibernate.type.LocalDateTimeType@10fbbdb
[DEBUG] 2020-02-18 09:14:34.664 [main] BasicTypeRegistry - Adding type registration java.time.LocalDateTime -> org.hibernate.type.LocalDateTimeType@10fbbdb
[DEBUG] 2020-02-18 09:14:34.665 [main] BasicTypeRegistry - Adding type registration LocalDate -> org.hibernate.type.LocalDateType@204e90f7
[DEBUG] 2020-02-18 09:14:34.666 [main] BasicTypeRegistry - Adding type registration java.time.LocalDate -> org.hibernate.type.LocalDateType@204e90f7
[DEBUG] 2020-02-18 09:14:34.667 [main] BasicTypeRegistry - Adding type registration LocalTime -> org.hibernate.type.LocalTimeType@e4b6f47
[DEBUG] 2020-02-18 09:14:34.667 [main] BasicTypeRegistry - Adding type registration java.time.LocalTime -> org.hibernate.type.LocalTimeType@e4b6f47
[DEBUG] 2020-02-18 09:14:34.668 [main] BasicTypeRegistry - Adding type registration OffsetDateTime -> org.hibernate.type.OffsetDateTimeType@173797f0
[DEBUG] 2020-02-18 09:14:34.668 [main] BasicTypeRegistry - Adding type registration java.time.OffsetDateTime -> org.hibernate.type.OffsetDateTimeType@173797f0
[DEBUG] 2020-02-18 09:14:34.670 [main] BasicTypeRegistry - Adding type registration OffsetTime -> org.hibernate.type.OffsetTimeType@33d53216
[DEBUG] 2020-02-18 09:14:34.671 [main] BasicTypeRegistry - Adding type registration java.time.OffsetTime -> org.hibernate.type.OffsetTimeType@33d53216
[DEBUG] 2020-02-18 09:14:34.673 [main] BasicTypeRegistry - Adding type registration ZonedDateTime -> org.hibernate.type.ZonedDateTimeType@1d0a61c8
[DEBUG] 2020-02-18 09:14:34.673 [main] BasicTypeRegistry - Adding type registration java.time.ZonedDateTime -> org.hibernate.type.ZonedDateTimeType@1d0a61c8
[DEBUG] 2020-02-18 09:14:34.674 [main] BasicTypeRegistry - Adding type registration date -> org.hibernate.type.DateType@2cc03cd1
[DEBUG] 2020-02-18 09:14:34.674 [main] BasicTypeRegistry - Adding type registration java.sql.Date -> org.hibernate.type.DateType@2cc03cd1
[DEBUG] 2020-02-18 09:14:34.675 [main] BasicTypeRegistry - Adding type registration time -> org.hibernate.type.TimeType@3f628ce9
[DEBUG] 2020-02-18 09:14:34.675 [main] BasicTypeRegistry - Adding type registration java.sql.Time -> org.hibernate.type.TimeType@3f628ce9
[DEBUG] 2020-02-18 09:14:34.676 [main] BasicTypeRegistry - Adding type registration timestamp -> org.hibernate.type.TimestampType@5fac521d
[DEBUG] 2020-02-18 09:14:34.676 [main] BasicTypeRegistry - Adding type registration java.sql.Timestamp -> org.hibernate.type.TimestampType@5fac521d
[DEBUG] 2020-02-18 09:14:34.677 [main] BasicTypeRegistry - Adding type registration java.util.Date -> org.hibernate.type.TimestampType@5fac521d
[DEBUG] 2020-02-18 09:14:34.678 [main] BasicTypeRegistry - Adding type registration dbtimestamp -> org.hibernate.type.DbTimestampType@3abfe845
[DEBUG] 2020-02-18 09:14:34.678 [main] BasicTypeRegistry - Adding type registration calendar -> org.hibernate.type.CalendarType@27a2a089
[DEBUG] 2020-02-18 09:14:34.679 [main] BasicTypeRegistry - Adding type registration java.util.Calendar -> org.hibernate.type.CalendarType@27a2a089
[DEBUG] 2020-02-18 09:14:34.680 [main] BasicTypeRegistry - Adding type registration java.util.GregorianCalendar -> org.hibernate.type.CalendarType@27a2a089
[DEBUG] 2020-02-18 09:14:34.680 [main] BasicTypeRegistry - Adding type registration calendar_date -> org.hibernate.type.CalendarDateType@3f9270ed
[DEBUG] 2020-02-18 09:14:34.682 [main] BasicTypeRegistry - Adding type registration locale -> org.hibernate.type.LocaleType@53a665ad
[DEBUG] 2020-02-18 09:14:34.683 [main] BasicTypeRegistry - Adding type registration java.util.Locale -> org.hibernate.type.LocaleType@53a665ad
[DEBUG] 2020-02-18 09:14:34.684 [main] BasicTypeRegistry - Adding type registration currency -> org.hibernate.type.CurrencyType@abff8b7
[DEBUG] 2020-02-18 09:14:34.684 [main] BasicTypeRegistry - Adding type registration java.util.Currency -> org.hibernate.type.CurrencyType@abff8b7
[DEBUG] 2020-02-18 09:14:34.685 [main] BasicTypeRegistry - Adding type registration timezone -> org.hibernate.type.TimeZoneType@1b4ae4e0
[DEBUG] 2020-02-18 09:14:34.685 [main] BasicTypeRegistry - Adding type registration java.util.TimeZone -> org.hibernate.type.TimeZoneType@1b4ae4e0
[DEBUG] 2020-02-18 09:14:34.685 [main] BasicTypeRegistry - Adding type registration class -> org.hibernate.type.ClassType@37d871c2
[DEBUG] 2020-02-18 09:14:34.687 [main] BasicTypeRegistry - Adding type registration java.lang.Class -> org.hibernate.type.ClassType@37d871c2
[DEBUG] 2020-02-18 09:14:34.688 [main] BasicTypeRegistry - Adding type registration uuid-binary -> org.hibernate.type.UUIDBinaryType@476e8796
[DEBUG] 2020-02-18 09:14:34.689 [main] BasicTypeRegistry - Adding type registration java.util.UUID -> org.hibernate.type.UUIDBinaryType@476e8796
[DEBUG] 2020-02-18 09:14:34.689 [main] BasicTypeRegistry - Adding type registration uuid-char -> org.hibernate.type.UUIDCharType@642505c7
[DEBUG] 2020-02-18 09:14:34.691 [main] BasicTypeRegistry - Adding type registration binary -> org.hibernate.type.BinaryType@27b2faa6
[DEBUG] 2020-02-18 09:14:34.691 [main] BasicTypeRegistry - Adding type registration byte[] -> org.hibernate.type.BinaryType@27b2faa6
[DEBUG] 2020-02-18 09:14:34.691 [main] BasicTypeRegistry - Adding type registration [B -> org.hibernate.type.BinaryType@27b2faa6
[DEBUG] 2020-02-18 09:14:34.692 [main] BasicTypeRegistry - Adding type registration wrapper-binary -> org.hibernate.type.WrapperBinaryType@75a118e6
[DEBUG] 2020-02-18 09:14:34.693 [main] BasicTypeRegistry - Adding type registration Byte[] -> org.hibernate.type.WrapperBinaryType@75a118e6
[DEBUG] 2020-02-18 09:14:34.693 [main] BasicTypeRegistry - Adding type registration [Ljava.lang.Byte; -> org.hibernate.type.WrapperBinaryType@75a118e6
[DEBUG] 2020-02-18 09:14:34.694 [main] BasicTypeRegistry - Adding type registration row_version -> org.hibernate.type.RowVersionType@6bda1d19
[DEBUG] 2020-02-18 09:14:34.695 [main] BasicTypeRegistry - Adding type registration image -> org.hibernate.type.ImageType@37b57b54
[DEBUG] 2020-02-18 09:14:34.696 [main] BasicTypeRegistry - Adding type registration characters -> org.hibernate.type.CharArrayType@5580d62f
[DEBUG] 2020-02-18 09:14:34.696 [main] BasicTypeRegistry - Adding type registration char[] -> org.hibernate.type.CharArrayType@5580d62f
[DEBUG] 2020-02-18 09:14:34.696 [main] BasicTypeRegistry - Adding type registration [C -> org.hibernate.type.CharArrayType@5580d62f
[DEBUG] 2020-02-18 09:14:34.697 [main] BasicTypeRegistry - Adding type registration wrapper-characters -> org.hibernate.type.CharacterArrayType@2c58dcb1
[DEBUG] 2020-02-18 09:14:34.697 [main] BasicTypeRegistry - Adding type registration [Ljava.lang.Character; -> org.hibernate.type.CharacterArrayType@2c58dcb1
[DEBUG] 2020-02-18 09:14:34.701 [main] BasicTypeRegistry - Adding type registration Character[] -> org.hibernate.type.CharacterArrayType@2c58dcb1
[DEBUG] 2020-02-18 09:14:34.701 [main] BasicTypeRegistry - Adding type registration text -> org.hibernate.type.TextType@2dd8239
[DEBUG] 2020-02-18 09:14:34.702 [main] BasicTypeRegistry - Adding type registration ntext -> org.hibernate.type.NTextType@2e53b094
[DEBUG] 2020-02-18 09:14:34.708 [main] BasicTypeRegistry - Adding type registration blob -> org.hibernate.type.BlobType@5fcfca62
[DEBUG] 2020-02-18 09:14:34.709 [main] BasicTypeRegistry - Adding type registration java.sql.Blob -> org.hibernate.type.BlobType@5fcfca62
[DEBUG] 2020-02-18 09:14:34.709 [main] BasicTypeRegistry - Adding type registration materialized_blob -> org.hibernate.type.MaterializedBlobType@288214b1
[DEBUG] 2020-02-18 09:14:34.710 [main] BasicTypeRegistry - Adding type registration clob -> org.hibernate.type.ClobType@10641c09
[DEBUG] 2020-02-18 09:14:34.710 [main] BasicTypeRegistry - Adding type registration java.sql.Clob -> org.hibernate.type.ClobType@10641c09
[DEBUG] 2020-02-18 09:14:34.711 [main] BasicTypeRegistry - Adding type registration nclob -> org.hibernate.type.NClobType@ad3324b
[DEBUG] 2020-02-18 09:14:34.711 [main] BasicTypeRegistry - Adding type registration java.sql.NClob -> org.hibernate.type.NClobType@ad3324b
[DEBUG] 2020-02-18 09:14:34.712 [main] BasicTypeRegistry - Adding type registration materialized_clob -> org.hibernate.type.MaterializedClobType@144ab54
[DEBUG] 2020-02-18 09:14:34.712 [main] BasicTypeRegistry - Adding type registration materialized_nclob -> org.hibernate.type.MaterializedNClobType@6c518474
[DEBUG] 2020-02-18 09:14:34.718 [main] BasicTypeRegistry - Adding type registration serializable -> org.hibernate.type.SerializableType@47a7a101
[DEBUG] 2020-02-18 09:14:34.723 [main] BasicTypeRegistry - Adding type registration object -> org.hibernate.type.ObjectType@5e671e20
[DEBUG] 2020-02-18 09:14:34.723 [main] BasicTypeRegistry - Adding type registration java.lang.Object -> org.hibernate.type.ObjectType@5e671e20
[DEBUG] 2020-02-18 09:14:34.723 [main] BasicTypeRegistry - Adding type registration imm_date -> org.hibernate.type.AdaptedImmutableType@5e8cda75
[DEBUG] 2020-02-18 09:14:34.728 [main] BasicTypeRegistry - Adding type registration imm_time -> org.hibernate.type.AdaptedImmutableType@3f049056
[DEBUG] 2020-02-18 09:14:34.729 [main] BasicTypeRegistry - Adding type registration imm_timestamp -> org.hibernate.type.AdaptedImmutableType@64968732
[DEBUG] 2020-02-18 09:14:34.729 [main] BasicTypeRegistry - Adding type registration imm_dbtimestamp -> org.hibernate.type.AdaptedImmutableType@3e1a3801
[DEBUG] 2020-02-18 09:14:34.729 [main] BasicTypeRegistry - Adding type registration imm_calendar -> org.hibernate.type.AdaptedImmutableType@6fd12c5
[DEBUG] 2020-02-18 09:14:34.729 [main] BasicTypeRegistry - Adding type registration imm_calendar_date -> org.hibernate.type.AdaptedImmutableType@1de0a46c
[DEBUG] 2020-02-18 09:14:34.729 [main] BasicTypeRegistry - Adding type registration imm_binary -> org.hibernate.type.AdaptedImmutableType@4d1f1ff5
[DEBUG] 2020-02-18 09:14:34.729 [main] BasicTypeRegistry - Adding type registration imm_serializable -> org.hibernate.type.AdaptedImmutableType@222afc67
[DEBUG] 2020-02-18 09:14:34.782 [main] DefaultIdentifierGeneratorFactory - Registering IdentifierGenerator strategy [uuid2] -> [org.hibernate.id.UUIDGenerator]
[DEBUG] 2020-02-18 09:14:34.783 [main] DefaultIdentifierGeneratorFactory - Registering IdentifierGenerator strategy [guid] -> [org.hibernate.id.GUIDGenerator]
[DEBUG] 2020-02-18 09:14:34.786 [main] DefaultIdentifierGeneratorFactory - Registering IdentifierGenerator strategy [uuid] -> [org.hibernate.id.UUIDHexGenerator]
[DEBUG] 2020-02-18 09:14:34.790 [main] DefaultIdentifierGeneratorFactory - Registering IdentifierGenerator strategy [uuid.hex] -> [org.hibernate.id.UUIDHexGenerator]
[DEBUG] 2020-02-18 09:14:34.791 [main] DefaultIdentifierGeneratorFactory - Registering IdentifierGenerator strategy [assigned] -> [org.hibernate.id.Assigned]
[DEBUG] 2020-02-18 09:14:34.793 [main] DefaultIdentifierGeneratorFactory - Registering IdentifierGenerator strategy [identity] -> [org.hibernate.id.IdentityGenerator]
[DEBUG] 2020-02-18 09:14:34.796 [main] DefaultIdentifierGeneratorFactory - Registering IdentifierGenerator strategy [select] -> [org.hibernate.id.SelectGenerator]
[DEBUG] 2020-02-18 09:14:34.797 [main] DefaultIdentifierGeneratorFactory - Registering IdentifierGenerator strategy [sequence] -> [org.hibernate.id.enhanced.SequenceStyleGenerator]
[DEBUG] 2020-02-18 09:14:34.800 [main] DefaultIdentifierGeneratorFactory - Registering IdentifierGenerator strategy [seqhilo] -> [org.hibernate.id.SequenceHiLoGenerator]
[DEBUG] 2020-02-18 09:14:34.801 [main] DefaultIdentifierGeneratorFactory - Registering IdentifierGenerator strategy [increment] -> [org.hibernate.id.IncrementGenerator]
[DEBUG] 2020-02-18 09:14:34.801 [main] DefaultIdentifierGeneratorFactory - Registering IdentifierGenerator strategy [foreign] -> [org.hibernate.id.ForeignGenerator]
[DEBUG] 2020-02-18 09:14:34.802 [main] DefaultIdentifierGeneratorFactory - Registering IdentifierGenerator strategy [sequence-identity] -> [org.hibernate.id.SequenceIdentityGenerator]
[DEBUG] 2020-02-18 09:14:34.802 [main] DefaultIdentifierGeneratorFactory - Registering IdentifierGenerator strategy [enhanced-sequence] -> [org.hibernate.id.enhanced.SequenceStyleGenerator]
[DEBUG] 2020-02-18 09:14:34.803 [main] DefaultIdentifierGeneratorFactory - Registering IdentifierGenerator strategy [enhanced-table] -> [org.hibernate.id.enhanced.TableGenerator]
[INFO ] 2020-02-18 09:14:34.815 [main] C3P0ConnectionProvider - HHH010002: C3P0 using driver: com.mysql.cj.jdbc.Driver at URL: jdbc:mysql://localhost:3306/test_indieProject
[INFO ] 2020-02-18 09:14:34.817 [main] C3P0ConnectionProvider - HHH10001001: Connection properties: {password=****, user=root}
[INFO ] 2020-02-18 09:14:34.817 [main] C3P0ConnectionProvider - HHH10001003: Autocommit mode: false
[INFO ] 2020-02-18 09:14:35.038 [main] C3P0ConnectionProvider - HHH10001007: JDBC isolation level: <unknown>
[DEBUG] 2020-02-18 09:14:35.419 [main] JdbcEnvironmentInitiator - Database ->
       name : MySQL
    version : 8.0.16
      major : 8
      minor : 0
[DEBUG] 2020-02-18 09:14:35.421 [main] JdbcEnvironmentInitiator - Driver ->
       name : MySQL Connector/J
    version : mysql-connector-java-8.0.16 (Revision: 34cbc6bc61f72836e26327537a432d6db7c77de6)
      major : 8
      minor : 0
[DEBUG] 2020-02-18 09:14:35.421 [main] JdbcEnvironmentInitiator - JDBC version : 4.2
[INFO ] 2020-02-18 09:14:35.505 [main] Dialect - HHH000400: Using dialect: org.hibernate.dialect.MySQL8Dialect
[DEBUG] 2020-02-18 09:14:35.530 [main] IdentifierHelperBuilder - JDBC driver metadata reported database stores quoted identifiers in more than one case
[DEBUG] 2020-02-18 09:14:35.577 [main] IdentifierHelperBuilder - IdentifierCaseStrategy for both quoted and unquoted identifiers was set to the same strategy [MIXED]; that will likely lead to problems in schema update and validation if using quoted identifiers
[DEBUG] 2020-02-18 09:14:35.661 [main] Namespace - Created database namespace [logicalName=Name{catalog=null, schema=null}, physicalName=Name{catalog=null, schema=null}]
[DEBUG] 2020-02-18 09:14:35.671 [main] TypeConfiguration$Scope - Scoping TypeConfiguration [org.hibernate.type.spi.TypeConfiguration@303f1234] to MetadataBuildingContext [org.hibernate.boot.internal.MetadataBuildingContextRootImpl@24d61e4]
[DEBUG] 2020-02-18 09:14:35.795 [main] AnnotationBinder - Binding entity from annotated class: edu.matc.entity.User
[DEBUG] 2020-02-18 09:14:35.842 [main] Ejb3Column - Binding column: Ejb3DiscriminatorColumn{logicalColumnName'DTYPE', discriminatorTypeName='string'}
[DEBUG] 2020-02-18 09:14:35.852 [main] EntityBinder - Import with entity name User
[DEBUG] 2020-02-18 09:14:35.854 [main] EntityBinder - Bind entity edu.matc.entity.User on table USERS
[DEBUG] 2020-02-18 09:14:35.893 [main] Ejb3Column - Binding column: Ejb3Column{table=org.hibernate.mapping.Table(USERS), mappingColumn=id, insertable=true, updatable=true, unique=false}
[DEBUG] 2020-02-18 09:14:35.899 [main] PropertyBinder - MetadataSourceProcessor property userId with lazy=false
[DEBUG] 2020-02-18 09:14:35.905 [main] AbstractPropertyHolder - Attempting to locate auto-apply AttributeConverter for property [edu.matc.entity.User:userId]
[DEBUG] 2020-02-18 09:14:35.911 [main] SimpleValueBinder - building SimpleValue for userId
[DEBUG] 2020-02-18 09:14:35.915 [main] PropertyBinder - Building property userId
[DEBUG] 2020-02-18 09:14:35.921 [main] BinderHelper - #makeIdGenerator(org.hibernate.mapping.SimpleValue([org.hibernate.mapping.Column(id)]), userId, org.hibernate.id.enhanced.SequenceStyleGenerator, native, ...)
[DEBUG] 2020-02-18 09:14:35.922 [main] Ejb3Column - Binding column: Ejb3Column{table=org.hibernate.mapping.Table(USERS), mappingColumn=user_name, insertable=true, updatable=true, unique=false}
[DEBUG] 2020-02-18 09:14:35.924 [main] PropertyBinder - MetadataSourceProcessor property userName with lazy=false
[DEBUG] 2020-02-18 09:14:35.924 [main] AbstractPropertyHolder - Attempting to locate auto-apply AttributeConverter for property [edu.matc.entity.User:userName]
[DEBUG] 2020-02-18 09:14:35.924 [main] SimpleValueBinder - building SimpleValue for userName
[DEBUG] 2020-02-18 09:14:35.924 [main] PropertyBinder - Building property userName
[DEBUG] 2020-02-18 09:14:35.925 [main] Ejb3Column - Binding column: Ejb3Column{table=org.hibernate.mapping.Table(USERS), mappingColumn=user_password, insertable=true, updatable=true, unique=false}
[DEBUG] 2020-02-18 09:14:35.926 [main] PropertyBinder - MetadataSourceProcessor property userPassword with lazy=false
[DEBUG] 2020-02-18 09:14:35.926 [main] AbstractPropertyHolder - Attempting to locate auto-apply AttributeConverter for property [edu.matc.entity.User:userPassword]
[DEBUG] 2020-02-18 09:14:35.926 [main] SimpleValueBinder - building SimpleValue for userPassword
[DEBUG] 2020-02-18 09:14:35.926 [main] PropertyBinder - Building property userPassword
[DEBUG] 2020-02-18 09:14:35.931 [main] SimpleValueBinder - Starting fillSimpleValue for userId
[DEBUG] 2020-02-18 09:14:35.931 [main] SimpleValueBinder - Starting fillSimpleValue for userName
[DEBUG] 2020-02-18 09:14:35.931 [main] SimpleValueBinder - Starting fillSimpleValue for userPassword
[DEBUG] 2020-02-18 09:14:35.933 [main] PrimaryKey - Forcing column [id] to be non-null as it is part of the primary key for table [users]
[DEBUG] 2020-02-18 09:14:36.013 [main] SessionFactoryImpl - Building session factory
[DEBUG] 2020-02-18 09:14:36.016 [main] Settings - SessionFactory name : null
[DEBUG] 2020-02-18 09:14:36.016 [main] Settings - Automatic flush during beforeCompletion(): enabled
[DEBUG] 2020-02-18 09:14:36.016 [main] Settings - Automatic session close at end of transaction: disabled
[DEBUG] 2020-02-18 09:14:36.017 [main] Settings - Statistics: disabled
[DEBUG] 2020-02-18 09:14:36.017 [main] Settings - Deleted entity synthetic identifier rollback: disabled
[DEBUG] 2020-02-18 09:14:36.017 [main] Settings - Default entity-mode: pojo
[DEBUG] 2020-02-18 09:14:36.017 [main] Settings - Check Nullability in Core (should be disabled when Bean Validation is on): enabled
[DEBUG] 2020-02-18 09:14:36.017 [main] Settings - Allow initialization of lazy state outside session : disabled
[DEBUG] 2020-02-18 09:14:36.017 [main] Settings - Using BatchFetchStyle : LEGACY
[DEBUG] 2020-02-18 09:14:36.017 [main] Settings - Default batch fetch size: -1
[DEBUG] 2020-02-18 09:14:36.017 [main] Settings - Maximum outer join fetch depth: 2
[DEBUG] 2020-02-18 09:14:36.017 [main] Settings - Default null ordering: NONE
[DEBUG] 2020-02-18 09:14:36.017 [main] Settings - Order SQL updates by primary key: disabled
[DEBUG] 2020-02-18 09:14:36.019 [main] Settings - Order SQL inserts for batching: disabled
[DEBUG] 2020-02-18 09:14:36.019 [main] Settings - multi-tenancy strategy : NONE
[DEBUG] 2020-02-18 09:14:36.019 [main] Settings - JTA Track by Thread: enabled
[DEBUG] 2020-02-18 09:14:36.019 [main] Settings - Query language substitutions: {}
[DEBUG] 2020-02-18 09:14:36.019 [main] Settings - Named query checking : enabled
[DEBUG] 2020-02-18 09:14:36.024 [main] Settings - Second-level cache: disabled
[DEBUG] 2020-02-18 09:14:36.025 [main] Settings - Second-level query cache: disabled
[DEBUG] 2020-02-18 09:14:36.025 [main] Settings - Second-level query cache factory: null
[DEBUG] 2020-02-18 09:14:36.025 [main] Settings - Second-level cache region prefix: null
[DEBUG] 2020-02-18 09:14:36.025 [main] Settings - Optimize second-level cache for minimal puts: disabled
[DEBUG] 2020-02-18 09:14:36.025 [main] Settings - Structured second-level cache entries: disabled
[DEBUG] 2020-02-18 09:14:36.025 [main] Settings - Second-level cache direct-reference entries: disabled
[DEBUG] 2020-02-18 09:14:36.025 [main] Settings - Automatic eviction of collection cache: disabled
[DEBUG] 2020-02-18 09:14:36.025 [main] Settings - JDBC batch size: 15
[DEBUG] 2020-02-18 09:14:36.025 [main] Settings - JDBC batch updates for versioned data: enabled
[DEBUG] 2020-02-18 09:14:36.025 [main] Settings - Scrollable result sets: enabled
[DEBUG] 2020-02-18 09:14:36.025 [main] Settings - Wrap result sets: disabled
[DEBUG] 2020-02-18 09:14:36.025 [main] Settings - JDBC3 getGeneratedKeys(): enabled
[DEBUG] 2020-02-18 09:14:36.025 [main] Settings - JDBC result set fetch size: null
[DEBUG] 2020-02-18 09:14:36.025 [main] Settings - Connection release mode: AFTER_TRANSACTION
[DEBUG] 2020-02-18 09:14:36.025 [main] Settings - Generate SQL with comments: disabled
[DEBUG] 2020-02-18 09:14:36.025 [main] Settings - JPA compliance - query : 
[DEBUG] 2020-02-18 09:14:36.025 [main] Settings - JPA compliance - closed-handling : 
[DEBUG] 2020-02-18 09:14:36.025 [main] Settings - JPA compliance - lists : 
[DEBUG] 2020-02-18 09:14:36.026 [main] Settings - JPA compliance - transactions : 
[INFO ] 2020-02-18 09:14:36.335 [main] beans - HHH10005002: No explicit CDI BeanManager reference was passed to Hibernate, but CDI is available on the Hibernate ClassLoader.
[DEBUG] 2020-02-18 09:14:36.427 [main] SessionFactoryImpl - Session factory constructed with filter configurations : {}
[DEBUG] 2020-02-18 09:14:36.427 [main] SessionFactoryImpl - Instantiating session factory with properties: {sun.desktop=gnome, awt.toolkit=sun.awt.X11.XToolkit, java.specification.version=11, sun.cpu.isalist=, hibernate.c3p0.idle_test_period=3000, sun.jnu.encoding=UTF-8, hibernate.c3p0.min_size=5, java.class.path=/home/student/intellij/lib/idea_rt.jar:/home/student/intellij/plugins/junit/lib/junit5-rt.jar:/home/student/intellij/plugins/junit/lib/junit-rt.jar:/home/student/IdeaProjects/indieproject/target/test-classes:/home/student/IdeaProjects/indieproject/target/classes:/home/student/.m2/repository/org/junit/platform/junit-platform-runner/1.0.0/junit-platform-runner-1.0.0.jar:/home/student/.m2/repository/org/apiguardian/apiguardian-api/1.0.0/apiguardian-api-1.0.0.jar:/home/student/.m2/repository/org/junit/platform/junit-platform-launcher/1.0.0/junit-platform-launcher-1.0.0.jar:/home/student/.m2/repository/org/junit/platform/junit-platform-suite-api/1.0.0/junit-platform-suite-api-1.0.0.jar:/home/student/.m2/repository/org/junit/platform/junit-platform-commons/1.0.0/junit-platform-commons-1.0.0.jar:/home/student/.m2/repository/org/junit/vintage/junit-vintage-engine/4.12.0/junit-vintage-engine-4.12.0.jar:/home/student/.m2/repository/org/junit/platform/junit-platform-engine/1.0.0/junit-platform-engine-1.0.0.jar:/home/student/.m2/repository/org/opentest4j/opentest4j/1.0.0/opentest4j-1.0.0.jar:/home/student/.m2/repository/org/junit/jupiter/junit-jupiter-engine/5.0.0/junit-jupiter-engine-5.0.0.jar:/home/student/.m2/repository/org/junit/jupiter/junit-jupiter-api/5.0.0/junit-jupiter-api-5.0.0.jar:/home/student/.m2/repository/junit/junit/4.12/junit-4.12.jar:/home/student/.m2/repository/org/hamcrest/hamcrest-core/1.3/hamcrest-core-1.3.jar:/home/student/.m2/repository/javax/javaee-web-api/7.0/javaee-web-api-7.0.jar:/home/student/.m2/repository/mysql/mysql-connector-java/8.0.16/mysql-connector-java-8.0.16.jar:/home/student/.m2/repository/com/google/protobuf/protobuf-java/3.6.1/protobuf-java-3.6.1.jar:/home/student/.m2/repository/jstl/jstl/1.2/jstl-1.2.jar:/home/student/.m2/repository/org/apache/logging/log4j/log4j-api/2.10.0/log4j-api-2.10.0.jar:/home/student/.m2/repository/org/apache/logging/log4j/log4j-core/2.10.0/log4j-core-2.10.0.jar:/home/student/.m2/repository/org/hibernate/hibernate-core/5.4.4.Final/hibernate-core-5.4.4.Final.jar:/home/student/.m2/repository/org/jboss/logging/jboss-logging/3.3.2.Final/jboss-logging-3.3.2.Final.jar:/home/student/.m2/repository/javax/persistence/javax.persistence-api/2.2/javax.persistence-api-2.2.jar:/home/student/.m2/repository/org/javassist/javassist/3.24.0-GA/javassist-3.24.0-GA.jar:/home/student/.m2/repository/net/bytebuddy/byte-buddy/1.9.11/byte-buddy-1.9.11.jar:/home/student/.m2/repository/antlr/antlr/2.7.7/antlr-2.7.7.jar:/home/student/.m2/repository/org/jboss/spec/javax/transaction/jboss-transaction-api_1.2_spec/1.1.1.Final/jboss-transaction-api_1.2_spec-1.1.1.Final.jar:/home/student/.m2/repository/org/jboss/jandex/2.0.5.Final/jandex-2.0.5.Final.jar:/home/student/.m2/repository/com/fasterxml/classmate/1.3.4/classmate-1.3.4.jar:/home/student/.m2/repository/javax/activation/javax.activation-api/1.2.0/javax.activation-api-1.2.0.jar:/home/student/.m2/repository/org/dom4j/dom4j/2.1.1/dom4j-2.1.1.jar:/home/student/.m2/repository/org/hibernate/common/hibernate-commons-annotations/5.1.0.Final/hibernate-commons-annotations-5.1.0.Final.jar:/home/student/.m2/repository/javax/xml/bind/jaxb-api/2.3.1/jaxb-api-2.3.1.jar:/home/student/.m2/repository/org/glassfish/jaxb/jaxb-runtime/2.3.1/jaxb-runtime-2.3.1.jar:/home/student/.m2/repository/org/glassfish/jaxb/txw2/2.3.1/txw2-2.3.1.jar:/home/student/.m2/repository/com/sun/istack/istack-commons-runtime/3.0.7/istack-commons-runtime-3.0.7.jar:/home/student/.m2/repository/org/jvnet/staxex/stax-ex/1.8/stax-ex-1.8.jar:/home/student/.m2/repository/com/sun/xml/fastinfoset/FastInfoset/1.2.15/FastInfoset-1.2.15.jar:/home/student/.m2/repository/org/hibernate/hibernate-c3p0/5.4.4.Final/hibernate-c3p0-5.4.4.Final.jar:/home/student/.m2/repository/com/mchange/c3p0/0.9.5.3/c3p0-0.9.5.3.jar:/home/student/.m2/repository/com/mchange/mchange-commons-java/0.2.15/mchange-commons-java-0.2.15.jar, java.vm.vendor=Ubuntu, sun.arch.data.model=64, idea.test.cyclic.buffer.size=1048576, java.vendor.url=https://ubuntu.com/, user.timezone=America/Chicago, os.name=Linux, java.vm.specification.version=11, sun.java.launcher=SUN_STANDARD, user.country=US, sun.boot.library.path=/usr/lib/jvm/java-11-openjdk-amd64/lib, sun.java.command=com.intellij.rt.junit.JUnitStarter -ideVersion5 -junit5 edu.matc.persistence.UserDaoTest, jdk.debug=release, sun.cpu.endian=little, user.home=/home/student, hibernate.c3p0.max_statements=50, user.language=en, java.specification.vendor=Oracle Corporation, java.version.date=2020-01-14, java.home=/usr/lib/jvm/java-11-openjdk-amd64, file.separator=/, java.vm.compressedOopsMode=32-bit, line.separator=
, hibernate.c3p0.timeout=300, java.specification.name=Java Platform API Specification, java.vm.specification.vendor=Oracle Corporation, java.awt.graphicsenv=sun.awt.X11GraphicsEnvironment, connection.password=student, sun.management.compiler=HotSpot 64-Bit Tiered Compilers, hibernate.c3p0.max_size=20, java.runtime.version=11.0.6+10-post-Ubuntu-1ubuntu118.04.1, user.name=student, path.separator=:, hibernate.connection.username=****, os.version=5.3.0-28-generic, java.runtime.name=OpenJDK Runtime Environment, hibernate.connection.url=jdbc:mysql://localhost:3306/test_indieProject, file.encoding=UTF-8, java.vm.name=OpenJDK 64-Bit Server VM, hibernate.connection.driver_class=com.mysql.cj.jdbc.Driver, java.vendor.url.bug=https://bugs.launchpad.net/ubuntu/+source/openjdk-lts, java.io.tmpdir=/tmp, java.version=11.0.6, user.dir=/home/student/IdeaProjects/indieproject, os.arch=amd64, connection.username=root, java.vm.specification.name=Java Virtual Machine Specification, java.awt.printerjob=sun.print.PSPrinterJob, hibernate.connection.password=****, sun.os.patch.level=unknown, connection.driver_class=com.mysql.cj.jdbc.Driver, hibernate.boot.CfgXmlAccessService.key=org.hibernate.boot.cfgxml.spi.LoadedConfig@74834afd, java.library.path=/usr/java/packages/lib:/usr/lib/x86_64-linux-gnu/jni:/lib/x86_64-linux-gnu:/usr/lib/x86_64-linux-gnu:/usr/lib/jni:/lib:/usr/lib, java.vendor=Ubuntu, java.vm.info=mixed mode, sharing, java.vm.version=11.0.6+10-post-Ubuntu-1ubuntu118.04.1, hibernate.bytecode.use_reflection_optimizer=false, sun.io.unicode.encoding=UnicodeLittle, connection.url=jdbc:mysql://localhost:3306/test_indieProject, java.class.version=55.0}
[DEBUG] 2020-02-18 09:14:36.501 [main] TypeSafeActivator - Unable to acquire Bean Validation ValidatorFactory, skipping activation
[DEBUG] 2020-02-18 09:14:36.501 [main] JaccIntegrator - Skipping JACC integration as it was not enabled
[DEBUG] 2020-02-18 09:14:36.507 [main] SessionFactoryImpl - Instantiated session factory
[DEBUG] 2020-02-18 09:14:36.507 [main] TypeConfiguration$Scope - Scoping TypeConfiguration [org.hibernate.type.spi.TypeConfiguration@303f1234] to SessionFactoryImpl [org.hibernate.internal.SessionFactoryImpl@2e62ead7]
[DEBUG] 2020-02-18 09:14:36.734 [main] ClassLoaderAccessImpl - Not known whether passed class name [edu.matc.entity.User] is safe
[DEBUG] 2020-02-18 09:14:36.741 [main] ClassLoaderAccessImpl - No temp ClassLoader provided; using live ClassLoader for loading potentially unsafe class : edu.matc.entity.User
[DEBUG] 2020-02-18 09:14:36.793 [main] ClassLoaderAccessImpl - Not known whether passed class name [edu.matc.entity.User] is safe
[DEBUG] 2020-02-18 09:14:36.793 [main] ClassLoaderAccessImpl - No temp ClassLoader provided; using live ClassLoader for loading potentially unsafe class : edu.matc.entity.User
[DEBUG] 2020-02-18 09:14:37.624 [main] AbstractEntityPersister - Static SQL for entity: edu.matc.entity.User
[DEBUG] 2020-02-18 09:14:37.624 [main] AbstractEntityPersister -  Version select: select id from USERS where id =?
[DEBUG] 2020-02-18 09:14:37.624 [main] AbstractEntityPersister -  Snapshot select: select user_.id, user_.user_name as user_nam2_0_, user_.user_password as user_pas3_0_ from USERS user_ where user_.id=?
[DEBUG] 2020-02-18 09:14:37.624 [main] AbstractEntityPersister -  Insert 0: insert into USERS (user_name, user_password, id) values (?, ?, ?)
[DEBUG] 2020-02-18 09:14:37.624 [main] AbstractEntityPersister -  Update 0: update USERS set user_name=?, user_password=? where id=?
[DEBUG] 2020-02-18 09:14:37.624 [main] AbstractEntityPersister -  Delete 0: delete from USERS where id=?
[DEBUG] 2020-02-18 09:14:37.624 [main] AbstractEntityPersister -  Identity insert: insert into USERS (user_name, user_password) values (?, ?)
[DEBUG] 2020-02-18 09:14:37.746 [main] QuerySpacesImpl - Adding QuerySpace : uid = <gen:0> -> org.hibernate.loader.plan.build.internal.spaces.EntityQuerySpaceImpl@69ed5ea2]
[DEBUG] 2020-02-18 09:14:37.751 [main] MetamodelGraphWalker - Visiting attribute path : userName
[DEBUG] 2020-02-18 09:14:37.751 [main] MetamodelGraphWalker - Visiting attribute path : userPassword
[DEBUG] 2020-02-18 09:14:37.751 [main] FetchStyleLoadPlanBuildingAssociationVisitationStrategy - Building LoadPlan...
[DEBUG] 2020-02-18 09:14:37.771 [main] LoadQueryJoinAndFetchProcessor - processing queryspace <gen:0>
[DEBUG] 2020-02-18 09:14:37.778 [main] LoadPlanTreePrinter - LoadPlan(entity=edu.matc.entity.User)
    - Returns
       - EntityReturnImpl(entity=edu.matc.entity.User, querySpaceUid=<gen:0>, path=edu.matc.entity.User)
    - QuerySpaces
       - EntityQuerySpaceImpl(uid=<gen:0>, entity=edu.matc.entity.User)
          - SQL table alias mapping - user0_
          - alias suffix - 0_
          - suffixed key columns - {id1_0_0_}

[DEBUG] 2020-02-18 09:14:37.783 [main] EntityLoader - Static select for entity edu.matc.entity.User [NONE]: select user0_.id as id1_0_0_, user0_.user_name as user_nam2_0_0_, user0_.user_password as user_pas3_0_0_ from USERS user0_ where user0_.id=?
[DEBUG] 2020-02-18 09:14:37.785 [main] QuerySpacesImpl - Adding QuerySpace : uid = <gen:0> -> org.hibernate.loader.plan.build.internal.spaces.EntityQuerySpaceImpl@240f350a]
[DEBUG] 2020-02-18 09:14:37.785 [main] MetamodelGraphWalker - Visiting attribute path : userName
[DEBUG] 2020-02-18 09:14:37.785 [main] MetamodelGraphWalker - Visiting attribute path : userPassword
[DEBUG] 2020-02-18 09:14:37.786 [main] FetchStyleLoadPlanBuildingAssociationVisitationStrategy - Building LoadPlan...
[DEBUG] 2020-02-18 09:14:37.786 [main] LoadQueryJoinAndFetchProcessor - processing queryspace <gen:0>
[DEBUG] 2020-02-18 09:14:37.787 [main] LoadPlanTreePrinter - LoadPlan(entity=edu.matc.entity.User)
    - Returns
       - EntityReturnImpl(entity=edu.matc.entity.User, querySpaceUid=<gen:0>, path=edu.matc.entity.User)
    - QuerySpaces
       - EntityQuerySpaceImpl(uid=<gen:0>, entity=edu.matc.entity.User)
          - SQL table alias mapping - user0_
          - alias suffix - 0_
          - suffixed key columns - {id1_0_0_}

[DEBUG] 2020-02-18 09:14:37.787 [main] EntityLoader - Static select for entity edu.matc.entity.User [READ]: select user0_.id as id1_0_0_, user0_.user_name as user_nam2_0_0_, user0_.user_password as user_pas3_0_0_ from USERS user0_ where user0_.id=?
[DEBUG] 2020-02-18 09:14:37.807 [main] Loader - Static select for action ACTION_MERGE on entity edu.matc.entity.User: select user0_.id as id1_0_0_, user0_.user_name as user_nam2_0_0_, user0_.user_password as user_pas3_0_0_ from USERS user0_ where user0_.id=?
[DEBUG] 2020-02-18 09:14:37.807 [main] Loader - Static select for action ACTION_REFRESH on entity edu.matc.entity.User: select user0_.id as id1_0_0_, user0_.user_name as user_nam2_0_0_, user0_.user_password as user_pas3_0_0_ from USERS user0_ where user0_.id=?
[DEBUG] 2020-02-18 09:14:37.840 [main] SchemaManagementToolCoordinator - No actions specified; doing nothing
[DEBUG] 2020-02-18 09:14:37.840 [main] JtaPlatformInitiator - No JtaPlatform was specified, checking resolver
[DEBUG] 2020-02-18 09:14:37.841 [main] JtaPlatformResolverInitiator - No JtaPlatformResolver was specified, using default [org.hibernate.engine.transaction.jta.platform.internal.StandardJtaPlatformResolver]
[DEBUG] 2020-02-18 09:14:37.844 [main] StandardJtaPlatformResolver - Could not resolve JtaPlatform, using default [org.hibernate.engine.transaction.jta.platform.internal.NoJtaPlatform]
[INFO ] 2020-02-18 09:14:37.845 [main] JtaPlatformInitiator - HHH000490: Using JtaPlatform implementation: [org.hibernate.engine.transaction.jta.platform.internal.NoJtaPlatform]
[DEBUG] 2020-02-18 09:14:37.845 [main] NamedQueryRepository - Checking 0 named HQL queries
[DEBUG] 2020-02-18 09:14:37.845 [main] NamedQueryRepository - Checking 0 named SQL queries
[DEBUG] 2020-02-18 09:14:37.847 [main] SessionFactoryRegistry - Initializing SessionFactoryRegistry : org.hibernate.internal.SessionFactoryRegistry@53314f76
[DEBUG] 2020-02-18 09:14:37.849 [main] SessionFactoryRegistry - Registering SessionFactory: e7fcd320-53b7-40cc-a6d5-2870f95c970b (<unnamed>)
[DEBUG] 2020-02-18 09:14:37.850 [main] SessionFactoryRegistry - Not binding SessionFactory to JNDI, no JNDI name configured
[DEBUG] 2020-02-18 09:14:37.928 [main] StatisticsInitiator - Statistics initialized [enabled=false]
[DEBUG] 2020-02-18 09:14:37.947 [main] SQL - select user0_.id as id1_0_0_, user0_.user_name as user_nam2_0_0_, user0_.user_password as user_pas3_0_0_ from USERS user0_ where user0_.id=?
[DEBUG] 2020-02-18 09:14:37.977 [main] ResultSetProcessorImpl - Starting ResultSet row #0
[DEBUG] 2020-02-18 09:14:37.978 [main] EntityReferenceInitializerImpl - On call to EntityIdentifierReaderImpl#resolve, EntityKey was already known; should only happen on root returns with an optional identifier specified
[DEBUG] 2020-02-18 09:14:37.985 [main] TwoPhaseLoad - Resolving attributes for [edu.matc.entity.User#3]
[DEBUG] 2020-02-18 09:14:37.986 [main] TwoPhaseLoad - Processing attribute `userName` : value = WaltD
[DEBUG] 2020-02-18 09:14:37.986 [main] TwoPhaseLoad - Attribute (`userName`)  - enhanced for lazy-loading? - false
[DEBUG] 2020-02-18 09:14:37.986 [main] TwoPhaseLoad - Processing attribute `userPassword` : value = 321xyz
[DEBUG] 2020-02-18 09:14:37.986 [main] TwoPhaseLoad - Attribute (`userPassword`)  - enhanced for lazy-loading? - false
[DEBUG] 2020-02-18 09:14:37.987 [main] TwoPhaseLoad - Done materializing entity [edu.matc.entity.User#3]
[DEBUG] 2020-02-18 09:14:37.987 [main] ResourceRegistryStandardImpl - HHH000387: ResultSet's statement was not registered
[DEBUG] 2020-02-18 09:14:37.987 [main] AbstractLoadPlanBasedEntityLoader - Done entity load : edu.matc.entity.User#3
[DEBUG] 2020-02-18 09:14:37.987 [main] LogicalConnectionManagedImpl - Initiating JDBC connection release from afterTransaction
[DEBUG] 2020-02-18 09:14:38.014 [main] TransactionImpl - On TransactionImpl creation, JpaCompliance#isJpaTransactionComplianceEnabled == false
[DEBUG] 2020-02-18 09:14:38.014 [main] TransactionImpl - begin
[DEBUG] 2020-02-18 09:14:38.023 [main] TransactionImpl - committing
[DEBUG] 2020-02-18 09:14:38.023 [main] AbstractFlushingEventListener - Processing flush-time cascades
[DEBUG] 2020-02-18 09:14:38.023 [main] AbstractFlushingEventListener - Dirty checking collections
[DEBUG] 2020-02-18 09:14:38.024 [main] AbstractFlushingEventListener - Flushed: 0 insertions, 0 updates, 1 deletions to 1 objects
[DEBUG] 2020-02-18 09:14:38.024 [main] AbstractFlushingEventListener - Flushed: 0 (re)creations, 0 updates, 0 removals to 0 collections
[DEBUG] 2020-02-18 09:14:38.025 [main] EntityPrinter - Listing entities:
[DEBUG] 2020-02-18 09:14:38.025 [main] EntityPrinter - edu.matc.entity.User{userPassword=321xyz, userName=WaltD, userId=3}
[DEBUG] 2020-02-18 09:14:38.028 [main] SQL - delete from USERS where id=?
[DEBUG] 2020-02-18 09:14:38.038 [main] LogicalConnectionManagedImpl - Initiating JDBC connection release from afterTransaction
[DEBUG] 2020-02-18 09:14:38.039 [main] LogicalConnectionManagedImpl - Initiating JDBC connection release from afterTransaction
[DEBUG] 2020-02-18 09:14:38.039 [main] JdbcCoordinatorImpl - HHH000420: Closing un-released batch
[DEBUG] 2020-02-18 09:14:38.040 [main] SQL - select user0_.id as id1_0_0_, user0_.user_name as user_nam2_0_0_, user0_.user_password as user_pas3_0_0_ from USERS user0_ where user0_.id=?
[DEBUG] 2020-02-18 09:14:38.045 [main] ResourceRegistryStandardImpl - HHH000387: ResultSet's statement was not registered
[DEBUG] 2020-02-18 09:14:38.045 [main] AbstractLoadPlanBasedEntityLoader - Done entity load : edu.matc.entity.User#3
[DEBUG] 2020-02-18 09:14:38.045 [main] LogicalConnectionManagedImpl - Initiating JDBC connection release from afterTransaction
[DEBUG] 2020-02-18 09:14:38.323 [main] CriteriaQueryImpl - Rendered criteria query -> select generatedAlias0 from User as generatedAlias0
[DEBUG] 2020-02-18 09:14:38.347 [main] QueryTranslatorFactoryInitiator - QueryTranslatorFactory: org.hibernate.hql.internal.ast.ASTQueryTranslatorFactory@1491cd6c
[DEBUG] 2020-02-18 09:14:38.382 [main] QueryTranslatorImpl - parse() - HQL: select generatedAlias0 from edu.matc.entity.User as generatedAlias0
[DEBUG] 2020-02-18 09:14:38.388 [main] ErrorTracker - throwQueryException() : no errors
[DEBUG] 2020-02-18 09:14:38.397 [main] QueryTranslatorImpl - --- HQL AST ---
 \-[QUERY] Node: 'query'
    \-[SELECT_FROM] Node: 'SELECT_FROM'
       +-[FROM] Node: 'from'
       |  \-[RANGE] Node: 'RANGE'
       |     +-[DOT] Node: '.'
       |     |  +-[DOT] Node: '.'
       |     |  |  +-[DOT] Node: '.'
       |     |  |  |  +-[IDENT] Node: 'edu'
       |     |  |  |  \-[IDENT] Node: 'matc'
       |     |  |  \-[IDENT] Node: 'entity'
       |     |  \-[IDENT] Node: 'User'
       |     \-[ALIAS] Node: 'generatedAlias0'
       \-[SELECT] Node: 'select'
          \-[IDENT] Node: 'generatedAlias0'

[DEBUG] 2020-02-18 09:14:38.417 [main] HqlSqlBaseWalker - select << begin [level=1, statement=select]
[DEBUG] 2020-02-18 09:14:38.426 [main] FromElement - FromClause{level=1} : edu.matc.entity.User (generatedAlias0) -> user0_
[DEBUG] 2020-02-18 09:14:38.426 [main] FromReferenceNode - Resolved : generatedAlias0 -> user0_.id
[DEBUG] 2020-02-18 09:14:38.428 [main] HqlSqlBaseWalker - select : finishing up [level=1, statement=select]
[DEBUG] 2020-02-18 09:14:38.428 [main] HqlSqlWalker - processQuery() :  ( SELECT ( {select clause} user0_.id ) ( FromClause{level=1} USERS user0_ ) )
[DEBUG] 2020-02-18 09:14:38.444 [main] JoinProcessor - Using FROM fragment [USERS user0_]
[DEBUG] 2020-02-18 09:14:38.444 [main] HqlSqlBaseWalker - select >> end [level=1, statement=select]
[DEBUG] 2020-02-18 09:14:38.444 [main] QueryTranslatorImpl - --- SQL AST ---
 \-[SELECT] QueryNode: 'SELECT'  querySpaces (USERS)
    +-[SELECT_CLAUSE] SelectClause: '{select clause}'
    |  +-[ALIAS_REF] IdentNode: 'user0_.id as id1_0_' {alias=generatedAlias0, className=edu.matc.entity.User, tableAlias=user0_}
    |  \-[SQL_TOKEN] SqlFragment: 'user0_.user_name as user_nam2_0_, user0_.user_password as user_pas3_0_'
    \-[FROM] FromClause: 'from' FromClause{level=1, fromElementCounter=1, fromElements=1, fromElementByClassAlias=[generatedAlias0], fromElementByTableAlias=[user0_], fromElementsByPath=[], collectionJoinFromElementsByPath=[], impliedElements=[]}
       \-[FROM_FRAGMENT] FromElement: 'USERS user0_' FromElement{explicit,not a collection join,not a fetch join,fetch non-lazy properties,classAlias=generatedAlias0,role=null,tableName=USERS,tableAlias=user0_,origin=null,columns={,className=edu.matc.entity.User}}

[DEBUG] 2020-02-18 09:14:38.444 [main] ErrorTracker - throwQueryException() : no errors
[DEBUG] 2020-02-18 09:14:38.450 [main] QueryTranslatorImpl - HQL: select generatedAlias0 from edu.matc.entity.User as generatedAlias0
[DEBUG] 2020-02-18 09:14:38.450 [main] QueryTranslatorImpl - SQL: select user0_.id as id1_0_, user0_.user_name as user_nam2_0_, user0_.user_password as user_pas3_0_ from USERS user0_
[DEBUG] 2020-02-18 09:14:38.450 [main] ErrorTracker - throwQueryException() : no errors
[DEBUG] 2020-02-18 09:14:38.459 [main] SQL - select user0_.id as id1_0_, user0_.user_name as user_nam2_0_, user0_.user_password as user_pas3_0_ from USERS user0_
[DEBUG] 2020-02-18 09:14:38.462 [main] Loader - Result set row: 0
[DEBUG] 2020-02-18 09:14:38.463 [main] Loader - Result row: EntityKey[edu.matc.entity.User#1]
[DEBUG] 2020-02-18 09:14:38.463 [main] Loader - Result set row: 1
[DEBUG] 2020-02-18 09:14:38.463 [main] Loader - Result row: EntityKey[edu.matc.entity.User#2]
[DEBUG] 2020-02-18 09:14:38.463 [main] Loader - Result set row: 2
[DEBUG] 2020-02-18 09:14:38.463 [main] Loader - Result row: EntityKey[edu.matc.entity.User#3]
[DEBUG] 2020-02-18 09:14:38.463 [main] Loader - Result set row: 3
[DEBUG] 2020-02-18 09:14:38.463 [main] Loader - Result row: EntityKey[edu.matc.entity.User#4]
[DEBUG] 2020-02-18 09:14:38.463 [main] TwoPhaseLoad - Resolving attributes for [edu.matc.entity.User#1]
[DEBUG] 2020-02-18 09:14:38.463 [main] TwoPhaseLoad - Processing attribute `userName` : value = testUser1
[DEBUG] 2020-02-18 09:14:38.464 [main] TwoPhaseLoad - Attribute (`userName`)  - enhanced for lazy-loading? - false
[DEBUG] 2020-02-18 09:14:38.464 [main] TwoPhaseLoad - Processing attribute `userPassword` : value = mypassword123
[DEBUG] 2020-02-18 09:14:38.464 [main] TwoPhaseLoad - Attribute (`userPassword`)  - enhanced for lazy-loading? - false
[DEBUG] 2020-02-18 09:14:38.464 [main] TwoPhaseLoad - Done materializing entity [edu.matc.entity.User#1]
[DEBUG] 2020-02-18 09:14:38.464 [main] TwoPhaseLoad - Resolving attributes for [edu.matc.entity.User#2]
[DEBUG] 2020-02-18 09:14:38.464 [main] TwoPhaseLoad - Processing attribute `userName` : value = Jane_Doe
[DEBUG] 2020-02-18 09:14:38.464 [main] TwoPhaseLoad - Attribute (`userName`)  - enhanced for lazy-loading? - false
[DEBUG] 2020-02-18 09:14:38.464 [main] TwoPhaseLoad - Processing attribute `userPassword` : value = welcome123
[DEBUG] 2020-02-18 09:14:38.465 [main] TwoPhaseLoad - Attribute (`userPassword`)  - enhanced for lazy-loading? - false
[DEBUG] 2020-02-18 09:14:38.465 [main] TwoPhaseLoad - Done materializing entity [edu.matc.entity.User#2]
[DEBUG] 2020-02-18 09:14:38.465 [main] TwoPhaseLoad - Resolving attributes for [edu.matc.entity.User#3]
[DEBUG] 2020-02-18 09:14:38.465 [main] TwoPhaseLoad - Processing attribute `userName` : value = WaltD
[DEBUG] 2020-02-18 09:14:38.465 [main] TwoPhaseLoad - Attribute (`userName`)  - enhanced for lazy-loading? - false
[DEBUG] 2020-02-18 09:14:38.465 [main] TwoPhaseLoad - Processing attribute `userPassword` : value = 321xyz
[DEBUG] 2020-02-18 09:14:38.465 [main] TwoPhaseLoad - Attribute (`userPassword`)  - enhanced for lazy-loading? - false
[DEBUG] 2020-02-18 09:14:38.465 [main] TwoPhaseLoad - Done materializing entity [edu.matc.entity.User#3]
[DEBUG] 2020-02-18 09:14:38.465 [main] TwoPhaseLoad - Resolving attributes for [edu.matc.entity.User#4]
[DEBUG] 2020-02-18 09:14:38.465 [main] TwoPhaseLoad - Processing attribute `userName` : value = FlowerDaisy
[DEBUG] 2020-02-18 09:14:38.465 [main] TwoPhaseLoad - Attribute (`userName`)  - enhanced for lazy-loading? - false
[DEBUG] 2020-02-18 09:14:38.466 [main] TwoPhaseLoad - Processing attribute `userPassword` : value = ILikeFlowers
[DEBUG] 2020-02-18 09:14:38.467 [main] TwoPhaseLoad - Attribute (`userPassword`)  - enhanced for lazy-loading? - false
[DEBUG] 2020-02-18 09:14:38.467 [main] TwoPhaseLoad - Done materializing entity [edu.matc.entity.User#4]
[DEBUG] 2020-02-18 09:14:38.469 [main] LogicalConnectionManagedImpl - Initiating JDBC connection release from afterTransaction
[DEBUG] 2020-02-18 09:14:38.585 [main] CriteriaQueryImpl - Rendered criteria query -> select generatedAlias0 from User as generatedAlias0 where generatedAlias0.userName like :param0
[DEBUG] 2020-02-18 09:14:38.586 [main] QueryTranslatorImpl - parse() - HQL: select generatedAlias0 from edu.matc.entity.User as generatedAlias0 where generatedAlias0.userName like :param0
[DEBUG] 2020-02-18 09:14:38.590 [main] ErrorTracker - throwQueryException() : no errors
[DEBUG] 2020-02-18 09:14:38.593 [main] QueryTranslatorImpl - --- HQL AST ---
 \-[QUERY] Node: 'query'
    +-[SELECT_FROM] Node: 'SELECT_FROM'
    |  +-[FROM] Node: 'from'
    |  |  \-[RANGE] Node: 'RANGE'
    |  |     +-[DOT] Node: '.'
    |  |     |  +-[DOT] Node: '.'
    |  |     |  |  +-[DOT] Node: '.'
    |  |     |  |  |  +-[IDENT] Node: 'edu'
    |  |     |  |  |  \-[IDENT] Node: 'matc'
    |  |     |  |  \-[IDENT] Node: 'entity'
    |  |     |  \-[IDENT] Node: 'User'
    |  |     \-[ALIAS] Node: 'generatedAlias0'
    |  \-[SELECT] Node: 'select'
    |     \-[IDENT] Node: 'generatedAlias0'
    \-[WHERE] Node: 'where'
       \-[LIKE] Node: 'like'
          +-[DOT] Node: '.'
          |  +-[IDENT] Node: 'generatedAlias0'
          |  \-[IDENT] Node: 'userName'
          \-[COLON] Node: ':'
             \-[IDENT] Node: 'param0'

[DEBUG] 2020-02-18 09:14:38.593 [main] HqlSqlBaseWalker - select << begin [level=1, statement=select]
[DEBUG] 2020-02-18 09:14:38.594 [main] FromElement - FromClause{level=1} : edu.matc.entity.User (generatedAlias0) -> user0_
[DEBUG] 2020-02-18 09:14:38.594 [main] FromReferenceNode - Resolved : generatedAlias0 -> user0_.id
[DEBUG] 2020-02-18 09:14:38.597 [main] FromReferenceNode - Resolved : generatedAlias0 -> user0_.id
[DEBUG] 2020-02-18 09:14:38.597 [main] DotNode - getDataType() : userName -> org.hibernate.type.StringType@51d9b06c
[DEBUG] 2020-02-18 09:14:38.598 [main] FromReferenceNode - Resolved : generatedAlias0.userName -> user0_.user_name
[DEBUG] 2020-02-18 09:14:38.599 [main] HqlSqlBaseWalker - select : finishing up [level=1, statement=select]
[DEBUG] 2020-02-18 09:14:38.601 [main] HqlSqlWalker - processQuery() :  ( SELECT ( {select clause} user0_.id ) ( FromClause{level=1} USERS user0_ ) ( where ( like ( user0_.user_name user0_.id userName ) ? ) ) )
[DEBUG] 2020-02-18 09:14:38.601 [main] JoinProcessor - Using FROM fragment [USERS user0_]
[DEBUG] 2020-02-18 09:14:38.601 [main] HqlSqlBaseWalker - select >> end [level=1, statement=select]
[DEBUG] 2020-02-18 09:14:38.606 [main] QueryTranslatorImpl - --- SQL AST ---
 \-[SELECT] QueryNode: 'SELECT'  querySpaces (USERS)
    +-[SELECT_CLAUSE] SelectClause: '{select clause}'
    |  +-[ALIAS_REF] IdentNode: 'user0_.id as id1_0_' {alias=generatedAlias0, className=edu.matc.entity.User, tableAlias=user0_}
    |  \-[SQL_TOKEN] SqlFragment: 'user0_.user_name as user_nam2_0_, user0_.user_password as user_pas3_0_'
    +-[FROM] FromClause: 'from' FromClause{level=1, fromElementCounter=1, fromElements=1, fromElementByClassAlias=[generatedAlias0], fromElementByTableAlias=[user0_], fromElementsByPath=[], collectionJoinFromElementsByPath=[], impliedElements=[]}
    |  \-[FROM_FRAGMENT] FromElement: 'USERS user0_' FromElement{explicit,not a collection join,not a fetch join,fetch non-lazy properties,classAlias=generatedAlias0,role=null,tableName=USERS,tableAlias=user0_,origin=null,columns={,className=edu.matc.entity.User}}
    \-[WHERE] SqlNode: 'where'
       \-[LIKE] BinaryLogicOperatorNode: 'like'
          +-[DOT] DotNode: 'user0_.user_name' {propertyName=userName,dereferenceType=PRIMITIVE,getPropertyPath=userName,path=generatedAlias0.userName,tableAlias=user0_,className=edu.matc.entity.User,classAlias=generatedAlias0}
          |  +-[ALIAS_REF] IdentNode: 'user0_.id' {alias=generatedAlias0, className=edu.matc.entity.User, tableAlias=user0_}
          |  \-[IDENT] IdentNode: 'userName' {originalText=userName}
          \-[NAMED_PARAM] ParameterNode: '?' {name=param0, expectedType=org.hibernate.type.StringType@51d9b06c}

[DEBUG] 2020-02-18 09:14:38.606 [main] ErrorTracker - throwQueryException() : no errors
[DEBUG] 2020-02-18 09:14:38.606 [main] QueryTranslatorImpl - HQL: select generatedAlias0 from edu.matc.entity.User as generatedAlias0 where generatedAlias0.userName like :param0
[DEBUG] 2020-02-18 09:14:38.606 [main] QueryTranslatorImpl - SQL: select user0_.id as id1_0_, user0_.user_name as user_nam2_0_, user0_.user_password as user_pas3_0_ from USERS user0_ where user0_.user_name like ?
[DEBUG] 2020-02-18 09:14:38.606 [main] ErrorTracker - throwQueryException() : no errors
[DEBUG] 2020-02-18 09:14:38.609 [main] SQL - select user0_.id as id1_0_, user0_.user_name as user_nam2_0_, user0_.user_password as user_pas3_0_ from USERS user0_ where user0_.user_name like ?
[DEBUG] 2020-02-18 09:14:38.614 [main] Loader - Result set row: 0
[DEBUG] 2020-02-18 09:14:38.615 [main] Loader - Result row: EntityKey[edu.matc.entity.User#2]
[DEBUG] 2020-02-18 09:14:38.617 [main] TwoPhaseLoad - Resolving attributes for [edu.matc.entity.User#2]
[DEBUG] 2020-02-18 09:14:38.617 [main] TwoPhaseLoad - Processing attribute `userName` : value = Jane_Doe
[DEBUG] 2020-02-18 09:14:38.617 [main] TwoPhaseLoad - Attribute (`userName`)  - enhanced for lazy-loading? - false
[DEBUG] 2020-02-18 09:14:38.617 [main] TwoPhaseLoad - Processing attribute `userPassword` : value = welcome123
[DEBUG] 2020-02-18 09:14:38.617 [main] TwoPhaseLoad - Attribute (`userPassword`)  - enhanced for lazy-loading? - false
[DEBUG] 2020-02-18 09:14:38.617 [main] TwoPhaseLoad - Done materializing entity [edu.matc.entity.User#2]
[DEBUG] 2020-02-18 09:14:38.617 [main] LogicalConnectionManagedImpl - Initiating JDBC connection release from afterTransaction
[DEBUG] 2020-02-18 09:14:38.685 [main] CriteriaQueryImpl - Rendered criteria query -> select generatedAlias0 from User as generatedAlias0 where generatedAlias0.userName like :param0
[DEBUG] 2020-02-18 09:14:38.688 [main] SQL - select user0_.id as id1_0_, user0_.user_name as user_nam2_0_, user0_.user_password as user_pas3_0_ from USERS user0_ where user0_.user_name like ?
[DEBUG] 2020-02-18 09:14:38.692 [main] Loader - Result set row: 0
[DEBUG] 2020-02-18 09:14:38.692 [main] Loader - Result row: EntityKey[edu.matc.entity.User#3]
[DEBUG] 2020-02-18 09:14:38.692 [main] Loader - Result set row: 1
[DEBUG] 2020-02-18 09:14:38.692 [main] Loader - Result row: EntityKey[edu.matc.entity.User#4]
[DEBUG] 2020-02-18 09:14:38.692 [main] TwoPhaseLoad - Resolving attributes for [edu.matc.entity.User#3]
[DEBUG] 2020-02-18 09:14:38.693 [main] TwoPhaseLoad - Processing attribute `userName` : value = WaltD
[DEBUG] 2020-02-18 09:14:38.693 [main] TwoPhaseLoad - Attribute (`userName`)  - enhanced for lazy-loading? - false
[DEBUG] 2020-02-18 09:14:38.693 [main] TwoPhaseLoad - Processing attribute `userPassword` : value = 321xyz
[DEBUG] 2020-02-18 09:14:38.693 [main] TwoPhaseLoad - Attribute (`userPassword`)  - enhanced for lazy-loading? - false
[DEBUG] 2020-02-18 09:14:38.693 [main] TwoPhaseLoad - Done materializing entity [edu.matc.entity.User#3]
[DEBUG] 2020-02-18 09:14:38.694 [main] TwoPhaseLoad - Resolving attributes for [edu.matc.entity.User#4]
[DEBUG] 2020-02-18 09:14:38.696 [main] TwoPhaseLoad - Processing attribute `userName` : value = FlowerDaisy
[DEBUG] 2020-02-18 09:14:38.696 [main] TwoPhaseLoad - Attribute (`userName`)  - enhanced for lazy-loading? - false
[DEBUG] 2020-02-18 09:14:38.696 [main] TwoPhaseLoad - Processing attribute `userPassword` : value = ILikeFlowers
[DEBUG] 2020-02-18 09:14:38.696 [main] TwoPhaseLoad - Attribute (`userPassword`)  - enhanced for lazy-loading? - false
[DEBUG] 2020-02-18 09:14:38.696 [main] TwoPhaseLoad - Done materializing entity [edu.matc.entity.User#4]
[DEBUG] 2020-02-18 09:14:38.696 [main] LogicalConnectionManagedImpl - Initiating JDBC connection release from afterTransaction
[DEBUG] 2020-02-18 09:14:38.773 [main] SQL - select user0_.id as id1_0_0_, user0_.user_name as user_nam2_0_0_, user0_.user_password as user_pas3_0_0_ from USERS user0_ where user0_.id=?
[DEBUG] 2020-02-18 09:14:38.775 [main] ResultSetProcessorImpl - Starting ResultSet row #0
[DEBUG] 2020-02-18 09:14:38.776 [main] EntityReferenceInitializerImpl - On call to EntityIdentifierReaderImpl#resolve, EntityKey was already known; should only happen on root returns with an optional identifier specified
[DEBUG] 2020-02-18 09:14:38.776 [main] TwoPhaseLoad - Resolving attributes for [edu.matc.entity.User#3]
[DEBUG] 2020-02-18 09:14:38.776 [main] TwoPhaseLoad - Processing attribute `userName` : value = WaltD
[DEBUG] 2020-02-18 09:14:38.776 [main] TwoPhaseLoad - Attribute (`userName`)  - enhanced for lazy-loading? - false
[DEBUG] 2020-02-18 09:14:38.776 [main] TwoPhaseLoad - Processing attribute `userPassword` : value = 321xyz
[DEBUG] 2020-02-18 09:14:38.776 [main] TwoPhaseLoad - Attribute (`userPassword`)  - enhanced for lazy-loading? - false
[DEBUG] 2020-02-18 09:14:38.776 [main] TwoPhaseLoad - Done materializing entity [edu.matc.entity.User#3]
[DEBUG] 2020-02-18 09:14:38.776 [main] ResourceRegistryStandardImpl - HHH000387: ResultSet's statement was not registered
[DEBUG] 2020-02-18 09:14:38.776 [main] AbstractLoadPlanBasedEntityLoader - Done entity load : edu.matc.entity.User#3
[DEBUG] 2020-02-18 09:14:38.776 [main] LogicalConnectionManagedImpl - Initiating JDBC connection release from afterTransaction
[DEBUG] 2020-02-18 09:14:38.832 [main] SQL - select user0_.id as id1_0_0_, user0_.user_name as user_nam2_0_0_, user0_.user_password as user_pas3_0_0_ from USERS user0_ where user0_.id=?
[DEBUG] 2020-02-18 09:14:38.834 [main] ResultSetProcessorImpl - Starting ResultSet row #0
[DEBUG] 2020-02-18 09:14:38.834 [main] EntityReferenceInitializerImpl - On call to EntityIdentifierReaderImpl#resolve, EntityKey was already known; should only happen on root returns with an optional identifier specified
[DEBUG] 2020-02-18 09:14:38.835 [main] TwoPhaseLoad - Resolving attributes for [edu.matc.entity.User#2]
[DEBUG] 2020-02-18 09:14:38.835 [main] TwoPhaseLoad - Processing attribute `userName` : value = Jane_Doe
[DEBUG] 2020-02-18 09:14:38.835 [main] TwoPhaseLoad - Attribute (`userName`)  - enhanced for lazy-loading? - false
[DEBUG] 2020-02-18 09:14:38.835 [main] TwoPhaseLoad - Processing attribute `userPassword` : value = welcome123
[DEBUG] 2020-02-18 09:14:38.835 [main] TwoPhaseLoad - Attribute (`userPassword`)  - enhanced for lazy-loading? - false
[DEBUG] 2020-02-18 09:14:38.835 [main] TwoPhaseLoad - Done materializing entity [edu.matc.entity.User#2]
[DEBUG] 2020-02-18 09:14:38.835 [main] ResourceRegistryStandardImpl - HHH000387: ResultSet's statement was not registered
[DEBUG] 2020-02-18 09:14:38.836 [main] AbstractLoadPlanBasedEntityLoader - Done entity load : edu.matc.entity.User#2
[DEBUG] 2020-02-18 09:14:38.836 [main] LogicalConnectionManagedImpl - Initiating JDBC connection release from afterTransaction
[DEBUG] 2020-02-18 09:14:38.844 [main] SQL - select user0_.id as id1_0_0_, user0_.user_name as user_nam2_0_0_, user0_.user_password as user_pas3_0_0_ from USERS user0_ where user0_.id=?
[DEBUG] 2020-02-18 09:14:38.847 [main] ResultSetProcessorImpl - Starting ResultSet row #0
[DEBUG] 2020-02-18 09:14:38.848 [main] EntityReferenceInitializerImpl - On call to EntityIdentifierReaderImpl#resolve, EntityKey was already known; should only happen on root returns with an optional identifier specified
[DEBUG] 2020-02-18 09:14:38.848 [main] TwoPhaseLoad - Resolving attributes for [edu.matc.entity.User#2]
[DEBUG] 2020-02-18 09:14:38.848 [main] TwoPhaseLoad - Processing attribute `userName` : value = Jane_Doe
[DEBUG] 2020-02-18 09:14:38.848 [main] TwoPhaseLoad - Attribute (`userName`)  - enhanced for lazy-loading? - false
[DEBUG] 2020-02-18 09:14:38.848 [main] TwoPhaseLoad - Processing attribute `userPassword` : value = welcome123
[DEBUG] 2020-02-18 09:14:38.848 [main] TwoPhaseLoad - Attribute (`userPassword`)  - enhanced for lazy-loading? - false
[DEBUG] 2020-02-18 09:14:38.848 [main] TwoPhaseLoad - Done materializing entity [edu.matc.entity.User#2]
[DEBUG] 2020-02-18 09:14:38.848 [main] ResourceRegistryStandardImpl - HHH000387: ResultSet's statement was not registered
[DEBUG] 2020-02-18 09:14:38.848 [main] AbstractLoadPlanBasedEntityLoader - Done entity load : edu.matc.entity.User#2
[DEBUG] 2020-02-18 09:14:38.849 [main] LogicalConnectionManagedImpl - Initiating JDBC connection release from afterTransaction
[DEBUG] 2020-02-18 09:14:38.944 [main] TransactionImpl - On TransactionImpl creation, JpaCompliance#isJpaTransactionComplianceEnabled == false
[DEBUG] 2020-02-18 09:14:38.945 [main] TransactionImpl - begin
[DEBUG] 2020-02-18 09:14:38.951 [main] ActionQueue - Executing identity-insert immediately
[DEBUG] 2020-02-18 09:14:38.951 [main] SQL - insert into USERS (user_name, user_password) values (?, ?)
[DEBUG] 2020-02-18 09:14:38.956 [main] IdentifierGeneratorHelper - Natively generated identity: 11
[DEBUG] 2020-02-18 09:14:38.956 [main] ResourceRegistryStandardImpl - HHH000387: ResultSet's statement was not registered
[DEBUG] 2020-02-18 09:14:38.957 [main] TransactionImpl - committing
[DEBUG] 2020-02-18 09:14:38.958 [main] AbstractFlushingEventListener - Processing flush-time cascades
[DEBUG] 2020-02-18 09:14:38.958 [main] AbstractFlushingEventListener - Dirty checking collections
[DEBUG] 2020-02-18 09:14:38.958 [main] AbstractFlushingEventListener - Flushed: 0 insertions, 0 updates, 0 deletions to 1 objects
[DEBUG] 2020-02-18 09:14:38.958 [main] AbstractFlushingEventListener - Flushed: 0 (re)creations, 0 updates, 0 removals to 0 collections
[DEBUG] 2020-02-18 09:14:38.958 [main] EntityPrinter - Listing entities:
[DEBUG] 2020-02-18 09:14:38.958 [main] EntityPrinter - edu.matc.entity.User{userPassword=fflintstone55, userName=FredFlintstone, userId=11}
[DEBUG] 2020-02-18 09:14:38.961 [main] LogicalConnectionManagedImpl - Initiating JDBC connection release from afterTransaction
[DEBUG] 2020-02-18 09:14:38.961 [main] LogicalConnectionManagedImpl - Initiating JDBC connection release from afterTransaction
[DEBUG] 2020-02-18 09:14:38.963 [main] SQL - select user0_.id as id1_0_0_, user0_.user_name as user_nam2_0_0_, user0_.user_password as user_pas3_0_0_ from USERS user0_ where user0_.id=?
[DEBUG] 2020-02-18 09:14:38.964 [main] ResultSetProcessorImpl - Starting ResultSet row #0
[DEBUG] 2020-02-18 09:14:38.964 [main] EntityReferenceInitializerImpl - On call to EntityIdentifierReaderImpl#resolve, EntityKey was already known; should only happen on root returns with an optional identifier specified
[DEBUG] 2020-02-18 09:14:38.967 [main] TwoPhaseLoad - Resolving attributes for [edu.matc.entity.User#11]
[DEBUG] 2020-02-18 09:14:38.967 [main] TwoPhaseLoad - Processing attribute `userName` : value = FredFlintstone
[DEBUG] 2020-02-18 09:14:38.967 [main] TwoPhaseLoad - Attribute (`userName`)  - enhanced for lazy-loading? - false
[DEBUG] 2020-02-18 09:14:38.967 [main] TwoPhaseLoad - Processing attribute `userPassword` : value = fflintstone55
[DEBUG] 2020-02-18 09:14:38.967 [main] TwoPhaseLoad - Attribute (`userPassword`)  - enhanced for lazy-loading? - false
[DEBUG] 2020-02-18 09:14:38.968 [main] TwoPhaseLoad - Done materializing entity [edu.matc.entity.User#11]
[DEBUG] 2020-02-18 09:14:38.968 [main] ResourceRegistryStandardImpl - HHH000387: ResultSet's statement was not registered
[DEBUG] 2020-02-18 09:14:38.968 [main] AbstractLoadPlanBasedEntityLoader - Done entity load : edu.matc.entity.User#11
[DEBUG] 2020-02-18 09:14:38.970 [main] LogicalConnectionManagedImpl - Initiating JDBC connection release from afterTransaction
