[DEBUG] 2020-04-24 23:43:25.964 [http-nio-8080-exec-2] IntegratorServiceImpl - Adding Integrator [org.hibernate.cfg.beanvalidation.BeanValidationIntegrator].
[DEBUG] 2020-04-24 23:43:25.972 [http-nio-8080-exec-2] IntegratorServiceImpl - Adding Integrator [org.hibernate.secure.spi.JaccIntegrator].
[DEBUG] 2020-04-24 23:43:25.987 [http-nio-8080-exec-2] IntegratorServiceImpl - Adding Integrator [org.hibernate.cache.internal.CollectionCacheInvalidator].
[INFO ] 2020-04-24 23:43:26.368 [http-nio-8080-exec-2] Version - HHH000412: Hibernate Core {5.4.4.Final}
[DEBUG] 2020-04-24 23:43:26.373 [http-nio-8080-exec-2] Environment - HHH000206: hibernate.properties not found
[DEBUG] 2020-04-24 23:43:27.017 [http-nio-8080-exec-2] JaxbCfgProcessor - cfg.xml document did not define namespaces; wrapping in custom event reader to introduce namespace information
[DEBUG] 2020-04-24 23:43:28.555 [http-nio-8080-exec-2] ServiceBinding - Overriding existing service binding [org.hibernate.secure.spi.JaccService]
[DEBUG] 2020-04-24 23:43:28.672 [http-nio-8080-exec-2] RegionFactoryInitiator - Cannot default RegionFactory based on registered strategies as `[]` RegionFactory strategies were registered
[DEBUG] 2020-04-24 23:43:28.676 [http-nio-8080-exec-2] RegionFactoryInitiator - Cache region factory : org.hibernate.cache.internal.NoCachingRegionFactory
[INFO ] 2020-04-24 23:43:28.760 [http-nio-8080-exec-2] Version - HCANN000001: Hibernate Commons Annotations {5.1.0.Final}
[DEBUG] 2020-04-24 23:43:28.853 [http-nio-8080-exec-2] BasicTypeRegistry - Adding type registration boolean -> org.hibernate.type.BooleanType@4a5eca21
[DEBUG] 2020-04-24 23:43:28.854 [http-nio-8080-exec-2] BasicTypeRegistry - Adding type registration boolean -> org.hibernate.type.BooleanType@4a5eca21
[DEBUG] 2020-04-24 23:43:28.854 [http-nio-8080-exec-2] BasicTypeRegistry - Adding type registration java.lang.Boolean -> org.hibernate.type.BooleanType@4a5eca21
[DEBUG] 2020-04-24 23:43:28.854 [http-nio-8080-exec-2] BasicTypeRegistry - Adding type registration numeric_boolean -> org.hibernate.type.NumericBooleanType@288c6dbe
[DEBUG] 2020-04-24 23:43:28.857 [http-nio-8080-exec-2] BasicTypeRegistry - Adding type registration true_false -> org.hibernate.type.TrueFalseType@1affbcaf
[DEBUG] 2020-04-24 23:43:28.862 [http-nio-8080-exec-2] BasicTypeRegistry - Adding type registration yes_no -> org.hibernate.type.YesNoType@742d3a7c
[DEBUG] 2020-04-24 23:43:28.864 [http-nio-8080-exec-2] BasicTypeRegistry - Adding type registration byte -> org.hibernate.type.ByteType@4739b034
[DEBUG] 2020-04-24 23:43:28.865 [http-nio-8080-exec-2] BasicTypeRegistry - Adding type registration byte -> org.hibernate.type.ByteType@4739b034
[DEBUG] 2020-04-24 23:43:28.865 [http-nio-8080-exec-2] BasicTypeRegistry - Adding type registration java.lang.Byte -> org.hibernate.type.ByteType@4739b034
[DEBUG] 2020-04-24 23:43:28.865 [http-nio-8080-exec-2] BasicTypeRegistry - Adding type registration character -> org.hibernate.type.CharacterType@4b605900
[DEBUG] 2020-04-24 23:43:28.866 [http-nio-8080-exec-2] BasicTypeRegistry - Adding type registration char -> org.hibernate.type.CharacterType@4b605900
[DEBUG] 2020-04-24 23:43:28.870 [http-nio-8080-exec-2] BasicTypeRegistry - Adding type registration java.lang.Character -> org.hibernate.type.CharacterType@4b605900
[DEBUG] 2020-04-24 23:43:28.874 [http-nio-8080-exec-2] BasicTypeRegistry - Adding type registration short -> org.hibernate.type.ShortType@1a5656a8
[DEBUG] 2020-04-24 23:43:28.874 [http-nio-8080-exec-2] BasicTypeRegistry - Adding type registration short -> org.hibernate.type.ShortType@1a5656a8
[DEBUG] 2020-04-24 23:43:28.877 [http-nio-8080-exec-2] BasicTypeRegistry - Adding type registration java.lang.Short -> org.hibernate.type.ShortType@1a5656a8
[DEBUG] 2020-04-24 23:43:28.879 [http-nio-8080-exec-2] BasicTypeRegistry - Adding type registration integer -> org.hibernate.type.IntegerType@78c9930b
[DEBUG] 2020-04-24 23:43:28.879 [http-nio-8080-exec-2] BasicTypeRegistry - Adding type registration int -> org.hibernate.type.IntegerType@78c9930b
[DEBUG] 2020-04-24 23:43:28.879 [http-nio-8080-exec-2] BasicTypeRegistry - Adding type registration java.lang.Integer -> org.hibernate.type.IntegerType@78c9930b
[DEBUG] 2020-04-24 23:43:28.880 [http-nio-8080-exec-2] BasicTypeRegistry - Adding type registration long -> org.hibernate.type.LongType@ff31c55
[DEBUG] 2020-04-24 23:43:28.880 [http-nio-8080-exec-2] BasicTypeRegistry - Adding type registration long -> org.hibernate.type.LongType@ff31c55
[DEBUG] 2020-04-24 23:43:28.880 [http-nio-8080-exec-2] BasicTypeRegistry - Adding type registration java.lang.Long -> org.hibernate.type.LongType@ff31c55
[DEBUG] 2020-04-24 23:43:28.886 [http-nio-8080-exec-2] BasicTypeRegistry - Adding type registration float -> org.hibernate.type.FloatType@2eb3bff2
[DEBUG] 2020-04-24 23:43:28.887 [http-nio-8080-exec-2] BasicTypeRegistry - Adding type registration float -> org.hibernate.type.FloatType@2eb3bff2
[DEBUG] 2020-04-24 23:43:28.887 [http-nio-8080-exec-2] BasicTypeRegistry - Adding type registration java.lang.Float -> org.hibernate.type.FloatType@2eb3bff2
[DEBUG] 2020-04-24 23:43:28.889 [http-nio-8080-exec-2] BasicTypeRegistry - Adding type registration double -> org.hibernate.type.DoubleType@4ac7182e
[DEBUG] 2020-04-24 23:43:28.889 [http-nio-8080-exec-2] BasicTypeRegistry - Adding type registration double -> org.hibernate.type.DoubleType@4ac7182e
[DEBUG] 2020-04-24 23:43:28.889 [http-nio-8080-exec-2] BasicTypeRegistry - Adding type registration java.lang.Double -> org.hibernate.type.DoubleType@4ac7182e
[DEBUG] 2020-04-24 23:43:28.895 [http-nio-8080-exec-2] BasicTypeRegistry - Adding type registration big_decimal -> org.hibernate.type.BigDecimalType@627d4736
[DEBUG] 2020-04-24 23:43:28.895 [http-nio-8080-exec-2] BasicTypeRegistry - Adding type registration java.math.BigDecimal -> org.hibernate.type.BigDecimalType@627d4736
[DEBUG] 2020-04-24 23:43:28.896 [http-nio-8080-exec-2] BasicTypeRegistry - Adding type registration big_integer -> org.hibernate.type.BigIntegerType@6a062426
[DEBUG] 2020-04-24 23:43:28.897 [http-nio-8080-exec-2] BasicTypeRegistry - Adding type registration java.math.BigInteger -> org.hibernate.type.BigIntegerType@6a062426
[DEBUG] 2020-04-24 23:43:28.898 [http-nio-8080-exec-2] BasicTypeRegistry - Adding type registration string -> org.hibernate.type.StringType@22675e1b
[DEBUG] 2020-04-24 23:43:28.898 [http-nio-8080-exec-2] BasicTypeRegistry - Adding type registration java.lang.String -> org.hibernate.type.StringType@22675e1b
[DEBUG] 2020-04-24 23:43:28.901 [http-nio-8080-exec-2] BasicTypeRegistry - Adding type registration nstring -> org.hibernate.type.StringNVarcharType@175006fb
[DEBUG] 2020-04-24 23:43:28.901 [http-nio-8080-exec-2] BasicTypeRegistry - Adding type registration ncharacter -> org.hibernate.type.CharacterNCharType@53d635
[DEBUG] 2020-04-24 23:43:28.902 [http-nio-8080-exec-2] BasicTypeRegistry - Adding type registration url -> org.hibernate.type.UrlType@3f4bae96
[DEBUG] 2020-04-24 23:43:28.902 [http-nio-8080-exec-2] BasicTypeRegistry - Adding type registration java.net.URL -> org.hibernate.type.UrlType@3f4bae96
[DEBUG] 2020-04-24 23:43:28.913 [http-nio-8080-exec-2] BasicTypeRegistry - Adding type registration Duration -> org.hibernate.type.DurationType@585be965
[DEBUG] 2020-04-24 23:43:28.913 [http-nio-8080-exec-2] BasicTypeRegistry - Adding type registration java.time.Duration -> org.hibernate.type.DurationType@585be965
[DEBUG] 2020-04-24 23:43:29.011 [http-nio-8080-exec-2] BasicTypeRegistry - Adding type registration Instant -> org.hibernate.type.InstantType@6ec674b9
[DEBUG] 2020-04-24 23:43:29.011 [http-nio-8080-exec-2] BasicTypeRegistry - Adding type registration java.time.Instant -> org.hibernate.type.InstantType@6ec674b9
[DEBUG] 2020-04-24 23:43:29.013 [http-nio-8080-exec-2] BasicTypeRegistry - Adding type registration LocalDateTime -> org.hibernate.type.LocalDateTimeType@16a32493
[DEBUG] 2020-04-24 23:43:29.014 [http-nio-8080-exec-2] BasicTypeRegistry - Adding type registration java.time.LocalDateTime -> org.hibernate.type.LocalDateTimeType@16a32493
[DEBUG] 2020-04-24 23:43:29.015 [http-nio-8080-exec-2] BasicTypeRegistry - Adding type registration LocalDate -> org.hibernate.type.LocalDateType@4786931b
[DEBUG] 2020-04-24 23:43:29.015 [http-nio-8080-exec-2] BasicTypeRegistry - Adding type registration java.time.LocalDate -> org.hibernate.type.LocalDateType@4786931b
[DEBUG] 2020-04-24 23:43:29.016 [http-nio-8080-exec-2] BasicTypeRegistry - Adding type registration LocalTime -> org.hibernate.type.LocalTimeType@5206d3ab
[DEBUG] 2020-04-24 23:43:29.017 [http-nio-8080-exec-2] BasicTypeRegistry - Adding type registration java.time.LocalTime -> org.hibernate.type.LocalTimeType@5206d3ab
[DEBUG] 2020-04-24 23:43:29.024 [http-nio-8080-exec-2] BasicTypeRegistry - Adding type registration OffsetDateTime -> org.hibernate.type.OffsetDateTimeType@268cfb19
[DEBUG] 2020-04-24 23:43:29.030 [http-nio-8080-exec-2] BasicTypeRegistry - Adding type registration java.time.OffsetDateTime -> org.hibernate.type.OffsetDateTimeType@268cfb19
[DEBUG] 2020-04-24 23:43:29.034 [http-nio-8080-exec-2] BasicTypeRegistry - Adding type registration OffsetTime -> org.hibernate.type.OffsetTimeType@18e7a627
[DEBUG] 2020-04-24 23:43:29.034 [http-nio-8080-exec-2] BasicTypeRegistry - Adding type registration java.time.OffsetTime -> org.hibernate.type.OffsetTimeType@18e7a627
[DEBUG] 2020-04-24 23:43:29.068 [http-nio-8080-exec-2] BasicTypeRegistry - Adding type registration ZonedDateTime -> org.hibernate.type.ZonedDateTimeType@60d1dd3a
[DEBUG] 2020-04-24 23:43:29.069 [http-nio-8080-exec-2] BasicTypeRegistry - Adding type registration java.time.ZonedDateTime -> org.hibernate.type.ZonedDateTimeType@60d1dd3a
[DEBUG] 2020-04-24 23:43:29.070 [http-nio-8080-exec-2] BasicTypeRegistry - Adding type registration date -> org.hibernate.type.DateType@2036e850
[DEBUG] 2020-04-24 23:43:29.071 [http-nio-8080-exec-2] BasicTypeRegistry - Adding type registration java.sql.Date -> org.hibernate.type.DateType@2036e850
[DEBUG] 2020-04-24 23:43:29.072 [http-nio-8080-exec-2] BasicTypeRegistry - Adding type registration time -> org.hibernate.type.TimeType@40a400d1
[DEBUG] 2020-04-24 23:43:29.072 [http-nio-8080-exec-2] BasicTypeRegistry - Adding type registration java.sql.Time -> org.hibernate.type.TimeType@40a400d1
[DEBUG] 2020-04-24 23:43:29.074 [http-nio-8080-exec-2] BasicTypeRegistry - Adding type registration timestamp -> org.hibernate.type.TimestampType@74d96f08
[DEBUG] 2020-04-24 23:43:29.074 [http-nio-8080-exec-2] BasicTypeRegistry - Adding type registration java.sql.Timestamp -> org.hibernate.type.TimestampType@74d96f08
[DEBUG] 2020-04-24 23:43:29.074 [http-nio-8080-exec-2] BasicTypeRegistry - Adding type registration java.util.Date -> org.hibernate.type.TimestampType@74d96f08
[DEBUG] 2020-04-24 23:43:29.081 [http-nio-8080-exec-2] BasicTypeRegistry - Adding type registration dbtimestamp -> org.hibernate.type.DbTimestampType@3733b882
[DEBUG] 2020-04-24 23:43:29.082 [http-nio-8080-exec-2] BasicTypeRegistry - Adding type registration calendar -> org.hibernate.type.CalendarType@20ead0f3
[DEBUG] 2020-04-24 23:43:29.082 [http-nio-8080-exec-2] BasicTypeRegistry - Adding type registration java.util.Calendar -> org.hibernate.type.CalendarType@20ead0f3
[DEBUG] 2020-04-24 23:43:29.082 [http-nio-8080-exec-2] BasicTypeRegistry - Adding type registration java.util.GregorianCalendar -> org.hibernate.type.CalendarType@20ead0f3
[DEBUG] 2020-04-24 23:43:29.083 [http-nio-8080-exec-2] BasicTypeRegistry - Adding type registration calendar_date -> org.hibernate.type.CalendarDateType@67f6035d
[DEBUG] 2020-04-24 23:43:29.084 [http-nio-8080-exec-2] BasicTypeRegistry - Adding type registration locale -> org.hibernate.type.LocaleType@73c901bf
[DEBUG] 2020-04-24 23:43:29.084 [http-nio-8080-exec-2] BasicTypeRegistry - Adding type registration java.util.Locale -> org.hibernate.type.LocaleType@73c901bf
[DEBUG] 2020-04-24 23:43:29.090 [http-nio-8080-exec-2] BasicTypeRegistry - Adding type registration currency -> org.hibernate.type.CurrencyType@35732a9b
[DEBUG] 2020-04-24 23:43:29.090 [http-nio-8080-exec-2] BasicTypeRegistry - Adding type registration java.util.Currency -> org.hibernate.type.CurrencyType@35732a9b
[DEBUG] 2020-04-24 23:43:29.092 [http-nio-8080-exec-2] BasicTypeRegistry - Adding type registration timezone -> org.hibernate.type.TimeZoneType@1e6734dc
[DEBUG] 2020-04-24 23:43:29.092 [http-nio-8080-exec-2] BasicTypeRegistry - Adding type registration java.util.TimeZone -> org.hibernate.type.TimeZoneType@1e6734dc
[DEBUG] 2020-04-24 23:43:29.092 [http-nio-8080-exec-2] BasicTypeRegistry - Adding type registration class -> org.hibernate.type.ClassType@1ba87453
[DEBUG] 2020-04-24 23:43:29.092 [http-nio-8080-exec-2] BasicTypeRegistry - Adding type registration java.lang.Class -> org.hibernate.type.ClassType@1ba87453
[DEBUG] 2020-04-24 23:43:29.093 [http-nio-8080-exec-2] BasicTypeRegistry - Adding type registration uuid-binary -> org.hibernate.type.UUIDBinaryType@5acbc32c
[DEBUG] 2020-04-24 23:43:29.093 [http-nio-8080-exec-2] BasicTypeRegistry - Adding type registration java.util.UUID -> org.hibernate.type.UUIDBinaryType@5acbc32c
[DEBUG] 2020-04-24 23:43:29.094 [http-nio-8080-exec-2] BasicTypeRegistry - Adding type registration uuid-char -> org.hibernate.type.UUIDCharType@3cd4daa7
[DEBUG] 2020-04-24 23:43:29.095 [http-nio-8080-exec-2] BasicTypeRegistry - Adding type registration binary -> org.hibernate.type.BinaryType@3f3c1be7
[DEBUG] 2020-04-24 23:43:29.095 [http-nio-8080-exec-2] BasicTypeRegistry - Adding type registration byte[] -> org.hibernate.type.BinaryType@3f3c1be7
[DEBUG] 2020-04-24 23:43:29.096 [http-nio-8080-exec-2] BasicTypeRegistry - Adding type registration [B -> org.hibernate.type.BinaryType@3f3c1be7
[DEBUG] 2020-04-24 23:43:29.097 [http-nio-8080-exec-2] BasicTypeRegistry - Adding type registration wrapper-binary -> org.hibernate.type.WrapperBinaryType@40060c2e
[DEBUG] 2020-04-24 23:43:29.097 [http-nio-8080-exec-2] BasicTypeRegistry - Adding type registration Byte[] -> org.hibernate.type.WrapperBinaryType@40060c2e
[DEBUG] 2020-04-24 23:43:29.097 [http-nio-8080-exec-2] BasicTypeRegistry - Adding type registration [Ljava.lang.Byte; -> org.hibernate.type.WrapperBinaryType@40060c2e
[DEBUG] 2020-04-24 23:43:29.098 [http-nio-8080-exec-2] BasicTypeRegistry - Adding type registration row_version -> org.hibernate.type.RowVersionType@2e190a84
[DEBUG] 2020-04-24 23:43:29.098 [http-nio-8080-exec-2] BasicTypeRegistry - Adding type registration image -> org.hibernate.type.ImageType@35c8be15
[DEBUG] 2020-04-24 23:43:29.099 [http-nio-8080-exec-2] BasicTypeRegistry - Adding type registration characters -> org.hibernate.type.CharArrayType@14addd99
[DEBUG] 2020-04-24 23:43:29.100 [http-nio-8080-exec-2] BasicTypeRegistry - Adding type registration char[] -> org.hibernate.type.CharArrayType@14addd99
[DEBUG] 2020-04-24 23:43:29.100 [http-nio-8080-exec-2] BasicTypeRegistry - Adding type registration [C -> org.hibernate.type.CharArrayType@14addd99
[DEBUG] 2020-04-24 23:43:29.101 [http-nio-8080-exec-2] BasicTypeRegistry - Adding type registration wrapper-characters -> org.hibernate.type.CharacterArrayType@5be14156
[DEBUG] 2020-04-24 23:43:29.101 [http-nio-8080-exec-2] BasicTypeRegistry - Adding type registration [Ljava.lang.Character; -> org.hibernate.type.CharacterArrayType@5be14156
[DEBUG] 2020-04-24 23:43:29.101 [http-nio-8080-exec-2] BasicTypeRegistry - Adding type registration Character[] -> org.hibernate.type.CharacterArrayType@5be14156
[DEBUG] 2020-04-24 23:43:29.101 [http-nio-8080-exec-2] BasicTypeRegistry - Adding type registration text -> org.hibernate.type.TextType@5c406b08
[DEBUG] 2020-04-24 23:43:29.101 [http-nio-8080-exec-2] BasicTypeRegistry - Adding type registration ntext -> org.hibernate.type.NTextType@76142f61
[DEBUG] 2020-04-24 23:43:29.103 [http-nio-8080-exec-2] BasicTypeRegistry - Adding type registration blob -> org.hibernate.type.BlobType@10d0eb07
[DEBUG] 2020-04-24 23:43:29.103 [http-nio-8080-exec-2] BasicTypeRegistry - Adding type registration java.sql.Blob -> org.hibernate.type.BlobType@10d0eb07
[DEBUG] 2020-04-24 23:43:29.104 [http-nio-8080-exec-2] BasicTypeRegistry - Adding type registration materialized_blob -> org.hibernate.type.MaterializedBlobType@483d5456
[DEBUG] 2020-04-24 23:43:29.105 [http-nio-8080-exec-2] BasicTypeRegistry - Adding type registration clob -> org.hibernate.type.ClobType@3b1445b1
[DEBUG] 2020-04-24 23:43:29.105 [http-nio-8080-exec-2] BasicTypeRegistry - Adding type registration java.sql.Clob -> org.hibernate.type.ClobType@3b1445b1
[DEBUG] 2020-04-24 23:43:29.110 [http-nio-8080-exec-2] BasicTypeRegistry - Adding type registration nclob -> org.hibernate.type.NClobType@5c863812
[DEBUG] 2020-04-24 23:43:29.110 [http-nio-8080-exec-2] BasicTypeRegistry - Adding type registration java.sql.NClob -> org.hibernate.type.NClobType@5c863812
[DEBUG] 2020-04-24 23:43:29.111 [http-nio-8080-exec-2] BasicTypeRegistry - Adding type registration materialized_clob -> org.hibernate.type.MaterializedClobType@279a0408
[DEBUG] 2020-04-24 23:43:29.111 [http-nio-8080-exec-2] BasicTypeRegistry - Adding type registration materialized_nclob -> org.hibernate.type.MaterializedNClobType@62a45e4d
[DEBUG] 2020-04-24 23:43:29.114 [http-nio-8080-exec-2] BasicTypeRegistry - Adding type registration serializable -> org.hibernate.type.SerializableType@1734e3f5
[DEBUG] 2020-04-24 23:43:29.118 [http-nio-8080-exec-2] BasicTypeRegistry - Adding type registration object -> org.hibernate.type.ObjectType@4a83ace6
[DEBUG] 2020-04-24 23:43:29.122 [http-nio-8080-exec-2] BasicTypeRegistry - Adding type registration java.lang.Object -> org.hibernate.type.ObjectType@4a83ace6
[DEBUG] 2020-04-24 23:43:29.123 [http-nio-8080-exec-2] BasicTypeRegistry - Adding type registration imm_date -> org.hibernate.type.AdaptedImmutableType@64ebc53b
[DEBUG] 2020-04-24 23:43:29.123 [http-nio-8080-exec-2] BasicTypeRegistry - Adding type registration imm_time -> org.hibernate.type.AdaptedImmutableType@36f66a97
[DEBUG] 2020-04-24 23:43:29.123 [http-nio-8080-exec-2] BasicTypeRegistry - Adding type registration imm_timestamp -> org.hibernate.type.AdaptedImmutableType@5dfd3320
[DEBUG] 2020-04-24 23:43:29.123 [http-nio-8080-exec-2] BasicTypeRegistry - Adding type registration imm_dbtimestamp -> org.hibernate.type.AdaptedImmutableType@2b0a42ce
[DEBUG] 2020-04-24 23:43:29.123 [http-nio-8080-exec-2] BasicTypeRegistry - Adding type registration imm_calendar -> org.hibernate.type.AdaptedImmutableType@11729889
[DEBUG] 2020-04-24 23:43:29.123 [http-nio-8080-exec-2] BasicTypeRegistry - Adding type registration imm_calendar_date -> org.hibernate.type.AdaptedImmutableType@1455fae2
[DEBUG] 2020-04-24 23:43:29.126 [http-nio-8080-exec-2] BasicTypeRegistry - Adding type registration imm_binary -> org.hibernate.type.AdaptedImmutableType@2005af7b
[DEBUG] 2020-04-24 23:43:29.126 [http-nio-8080-exec-2] BasicTypeRegistry - Adding type registration imm_serializable -> org.hibernate.type.AdaptedImmutableType@59608587
[DEBUG] 2020-04-24 23:43:29.226 [http-nio-8080-exec-2] DefaultIdentifierGeneratorFactory - Registering IdentifierGenerator strategy [uuid2] -> [org.hibernate.id.UUIDGenerator]
[DEBUG] 2020-04-24 23:43:29.229 [http-nio-8080-exec-2] DefaultIdentifierGeneratorFactory - Registering IdentifierGenerator strategy [guid] -> [org.hibernate.id.GUIDGenerator]
[DEBUG] 2020-04-24 23:43:29.231 [http-nio-8080-exec-2] DefaultIdentifierGeneratorFactory - Registering IdentifierGenerator strategy [uuid] -> [org.hibernate.id.UUIDHexGenerator]
[DEBUG] 2020-04-24 23:43:29.231 [http-nio-8080-exec-2] DefaultIdentifierGeneratorFactory - Registering IdentifierGenerator strategy [uuid.hex] -> [org.hibernate.id.UUIDHexGenerator]
[DEBUG] 2020-04-24 23:43:29.232 [http-nio-8080-exec-2] DefaultIdentifierGeneratorFactory - Registering IdentifierGenerator strategy [assigned] -> [org.hibernate.id.Assigned]
[DEBUG] 2020-04-24 23:43:29.235 [http-nio-8080-exec-2] DefaultIdentifierGeneratorFactory - Registering IdentifierGenerator strategy [identity] -> [org.hibernate.id.IdentityGenerator]
[DEBUG] 2020-04-24 23:43:29.237 [http-nio-8080-exec-2] DefaultIdentifierGeneratorFactory - Registering IdentifierGenerator strategy [select] -> [org.hibernate.id.SelectGenerator]
[DEBUG] 2020-04-24 23:43:29.240 [http-nio-8080-exec-2] DefaultIdentifierGeneratorFactory - Registering IdentifierGenerator strategy [sequence] -> [org.hibernate.id.enhanced.SequenceStyleGenerator]
[DEBUG] 2020-04-24 23:43:29.241 [http-nio-8080-exec-2] DefaultIdentifierGeneratorFactory - Registering IdentifierGenerator strategy [seqhilo] -> [org.hibernate.id.SequenceHiLoGenerator]
[DEBUG] 2020-04-24 23:43:29.241 [http-nio-8080-exec-2] DefaultIdentifierGeneratorFactory - Registering IdentifierGenerator strategy [increment] -> [org.hibernate.id.IncrementGenerator]
[DEBUG] 2020-04-24 23:43:29.246 [http-nio-8080-exec-2] DefaultIdentifierGeneratorFactory - Registering IdentifierGenerator strategy [foreign] -> [org.hibernate.id.ForeignGenerator]
[DEBUG] 2020-04-24 23:43:29.246 [http-nio-8080-exec-2] DefaultIdentifierGeneratorFactory - Registering IdentifierGenerator strategy [sequence-identity] -> [org.hibernate.id.SequenceIdentityGenerator]
[DEBUG] 2020-04-24 23:43:29.246 [http-nio-8080-exec-2] DefaultIdentifierGeneratorFactory - Registering IdentifierGenerator strategy [enhanced-sequence] -> [org.hibernate.id.enhanced.SequenceStyleGenerator]
[DEBUG] 2020-04-24 23:43:29.247 [http-nio-8080-exec-2] DefaultIdentifierGeneratorFactory - Registering IdentifierGenerator strategy [enhanced-table] -> [org.hibernate.id.enhanced.TableGenerator]
[INFO ] 2020-04-24 23:43:29.263 [http-nio-8080-exec-2] C3P0ConnectionProvider - HHH010002: C3P0 using driver: com.mysql.cj.jdbc.Driver at URL: jdbc:mysql://localhost:3306/indieProject
[INFO ] 2020-04-24 23:43:29.263 [http-nio-8080-exec-2] C3P0ConnectionProvider - HHH10001001: Connection properties: {password=****, user=root}
[INFO ] 2020-04-24 23:43:29.263 [http-nio-8080-exec-2] C3P0ConnectionProvider - HHH10001003: Autocommit mode: false
[INFO ] 2020-04-24 23:43:29.603 [http-nio-8080-exec-2] C3P0ConnectionProvider - HHH10001007: JDBC isolation level: <unknown>
[DEBUG] 2020-04-24 23:43:30.467 [http-nio-8080-exec-2] JdbcEnvironmentInitiator - Database ->
       name : MySQL
    version : 8.0.16
      major : 8
      minor : 0
[DEBUG] 2020-04-24 23:43:30.469 [http-nio-8080-exec-2] JdbcEnvironmentInitiator - Driver ->
       name : MySQL Connector/J
    version : mysql-connector-java-8.0.16 (Revision: 34cbc6bc61f72836e26327537a432d6db7c77de6)
      major : 8
      minor : 0
[DEBUG] 2020-04-24 23:43:30.469 [http-nio-8080-exec-2] JdbcEnvironmentInitiator - JDBC version : 4.2
[INFO ] 2020-04-24 23:43:30.760 [http-nio-8080-exec-2] Dialect - HHH000400: Using dialect: org.hibernate.dialect.MySQL8Dialect
[DEBUG] 2020-04-24 23:43:30.860 [http-nio-8080-exec-2] IdentifierHelperBuilder - JDBC driver metadata reported database stores quoted identifiers in more than one case
[DEBUG] 2020-04-24 23:43:31.037 [http-nio-8080-exec-2] IdentifierHelperBuilder - IdentifierCaseStrategy for both quoted and unquoted identifiers was set to the same strategy [MIXED]; that will likely lead to problems in schema update and validation if using quoted identifiers
[DEBUG] 2020-04-24 23:43:31.148 [http-nio-8080-exec-2] Namespace - Created database namespace [logicalName=Name{catalog=null, schema=null}, physicalName=Name{catalog=null, schema=null}]
[DEBUG] 2020-04-24 23:43:31.151 [http-nio-8080-exec-2] TypeConfiguration$Scope - Scoping TypeConfiguration [org.hibernate.type.spi.TypeConfiguration@24b2b593] to MetadataBuildingContext [org.hibernate.boot.internal.MetadataBuildingContextRootImpl@471a4acd]
[DEBUG] 2020-04-24 23:43:31.348 [http-nio-8080-exec-2] AnnotationBinder - Binding entity from annotated class: com.tasktracker.entity.User
[DEBUG] 2020-04-24 23:43:31.385 [http-nio-8080-exec-2] Ejb3Column - Binding column: Ejb3DiscriminatorColumn{logicalColumnName'DTYPE', discriminatorTypeName='string'}
[DEBUG] 2020-04-24 23:43:31.396 [http-nio-8080-exec-2] EntityBinder - Import with entity name User
[DEBUG] 2020-04-24 23:43:31.408 [http-nio-8080-exec-2] EntityBinder - Bind entity com.tasktracker.entity.User on table USERS
[DEBUG] 2020-04-24 23:43:31.502 [http-nio-8080-exec-2] Ejb3Column - Binding column: Ejb3Column{table=org.hibernate.mapping.Table(USERS), mappingColumn=id, insertable=true, updatable=true, unique=false}
[DEBUG] 2020-04-24 23:43:31.524 [http-nio-8080-exec-2] PropertyBinder - MetadataSourceProcessor property userId with lazy=false
[DEBUG] 2020-04-24 23:43:31.526 [http-nio-8080-exec-2] AbstractPropertyHolder - Attempting to locate auto-apply AttributeConverter for property [com.tasktracker.entity.User:userId]
[DEBUG] 2020-04-24 23:43:31.529 [http-nio-8080-exec-2] SimpleValueBinder - building SimpleValue for userId
[DEBUG] 2020-04-24 23:43:31.531 [http-nio-8080-exec-2] PropertyBinder - Building property userId
[DEBUG] 2020-04-24 23:43:31.535 [http-nio-8080-exec-2] BinderHelper - #makeIdGenerator(org.hibernate.mapping.SimpleValue([org.hibernate.mapping.Column(id)]), userId, org.hibernate.id.enhanced.SequenceStyleGenerator, native, ...)
[DEBUG] 2020-04-24 23:43:31.537 [http-nio-8080-exec-2] Ejb3Column - Binding column: Ejb3Column{table=org.hibernate.mapping.Table(USERS), mappingColumn=auto_fwd_incomplete_tasks, insertable=true, updatable=true, unique=false}
[DEBUG] 2020-04-24 23:43:31.537 [http-nio-8080-exec-2] PropertyBinder - MetadataSourceProcessor property autoFwdIncompleteTasks with lazy=false
[DEBUG] 2020-04-24 23:43:31.537 [http-nio-8080-exec-2] AbstractPropertyHolder - Attempting to locate auto-apply AttributeConverter for property [com.tasktracker.entity.User:autoFwdIncompleteTasks]
[DEBUG] 2020-04-24 23:43:31.537 [http-nio-8080-exec-2] SimpleValueBinder - building SimpleValue for autoFwdIncompleteTasks
[DEBUG] 2020-04-24 23:43:31.537 [http-nio-8080-exec-2] PropertyBinder - Building property autoFwdIncompleteTasks
[DEBUG] 2020-04-24 23:43:31.539 [http-nio-8080-exec-2] Ejb3Column - Binding column: Ejb3JoinColumn{logicalColumnName='null', referencedColumn='null', mappedBy='user'}
[DEBUG] 2020-04-24 23:43:31.545 [http-nio-8080-exec-2] Ejb3Column - Binding column: Ejb3Column{table=org.hibernate.mapping.Table(USERS), mappingColumn=events, insertable=true, updatable=true, unique=false}
[DEBUG] 2020-04-24 23:43:31.547 [http-nio-8080-exec-2] Ejb3Column - Binding column: Ejb3Column{table=org.hibernate.mapping.Table(USERS), mappingColumn=null, insertable=true, updatable=true, unique=false}
[DEBUG] 2020-04-24 23:43:31.560 [http-nio-8080-exec-2] Ejb3Column - Binding column: Ejb3Column{table=org.hibernate.mapping.Table(USERS), mappingColumn=element, insertable=true, updatable=true, unique=false}
[DEBUG] 2020-04-24 23:43:31.560 [http-nio-8080-exec-2] Ejb3Column - Binding column: Ejb3Column{table=org.hibernate.mapping.Table(USERS), mappingColumn=events_KEY, insertable=true, updatable=true, unique=false}
[DEBUG] 2020-04-24 23:43:31.561 [http-nio-8080-exec-2] Ejb3Column - Binding column: Ejb3JoinColumn{logicalColumnName='events_KEY', referencedColumn='null', mappedBy='null'}
[DEBUG] 2020-04-24 23:43:31.563 [http-nio-8080-exec-2] Ejb3Column - Binding column: Ejb3JoinColumn{logicalColumnName='null', referencedColumn='null', mappedBy='user'}
[DEBUG] 2020-04-24 23:43:31.563 [http-nio-8080-exec-2] Ejb3Column - Binding column: Ejb3JoinColumn{logicalColumnName='null', referencedColumn='null', mappedBy='user'}
[DEBUG] 2020-04-24 23:43:31.564 [http-nio-8080-exec-2] CollectionBinder - Collection role: com.tasktracker.entity.User.events
[DEBUG] 2020-04-24 23:43:31.567 [http-nio-8080-exec-2] PropertyBinder - Building property events
[DEBUG] 2020-04-24 23:43:31.568 [http-nio-8080-exec-2] Ejb3Column - Binding column: Ejb3JoinColumn{logicalColumnName='null', referencedColumn='null', mappedBy='user'}
[DEBUG] 2020-04-24 23:43:31.568 [http-nio-8080-exec-2] Ejb3Column - Binding column: Ejb3Column{table=org.hibernate.mapping.Table(USERS), mappingColumn=roles, insertable=true, updatable=true, unique=false}
[DEBUG] 2020-04-24 23:43:31.568 [http-nio-8080-exec-2] Ejb3Column - Binding column: Ejb3Column{table=org.hibernate.mapping.Table(USERS), mappingColumn=null, insertable=true, updatable=true, unique=false}
[DEBUG] 2020-04-24 23:43:31.568 [http-nio-8080-exec-2] Ejb3Column - Binding column: Ejb3Column{table=org.hibernate.mapping.Table(USERS), mappingColumn=element, insertable=true, updatable=true, unique=false}
[DEBUG] 2020-04-24 23:43:31.568 [http-nio-8080-exec-2] Ejb3Column - Binding column: Ejb3Column{table=org.hibernate.mapping.Table(USERS), mappingColumn=roles_KEY, insertable=true, updatable=true, unique=false}
[DEBUG] 2020-04-24 23:43:31.568 [http-nio-8080-exec-2] Ejb3Column - Binding column: Ejb3JoinColumn{logicalColumnName='roles_KEY', referencedColumn='null', mappedBy='null'}
[DEBUG] 2020-04-24 23:43:31.568 [http-nio-8080-exec-2] Ejb3Column - Binding column: Ejb3JoinColumn{logicalColumnName='null', referencedColumn='null', mappedBy='user'}
[DEBUG] 2020-04-24 23:43:31.568 [http-nio-8080-exec-2] Ejb3Column - Binding column: Ejb3JoinColumn{logicalColumnName='null', referencedColumn='null', mappedBy='user'}
[DEBUG] 2020-04-24 23:43:31.575 [http-nio-8080-exec-2] CollectionBinder - Collection role: com.tasktracker.entity.User.roles
[DEBUG] 2020-04-24 23:43:31.575 [http-nio-8080-exec-2] PropertyBinder - Building property roles
[DEBUG] 2020-04-24 23:43:31.576 [http-nio-8080-exec-2] Ejb3Column - Binding column: Ejb3JoinColumn{logicalColumnName='null', referencedColumn='null', mappedBy='user'}
[DEBUG] 2020-04-24 23:43:31.577 [http-nio-8080-exec-2] Ejb3Column - Binding column: Ejb3Column{table=org.hibernate.mapping.Table(USERS), mappingColumn=tasks, insertable=true, updatable=true, unique=false}
[DEBUG] 2020-04-24 23:43:31.577 [http-nio-8080-exec-2] Ejb3Column - Binding column: Ejb3Column{table=org.hibernate.mapping.Table(USERS), mappingColumn=null, insertable=true, updatable=true, unique=false}
[DEBUG] 2020-04-24 23:43:31.578 [http-nio-8080-exec-2] Ejb3Column - Binding column: Ejb3Column{table=org.hibernate.mapping.Table(USERS), mappingColumn=element, insertable=true, updatable=true, unique=false}
[DEBUG] 2020-04-24 23:43:31.578 [http-nio-8080-exec-2] Ejb3Column - Binding column: Ejb3Column{table=org.hibernate.mapping.Table(USERS), mappingColumn=tasks_KEY, insertable=true, updatable=true, unique=false}
[DEBUG] 2020-04-24 23:43:31.578 [http-nio-8080-exec-2] Ejb3Column - Binding column: Ejb3JoinColumn{logicalColumnName='tasks_KEY', referencedColumn='null', mappedBy='null'}
[DEBUG] 2020-04-24 23:43:31.578 [http-nio-8080-exec-2] Ejb3Column - Binding column: Ejb3JoinColumn{logicalColumnName='null', referencedColumn='null', mappedBy='user'}
[DEBUG] 2020-04-24 23:43:31.578 [http-nio-8080-exec-2] Ejb3Column - Binding column: Ejb3JoinColumn{logicalColumnName='null', referencedColumn='null', mappedBy='user'}
[DEBUG] 2020-04-24 23:43:31.578 [http-nio-8080-exec-2] CollectionBinder - Collection role: com.tasktracker.entity.User.tasks
[DEBUG] 2020-04-24 23:43:31.578 [http-nio-8080-exec-2] PropertyBinder - Building property tasks
[DEBUG] 2020-04-24 23:43:31.578 [http-nio-8080-exec-2] Ejb3Column - Binding column: Ejb3Column{table=org.hibernate.mapping.Table(USERS), mappingColumn=user_name, insertable=true, updatable=true, unique=false}
[DEBUG] 2020-04-24 23:43:31.578 [http-nio-8080-exec-2] PropertyBinder - MetadataSourceProcessor property userName with lazy=false
[DEBUG] 2020-04-24 23:43:31.578 [http-nio-8080-exec-2] AbstractPropertyHolder - Attempting to locate auto-apply AttributeConverter for property [com.tasktracker.entity.User:userName]
[DEBUG] 2020-04-24 23:43:31.579 [http-nio-8080-exec-2] SimpleValueBinder - building SimpleValue for userName
[DEBUG] 2020-04-24 23:43:31.579 [http-nio-8080-exec-2] PropertyBinder - Building property userName
[DEBUG] 2020-04-24 23:43:31.581 [http-nio-8080-exec-2] Ejb3Column - Binding column: Ejb3Column{table=org.hibernate.mapping.Table(USERS), mappingColumn=user_password, insertable=true, updatable=true, unique=false}
[DEBUG] 2020-04-24 23:43:31.581 [http-nio-8080-exec-2] PropertyBinder - MetadataSourceProcessor property userPassword with lazy=false
[DEBUG] 2020-04-24 23:43:31.581 [http-nio-8080-exec-2] AbstractPropertyHolder - Attempting to locate auto-apply AttributeConverter for property [com.tasktracker.entity.User:userPassword]
[DEBUG] 2020-04-24 23:43:31.582 [http-nio-8080-exec-2] SimpleValueBinder - building SimpleValue for userPassword
[DEBUG] 2020-04-24 23:43:31.582 [http-nio-8080-exec-2] PropertyBinder - Building property userPassword
[DEBUG] 2020-04-24 23:43:31.587 [http-nio-8080-exec-2] AnnotationBinder - Binding entity from annotated class: com.tasktracker.entity.Event
[DEBUG] 2020-04-24 23:43:31.587 [http-nio-8080-exec-2] Ejb3Column - Binding column: Ejb3DiscriminatorColumn{logicalColumnName'DTYPE', discriminatorTypeName='string'}
[DEBUG] 2020-04-24 23:43:31.589 [http-nio-8080-exec-2] EntityBinder - Import with entity name Event
[DEBUG] 2020-04-24 23:43:31.590 [http-nio-8080-exec-2] EntityBinder - Bind entity com.tasktracker.entity.Event on table EVENT
[DEBUG] 2020-04-24 23:43:31.594 [http-nio-8080-exec-2] Ejb3Column - Binding column: Ejb3Column{table=org.hibernate.mapping.Table(EVENT), mappingColumn=id, insertable=true, updatable=true, unique=false}
[DEBUG] 2020-04-24 23:43:31.594 [http-nio-8080-exec-2] PropertyBinder - MetadataSourceProcessor property id with lazy=false
[DEBUG] 2020-04-24 23:43:31.594 [http-nio-8080-exec-2] AbstractPropertyHolder - Attempting to locate auto-apply AttributeConverter for property [com.tasktracker.entity.Event:id]
[DEBUG] 2020-04-24 23:43:31.594 [http-nio-8080-exec-2] SimpleValueBinder - building SimpleValue for id
[DEBUG] 2020-04-24 23:43:31.596 [http-nio-8080-exec-2] PropertyBinder - Building property id
[DEBUG] 2020-04-24 23:43:31.598 [http-nio-8080-exec-2] BinderHelper - #makeIdGenerator(org.hibernate.mapping.SimpleValue([org.hibernate.mapping.Column(id)]), id, org.hibernate.id.enhanced.SequenceStyleGenerator, native, ...)
[DEBUG] 2020-04-24 23:43:31.598 [http-nio-8080-exec-2] Ejb3Column - Binding column: Ejb3Column{table=org.hibernate.mapping.Table(EVENT), mappingColumn=date, insertable=true, updatable=true, unique=false}
[DEBUG] 2020-04-24 23:43:31.598 [http-nio-8080-exec-2] PropertyBinder - MetadataSourceProcessor property date with lazy=false
[DEBUG] 2020-04-24 23:43:31.602 [http-nio-8080-exec-2] AbstractPropertyHolder - Attempting to locate auto-apply AttributeConverter for property [com.tasktracker.entity.Event:date]
[DEBUG] 2020-04-24 23:43:31.602 [http-nio-8080-exec-2] SimpleValueBinder - building SimpleValue for date
[DEBUG] 2020-04-24 23:43:31.602 [http-nio-8080-exec-2] PropertyBinder - Building property date
[DEBUG] 2020-04-24 23:43:31.602 [http-nio-8080-exec-2] Ejb3Column - Binding column: Ejb3Column{table=org.hibernate.mapping.Table(EVENT), mappingColumn=end_time, insertable=true, updatable=true, unique=false}
[DEBUG] 2020-04-24 23:43:31.602 [http-nio-8080-exec-2] PropertyBinder - MetadataSourceProcessor property endTime with lazy=false
[DEBUG] 2020-04-24 23:43:31.602 [http-nio-8080-exec-2] AbstractPropertyHolder - Attempting to locate auto-apply AttributeConverter for property [com.tasktracker.entity.Event:endTime]
[DEBUG] 2020-04-24 23:43:31.602 [http-nio-8080-exec-2] SimpleValueBinder - building SimpleValue for endTime
[DEBUG] 2020-04-24 23:43:31.602 [http-nio-8080-exec-2] PropertyBinder - Building property endTime
[DEBUG] 2020-04-24 23:43:31.603 [http-nio-8080-exec-2] Ejb3Column - Binding column: Ejb3Column{table=org.hibernate.mapping.Table(EVENT), mappingColumn=name, insertable=true, updatable=true, unique=false}
[DEBUG] 2020-04-24 23:43:31.603 [http-nio-8080-exec-2] PropertyBinder - MetadataSourceProcessor property name with lazy=false
[DEBUG] 2020-04-24 23:43:31.603 [http-nio-8080-exec-2] AbstractPropertyHolder - Attempting to locate auto-apply AttributeConverter for property [com.tasktracker.entity.Event:name]
[DEBUG] 2020-04-24 23:43:31.603 [http-nio-8080-exec-2] SimpleValueBinder - building SimpleValue for name
[DEBUG] 2020-04-24 23:43:31.603 [http-nio-8080-exec-2] PropertyBinder - Building property name
[DEBUG] 2020-04-24 23:43:31.603 [http-nio-8080-exec-2] Ejb3Column - Binding column: Ejb3Column{table=org.hibernate.mapping.Table(EVENT), mappingColumn=notes, insertable=true, updatable=true, unique=false}
[DEBUG] 2020-04-24 23:43:31.603 [http-nio-8080-exec-2] PropertyBinder - MetadataSourceProcessor property notes with lazy=false
[DEBUG] 2020-04-24 23:43:31.603 [http-nio-8080-exec-2] AbstractPropertyHolder - Attempting to locate auto-apply AttributeConverter for property [com.tasktracker.entity.Event:notes]
[DEBUG] 2020-04-24 23:43:31.603 [http-nio-8080-exec-2] SimpleValueBinder - building SimpleValue for notes
[DEBUG] 2020-04-24 23:43:31.603 [http-nio-8080-exec-2] PropertyBinder - Building property notes
[DEBUG] 2020-04-24 23:43:31.603 [http-nio-8080-exec-2] Ejb3Column - Binding column: Ejb3Column{table=org.hibernate.mapping.Table(EVENT), mappingColumn=start_time, insertable=true, updatable=true, unique=false}
[DEBUG] 2020-04-24 23:43:31.604 [http-nio-8080-exec-2] PropertyBinder - MetadataSourceProcessor property startTime with lazy=false
[DEBUG] 2020-04-24 23:43:31.604 [http-nio-8080-exec-2] AbstractPropertyHolder - Attempting to locate auto-apply AttributeConverter for property [com.tasktracker.entity.Event:startTime]
[DEBUG] 2020-04-24 23:43:31.604 [http-nio-8080-exec-2] SimpleValueBinder - building SimpleValue for startTime
[DEBUG] 2020-04-24 23:43:31.604 [http-nio-8080-exec-2] PropertyBinder - Building property startTime
[DEBUG] 2020-04-24 23:43:31.604 [http-nio-8080-exec-2] Ejb3Column - Binding column: Ejb3JoinColumn{logicalColumnName='null', referencedColumn='null', mappedBy='null'}
[DEBUG] 2020-04-24 23:43:31.604 [http-nio-8080-exec-2] Ejb3Column - Binding column: Ejb3Column{table=org.hibernate.mapping.Table(EVENT), mappingColumn=user, insertable=true, updatable=true, unique=false}
[DEBUG] 2020-04-24 23:43:31.614 [http-nio-8080-exec-2] PropertyBinder - Building property user
[DEBUG] 2020-04-24 23:43:31.616 [http-nio-8080-exec-2] AnnotationBinder - Binding entity from annotated class: com.tasktracker.entity.Role
[DEBUG] 2020-04-24 23:43:31.617 [http-nio-8080-exec-2] Ejb3Column - Binding column: Ejb3DiscriminatorColumn{logicalColumnName'DTYPE', discriminatorTypeName='string'}
[DEBUG] 2020-04-24 23:43:31.617 [http-nio-8080-exec-2] EntityBinder - Import with entity name Role
[DEBUG] 2020-04-24 23:43:31.617 [http-nio-8080-exec-2] EntityBinder - Bind entity com.tasktracker.entity.Role on table USER_ROLES
[DEBUG] 2020-04-24 23:43:31.635 [http-nio-8080-exec-2] Ejb3Column - Binding column: Ejb3Column{table=org.hibernate.mapping.Table(USER_ROLES), mappingColumn=id, insertable=true, updatable=true, unique=false}
[DEBUG] 2020-04-24 23:43:31.635 [http-nio-8080-exec-2] PropertyBinder - MetadataSourceProcessor property id with lazy=false
[DEBUG] 2020-04-24 23:43:31.635 [http-nio-8080-exec-2] AbstractPropertyHolder - Attempting to locate auto-apply AttributeConverter for property [com.tasktracker.entity.Role:id]
[DEBUG] 2020-04-24 23:43:31.635 [http-nio-8080-exec-2] SimpleValueBinder - building SimpleValue for id
[DEBUG] 2020-04-24 23:43:31.635 [http-nio-8080-exec-2] PropertyBinder - Building property id
[DEBUG] 2020-04-24 23:43:31.636 [http-nio-8080-exec-2] BinderHelper - #makeIdGenerator(org.hibernate.mapping.SimpleValue([org.hibernate.mapping.Column(id)]), id, org.hibernate.id.enhanced.SequenceStyleGenerator, native, ...)
[DEBUG] 2020-04-24 23:43:31.638 [http-nio-8080-exec-2] Ejb3Column - Binding column: Ejb3Column{table=org.hibernate.mapping.Table(USER_ROLES), mappingColumn=role_name, insertable=true, updatable=true, unique=false}
[DEBUG] 2020-04-24 23:43:31.638 [http-nio-8080-exec-2] PropertyBinder - MetadataSourceProcessor property roleName with lazy=false
[DEBUG] 2020-04-24 23:43:31.639 [http-nio-8080-exec-2] AbstractPropertyHolder - Attempting to locate auto-apply AttributeConverter for property [com.tasktracker.entity.Role:roleName]
[DEBUG] 2020-04-24 23:43:31.641 [http-nio-8080-exec-2] SimpleValueBinder - building SimpleValue for roleName
[DEBUG] 2020-04-24 23:43:31.642 [http-nio-8080-exec-2] PropertyBinder - Building property roleName
[DEBUG] 2020-04-24 23:43:31.642 [http-nio-8080-exec-2] Ejb3Column - Binding column: Ejb3JoinColumn{logicalColumnName='user_id', referencedColumn='', mappedBy=''}
[DEBUG] 2020-04-24 23:43:31.642 [http-nio-8080-exec-2] Ejb3Column - Binding column: Ejb3Column{table=org.hibernate.mapping.Table(USER_ROLES), mappingColumn=user, insertable=true, updatable=true, unique=false}
[DEBUG] 2020-04-24 23:43:31.645 [http-nio-8080-exec-2] PropertyBinder - Building property user
[DEBUG] 2020-04-24 23:43:31.646 [http-nio-8080-exec-2] Ejb3Column - Binding column: Ejb3Column{table=org.hibernate.mapping.Table(USER_ROLES), mappingColumn=user_name, insertable=true, updatable=true, unique=false}
[DEBUG] 2020-04-24 23:43:31.646 [http-nio-8080-exec-2] PropertyBinder - MetadataSourceProcessor property userName with lazy=false
[DEBUG] 2020-04-24 23:43:31.646 [http-nio-8080-exec-2] AbstractPropertyHolder - Attempting to locate auto-apply AttributeConverter for property [com.tasktracker.entity.Role:userName]
[DEBUG] 2020-04-24 23:43:31.646 [http-nio-8080-exec-2] SimpleValueBinder - building SimpleValue for userName
[DEBUG] 2020-04-24 23:43:31.646 [http-nio-8080-exec-2] PropertyBinder - Building property userName
[DEBUG] 2020-04-24 23:43:31.646 [http-nio-8080-exec-2] AnnotationBinder - Binding entity from annotated class: com.tasktracker.entity.Task
[DEBUG] 2020-04-24 23:43:31.646 [http-nio-8080-exec-2] Ejb3Column - Binding column: Ejb3DiscriminatorColumn{logicalColumnName'DTYPE', discriminatorTypeName='string'}
[DEBUG] 2020-04-24 23:43:31.647 [http-nio-8080-exec-2] EntityBinder - Import with entity name Task
[DEBUG] 2020-04-24 23:43:31.647 [http-nio-8080-exec-2] EntityBinder - Bind entity com.tasktracker.entity.Task on table TASK
[DEBUG] 2020-04-24 23:43:31.654 [http-nio-8080-exec-2] Ejb3Column - Binding column: Ejb3Column{table=org.hibernate.mapping.Table(TASK), mappingColumn=id, insertable=true, updatable=true, unique=false}
[DEBUG] 2020-04-24 23:43:31.656 [http-nio-8080-exec-2] PropertyBinder - MetadataSourceProcessor property id with lazy=false
[DEBUG] 2020-04-24 23:43:31.657 [http-nio-8080-exec-2] AbstractPropertyHolder - Attempting to locate auto-apply AttributeConverter for property [com.tasktracker.entity.Task:id]
[DEBUG] 2020-04-24 23:43:31.657 [http-nio-8080-exec-2] SimpleValueBinder - building SimpleValue for id
[DEBUG] 2020-04-24 23:43:31.657 [http-nio-8080-exec-2] PropertyBinder - Building property id
[DEBUG] 2020-04-24 23:43:31.657 [http-nio-8080-exec-2] BinderHelper - #makeIdGenerator(org.hibernate.mapping.SimpleValue([org.hibernate.mapping.Column(id)]), id, org.hibernate.id.enhanced.SequenceStyleGenerator, native, ...)
[DEBUG] 2020-04-24 23:43:31.657 [http-nio-8080-exec-2] Ejb3Column - Binding column: Ejb3Column{table=org.hibernate.mapping.Table(TASK), mappingColumn=date, insertable=true, updatable=true, unique=false}
[DEBUG] 2020-04-24 23:43:31.657 [http-nio-8080-exec-2] PropertyBinder - MetadataSourceProcessor property date with lazy=false
[DEBUG] 2020-04-24 23:43:31.657 [http-nio-8080-exec-2] AbstractPropertyHolder - Attempting to locate auto-apply AttributeConverter for property [com.tasktracker.entity.Task:date]
[DEBUG] 2020-04-24 23:43:31.657 [http-nio-8080-exec-2] SimpleValueBinder - building SimpleValue for date
[DEBUG] 2020-04-24 23:43:31.657 [http-nio-8080-exec-2] PropertyBinder - Building property date
[DEBUG] 2020-04-24 23:43:31.657 [http-nio-8080-exec-2] Ejb3Column - Binding column: Ejb3Column{table=org.hibernate.mapping.Table(TASK), mappingColumn=frequency, insertable=true, updatable=true, unique=false}
[DEBUG] 2020-04-24 23:43:31.657 [http-nio-8080-exec-2] PropertyBinder - MetadataSourceProcessor property frequency with lazy=false
[DEBUG] 2020-04-24 23:43:31.657 [http-nio-8080-exec-2] AbstractPropertyHolder - Attempting to locate auto-apply AttributeConverter for property [com.tasktracker.entity.Task:frequency]
[DEBUG] 2020-04-24 23:43:31.657 [http-nio-8080-exec-2] SimpleValueBinder - building SimpleValue for frequency
[DEBUG] 2020-04-24 23:43:31.657 [http-nio-8080-exec-2] PropertyBinder - Building property frequency
[DEBUG] 2020-04-24 23:43:31.657 [http-nio-8080-exec-2] Ejb3Column - Binding column: Ejb3Column{table=org.hibernate.mapping.Table(TASK), mappingColumn=last_date_completed, insertable=true, updatable=true, unique=false}
[DEBUG] 2020-04-24 23:43:31.657 [http-nio-8080-exec-2] PropertyBinder - MetadataSourceProcessor property lastDateCompleted with lazy=false
[DEBUG] 2020-04-24 23:43:31.657 [http-nio-8080-exec-2] AbstractPropertyHolder - Attempting to locate auto-apply AttributeConverter for property [com.tasktracker.entity.Task:lastDateCompleted]
[DEBUG] 2020-04-24 23:43:31.657 [http-nio-8080-exec-2] SimpleValueBinder - building SimpleValue for lastDateCompleted
[DEBUG] 2020-04-24 23:43:31.657 [http-nio-8080-exec-2] PropertyBinder - Building property lastDateCompleted
[DEBUG] 2020-04-24 23:43:31.658 [http-nio-8080-exec-2] Ejb3Column - Binding column: Ejb3Column{table=org.hibernate.mapping.Table(TASK), mappingColumn=name, insertable=true, updatable=true, unique=false}
[DEBUG] 2020-04-24 23:43:31.658 [http-nio-8080-exec-2] PropertyBinder - MetadataSourceProcessor property name with lazy=false
[DEBUG] 2020-04-24 23:43:31.658 [http-nio-8080-exec-2] AbstractPropertyHolder - Attempting to locate auto-apply AttributeConverter for property [com.tasktracker.entity.Task:name]
[DEBUG] 2020-04-24 23:43:31.658 [http-nio-8080-exec-2] SimpleValueBinder - building SimpleValue for name
[DEBUG] 2020-04-24 23:43:31.658 [http-nio-8080-exec-2] PropertyBinder - Building property name
[DEBUG] 2020-04-24 23:43:31.658 [http-nio-8080-exec-2] Ejb3Column - Binding column: Ejb3Column{table=org.hibernate.mapping.Table(TASK), mappingColumn=notes, insertable=true, updatable=true, unique=false}
[DEBUG] 2020-04-24 23:43:31.661 [http-nio-8080-exec-2] PropertyBinder - MetadataSourceProcessor property notes with lazy=false
[DEBUG] 2020-04-24 23:43:31.662 [http-nio-8080-exec-2] AbstractPropertyHolder - Attempting to locate auto-apply AttributeConverter for property [com.tasktracker.entity.Task:notes]
[DEBUG] 2020-04-24 23:43:31.662 [http-nio-8080-exec-2] SimpleValueBinder - building SimpleValue for notes
[DEBUG] 2020-04-24 23:43:31.662 [http-nio-8080-exec-2] PropertyBinder - Building property notes
[DEBUG] 2020-04-24 23:43:31.662 [http-nio-8080-exec-2] Ejb3Column - Binding column: Ejb3JoinColumn{logicalColumnName='null', referencedColumn='null', mappedBy='null'}
[DEBUG] 2020-04-24 23:43:31.662 [http-nio-8080-exec-2] Ejb3Column - Binding column: Ejb3Column{table=org.hibernate.mapping.Table(TASK), mappingColumn=user, insertable=true, updatable=true, unique=false}
[DEBUG] 2020-04-24 23:43:31.662 [http-nio-8080-exec-2] PropertyBinder - Building property user
[DEBUG] 2020-04-24 23:43:31.666 [http-nio-8080-exec-2] SimpleValueBinder - Starting fillSimpleValue for userId
[DEBUG] 2020-04-24 23:43:31.666 [http-nio-8080-exec-2] SimpleValueBinder - Starting fillSimpleValue for autoFwdIncompleteTasks
[DEBUG] 2020-04-24 23:43:31.666 [http-nio-8080-exec-2] SimpleValueBinder - Starting fillSimpleValue for userName
[DEBUG] 2020-04-24 23:43:31.666 [http-nio-8080-exec-2] SimpleValueBinder - Starting fillSimpleValue for userPassword
[DEBUG] 2020-04-24 23:43:31.666 [http-nio-8080-exec-2] SimpleValueBinder - Starting fillSimpleValue for id
[DEBUG] 2020-04-24 23:43:31.666 [http-nio-8080-exec-2] SimpleValueBinder - Starting fillSimpleValue for date
[DEBUG] 2020-04-24 23:43:31.666 [http-nio-8080-exec-2] SimpleValueBinder - Starting fillSimpleValue for endTime
[DEBUG] 2020-04-24 23:43:31.666 [http-nio-8080-exec-2] SimpleValueBinder - Starting fillSimpleValue for name
[DEBUG] 2020-04-24 23:43:31.666 [http-nio-8080-exec-2] SimpleValueBinder - Starting fillSimpleValue for notes
[DEBUG] 2020-04-24 23:43:31.666 [http-nio-8080-exec-2] SimpleValueBinder - Starting fillSimpleValue for startTime
[DEBUG] 2020-04-24 23:43:31.668 [http-nio-8080-exec-2] SimpleValueBinder - Starting fillSimpleValue for id
[DEBUG] 2020-04-24 23:43:31.668 [http-nio-8080-exec-2] SimpleValueBinder - Starting fillSimpleValue for roleName
[DEBUG] 2020-04-24 23:43:31.669 [http-nio-8080-exec-2] SimpleValueBinder - Starting fillSimpleValue for userName
[DEBUG] 2020-04-24 23:43:31.669 [http-nio-8080-exec-2] SimpleValueBinder - Starting fillSimpleValue for id
[DEBUG] 2020-04-24 23:43:31.669 [http-nio-8080-exec-2] SimpleValueBinder - Starting fillSimpleValue for date
[DEBUG] 2020-04-24 23:43:31.669 [http-nio-8080-exec-2] SimpleValueBinder - Starting fillSimpleValue for frequency
[DEBUG] 2020-04-24 23:43:31.669 [http-nio-8080-exec-2] SimpleValueBinder - Starting fillSimpleValue for lastDateCompleted
[DEBUG] 2020-04-24 23:43:31.669 [http-nio-8080-exec-2] SimpleValueBinder - Starting fillSimpleValue for name
[DEBUG] 2020-04-24 23:43:31.669 [http-nio-8080-exec-2] SimpleValueBinder - Starting fillSimpleValue for notes
[DEBUG] 2020-04-24 23:43:31.679 [http-nio-8080-exec-2] PrimaryKey - Forcing column [id] to be non-null as it is part of the primary key for table [users]
[DEBUG] 2020-04-24 23:43:31.680 [http-nio-8080-exec-2] PrimaryKey - Forcing column [id] to be non-null as it is part of the primary key for table [event]
[DEBUG] 2020-04-24 23:43:31.680 [http-nio-8080-exec-2] PrimaryKey - Forcing column [id] to be non-null as it is part of the primary key for table [user_roles]
[DEBUG] 2020-04-24 23:43:31.680 [http-nio-8080-exec-2] PrimaryKey - Forcing column [id] to be non-null as it is part of the primary key for table [task]
[DEBUG] 2020-04-24 23:43:31.680 [http-nio-8080-exec-2] CollectionSecondPass - Second pass for collection: com.tasktracker.entity.User.events
[DEBUG] 2020-04-24 23:43:31.680 [http-nio-8080-exec-2] CollectionBinder - Binding a OneToMany: com.tasktracker.entity.User.events through a foreign key
[DEBUG] 2020-04-24 23:43:31.681 [http-nio-8080-exec-2] CollectionBinder - Mapping collection: com.tasktracker.entity.User.events -> EVENT
[DEBUG] 2020-04-24 23:43:31.682 [http-nio-8080-exec-2] TableBinder - Retrieving property com.tasktracker.entity.Event.user
[DEBUG] 2020-04-24 23:43:31.691 [http-nio-8080-exec-2] CollectionSecondPass - Mapped collection key: user_id, one-to-many: com.tasktracker.entity.Event
[DEBUG] 2020-04-24 23:43:31.691 [http-nio-8080-exec-2] CollectionSecondPass - Second pass for collection: com.tasktracker.entity.User.roles
[DEBUG] 2020-04-24 23:43:31.691 [http-nio-8080-exec-2] CollectionBinder - Binding a OneToMany: com.tasktracker.entity.User.roles through a foreign key
[DEBUG] 2020-04-24 23:43:31.691 [http-nio-8080-exec-2] CollectionBinder - Mapping collection: com.tasktracker.entity.User.roles -> USER_ROLES
[DEBUG] 2020-04-24 23:43:31.692 [http-nio-8080-exec-2] TableBinder - Retrieving property com.tasktracker.entity.Role.user
[DEBUG] 2020-04-24 23:43:31.692 [http-nio-8080-exec-2] CollectionSecondPass - Mapped collection key: user_id, one-to-many: com.tasktracker.entity.Role
[DEBUG] 2020-04-24 23:43:31.692 [http-nio-8080-exec-2] CollectionSecondPass - Second pass for collection: com.tasktracker.entity.User.tasks
[DEBUG] 2020-04-24 23:43:31.692 [http-nio-8080-exec-2] CollectionBinder - Binding a OneToMany: com.tasktracker.entity.User.tasks through a foreign key
[DEBUG] 2020-04-24 23:43:31.692 [http-nio-8080-exec-2] CollectionBinder - Mapping collection: com.tasktracker.entity.User.tasks -> TASK
[DEBUG] 2020-04-24 23:43:31.692 [http-nio-8080-exec-2] TableBinder - Retrieving property com.tasktracker.entity.Task.user
[DEBUG] 2020-04-24 23:43:31.692 [http-nio-8080-exec-2] CollectionSecondPass - Mapped collection key: user_id, one-to-many: com.tasktracker.entity.Task
[DEBUG] 2020-04-24 23:43:31.693 [http-nio-8080-exec-2] InFlightMetadataCollectorImpl - Resolving reference to class: com.tasktracker.entity.User
[DEBUG] 2020-04-24 23:43:31.711 [http-nio-8080-exec-2] InFlightMetadataCollectorImpl - Resolving reference to class: com.tasktracker.entity.User
[DEBUG] 2020-04-24 23:43:31.711 [http-nio-8080-exec-2] InFlightMetadataCollectorImpl - Resolving reference to class: com.tasktracker.entity.User
[DEBUG] 2020-04-24 23:43:31.713 [http-nio-8080-exec-2] InFlightMetadataCollectorImpl - Resolving reference to class: com.tasktracker.entity.User
[DEBUG] 2020-04-24 23:43:31.713 [http-nio-8080-exec-2] InFlightMetadataCollectorImpl - Resolving reference to class: com.tasktracker.entity.User
[DEBUG] 2020-04-24 23:43:31.714 [http-nio-8080-exec-2] InFlightMetadataCollectorImpl - Resolving reference to class: com.tasktracker.entity.User
[DEBUG] 2020-04-24 23:43:31.785 [http-nio-8080-exec-2] SessionFactoryImpl - Building session factory
[DEBUG] 2020-04-24 23:43:31.786 [http-nio-8080-exec-2] Settings - SessionFactory name : null
[DEBUG] 2020-04-24 23:43:31.786 [http-nio-8080-exec-2] Settings - Automatic flush during beforeCompletion(): enabled
[DEBUG] 2020-04-24 23:43:31.786 [http-nio-8080-exec-2] Settings - Automatic session close at end of transaction: disabled
[DEBUG] 2020-04-24 23:43:31.786 [http-nio-8080-exec-2] Settings - Statistics: disabled
[DEBUG] 2020-04-24 23:43:31.786 [http-nio-8080-exec-2] Settings - Deleted entity synthetic identifier rollback: disabled
[DEBUG] 2020-04-24 23:43:31.786 [http-nio-8080-exec-2] Settings - Default entity-mode: pojo
[DEBUG] 2020-04-24 23:43:31.786 [http-nio-8080-exec-2] Settings - Check Nullability in Core (should be disabled when Bean Validation is on): enabled
[DEBUG] 2020-04-24 23:43:31.786 [http-nio-8080-exec-2] Settings - Allow initialization of lazy state outside session : disabled
[DEBUG] 2020-04-24 23:43:31.786 [http-nio-8080-exec-2] Settings - Using BatchFetchStyle : LEGACY
[DEBUG] 2020-04-24 23:43:31.786 [http-nio-8080-exec-2] Settings - Default batch fetch size: -1
[DEBUG] 2020-04-24 23:43:31.786 [http-nio-8080-exec-2] Settings - Maximum outer join fetch depth: 2
[DEBUG] 2020-04-24 23:43:31.786 [http-nio-8080-exec-2] Settings - Default null ordering: NONE
[DEBUG] 2020-04-24 23:43:31.786 [http-nio-8080-exec-2] Settings - Order SQL updates by primary key: disabled
[DEBUG] 2020-04-24 23:43:31.786 [http-nio-8080-exec-2] Settings - Order SQL inserts for batching: disabled
[DEBUG] 2020-04-24 23:43:31.786 [http-nio-8080-exec-2] Settings - multi-tenancy strategy : NONE
[DEBUG] 2020-04-24 23:43:31.786 [http-nio-8080-exec-2] Settings - JTA Track by Thread: enabled
[DEBUG] 2020-04-24 23:43:31.786 [http-nio-8080-exec-2] Settings - Query language substitutions: {}
[DEBUG] 2020-04-24 23:43:31.786 [http-nio-8080-exec-2] Settings - Named query checking : enabled
[DEBUG] 2020-04-24 23:43:31.786 [http-nio-8080-exec-2] Settings - Second-level cache: disabled
[DEBUG] 2020-04-24 23:43:31.786 [http-nio-8080-exec-2] Settings - Second-level query cache: disabled
[DEBUG] 2020-04-24 23:43:31.786 [http-nio-8080-exec-2] Settings - Second-level query cache factory: null
[DEBUG] 2020-04-24 23:43:31.786 [http-nio-8080-exec-2] Settings - Second-level cache region prefix: null
[DEBUG] 2020-04-24 23:43:31.786 [http-nio-8080-exec-2] Settings - Optimize second-level cache for minimal puts: disabled
[DEBUG] 2020-04-24 23:43:31.786 [http-nio-8080-exec-2] Settings - Structured second-level cache entries: disabled
[DEBUG] 2020-04-24 23:43:31.786 [http-nio-8080-exec-2] Settings - Second-level cache direct-reference entries: disabled
[DEBUG] 2020-04-24 23:43:31.786 [http-nio-8080-exec-2] Settings - Automatic eviction of collection cache: disabled
[DEBUG] 2020-04-24 23:43:31.786 [http-nio-8080-exec-2] Settings - JDBC batch size: 15
[DEBUG] 2020-04-24 23:43:31.786 [http-nio-8080-exec-2] Settings - JDBC batch updates for versioned data: enabled
[DEBUG] 2020-04-24 23:43:31.786 [http-nio-8080-exec-2] Settings - Scrollable result sets: enabled
[DEBUG] 2020-04-24 23:43:31.786 [http-nio-8080-exec-2] Settings - Wrap result sets: disabled
[DEBUG] 2020-04-24 23:43:31.786 [http-nio-8080-exec-2] Settings - JDBC3 getGeneratedKeys(): enabled
[DEBUG] 2020-04-24 23:43:31.787 [http-nio-8080-exec-2] Settings - JDBC result set fetch size: null
[DEBUG] 2020-04-24 23:43:31.787 [http-nio-8080-exec-2] Settings - Connection release mode: AFTER_TRANSACTION
[DEBUG] 2020-04-24 23:43:31.791 [http-nio-8080-exec-2] Settings - Generate SQL with comments: disabled
[DEBUG] 2020-04-24 23:43:31.791 [http-nio-8080-exec-2] Settings - JPA compliance - query : 
[DEBUG] 2020-04-24 23:43:31.792 [http-nio-8080-exec-2] Settings - JPA compliance - closed-handling : 
[DEBUG] 2020-04-24 23:43:31.793 [http-nio-8080-exec-2] Settings - JPA compliance - lists : 
[DEBUG] 2020-04-24 23:43:31.795 [http-nio-8080-exec-2] Settings - JPA compliance - transactions : 
[INFO ] 2020-04-24 23:43:31.881 [http-nio-8080-exec-2] beans - HHH10005002: No explicit CDI BeanManager reference was passed to Hibernate, but CDI is available on the Hibernate ClassLoader.
[DEBUG] 2020-04-24 23:43:31.929 [http-nio-8080-exec-2] SessionFactoryImpl - Session factory constructed with filter configurations : {}
[DEBUG] 2020-04-24 23:43:31.929 [http-nio-8080-exec-2] SessionFactoryImpl - Instantiating session factory with properties: {awt.toolkit=sun.awt.X11.XToolkit, java.specification.version=11, sun.cpu.isalist=, hibernate.c3p0.idle_test_period=3000, sun.jnu.encoding=UTF-8, hibernate.c3p0.min_size=5, sun.arch.data.model=64, java.vendor.url=https://ubuntu.com/, catalina.useNaming=true, openejb.provider.default=org.apache.tomee, sun.boot.library.path=/usr/lib/jvm/java-11-openjdk-amd64/lib, com.sun.management.jmxremote.ssl=false, sun.java.command=org.apache.catalina.startup.Bootstrap start, jdk.debug=release, java.specification.vendor=Oracle Corporation, java.naming.factory.url.pkgs=org.apache.naming:org.apache.openejb.core.ivm.naming, openejb.embedder.source=ServerListener, java.version.date=2020-04-14, java.home=/usr/lib/jvm/java-11-openjdk-amd64, ignore.endorsed.dirs=, file.separator=/, java.vm.compressedOopsMode=32-bit, line.separator=
, hibernate.c3p0.timeout=300, java.specification.name=Java Platform API Specification, java.vm.specification.vendor=Oracle Corporation, openejb.scan.webapp.container=true, com.sun.management.jmxremote.password.file=/home/student/.IntelliJIdea2019.3/system/tomcat/Unnamed_indieproject_2/jmxremote.password, package.definition=sun.,java.,org.apache.catalina.,org.apache.coyote.,org.apache.jasper.,org.apache.naming.,org.apache.tomcat., openejb.deployments.classpath.filter.systemapps=false, jdk.tls.ephemeralDHKeySize=2048, java.util.logging.config.file=/home/student/.IntelliJIdea2019.3/system/tomcat/Unnamed_indieproject_2/conf/logging.properties, java.protocol.handler.pkgs=org.apache.catalina.webresources, connection.password=student, sun.management.compiler=HotSpot 64-Bit Tiered Compilers, openejb.scan.webapp.container.excludes=, java.runtime.version=11.0.7+10-post-Ubuntu-2ubuntu218.04, user.name=student, org.apache.johnzon.max-string-length=8192, file.encoding=UTF-8, derby.system.home=/home/student/tomcat/bin, org.apache.catalina.security.SecurityListener.UMASK=0027, hibernate.connection.driver_class=com.mysql.cj.jdbc.Driver, java.io.tmpdir=/home/student/tomcat/temp, tomcat.util.scan.StandardJarScanFilter.jarsToScan=log4j-taglib*.jar,log4j-web*.jar,log4javascript*.jar,slf4j-taglib*.jar, java.version=11.0.7, com.sun.management.jmxremote.port=1099, tomcat.util.scan.StandardJarScanFilter.jarsToSkip=annotations-api.jar,ant-junit*.jar,ant-launcher.jar,ant.jar,asm-*.jar,aspectj*.jar,bootstrap.jar,catalina-ant.jar,catalina-ha.jar,catalina-jmx-remote.jar,catalina-storeconfig.jar,catalina-tribes.jar,catalina-ws.jar,catalina.jar,cglib-*.jar,cobertura-*.jar,commons-beanutils*.jar,commons-codec*.jar,commons-collections*.jar,commons-daemon.jar,commons-dbcp*.jar,commons-digester*.jar,commons-fileupload*.jar,commons-httpclient*.jar,commons-io*.jar,commons-lang*.jar,commons-logging*.jar,commons-math*.jar,commons-pool*.jar,dom4j-*.jar,easymock-*.jar,ecj-*.jar,el-api.jar,geronimo-spec-jaxrpc*.jar,h2*.jar,hamcrest-*.jar,hibernate*.jar,httpclient*.jar,icu4j-*.jar,jasper-el.jar,jasper.jar,jaspic-api.jar,jaxb-*.jar,jaxen-*.jar,jdom-*.jar,jetty-*.jar,jmx-tools.jar,jmx.jar,jsp-api.jar,jstl.jar,jta*.jar,junit-*.jar,junit.jar,log4j*.jar,mail*.jar,objenesis-*.jar,oraclepki.jar,oro-*.jar,servlet-api-*.jar,servlet-api.jar,slf4j*.jar,taglibs-standard-spec-*.jar,tagsoup-*.jar,tomcat-api.jar,tomcat-coyote.jar,tomcat-dbcp.jar,tomcat-i18n-*.jar,tomcat-jdbc.jar,tomcat-jni.jar,tomcat-juli-adapters.jar,tomcat-juli.jar,tomcat-util-scan.jar,tomcat-util.jar,tomcat-websocket.jar,tools.jar,websocket-api.jar,wsdl4j*.jar,xercesImpl.jar,xml-apis.jar,xmlParserAPIs-*.jar,xmlParserAPIs.jar,xom-*.jar, connection.username=root, java.vm.specification.name=Java Virtual Machine Specification, java.awt.printerjob=sun.print.PSPrinterJob, sun.os.patch.level=unknown, connection.driver_class=com.mysql.cj.jdbc.Driver, tomcat.built=May 4 2019 09:17:16 UTC, java.library.path=/usr/java/packages/lib:/usr/lib/x86_64-linux-gnu/jni:/lib/x86_64-linux-gnu:/usr/lib/x86_64-linux-gnu:/usr/lib/jni:/lib:/usr/lib, java.vendor=Ubuntu, tomee.version=7.1.1, java.rmi.server.randomIDs=true, sun.io.unicode.encoding=UnicodeLittle, tomcat.util.buf.StringCache.byte.enabled=true, sun.desktop=gnome, java.class.path=/home/student/tomcat/bin/bootstrap.jar:/home/student/tomcat/bin/tomcat-juli.jar, tomcat.version=8.5.41.0, java.vm.vendor=Ubuntu, openejb.home=/home/student/tomcat, openejb.system.apps=true, user.timezone=America/Chicago, os.name=Linux, java.vm.specification.version=11, sun.java.launcher=SUN_STANDARD, user.country=US, openejb.base=/home/student/.IntelliJIdea2019.3/system/tomcat/Unnamed_indieproject_2, com.sun.management.jmxremote=, sun.cpu.endian=little, user.home=/home/student, hibernate.c3p0.max_statements=50, user.language=en, openejb.deployments.classpath=false, java.awt.graphicsenv=sun.awt.X11GraphicsEnvironment, package.access=sun.,org.apache.catalina.,org.apache.coyote.,org.apache.jasper.,org.apache.tomcat., openejb.loader=tomcat-system, server.loader=, com.sun.management.jmxremote.access.file=/home/student/.IntelliJIdea2019.3/system/tomcat/Unnamed_indieproject_2/jmxremote.access, hibernate.c3p0.max_size=20, java.naming.factory.initial=org.apache.naming.java.javaURLContextFactory, path.separator=:, org.apache.openejb.core.security.JaccProvider=org.apache.openejb.core.security.jacc.BasicJaccProvider, common.loader="/home/student/tomcat/lib","/home/student/tomcat/lib/*.jar","/home/student/tomcat/lib","/home/student/tomcat/lib/*.jar", hibernate.connection.username=****, os.version=5.3.0-46-generic, openejb.version=7.1.1, org.apache.security.jacc.EJBMethodPermission.methodInterfaces=BusinessLocalHome,BusinessRemoteHome,BusinessRemote,BusinessLocal, java.runtime.name=OpenJDK Runtime Environment, hibernate.connection.url=jdbc:mysql://localhost:3306/indieProject, java.vm.name=OpenJDK 64-Bit Server VM, openejb.scan.webapp.container.includes=.*(geronimo|mp-jwt|failsafe).*, java.vendor.url.bug=https://bugs.launchpad.net/ubuntu/+source/openjdk-lts, tomee.remote.support=true, catalina.home=/home/student/tomcat, user.dir=/home/student/tomcat/bin, bval.in-container=true, os.arch=amd64, openjpa.Log=org.apache.openejb.openjpa.JULOpenJPALogFactory, hibernate.connection.password=****, tomee.serialization.class.blacklist=-, tomee.serialization.class.whitelist=, shared.loader=, catalina.base=/home/student/.IntelliJIdea2019.3/system/tomcat/Unnamed_indieproject_2, hibernate.boot.CfgXmlAccessService.key=org.hibernate.boot.cfgxml.spi.LoadedConfig@197c28f1, noBanner=true, java.util.logging.manager=org.apache.juli.ClassLoaderLogManager, org.apache.webbeans.logger.WebBeansLoggerFacade=org.apache.openejb.cdi.logging.ContainerJULLoggerFactory, java.vm.info=mixed mode, sharing, java.vm.version=11.0.7+10-post-Ubuntu-2ubuntu218.04, hibernate.bytecode.use_reflection_optimizer=false, java.rmi.server.hostname=127.0.0.1, javax.security.jacc.PolicyConfigurationFactory.provider=org.apache.openejb.core.security.JaccProvider$Factory, connection.url=jdbc:mysql://localhost:3306/indieProject, java.class.version=55.0, authconfigprovider.factory=false}
[DEBUG] 2020-04-24 23:43:31.970 [http-nio-8080-exec-2] ClassLoaderAccessImpl - Not known whether passed class name [com.tasktracker.entity.Role] is safe
[DEBUG] 2020-04-24 23:43:31.971 [http-nio-8080-exec-2] ClassLoaderAccessImpl - No temp ClassLoader provided; using live ClassLoader for loading potentially unsafe class : com.tasktracker.entity.Role
[DEBUG] 2020-04-24 23:43:32.124 [http-nio-8080-exec-2] ClassLoaderAccessImpl - Not known whether passed class name [com.tasktracker.entity.User] is safe
[DEBUG] 2020-04-24 23:43:32.125 [http-nio-8080-exec-2] ClassLoaderAccessImpl - No temp ClassLoader provided; using live ClassLoader for loading potentially unsafe class : com.tasktracker.entity.User
[DEBUG] 2020-04-24 23:43:32.133 [http-nio-8080-exec-2] ClassLoaderAccessImpl - Not known whether passed class name [com.tasktracker.entity.Task] is safe
[DEBUG] 2020-04-24 23:43:32.133 [http-nio-8080-exec-2] ClassLoaderAccessImpl - No temp ClassLoader provided; using live ClassLoader for loading potentially unsafe class : com.tasktracker.entity.Task
[DEBUG] 2020-04-24 23:43:32.136 [http-nio-8080-exec-2] ClassLoaderAccessImpl - Not known whether passed class name [com.tasktracker.entity.Event] is safe
[DEBUG] 2020-04-24 23:43:32.136 [http-nio-8080-exec-2] ClassLoaderAccessImpl - No temp ClassLoader provided; using live ClassLoader for loading potentially unsafe class : com.tasktracker.entity.Event
[DEBUG] 2020-04-24 23:43:32.145 [http-nio-8080-exec-2] JaccIntegrator - Skipping JACC integration as it was not enabled
[DEBUG] 2020-04-24 23:43:32.147 [http-nio-8080-exec-2] SessionFactoryImpl - Instantiated session factory
[DEBUG] 2020-04-24 23:43:32.147 [http-nio-8080-exec-2] TypeConfiguration$Scope - Scoping TypeConfiguration [org.hibernate.type.spi.TypeConfiguration@24b2b593] to SessionFactoryImpl [org.hibernate.internal.SessionFactoryImpl@426fa324]
[DEBUG] 2020-04-24 23:43:32.243 [http-nio-8080-exec-2] ClassLoaderAccessImpl - Not known whether passed class name [com.tasktracker.entity.Role] is safe
[DEBUG] 2020-04-24 23:43:32.243 [http-nio-8080-exec-2] ClassLoaderAccessImpl - No temp ClassLoader provided; using live ClassLoader for loading potentially unsafe class : com.tasktracker.entity.Role
[DEBUG] 2020-04-24 23:43:32.300 [http-nio-8080-exec-2] ClassLoaderAccessImpl - Not known whether passed class name [com.tasktracker.entity.Role] is safe
[DEBUG] 2020-04-24 23:43:32.301 [http-nio-8080-exec-2] ClassLoaderAccessImpl - No temp ClassLoader provided; using live ClassLoader for loading potentially unsafe class : com.tasktracker.entity.Role
[DEBUG] 2020-04-24 23:43:32.691 [http-nio-8080-exec-2] ClassLoaderAccessImpl - Not known whether passed class name [com.tasktracker.entity.User] is safe
[DEBUG] 2020-04-24 23:43:32.691 [http-nio-8080-exec-2] ClassLoaderAccessImpl - No temp ClassLoader provided; using live ClassLoader for loading potentially unsafe class : com.tasktracker.entity.User
[DEBUG] 2020-04-24 23:43:32.693 [http-nio-8080-exec-2] ClassLoaderAccessImpl - Not known whether passed class name [com.tasktracker.entity.User] is safe
[DEBUG] 2020-04-24 23:43:32.693 [http-nio-8080-exec-2] ClassLoaderAccessImpl - No temp ClassLoader provided; using live ClassLoader for loading potentially unsafe class : com.tasktracker.entity.User
[DEBUG] 2020-04-24 23:43:32.767 [http-nio-8080-exec-2] ClassLoaderAccessImpl - Not known whether passed class name [com.tasktracker.entity.Task] is safe
[DEBUG] 2020-04-24 23:43:32.768 [http-nio-8080-exec-2] ClassLoaderAccessImpl - No temp ClassLoader provided; using live ClassLoader for loading potentially unsafe class : com.tasktracker.entity.Task
[DEBUG] 2020-04-24 23:43:32.769 [http-nio-8080-exec-2] ClassLoaderAccessImpl - Not known whether passed class name [com.tasktracker.entity.Task] is safe
[DEBUG] 2020-04-24 23:43:32.769 [http-nio-8080-exec-2] ClassLoaderAccessImpl - No temp ClassLoader provided; using live ClassLoader for loading potentially unsafe class : com.tasktracker.entity.Task
[DEBUG] 2020-04-24 23:43:32.826 [http-nio-8080-exec-2] ClassLoaderAccessImpl - Not known whether passed class name [com.tasktracker.entity.Event] is safe
[DEBUG] 2020-04-24 23:43:32.826 [http-nio-8080-exec-2] ClassLoaderAccessImpl - No temp ClassLoader provided; using live ClassLoader for loading potentially unsafe class : com.tasktracker.entity.Event
[DEBUG] 2020-04-24 23:43:32.828 [http-nio-8080-exec-2] ClassLoaderAccessImpl - Not known whether passed class name [com.tasktracker.entity.Event] is safe
[DEBUG] 2020-04-24 23:43:32.828 [http-nio-8080-exec-2] ClassLoaderAccessImpl - No temp ClassLoader provided; using live ClassLoader for loading potentially unsafe class : com.tasktracker.entity.Event
[DEBUG] 2020-04-24 23:43:32.915 [http-nio-8080-exec-2] AbstractCollectionPersister - Static SQL for collection: com.tasktracker.entity.User.tasks
[DEBUG] 2020-04-24 23:43:32.915 [http-nio-8080-exec-2] AbstractCollectionPersister -  Row insert: update TASK set user_id=? where id=?
[DEBUG] 2020-04-24 23:43:32.916 [http-nio-8080-exec-2] AbstractCollectionPersister -  Row update: update TASK set  where id=?
[DEBUG] 2020-04-24 23:43:32.916 [http-nio-8080-exec-2] AbstractCollectionPersister -  Row delete: update TASK set user_id=null where user_id=? and id=?
[DEBUG] 2020-04-24 23:43:32.916 [http-nio-8080-exec-2] AbstractCollectionPersister -  One-shot delete: update TASK set user_id=null where user_id=?
[DEBUG] 2020-04-24 23:43:32.916 [http-nio-8080-exec-2] AbstractCollectionPersister - Static SQL for collection: com.tasktracker.entity.User.events
[DEBUG] 2020-04-24 23:43:32.916 [http-nio-8080-exec-2] AbstractCollectionPersister -  Row insert: update EVENT set user_id=? where id=?
[DEBUG] 2020-04-24 23:43:32.916 [http-nio-8080-exec-2] AbstractCollectionPersister -  Row update: update EVENT set  where id=?
[DEBUG] 2020-04-24 23:43:32.916 [http-nio-8080-exec-2] AbstractCollectionPersister -  Row delete: update EVENT set user_id=null where user_id=? and id=?
[DEBUG] 2020-04-24 23:43:32.916 [http-nio-8080-exec-2] AbstractCollectionPersister -  One-shot delete: update EVENT set user_id=null where user_id=?
[DEBUG] 2020-04-24 23:43:32.916 [http-nio-8080-exec-2] AbstractCollectionPersister - Static SQL for collection: com.tasktracker.entity.User.roles
[DEBUG] 2020-04-24 23:43:32.916 [http-nio-8080-exec-2] AbstractCollectionPersister -  Row insert: update USER_ROLES set user_id=? where id=?
[DEBUG] 2020-04-24 23:43:32.916 [http-nio-8080-exec-2] AbstractCollectionPersister -  Row update: update USER_ROLES set  where id=?
[DEBUG] 2020-04-24 23:43:32.916 [http-nio-8080-exec-2] AbstractCollectionPersister -  Row delete: update USER_ROLES set user_id=null where user_id=? and id=?
[DEBUG] 2020-04-24 23:43:32.916 [http-nio-8080-exec-2] AbstractCollectionPersister -  One-shot delete: update USER_ROLES set user_id=null where user_id=?
[DEBUG] 2020-04-24 23:43:32.920 [http-nio-8080-exec-2] AbstractEntityPersister - Static SQL for entity: com.tasktracker.entity.Role
[DEBUG] 2020-04-24 23:43:32.920 [http-nio-8080-exec-2] AbstractEntityPersister -  Version select: select id from USER_ROLES where id =?
[DEBUG] 2020-04-24 23:43:32.920 [http-nio-8080-exec-2] AbstractEntityPersister -  Snapshot select: select role_.id, role_.role_name as role_nam2_2_, role_.user_id as user_id4_2_, role_.user_name as user_nam3_2_ from USER_ROLES role_ where role_.id=?
[DEBUG] 2020-04-24 23:43:32.920 [http-nio-8080-exec-2] AbstractEntityPersister -  Insert 0: insert into USER_ROLES (role_name, user_id, user_name, id) values (?, ?, ?, ?)
[DEBUG] 2020-04-24 23:43:32.920 [http-nio-8080-exec-2] AbstractEntityPersister -  Update 0: update USER_ROLES set role_name=?, user_id=?, user_name=? where id=?
[DEBUG] 2020-04-24 23:43:32.920 [http-nio-8080-exec-2] AbstractEntityPersister -  Delete 0: delete from USER_ROLES where id=?
[DEBUG] 2020-04-24 23:43:32.920 [http-nio-8080-exec-2] AbstractEntityPersister -  Identity insert: insert into USER_ROLES (role_name, user_id, user_name) values (?, ?, ?)
[DEBUG] 2020-04-24 23:43:32.963 [http-nio-8080-exec-2] QuerySpacesImpl - Adding QuerySpace : uid = <gen:0> -> org.hibernate.loader.plan.build.internal.spaces.EntityQuerySpaceImpl@144d9cb6]
[DEBUG] 2020-04-24 23:43:32.964 [http-nio-8080-exec-2] MetamodelGraphWalker - Visiting attribute path : roleName
[DEBUG] 2020-04-24 23:43:32.965 [http-nio-8080-exec-2] MetamodelGraphWalker - Visiting attribute path : user
[DEBUG] 2020-04-24 23:43:32.978 [http-nio-8080-exec-2] QuerySpacesImpl - Adding QuerySpace : uid = <gen:1> -> org.hibernate.loader.plan.build.internal.spaces.EntityQuerySpaceImpl@fb3c28f]
[DEBUG] 2020-04-24 23:43:32.984 [http-nio-8080-exec-2] MetamodelGraphWalker - Visiting attribute path : user.autoFwdIncompleteTasks
[DEBUG] 2020-04-24 23:43:32.984 [http-nio-8080-exec-2] MetamodelGraphWalker - Visiting attribute path : user.events
[DEBUG] 2020-04-24 23:43:32.987 [http-nio-8080-exec-2] QuerySpacesImpl - Adding QuerySpace : uid = <gen:2> -> org.hibernate.loader.plan.build.internal.spaces.CollectionQuerySpaceImpl@37a65354]
[DEBUG] 2020-04-24 23:43:32.995 [http-nio-8080-exec-2] QuerySpacesImpl - Adding QuerySpace : uid = <gen:3> -> org.hibernate.loader.plan.build.internal.spaces.EntityQuerySpaceImpl@748dcf31]
[DEBUG] 2020-04-24 23:43:32.997 [http-nio-8080-exec-2] MetamodelGraphWalker - Visiting attribute path : user.events.date
[DEBUG] 2020-04-24 23:43:32.997 [http-nio-8080-exec-2] MetamodelGraphWalker - Visiting attribute path : user.events.endTime
[DEBUG] 2020-04-24 23:43:32.997 [http-nio-8080-exec-2] MetamodelGraphWalker - Visiting attribute path : user.events.name
[DEBUG] 2020-04-24 23:43:32.997 [http-nio-8080-exec-2] MetamodelGraphWalker - Visiting attribute path : user.events.notes
[DEBUG] 2020-04-24 23:43:32.997 [http-nio-8080-exec-2] MetamodelGraphWalker - Visiting attribute path : user.events.startTime
[DEBUG] 2020-04-24 23:43:32.997 [http-nio-8080-exec-2] MetamodelGraphWalker - Visiting attribute path : user.events.user
[DEBUG] 2020-04-24 23:43:32.997 [http-nio-8080-exec-2] MetamodelGraphWalker - Property path deemed to be circular : user.events.user
[DEBUG] 2020-04-24 23:43:32.999 [http-nio-8080-exec-2] MetamodelGraphWalker - Visiting attribute path : user.roles
[DEBUG] 2020-04-24 23:43:33.000 [http-nio-8080-exec-2] MetamodelGraphWalker - Property path deemed to be circular : user.roles
[DEBUG] 2020-04-24 23:43:33.000 [http-nio-8080-exec-2] MetamodelGraphWalker - Visiting attribute path : user.tasks
[DEBUG] 2020-04-24 23:43:33.000 [http-nio-8080-exec-2] QuerySpacesImpl - Adding QuerySpace : uid = <gen:4> -> org.hibernate.loader.plan.build.internal.spaces.CollectionQuerySpaceImpl@5486fb2f]
[DEBUG] 2020-04-24 23:43:33.000 [http-nio-8080-exec-2] QuerySpacesImpl - Adding QuerySpace : uid = <gen:5> -> org.hibernate.loader.plan.build.internal.spaces.EntityQuerySpaceImpl@24a326cd]
[DEBUG] 2020-04-24 23:43:33.000 [http-nio-8080-exec-2] MetamodelGraphWalker - Visiting attribute path : user.tasks.date
[DEBUG] 2020-04-24 23:43:33.000 [http-nio-8080-exec-2] MetamodelGraphWalker - Visiting attribute path : user.tasks.frequency
[DEBUG] 2020-04-24 23:43:33.002 [http-nio-8080-exec-2] MetamodelGraphWalker - Visiting attribute path : user.tasks.lastDateCompleted
[DEBUG] 2020-04-24 23:43:33.002 [http-nio-8080-exec-2] MetamodelGraphWalker - Visiting attribute path : user.tasks.name
[DEBUG] 2020-04-24 23:43:33.002 [http-nio-8080-exec-2] MetamodelGraphWalker - Visiting attribute path : user.tasks.notes
[DEBUG] 2020-04-24 23:43:33.002 [http-nio-8080-exec-2] MetamodelGraphWalker - Visiting attribute path : user.tasks.user
[DEBUG] 2020-04-24 23:43:33.002 [http-nio-8080-exec-2] MetamodelGraphWalker - Property path deemed to be circular : user.tasks.user
[DEBUG] 2020-04-24 23:43:33.002 [http-nio-8080-exec-2] MetamodelGraphWalker - Visiting attribute path : user.userName
[DEBUG] 2020-04-24 23:43:33.002 [http-nio-8080-exec-2] MetamodelGraphWalker - Visiting attribute path : user.userPassword
[DEBUG] 2020-04-24 23:43:33.002 [http-nio-8080-exec-2] MetamodelGraphWalker - Visiting attribute path : userName
[DEBUG] 2020-04-24 23:43:33.005 [http-nio-8080-exec-2] FetchStyleLoadPlanBuildingAssociationVisitationStrategy - Building LoadPlan...
[DEBUG] 2020-04-24 23:43:33.047 [http-nio-8080-exec-2] LoadQueryJoinAndFetchProcessor - processing queryspace <gen:0>
[DEBUG] 2020-04-24 23:43:33.060 [http-nio-8080-exec-2] SessionFactoryImpl - HHH000031: Closing
[DEBUG] 2020-04-24 23:43:33.089 [http-nio-8080-exec-2] SessionFactoryRegistry - Initializing SessionFactoryRegistry : org.hibernate.internal.SessionFactoryRegistry@76e7cf89
[DEBUG] 2020-04-24 23:43:33.098 [http-nio-8080-exec-2] TypeConfiguration$Scope - Un-scoping TypeConfiguration [org.hibernate.type.spi.TypeConfiguration$Scope@1da23340] from SessionFactory [org.hibernate.internal.SessionFactoryImpl@426fa324]
[DEBUG] 2020-04-24 23:43:33.099 [http-nio-8080-exec-2] AbstractServiceRegistryImpl - Implicitly destroying ServiceRegistry on de-registration of all child ServiceRegistries
[DEBUG] 2020-04-24 23:43:33.100 [http-nio-8080-exec-2] BootstrapServiceRegistryImpl - Implicitly destroying Boot-strap registry on de-registration of all child ServiceRegistries
