[DEBUG] 2020-03-16 21:23:28.548 [http-nio-8080-exec-5] IntegratorServiceImpl - Adding Integrator [org.hibernate.cfg.beanvalidation.BeanValidationIntegrator].
[DEBUG] 2020-03-16 21:23:28.605 [http-nio-8080-exec-5] IntegratorServiceImpl - Adding Integrator [org.hibernate.secure.spi.JaccIntegrator].
[DEBUG] 2020-03-16 21:23:28.638 [http-nio-8080-exec-5] IntegratorServiceImpl - Adding Integrator [org.hibernate.cache.internal.CollectionCacheInvalidator].
[INFO ] 2020-03-16 21:23:28.821 [http-nio-8080-exec-5] Version - HHH000412: Hibernate Core {5.4.4.Final}
[DEBUG] 2020-03-16 21:23:28.826 [http-nio-8080-exec-5] Environment - HHH000206: hibernate.properties not found
[DEBUG] 2020-03-16 21:23:29.299 [http-nio-8080-exec-5] JaxbCfgProcessor - cfg.xml document did not define namespaces; wrapping in custom event reader to introduce namespace information
[DEBUG] 2020-03-16 21:23:30.493 [http-nio-8080-exec-5] ServiceBinding - Overriding existing service binding [org.hibernate.secure.spi.JaccService]
[DEBUG] 2020-03-16 21:23:30.553 [http-nio-8080-exec-5] RegionFactoryInitiator - Cannot default RegionFactory based on registered strategies as `[]` RegionFactory strategies were registered
[DEBUG] 2020-03-16 21:23:30.556 [http-nio-8080-exec-5] RegionFactoryInitiator - Cache region factory : org.hibernate.cache.internal.NoCachingRegionFactory
[INFO ] 2020-03-16 21:23:30.606 [http-nio-8080-exec-5] Version - HCANN000001: Hibernate Commons Annotations {5.1.0.Final}
[DEBUG] 2020-03-16 21:23:30.707 [http-nio-8080-exec-5] BasicTypeRegistry - Adding type registration boolean -> org.hibernate.type.BooleanType@4df4ea9c
[DEBUG] 2020-03-16 21:23:30.707 [http-nio-8080-exec-5] BasicTypeRegistry - Adding type registration boolean -> org.hibernate.type.BooleanType@4df4ea9c
[DEBUG] 2020-03-16 21:23:30.708 [http-nio-8080-exec-5] BasicTypeRegistry - Adding type registration java.lang.Boolean -> org.hibernate.type.BooleanType@4df4ea9c
[DEBUG] 2020-03-16 21:23:30.709 [http-nio-8080-exec-5] BasicTypeRegistry - Adding type registration numeric_boolean -> org.hibernate.type.NumericBooleanType@64d3668a
[DEBUG] 2020-03-16 21:23:30.710 [http-nio-8080-exec-5] BasicTypeRegistry - Adding type registration true_false -> org.hibernate.type.TrueFalseType@2af2218c
[DEBUG] 2020-03-16 21:23:30.712 [http-nio-8080-exec-5] BasicTypeRegistry - Adding type registration yes_no -> org.hibernate.type.YesNoType@61510e71
[DEBUG] 2020-03-16 21:23:30.713 [http-nio-8080-exec-5] BasicTypeRegistry - Adding type registration byte -> org.hibernate.type.ByteType@464e1a2a
[DEBUG] 2020-03-16 21:23:30.713 [http-nio-8080-exec-5] BasicTypeRegistry - Adding type registration byte -> org.hibernate.type.ByteType@464e1a2a
[DEBUG] 2020-03-16 21:23:30.713 [http-nio-8080-exec-5] BasicTypeRegistry - Adding type registration java.lang.Byte -> org.hibernate.type.ByteType@464e1a2a
[DEBUG] 2020-03-16 21:23:30.714 [http-nio-8080-exec-5] BasicTypeRegistry - Adding type registration character -> org.hibernate.type.CharacterType@7cceaf3d
[DEBUG] 2020-03-16 21:23:30.714 [http-nio-8080-exec-5] BasicTypeRegistry - Adding type registration char -> org.hibernate.type.CharacterType@7cceaf3d
[DEBUG] 2020-03-16 21:23:30.714 [http-nio-8080-exec-5] BasicTypeRegistry - Adding type registration java.lang.Character -> org.hibernate.type.CharacterType@7cceaf3d
[DEBUG] 2020-03-16 21:23:30.717 [http-nio-8080-exec-5] BasicTypeRegistry - Adding type registration short -> org.hibernate.type.ShortType@13c1aba5
[DEBUG] 2020-03-16 21:23:30.717 [http-nio-8080-exec-5] BasicTypeRegistry - Adding type registration short -> org.hibernate.type.ShortType@13c1aba5
[DEBUG] 2020-03-16 21:23:30.720 [http-nio-8080-exec-5] BasicTypeRegistry - Adding type registration java.lang.Short -> org.hibernate.type.ShortType@13c1aba5
[DEBUG] 2020-03-16 21:23:30.724 [http-nio-8080-exec-5] BasicTypeRegistry - Adding type registration integer -> org.hibernate.type.IntegerType@3c38a584
[DEBUG] 2020-03-16 21:23:30.724 [http-nio-8080-exec-5] BasicTypeRegistry - Adding type registration int -> org.hibernate.type.IntegerType@3c38a584
[DEBUG] 2020-03-16 21:23:30.724 [http-nio-8080-exec-5] BasicTypeRegistry - Adding type registration java.lang.Integer -> org.hibernate.type.IntegerType@3c38a584
[DEBUG] 2020-03-16 21:23:30.725 [http-nio-8080-exec-5] BasicTypeRegistry - Adding type registration long -> org.hibernate.type.LongType@119d0027
[DEBUG] 2020-03-16 21:23:30.725 [http-nio-8080-exec-5] BasicTypeRegistry - Adding type registration long -> org.hibernate.type.LongType@119d0027
[DEBUG] 2020-03-16 21:23:30.725 [http-nio-8080-exec-5] BasicTypeRegistry - Adding type registration java.lang.Long -> org.hibernate.type.LongType@119d0027
[DEBUG] 2020-03-16 21:23:30.726 [http-nio-8080-exec-5] BasicTypeRegistry - Adding type registration float -> org.hibernate.type.FloatType@749394df
[DEBUG] 2020-03-16 21:23:30.726 [http-nio-8080-exec-5] BasicTypeRegistry - Adding type registration float -> org.hibernate.type.FloatType@749394df
[DEBUG] 2020-03-16 21:23:30.726 [http-nio-8080-exec-5] BasicTypeRegistry - Adding type registration java.lang.Float -> org.hibernate.type.FloatType@749394df
[DEBUG] 2020-03-16 21:23:30.728 [http-nio-8080-exec-5] BasicTypeRegistry - Adding type registration double -> org.hibernate.type.DoubleType@279225e2
[DEBUG] 2020-03-16 21:23:30.728 [http-nio-8080-exec-5] BasicTypeRegistry - Adding type registration double -> org.hibernate.type.DoubleType@279225e2
[DEBUG] 2020-03-16 21:23:30.729 [http-nio-8080-exec-5] BasicTypeRegistry - Adding type registration java.lang.Double -> org.hibernate.type.DoubleType@279225e2
[DEBUG] 2020-03-16 21:23:30.731 [http-nio-8080-exec-5] BasicTypeRegistry - Adding type registration big_decimal -> org.hibernate.type.BigDecimalType@4476d9ac
[DEBUG] 2020-03-16 21:23:30.731 [http-nio-8080-exec-5] BasicTypeRegistry - Adding type registration java.math.BigDecimal -> org.hibernate.type.BigDecimalType@4476d9ac
[DEBUG] 2020-03-16 21:23:30.732 [http-nio-8080-exec-5] BasicTypeRegistry - Adding type registration big_integer -> org.hibernate.type.BigIntegerType@49ceaaf9
[DEBUG] 2020-03-16 21:23:30.732 [http-nio-8080-exec-5] BasicTypeRegistry - Adding type registration java.math.BigInteger -> org.hibernate.type.BigIntegerType@49ceaaf9
[DEBUG] 2020-03-16 21:23:30.736 [http-nio-8080-exec-5] BasicTypeRegistry - Adding type registration string -> org.hibernate.type.StringType@477ba7c3
[DEBUG] 2020-03-16 21:23:30.736 [http-nio-8080-exec-5] BasicTypeRegistry - Adding type registration java.lang.String -> org.hibernate.type.StringType@477ba7c3
[DEBUG] 2020-03-16 21:23:30.737 [http-nio-8080-exec-5] BasicTypeRegistry - Adding type registration nstring -> org.hibernate.type.StringNVarcharType@595e270f
[DEBUG] 2020-03-16 21:23:30.738 [http-nio-8080-exec-5] BasicTypeRegistry - Adding type registration ncharacter -> org.hibernate.type.CharacterNCharType@77ca60d6
[DEBUG] 2020-03-16 21:23:30.739 [http-nio-8080-exec-5] BasicTypeRegistry - Adding type registration url -> org.hibernate.type.UrlType@1f6b3d51
[DEBUG] 2020-03-16 21:23:30.739 [http-nio-8080-exec-5] BasicTypeRegistry - Adding type registration java.net.URL -> org.hibernate.type.UrlType@1f6b3d51
[DEBUG] 2020-03-16 21:23:30.740 [http-nio-8080-exec-5] BasicTypeRegistry - Adding type registration Duration -> org.hibernate.type.DurationType@19a92ef4
[DEBUG] 2020-03-16 21:23:30.740 [http-nio-8080-exec-5] BasicTypeRegistry - Adding type registration java.time.Duration -> org.hibernate.type.DurationType@19a92ef4
[DEBUG] 2020-03-16 21:23:30.784 [http-nio-8080-exec-5] BasicTypeRegistry - Adding type registration Instant -> org.hibernate.type.InstantType@645d1b25
[DEBUG] 2020-03-16 21:23:30.784 [http-nio-8080-exec-5] BasicTypeRegistry - Adding type registration java.time.Instant -> org.hibernate.type.InstantType@645d1b25
[DEBUG] 2020-03-16 21:23:30.791 [http-nio-8080-exec-5] BasicTypeRegistry - Adding type registration LocalDateTime -> org.hibernate.type.LocalDateTimeType@1dd39aa
[DEBUG] 2020-03-16 21:23:30.792 [http-nio-8080-exec-5] BasicTypeRegistry - Adding type registration java.time.LocalDateTime -> org.hibernate.type.LocalDateTimeType@1dd39aa
[DEBUG] 2020-03-16 21:23:30.794 [http-nio-8080-exec-5] BasicTypeRegistry - Adding type registration LocalDate -> org.hibernate.type.LocalDateType@51bb237b
[DEBUG] 2020-03-16 21:23:30.794 [http-nio-8080-exec-5] BasicTypeRegistry - Adding type registration java.time.LocalDate -> org.hibernate.type.LocalDateType@51bb237b
[DEBUG] 2020-03-16 21:23:30.798 [http-nio-8080-exec-5] BasicTypeRegistry - Adding type registration LocalTime -> org.hibernate.type.LocalTimeType@14cfa7c2
[DEBUG] 2020-03-16 21:23:30.799 [http-nio-8080-exec-5] BasicTypeRegistry - Adding type registration java.time.LocalTime -> org.hibernate.type.LocalTimeType@14cfa7c2
[DEBUG] 2020-03-16 21:23:30.802 [http-nio-8080-exec-5] BasicTypeRegistry - Adding type registration OffsetDateTime -> org.hibernate.type.OffsetDateTimeType@391c7205
[DEBUG] 2020-03-16 21:23:30.802 [http-nio-8080-exec-5] BasicTypeRegistry - Adding type registration java.time.OffsetDateTime -> org.hibernate.type.OffsetDateTimeType@391c7205
[DEBUG] 2020-03-16 21:23:30.805 [http-nio-8080-exec-5] BasicTypeRegistry - Adding type registration OffsetTime -> org.hibernate.type.OffsetTimeType@683b35ea
[DEBUG] 2020-03-16 21:23:30.805 [http-nio-8080-exec-5] BasicTypeRegistry - Adding type registration java.time.OffsetTime -> org.hibernate.type.OffsetTimeType@683b35ea
[DEBUG] 2020-03-16 21:23:30.824 [http-nio-8080-exec-5] BasicTypeRegistry - Adding type registration ZonedDateTime -> org.hibernate.type.ZonedDateTimeType@575e3a77
[DEBUG] 2020-03-16 21:23:30.825 [http-nio-8080-exec-5] BasicTypeRegistry - Adding type registration java.time.ZonedDateTime -> org.hibernate.type.ZonedDateTimeType@575e3a77
[DEBUG] 2020-03-16 21:23:30.827 [http-nio-8080-exec-5] BasicTypeRegistry - Adding type registration date -> org.hibernate.type.DateType@2e0154a6
[DEBUG] 2020-03-16 21:23:30.827 [http-nio-8080-exec-5] BasicTypeRegistry - Adding type registration java.sql.Date -> org.hibernate.type.DateType@2e0154a6
[DEBUG] 2020-03-16 21:23:30.842 [http-nio-8080-exec-5] BasicTypeRegistry - Adding type registration time -> org.hibernate.type.TimeType@72b04cde
[DEBUG] 2020-03-16 21:23:30.843 [http-nio-8080-exec-5] BasicTypeRegistry - Adding type registration java.sql.Time -> org.hibernate.type.TimeType@72b04cde
[DEBUG] 2020-03-16 21:23:30.844 [http-nio-8080-exec-5] BasicTypeRegistry - Adding type registration timestamp -> org.hibernate.type.TimestampType@754d5f2a
[DEBUG] 2020-03-16 21:23:30.844 [http-nio-8080-exec-5] BasicTypeRegistry - Adding type registration java.sql.Timestamp -> org.hibernate.type.TimestampType@754d5f2a
[DEBUG] 2020-03-16 21:23:30.844 [http-nio-8080-exec-5] BasicTypeRegistry - Adding type registration java.util.Date -> org.hibernate.type.TimestampType@754d5f2a
[DEBUG] 2020-03-16 21:23:30.846 [http-nio-8080-exec-5] BasicTypeRegistry - Adding type registration dbtimestamp -> org.hibernate.type.DbTimestampType@5860d066
[DEBUG] 2020-03-16 21:23:30.847 [http-nio-8080-exec-5] BasicTypeRegistry - Adding type registration calendar -> org.hibernate.type.CalendarType@6d1a746
[DEBUG] 2020-03-16 21:23:30.847 [http-nio-8080-exec-5] BasicTypeRegistry - Adding type registration java.util.Calendar -> org.hibernate.type.CalendarType@6d1a746
[DEBUG] 2020-03-16 21:23:30.847 [http-nio-8080-exec-5] BasicTypeRegistry - Adding type registration java.util.GregorianCalendar -> org.hibernate.type.CalendarType@6d1a746
[DEBUG] 2020-03-16 21:23:30.848 [http-nio-8080-exec-5] BasicTypeRegistry - Adding type registration calendar_date -> org.hibernate.type.CalendarDateType@774c5a61
[DEBUG] 2020-03-16 21:23:30.849 [http-nio-8080-exec-5] BasicTypeRegistry - Adding type registration locale -> org.hibernate.type.LocaleType@6730bcdb
[DEBUG] 2020-03-16 21:23:30.850 [http-nio-8080-exec-5] BasicTypeRegistry - Adding type registration java.util.Locale -> org.hibernate.type.LocaleType@6730bcdb
[DEBUG] 2020-03-16 21:23:30.871 [http-nio-8080-exec-5] BasicTypeRegistry - Adding type registration currency -> org.hibernate.type.CurrencyType@721f511a
[DEBUG] 2020-03-16 21:23:30.871 [http-nio-8080-exec-5] BasicTypeRegistry - Adding type registration java.util.Currency -> org.hibernate.type.CurrencyType@721f511a
[DEBUG] 2020-03-16 21:23:30.873 [http-nio-8080-exec-5] BasicTypeRegistry - Adding type registration timezone -> org.hibernate.type.TimeZoneType@54f757f2
[DEBUG] 2020-03-16 21:23:30.876 [http-nio-8080-exec-5] BasicTypeRegistry - Adding type registration java.util.TimeZone -> org.hibernate.type.TimeZoneType@54f757f2
[DEBUG] 2020-03-16 21:23:30.878 [http-nio-8080-exec-5] BasicTypeRegistry - Adding type registration class -> org.hibernate.type.ClassType@278fa31f
[DEBUG] 2020-03-16 21:23:30.878 [http-nio-8080-exec-5] BasicTypeRegistry - Adding type registration java.lang.Class -> org.hibernate.type.ClassType@278fa31f
[DEBUG] 2020-03-16 21:23:30.879 [http-nio-8080-exec-5] BasicTypeRegistry - Adding type registration uuid-binary -> org.hibernate.type.UUIDBinaryType@70c79601
[DEBUG] 2020-03-16 21:23:30.879 [http-nio-8080-exec-5] BasicTypeRegistry - Adding type registration java.util.UUID -> org.hibernate.type.UUIDBinaryType@70c79601
[DEBUG] 2020-03-16 21:23:30.880 [http-nio-8080-exec-5] BasicTypeRegistry - Adding type registration uuid-char -> org.hibernate.type.UUIDCharType@f7eae83
[DEBUG] 2020-03-16 21:23:30.887 [http-nio-8080-exec-5] BasicTypeRegistry - Adding type registration binary -> org.hibernate.type.BinaryType@4784b179
[DEBUG] 2020-03-16 21:23:30.887 [http-nio-8080-exec-5] BasicTypeRegistry - Adding type registration byte[] -> org.hibernate.type.BinaryType@4784b179
[DEBUG] 2020-03-16 21:23:30.887 [http-nio-8080-exec-5] BasicTypeRegistry - Adding type registration [B -> org.hibernate.type.BinaryType@4784b179
[DEBUG] 2020-03-16 21:23:30.889 [http-nio-8080-exec-5] BasicTypeRegistry - Adding type registration wrapper-binary -> org.hibernate.type.WrapperBinaryType@46066d6e
[DEBUG] 2020-03-16 21:23:30.889 [http-nio-8080-exec-5] BasicTypeRegistry - Adding type registration Byte[] -> org.hibernate.type.WrapperBinaryType@46066d6e
[DEBUG] 2020-03-16 21:23:30.889 [http-nio-8080-exec-5] BasicTypeRegistry - Adding type registration [Ljava.lang.Byte; -> org.hibernate.type.WrapperBinaryType@46066d6e
[DEBUG] 2020-03-16 21:23:30.890 [http-nio-8080-exec-5] BasicTypeRegistry - Adding type registration row_version -> org.hibernate.type.RowVersionType@4d8b3069
[DEBUG] 2020-03-16 21:23:30.891 [http-nio-8080-exec-5] BasicTypeRegistry - Adding type registration image -> org.hibernate.type.ImageType@4cbf1c28
[DEBUG] 2020-03-16 21:23:30.892 [http-nio-8080-exec-5] BasicTypeRegistry - Adding type registration characters -> org.hibernate.type.CharArrayType@60449c2d
[DEBUG] 2020-03-16 21:23:30.893 [http-nio-8080-exec-5] BasicTypeRegistry - Adding type registration char[] -> org.hibernate.type.CharArrayType@60449c2d
[DEBUG] 2020-03-16 21:23:30.893 [http-nio-8080-exec-5] BasicTypeRegistry - Adding type registration [C -> org.hibernate.type.CharArrayType@60449c2d
[DEBUG] 2020-03-16 21:23:30.894 [http-nio-8080-exec-5] BasicTypeRegistry - Adding type registration wrapper-characters -> org.hibernate.type.CharacterArrayType@36593ab2
[DEBUG] 2020-03-16 21:23:30.895 [http-nio-8080-exec-5] BasicTypeRegistry - Adding type registration [Ljava.lang.Character; -> org.hibernate.type.CharacterArrayType@36593ab2
[DEBUG] 2020-03-16 21:23:30.895 [http-nio-8080-exec-5] BasicTypeRegistry - Adding type registration Character[] -> org.hibernate.type.CharacterArrayType@36593ab2
[DEBUG] 2020-03-16 21:23:30.895 [http-nio-8080-exec-5] BasicTypeRegistry - Adding type registration text -> org.hibernate.type.TextType@213f60f2
[DEBUG] 2020-03-16 21:23:30.896 [http-nio-8080-exec-5] BasicTypeRegistry - Adding type registration ntext -> org.hibernate.type.NTextType@68d067a4
[DEBUG] 2020-03-16 21:23:30.898 [http-nio-8080-exec-5] BasicTypeRegistry - Adding type registration blob -> org.hibernate.type.BlobType@15d14748
[DEBUG] 2020-03-16 21:23:30.898 [http-nio-8080-exec-5] BasicTypeRegistry - Adding type registration java.sql.Blob -> org.hibernate.type.BlobType@15d14748
[DEBUG] 2020-03-16 21:23:30.899 [http-nio-8080-exec-5] BasicTypeRegistry - Adding type registration materialized_blob -> org.hibernate.type.MaterializedBlobType@3231af65
[DEBUG] 2020-03-16 21:23:30.904 [http-nio-8080-exec-5] BasicTypeRegistry - Adding type registration clob -> org.hibernate.type.ClobType@5e43d442
[DEBUG] 2020-03-16 21:23:30.904 [http-nio-8080-exec-5] BasicTypeRegistry - Adding type registration java.sql.Clob -> org.hibernate.type.ClobType@5e43d442
[DEBUG] 2020-03-16 21:23:30.908 [http-nio-8080-exec-5] BasicTypeRegistry - Adding type registration nclob -> org.hibernate.type.NClobType@47102f5d
[DEBUG] 2020-03-16 21:23:30.908 [http-nio-8080-exec-5] BasicTypeRegistry - Adding type registration java.sql.NClob -> org.hibernate.type.NClobType@47102f5d
[DEBUG] 2020-03-16 21:23:30.909 [http-nio-8080-exec-5] BasicTypeRegistry - Adding type registration materialized_clob -> org.hibernate.type.MaterializedClobType@335b2e60
[DEBUG] 2020-03-16 21:23:30.909 [http-nio-8080-exec-5] BasicTypeRegistry - Adding type registration materialized_nclob -> org.hibernate.type.MaterializedNClobType@2957d0f0
[DEBUG] 2020-03-16 21:23:30.911 [http-nio-8080-exec-5] BasicTypeRegistry - Adding type registration serializable -> org.hibernate.type.SerializableType@54435705
[DEBUG] 2020-03-16 21:23:30.915 [http-nio-8080-exec-5] BasicTypeRegistry - Adding type registration object -> org.hibernate.type.ObjectType@236dd0a9
[DEBUG] 2020-03-16 21:23:30.917 [http-nio-8080-exec-5] BasicTypeRegistry - Adding type registration java.lang.Object -> org.hibernate.type.ObjectType@236dd0a9
[DEBUG] 2020-03-16 21:23:30.918 [http-nio-8080-exec-5] BasicTypeRegistry - Adding type registration imm_date -> org.hibernate.type.AdaptedImmutableType@6a8ba46c
[DEBUG] 2020-03-16 21:23:30.918 [http-nio-8080-exec-5] BasicTypeRegistry - Adding type registration imm_time -> org.hibernate.type.AdaptedImmutableType@472b5701
[DEBUG] 2020-03-16 21:23:30.918 [http-nio-8080-exec-5] BasicTypeRegistry - Adding type registration imm_timestamp -> org.hibernate.type.AdaptedImmutableType@75940cf9
[DEBUG] 2020-03-16 21:23:30.918 [http-nio-8080-exec-5] BasicTypeRegistry - Adding type registration imm_dbtimestamp -> org.hibernate.type.AdaptedImmutableType@24eeb973
[DEBUG] 2020-03-16 21:23:30.918 [http-nio-8080-exec-5] BasicTypeRegistry - Adding type registration imm_calendar -> org.hibernate.type.AdaptedImmutableType@13f1d146
[DEBUG] 2020-03-16 21:23:30.918 [http-nio-8080-exec-5] BasicTypeRegistry - Adding type registration imm_calendar_date -> org.hibernate.type.AdaptedImmutableType@e7f0f66
[DEBUG] 2020-03-16 21:23:30.922 [http-nio-8080-exec-5] BasicTypeRegistry - Adding type registration imm_binary -> org.hibernate.type.AdaptedImmutableType@5b592994
[DEBUG] 2020-03-16 21:23:30.922 [http-nio-8080-exec-5] BasicTypeRegistry - Adding type registration imm_serializable -> org.hibernate.type.AdaptedImmutableType@a2d26ad
[DEBUG] 2020-03-16 21:23:30.981 [http-nio-8080-exec-5] DefaultIdentifierGeneratorFactory - Registering IdentifierGenerator strategy [uuid2] -> [org.hibernate.id.UUIDGenerator]
[DEBUG] 2020-03-16 21:23:30.982 [http-nio-8080-exec-5] DefaultIdentifierGeneratorFactory - Registering IdentifierGenerator strategy [guid] -> [org.hibernate.id.GUIDGenerator]
[DEBUG] 2020-03-16 21:23:30.985 [http-nio-8080-exec-5] DefaultIdentifierGeneratorFactory - Registering IdentifierGenerator strategy [uuid] -> [org.hibernate.id.UUIDHexGenerator]
[DEBUG] 2020-03-16 21:23:30.986 [http-nio-8080-exec-5] DefaultIdentifierGeneratorFactory - Registering IdentifierGenerator strategy [uuid.hex] -> [org.hibernate.id.UUIDHexGenerator]
[DEBUG] 2020-03-16 21:23:30.989 [http-nio-8080-exec-5] DefaultIdentifierGeneratorFactory - Registering IdentifierGenerator strategy [assigned] -> [org.hibernate.id.Assigned]
[DEBUG] 2020-03-16 21:23:30.991 [http-nio-8080-exec-5] DefaultIdentifierGeneratorFactory - Registering IdentifierGenerator strategy [identity] -> [org.hibernate.id.IdentityGenerator]
[DEBUG] 2020-03-16 21:23:30.993 [http-nio-8080-exec-5] DefaultIdentifierGeneratorFactory - Registering IdentifierGenerator strategy [select] -> [org.hibernate.id.SelectGenerator]
[DEBUG] 2020-03-16 21:23:30.995 [http-nio-8080-exec-5] DefaultIdentifierGeneratorFactory - Registering IdentifierGenerator strategy [sequence] -> [org.hibernate.id.enhanced.SequenceStyleGenerator]
[DEBUG] 2020-03-16 21:23:30.996 [http-nio-8080-exec-5] DefaultIdentifierGeneratorFactory - Registering IdentifierGenerator strategy [seqhilo] -> [org.hibernate.id.SequenceHiLoGenerator]
[DEBUG] 2020-03-16 21:23:30.998 [http-nio-8080-exec-5] DefaultIdentifierGeneratorFactory - Registering IdentifierGenerator strategy [increment] -> [org.hibernate.id.IncrementGenerator]
[DEBUG] 2020-03-16 21:23:30.999 [http-nio-8080-exec-5] DefaultIdentifierGeneratorFactory - Registering IdentifierGenerator strategy [foreign] -> [org.hibernate.id.ForeignGenerator]
[DEBUG] 2020-03-16 21:23:30.999 [http-nio-8080-exec-5] DefaultIdentifierGeneratorFactory - Registering IdentifierGenerator strategy [sequence-identity] -> [org.hibernate.id.SequenceIdentityGenerator]
[DEBUG] 2020-03-16 21:23:30.999 [http-nio-8080-exec-5] DefaultIdentifierGeneratorFactory - Registering IdentifierGenerator strategy [enhanced-sequence] -> [org.hibernate.id.enhanced.SequenceStyleGenerator]
[DEBUG] 2020-03-16 21:23:31.000 [http-nio-8080-exec-5] DefaultIdentifierGeneratorFactory - Registering IdentifierGenerator strategy [enhanced-table] -> [org.hibernate.id.enhanced.TableGenerator]
[INFO ] 2020-03-16 21:23:31.012 [http-nio-8080-exec-5] C3P0ConnectionProvider - HHH010002: C3P0 using driver: com.mysql.cj.jdbc.Driver at URL: jdbc:mysql://localhost:3306/indieProject
[INFO ] 2020-03-16 21:23:31.012 [http-nio-8080-exec-5] C3P0ConnectionProvider - HHH10001001: Connection properties: {password=****, user=root}
[INFO ] 2020-03-16 21:23:31.012 [http-nio-8080-exec-5] C3P0ConnectionProvider - HHH10001003: Autocommit mode: false
[INFO ] 2020-03-16 21:23:31.404 [http-nio-8080-exec-5] C3P0ConnectionProvider - HHH10001007: JDBC isolation level: <unknown>
[WARN ] 2020-03-16 21:24:04.624 [http-nio-8080-exec-5] JdbcEnvironmentInitiator - HHH000342: Could not obtain connection to query metadata : Connections could not be acquired from the underlying database!
