[DEBUG] 2020-02-25 20:35:16.095 [main] EventDaoTest - EventDaoTest genericDao.getbyId(3) = edu.matc.entity.Event@8180beae
[DEBUG] 2020-02-25 20:46:15.699 [main] GenericDao - Searching for entity with date = 2020-03-03
[DEBUG] 2020-02-25 20:50:26.539 [main] GenericDao - Searching for entity with name = Dentist
[DEBUG] 2020-02-25 20:58:35.774 [main] GenericDao - Searching for entity with name = ti
[DEBUG] 2020-02-25 20:59:43.641 [main] GenericDao - Searching for entity with name = ti
[DEBUG] 2020-02-25 21:00:22.841 [main] GenericDao - Searching for entity with name = ti
[DEBUG] 2020-02-25 21:01:17.555 [main] GenericDao - Searching for entity with userName = Jane_Doe
[DEBUG] 2020-02-25 21:01:17.832 [main] GenericDao - Searching for entity with userName = l
[DEBUG] 2020-02-25 21:02:07.224 [main] GenericDao - Searching for entity with name = Dentist
[DEBUG] 2020-02-25 21:02:07.474 [main] GenericDao - Searching for entity with name = ti
[DEBUG] 2020-02-25 21:57:33.228 [main] GenericDao - Searching for entity with name = Dentist
[DEBUG] 2020-02-25 21:57:33.336 [main] GenericDao - Searching for entity with name = ti
[DEBUG] 2020-02-25 21:57:34.005 [main] GenericDao - Searching for entity with userName = Jane_Doe
[DEBUG] 2020-02-25 21:57:34.082 [main] GenericDao - Searching for entity with userName = l
[DEBUG] 2020-02-25 22:11:33.242 [main] GenericDao - Searching for entity with name = Dentist
[DEBUG] 2020-02-25 22:11:33.387 [main] GenericDao - Searching for entity with name = ti
[DEBUG] 2020-02-25 22:11:34.109 [main] GenericDao - Searching for entity with userName = Jane_Doe
[DEBUG] 2020-02-25 22:11:34.224 [main] GenericDao - Searching for entity with userName = l
[DEBUG] 2020-02-25 22:13:47.581 [main] GenericDao - Searching for entity with name = Dentist
[DEBUG] 2020-02-25 22:13:47.727 [main] GenericDao - Searching for entity with name = ti
[DEBUG] 2020-02-25 22:13:48.353 [main] GenericDao - Searching for entity with userName = Jane_Doe
[DEBUG] 2020-02-25 22:13:48.438 [main] GenericDao - Searching for entity with userName = l
[DEBUG] 2020-02-28 13:53:25.221 [main] GenericDao - Searching for entity with name = Dentist
[DEBUG] 2020-02-28 13:53:25.365 [main] GenericDao - Searching for entity with name = ti
[DEBUG] 2020-02-28 13:53:26.399 [main] GenericDao - Searching for entity with userName = Jane_Doe
[DEBUG] 2020-02-28 13:53:26.508 [main] GenericDao - Searching for entity with userName = l
[DEBUG] 2020-02-28 13:59:22.853 [main] GenericDao - Searching for entity with name = Dentist
[DEBUG] 2020-02-28 13:59:22.975 [main] GenericDao - Searching for entity with name = ti
[DEBUG] 2020-02-28 13:59:23.954 [main] GenericDao - Searching for entity with userName = Jane_Doe
[DEBUG] 2020-02-28 13:59:24.049 [main] GenericDao - Searching for entity with userName = l
[DEBUG] 2020-02-28 14:45:00.176 [main] GenericDao - Searching for entity with name = Dentist
[DEBUG] 2020-02-28 14:45:00.303 [main] GenericDao - Searching for entity with name = ti
[DEBUG] 2020-02-28 14:45:01.538 [main] GenericDao - Searching for entity with userName = Jane_Doe
[DEBUG] 2020-02-28 14:45:03.143 [main] GenericDao - Searching for entity with userName = l
[DEBUG] 2020-02-28 14:50:14.507 [main] GenericDao - Searching for entity with name = Dentist
[DEBUG] 2020-02-28 14:50:14.660 [main] GenericDao - Searching for entity with name = ti
[DEBUG] 2020-02-28 14:50:15.394 [main] GenericDao - Searching for entity with userName = Jane_Doe
[DEBUG] 2020-02-28 14:50:15.458 [main] GenericDao - Searching for entity with userName = l
[DEBUG] 2020-02-28 14:54:37.180 [main] GenericDao - Searching for entity with name = Dentist
[DEBUG] 2020-02-28 14:54:37.434 [main] GenericDao - Searching for entity with name = ti
[DEBUG] 2020-02-28 14:54:38.082 [main] GenericDao - Searching for entity with userName = Jane_Doe
[DEBUG] 2020-02-28 14:54:38.167 [main] GenericDao - Searching for entity with userName = l
[DEBUG] 2020-02-28 15:05:04.481 [main] GenericDao - Searching for entity with name = Dentist
[DEBUG] 2020-02-28 15:05:04.588 [main] GenericDao - Searching for entity with name = ti
[DEBUG] 2020-02-28 15:05:05.405 [main] GenericDao - Searching for entity with userName = Jane_Doe
[DEBUG] 2020-02-28 15:05:05.470 [main] GenericDao - Searching for entity with userName = l
[DEBUG] 2020-02-28 15:07:23.378 [main] GenericDao - Searching for entity with name = Dentist
[DEBUG] 2020-02-28 15:07:23.521 [main] GenericDao - Searching for entity with name = ti
[DEBUG] 2020-02-28 15:07:24.310 [main] GenericDao - Searching for entity with userName = Jane_Doe
[DEBUG] 2020-02-28 15:07:24.418 [main] GenericDao - Searching for entity with userName = l
[DEBUG] 2020-02-28 15:12:14.052 [main] GenericDao - Searching for entity with name = Dentist
[DEBUG] 2020-02-28 15:12:14.210 [main] GenericDao - Searching for entity with name = ti
[DEBUG] 2020-02-28 15:12:14.977 [main] GenericDao - Searching for entity with userName = Jane_Doe
[DEBUG] 2020-02-28 15:12:15.051 [main] GenericDao - Searching for entity with userName = l
[DEBUG] 2020-03-02 15:59:21.141 [main] GenericDao - Searching for entity with name = Dentist
[DEBUG] 2020-03-02 15:59:21.272 [main] GenericDao - Searching for entity with name = ti
[DEBUG] 2020-03-06 15:48:36.453 [main] GenericDao - Searching for entity with userName = Jane_Doe
[DEBUG] 2020-03-06 15:48:36.751 [main] GenericDao - Searching for entity with userName = l
[DEBUG] 2020-03-06 15:49:12.151 [main] GenericDao - Searching for entity with name = Dentist
[DEBUG] 2020-03-06 15:49:12.300 [main] GenericDao - Searching for entity with name = ti
[DEBUG] 2020-03-06 15:50:05.513 [main] GenericDao - Searching for entity with name = Dentist
[DEBUG] 2020-03-06 15:50:05.893 [main] GenericDao - Searching for entity with name = ti
[DEBUG] 2020-03-06 15:50:07.916 [main] GenericDao - Searching for entity with userName = Jane_Doe
[DEBUG] 2020-03-06 15:50:08.004 [main] GenericDao - Searching for entity with userName = l
[DEBUG] 2020-03-06 15:53:42.416 [main] GenericDao - Searching for entity with name = Dentist
[DEBUG] 2020-03-06 15:53:42.562 [main] GenericDao - Searching for entity with name = ti
[DEBUG] 2020-03-06 15:53:43.440 [main] GenericDao - Searching for entity with userName = Jane_Doe
[DEBUG] 2020-03-06 15:53:43.524 [main] GenericDao - Searching for entity with userName = l
[DEBUG] 2020-03-07 12:27:48.739 [main] GenericDao - Searching for entity with name = Dentist
[DEBUG] 2020-03-07 12:27:48.971 [main] GenericDao - Searching for entity with name = ti
[DEBUG] 2020-03-07 12:27:49.966 [main] GenericDao - Searching for entity with userName = Jane_Doe
[DEBUG] 2020-03-07 12:27:50.079 [main] GenericDao - Searching for entity with userName = l
[DEBUG] 2020-03-07 13:42:05.335 [main] GenericDao - Searching for entity with name = Dentist
[DEBUG] 2020-03-07 13:42:05.474 [main] GenericDao - Searching for entity with name = ti
[DEBUG] 2020-03-07 13:42:06.423 [main] GenericDao - Searching for entity with userName = Jane_Doe
[DEBUG] 2020-03-07 13:42:06.507 [main] GenericDao - Searching for entity with userName = l
[DEBUG] 2020-03-07 14:35:26.326 [main] GenericDao - Searching for entity with name = Dentist
[DEBUG] 2020-03-07 14:35:26.510 [main] GenericDao - Searching for entity with name = ti
[DEBUG] 2020-03-07 14:35:27.324 [main] GenericDao - Searching for entity with userName = Jane_Doe
[DEBUG] 2020-03-07 14:35:27.426 [main] GenericDao - Searching for entity with userName = l
[DEBUG] 2020-03-07 14:37:40.693 [main] GenericDao - Searching for entity with name = Dentist
[DEBUG] 2020-03-07 14:37:40.822 [main] GenericDao - Searching for entity with name = ti
[DEBUG] 2020-03-07 14:37:41.666 [main] GenericDao - Searching for entity with userName = Jane_Doe
[DEBUG] 2020-03-07 14:37:41.750 [main] GenericDao - Searching for entity with userName = l
[DEBUG] 2020-03-07 14:42:13.810 [main] GenericDao - Searching for entity with name = Dentist
[DEBUG] 2020-03-07 14:42:14.552 [main] GenericDao - Searching for entity with name = ti
[DEBUG] 2020-03-07 14:42:16.016 [main] GenericDao - Searching for entity with userName = Jane_Doe
[DEBUG] 2020-03-07 14:42:16.104 [main] GenericDao - Searching for entity with userName = l
[DEBUG] 2020-03-07 14:52:45.594 [main] GenericDao - Searching for entity with name = Dentist
[DEBUG] 2020-03-07 14:52:45.753 [main] GenericDao - Searching for entity with name = ti
[DEBUG] 2020-03-07 14:52:46.514 [main] GenericDao - Searching for entity with userName = Jane_Doe
[DEBUG] 2020-03-07 14:52:46.590 [main] GenericDao - Searching for entity with userName = l
[ERROR] 2020-03-09 16:06:32.009 [main] Database - java.sql.SQLException: The server time zone value 'CDT' is unrecognized or represents more than one time zone. You must configure either the server or JDBC driver (via the serverTimezone configuration property) to use a more specifc time zone value if you want to utilize time zone support.
[ERROR] 2020-03-09 16:07:06.786 [main] Database - java.sql.SQLException: The server time zone value 'CDT' is unrecognized or represents more than one time zone. You must configure either the server or JDBC driver (via the serverTimezone configuration property) to use a more specifc time zone value if you want to utilize time zone support.
[ERROR] 2020-03-09 16:07:38.684 [main] Database - java.sql.SQLException: The server time zone value 'CDT' is unrecognized or represents more than one time zone. You must configure either the server or JDBC driver (via the serverTimezone configuration property) to use a more specifc time zone value if you want to utilize time zone support.
[ERROR] 2020-03-09 16:08:10.078 [main] Database - java.sql.SQLException: The server time zone value 'CDT' is unrecognized or represents more than one time zone. You must configure either the server or JDBC driver (via the serverTimezone configuration property) to use a more specifc time zone value if you want to utilize time zone support.
[ERROR] 2020-03-09 16:08:41.489 [main] Database - java.sql.SQLException: The server time zone value 'CDT' is unrecognized or represents more than one time zone. You must configure either the server or JDBC driver (via the serverTimezone configuration property) to use a more specifc time zone value if you want to utilize time zone support.
[ERROR] 2020-03-09 16:09:13.239 [main] Database - java.sql.SQLException: The server time zone value 'CDT' is unrecognized or represents more than one time zone. You must configure either the server or JDBC driver (via the serverTimezone configuration property) to use a more specifc time zone value if you want to utilize time zone support.
[ERROR] 2020-03-09 16:09:44.732 [main] Database - java.sql.SQLException: The server time zone value 'CDT' is unrecognized or represents more than one time zone. You must configure either the server or JDBC driver (via the serverTimezone configuration property) to use a more specifc time zone value if you want to utilize time zone support.
[DEBUG] 2020-03-09 16:10:03.716 [main] GenericDao - Searching for entity with userName = Jane_Doe
[DEBUG] 2020-03-09 16:10:03.788 [main] GenericDao - Searching for entity with userName = l
[DEBUG] 2020-03-09 16:10:45.331 [main] GenericDao - Searching for entity with name = Dentist
[DEBUG] 2020-03-09 16:10:45.434 [main] GenericDao - Searching for entity with name = ti
[DEBUG] 2020-03-09 16:10:45.940 [main] GenericDao - Searching for entity with userName = Jane_Doe
[DEBUG] 2020-03-09 16:10:46.072 [main] GenericDao - Searching for entity with userName = l
[DEBUG] 2020-03-13 13:44:08.610 [main] GenericDao - Searching for entity with name = Dentist
[DEBUG] 2020-03-13 13:44:08.720 [main] GenericDao - Searching for entity with name = ti
[DEBUG] 2020-03-13 13:44:09.415 [main] GenericDao - Searching for entity with userName = Jane_Doe
[DEBUG] 2020-03-13 13:44:09.489 [main] GenericDao - Searching for entity with userName = l
[DEBUG] 2020-03-15 15:22:59.505 [main] GenericDao - Searching for entity with name = Dentist
[DEBUG] 2020-03-15 15:22:59.857 [main] GenericDao - Searching for entity with name = ti
[DEBUG] 2020-03-15 15:23:00.756 [main] GenericDao - Searching for entity with userName = Jane_Doe
[DEBUG] 2020-03-15 15:23:00.922 [main] GenericDao - Searching for entity with userName = l
[DEBUG] 2020-03-15 15:28:50.393 [main] GenericDao - Searching for entity with name = Dentist
[DEBUG] 2020-03-15 15:28:50.535 [main] GenericDao - Searching for entity with name = ti
[DEBUG] 2020-03-15 15:28:51.644 [main] GenericDao - Searching for entity with userName = Jane_Doe
[DEBUG] 2020-03-15 15:28:51.746 [main] GenericDao - Searching for entity with userName = l
[DEBUG] 2020-03-15 15:33:37.906 [main] GenericDao - Searching for entity with name = Dentist
[DEBUG] 2020-03-15 15:33:38.070 [main] GenericDao - Searching for entity with name = ti
[DEBUG] 2020-03-15 15:33:38.932 [main] GenericDao - Searching for entity with userName = Jane_Doe
[DEBUG] 2020-03-15 15:33:39.044 [main] GenericDao - Searching for entity with userName = l
[DEBUG] 2020-03-15 15:41:30.613 [main] GenericDao - Searching for entity with name = Dentist
[DEBUG] 2020-03-15 15:41:30.778 [main] GenericDao - Searching for entity with name = ti
[DEBUG] 2020-03-15 15:41:31.758 [main] GenericDao - Searching for entity with userName = Jane_Doe
[DEBUG] 2020-03-15 15:41:31.892 [main] GenericDao - Searching for entity with userName = l
[DEBUG] 2020-03-15 15:44:50.026 [main] GenericDao - Searching for entity with name = Dentist
[DEBUG] 2020-03-15 15:44:50.151 [main] GenericDao - Searching for entity with name = ti
[DEBUG] 2020-03-15 15:44:50.964 [main] GenericDao - Searching for entity with userName = Jane_Doe
[DEBUG] 2020-03-15 15:44:51.099 [main] GenericDao - Searching for entity with userName = l
[DEBUG] 2020-03-15 16:01:53.564 [main] GenericDao - Searching for entity with name = Dentist
[DEBUG] 2020-03-15 16:01:53.752 [main] GenericDao - Searching for entity with name = ti
[DEBUG] 2020-03-15 16:01:54.514 [main] GenericDao - Searching for entity with userName = Jane_Doe
[DEBUG] 2020-03-15 16:01:54.618 [main] GenericDao - Searching for entity with userName = l
[DEBUG] 2020-03-15 16:05:18.857 [main] GenericDao - Searching for entity with name = Dentist
[DEBUG] 2020-03-15 16:05:18.989 [main] GenericDao - Searching for entity with name = ti
[DEBUG] 2020-03-15 16:05:19.713 [main] GenericDao - Searching for entity with userName = Jane_Doe
[DEBUG] 2020-03-15 16:05:19.795 [main] GenericDao - Searching for entity with userName = l
[DEBUG] 2020-03-15 16:32:30.756 [main] GenericDao - Searching for entity with name = Dentist
[DEBUG] 2020-03-15 16:32:30.881 [main] GenericDao - Searching for entity with name = ti
[DEBUG] 2020-03-15 16:32:31.752 [main] GenericDao - Searching for entity with userName = Jane_Doe
[DEBUG] 2020-03-15 16:32:31.867 [main] GenericDao - Searching for entity with userName = l
[DEBUG] 2020-03-15 16:36:05.865 [main] GenericDao - Searching for entity with name = Dentist
[DEBUG] 2020-03-15 16:36:06.011 [main] GenericDao - Searching for entity with name = ti
[DEBUG] 2020-03-15 16:36:06.780 [main] GenericDao - Searching for entity with userName = Jane_Doe
[DEBUG] 2020-03-15 16:36:06.875 [main] GenericDao - Searching for entity with userName = l
[DEBUG] 2020-03-15 16:41:17.468 [main] GenericDao - Searching for entity with name = Dentist
[DEBUG] 2020-03-15 16:41:17.597 [main] GenericDao - Searching for entity with name = ti
[DEBUG] 2020-03-15 16:41:18.400 [main] GenericDao - Searching for entity with userName = Jane_Doe
[DEBUG] 2020-03-15 16:41:18.496 [main] GenericDao - Searching for entity with userName = l
[DEBUG] 2020-03-15 16:51:45.618 [main] GenericDao - Searching for entity with name = Dentist
[DEBUG] 2020-03-15 16:51:45.744 [main] GenericDao - Searching for entity with name = ti
[DEBUG] 2020-03-15 16:51:46.580 [main] GenericDao - Searching for entity with userName = Jane_Doe
[DEBUG] 2020-03-15 16:51:46.705 [main] GenericDao - Searching for entity with userName = l
[DEBUG] 2020-03-15 16:54:27.354 [main] GenericDao - Searching for entity with name = Dentist
[DEBUG] 2020-03-15 16:54:27.585 [main] GenericDao - Searching for entity with name = ti
[DEBUG] 2020-03-15 16:54:29.055 [main] GenericDao - Searching for entity with userName = Jane_Doe
[DEBUG] 2020-03-15 16:54:29.181 [main] GenericDao - Searching for entity with userName = l
[DEBUG] 2020-03-15 16:56:18.662 [main] GenericDao - Searching for entity with name = Dentist
[DEBUG] 2020-03-15 16:56:18.795 [main] GenericDao - Searching for entity with name = ti
[DEBUG] 2020-03-15 16:56:19.595 [main] GenericDao - Searching for entity with userName = Jane_Doe
[DEBUG] 2020-03-15 16:56:19.714 [main] GenericDao - Searching for entity with userName = l
[DEBUG] 2020-03-15 16:58:38.009 [main] GenericDao - Searching for entity with name = Dentist
[DEBUG] 2020-03-15 16:58:38.172 [main] GenericDao - Searching for entity with name = ti
[DEBUG] 2020-03-15 16:58:38.977 [main] GenericDao - Searching for entity with userName = Jane_Doe
[DEBUG] 2020-03-15 16:58:39.075 [main] GenericDao - Searching for entity with userName = l
[DEBUG] 2020-03-15 17:00:02.116 [main] GenericDao - Searching for entity with name = Dentist
[DEBUG] 2020-03-15 17:00:02.349 [main] GenericDao - Searching for entity with name = ti
[DEBUG] 2020-03-15 17:00:03.202 [main] GenericDao - Searching for entity with userName = Jane_Doe
[DEBUG] 2020-03-15 17:00:03.288 [main] GenericDao - Searching for entity with userName = l
[DEBUG] 2020-03-15 17:01:35.853 [main] GenericDao - Searching for entity with name = Dentist
[DEBUG] 2020-03-15 17:01:35.967 [main] GenericDao - Searching for entity with name = ti
[DEBUG] 2020-03-15 17:01:36.723 [main] GenericDao - Searching for entity with userName = Jane_Doe
[DEBUG] 2020-03-15 17:01:36.826 [main] GenericDao - Searching for entity with userName = l
[DEBUG] 2020-03-15 17:05:55.072 [main] GenericDao - Searching for entity with name = Dentist
[DEBUG] 2020-03-15 17:05:55.312 [main] GenericDao - Searching for entity with name = ti
[DEBUG] 2020-03-15 17:05:56.003 [main] GenericDao - Searching for entity with userName = Jane_Doe
[DEBUG] 2020-03-15 17:05:56.107 [main] GenericDao - Searching for entity with userName = l
[DEBUG] 2020-03-15 17:09:50.965 [main] GenericDao - Searching for entity with name = Dentist
[DEBUG] 2020-03-15 17:09:51.098 [main] GenericDao - Searching for entity with name = ti
[DEBUG] 2020-03-15 17:09:51.726 [main] GenericDao - Searching for entity with userName = Jane_Doe
[DEBUG] 2020-03-15 17:09:51.800 [main] GenericDao - Searching for entity with userName = l
[DEBUG] 2020-03-15 17:18:47.420 [main] GenericDao - Searching for entity with name = Dentist
[DEBUG] 2020-03-15 17:18:47.545 [main] GenericDao - Searching for entity with name = ti
[DEBUG] 2020-03-15 17:18:48.328 [main] GenericDao - Searching for entity with userName = Jane_Doe
[DEBUG] 2020-03-15 17:18:48.405 [main] GenericDao - Searching for entity with userName = l
[DEBUG] 2020-03-15 17:22:48.500 [main] GenericDao - Searching for entity with name = Dentist
[DEBUG] 2020-03-15 17:22:48.623 [main] GenericDao - Searching for entity with name = ti
[DEBUG] 2020-03-15 17:22:49.386 [main] GenericDao - Searching for entity with userName = Jane_Doe
[DEBUG] 2020-03-15 17:22:49.479 [main] GenericDao - Searching for entity with userName = l
[DEBUG] 2020-03-15 17:25:29.368 [main] GenericDao - Searching for entity with name = Dentist
[DEBUG] 2020-03-15 17:25:29.473 [main] GenericDao - Searching for entity with name = ti
[DEBUG] 2020-03-15 17:25:30.231 [main] GenericDao - Searching for entity with userName = Jane_Doe
[DEBUG] 2020-03-15 17:25:30.314 [main] GenericDao - Searching for entity with userName = l
[DEBUG] 2020-03-15 17:27:50.590 [main] GenericDao - Searching for entity with name = Dentist
[DEBUG] 2020-03-15 17:27:50.788 [main] GenericDao - Searching for entity with name = ti
[DEBUG] 2020-03-15 17:27:51.493 [main] GenericDao - Searching for entity with userName = Jane_Doe
[DEBUG] 2020-03-15 17:27:51.595 [main] GenericDao - Searching for entity with userName = l
[DEBUG] 2020-03-15 17:30:01.737 [main] GenericDao - Searching for entity with name = Dentist
[DEBUG] 2020-03-15 17:30:01.865 [main] GenericDao - Searching for entity with name = ti
[DEBUG] 2020-03-15 17:30:02.558 [main] GenericDao - Searching for entity with userName = Jane_Doe
[DEBUG] 2020-03-15 17:30:02.654 [main] GenericDao - Searching for entity with userName = l
[DEBUG] 2020-03-15 17:35:42.235 [main] GenericDao - Searching for entity with name = Dentist
[DEBUG] 2020-03-15 17:35:42.378 [main] GenericDao - Searching for entity with name = ti
[DEBUG] 2020-03-15 17:35:43.342 [main] GenericDao - Searching for entity with userName = Jane_Doe
[DEBUG] 2020-03-15 17:35:43.902 [main] GenericDao - Searching for entity with userName = l
[DEBUG] 2020-03-15 17:38:20.224 [main] GenericDao - Searching for entity with name = Dentist
[DEBUG] 2020-03-15 17:38:20.424 [main] GenericDao - Searching for entity with name = ti
[DEBUG] 2020-03-15 17:38:21.124 [main] GenericDao - Searching for entity with userName = Jane_Doe
[DEBUG] 2020-03-15 17:38:21.202 [main] GenericDao - Searching for entity with userName = l
